Information: Propagating switching activity (high effort zero delay simulation). (PWR-6)
Warning: The derived toggle rate value (0.500000) for the clock net 'wb_clk_i' conflicts with the annotated value (0.050000). Using the annotated value. (PWR-12)
Warning: Design has unannotated sequential cell outputs. (PWR-415)
 
****************************************
Report : power
        -analysis_effort high
Design : uart_top
Version: M-2016.12-SP2
Date   : Wed Jul  4 09:45:35 2018
****************************************


Library(s) Used:

    sc9_cmos10lpe_base_hvt_ss_nominal_max_1p08v_125c (File: /home/projects/vlsi/libraries/65lpe/ref_lib/arm/std_cells/hvt/timing_lib/nldm/db/sc9_cmos10lpe_base_hvt_ss_nominal_max_1p08v_125c.db)


Operating Conditions: ss_nominal_max_1p08v_125c   Library: sc9_cmos10lpe_base_hvt_ss_nominal_max_1p08v_125c
Wire Load Model Mode: top


Global Operating Voltage = 1.08 
Power-specific unit information :
    Voltage Units = 1V
    Capacitance Units = 1.000000pf
    Time Units = 1ns
    Dynamic Power Units = 1mW    (derived from V,C,T units)
    Leakage Power Units = 1uW


  Cell Internal Power  = 116.6827 uW   (95%)
  Net Switching Power  =   5.6444 uW    (5%)
                         ---------
Total Dynamic Power    = 122.3271 uW  (100%)

Cell Leakage Power     = 201.9649 nW


                 Internal         Switching           Leakage            Total
Power Group      Power            Power               Power              Power   (   %    )  Attrs
--------------------------------------------------------------------------------------------------
io_pad             0.0000            0.0000            0.0000            0.0000  (   0.00%)
memory             0.0000            0.0000            0.0000            0.0000  (   0.00%)
black_box          0.0000            0.0000            0.0000            0.0000  (   0.00%)
clock_network      0.0000            0.0000            0.0000            0.0000  (   0.00%)
register           0.1130        1.6329e-03            0.1265            0.1148  (  93.70%)
sequential         0.0000            0.0000            0.0000            0.0000  (   0.00%)
combinational  3.6368e-03        4.0115e-03        7.5508e-02        7.7238e-03  (   6.30%)
--------------------------------------------------------------------------------------------------
Total              0.1167 mW     5.6444e-03 mW         0.2020 uW         0.1225 mW
1
