Information: Updating design information... (UID-85)
 
****************************************
Report : timing
        -path full
        -delay max
        -nworst 10
        -input_pins
        -nets
        -max_paths 10
        -capacitance
Design : uart_top
Version: M-2016.12-SP2
Date   : Wed Jul  4 09:45:35 2018
****************************************

Operating Conditions: ss_nominal_max_1p08v_125c   Library: sc9_cmos10lpe_base_hvt_ss_nominal_max_1p08v_125c
Wire Load Model Mode: top

  Startpoint: regs_dlc_reg_1_
              (rising edge-triggered flip-flop clocked by CLK)
  Endpoint: regs_dlc_reg_15_
            (rising edge-triggered flip-flop clocked by CLK)
  Path Group: CLK
  Path Type: max

  Point                                       Fanout       Cap      Incr       Path
  ------------------------------------------------------------------------------------
  clock CLK (rise edge)                                             0.00       0.00
  clock network delay (ideal)                                       0.00       0.00
  regs_dlc_reg_1_/CK (DFFRPQ_X1M_A9TH)                              0.00       0.00 r
  regs_dlc_reg_1_/Q (DFFRPQ_X1M_A9TH)                               0.39       0.39 f
  regs_dlc[1] (net)                             2         0.00      0.00       0.39 f
  U1948/D (OR4_X1M_A9TH)                                            0.00       0.39 f
  U1948/Y (OR4_X1M_A9TH)                                            0.19       0.58 f
  n1540 (net)                                   1         0.00      0.00       0.58 f
  U1760/D (OR4_X1M_A9TH)                                            0.00       0.58 f
  U1760/Y (OR4_X1M_A9TH)                                            0.21       0.79 f
  n1628 (net)                                   2         0.00      0.00       0.79 f
  U2508/BN (NOR2XB_X3M_A9TH)                                        0.00       0.79 f
  U2508/Y (NOR2XB_X3M_A9TH)                                         0.29       1.08 f
  n1564 (net)                                  32         0.03      0.00       1.08 f
  U1954/A (NAND2_X1M_A9TH)                                          0.00       1.08 f
  U1954/Y (NAND2_X1M_A9TH)                                          0.14       1.23 r
  n1547 (net)                                   1         0.00      0.00       1.23 r
  U1955/B0 (OAI21_X1M_A9TH)                                         0.00       1.23 r
  U1955/Y (OAI21_X1M_A9TH)                                          0.13       1.36 f
  n1593 (net)                                   2         0.00      0.00       1.36 f
  U1789/B (OR2_X1M_A9TH)                                            0.00       1.36 f
  U1789/Y (OR2_X1M_A9TH)                                            0.21       1.57 f
  n1591 (net)                                   2         0.00      0.00       1.57 f
  U1788/A (OR2_X1M_A9TH)                                            0.00       1.57 f
  U1788/Y (OR2_X1M_A9TH)                                            0.16       1.73 f
  n1589 (net)                                   2         0.00      0.00       1.73 f
  U1787/A (OR2_X1M_A9TH)                                            0.00       1.73 f
  U1787/Y (OR2_X1M_A9TH)                                            0.16       1.89 f
  n1587 (net)                                   2         0.00      0.00       1.89 f
  U1786/A (OR2_X1M_A9TH)                                            0.00       1.89 f
  U1786/Y (OR2_X1M_A9TH)                                            0.16       2.05 f
  n1585 (net)                                   2         0.00      0.00       2.05 f
  U1818/A (OR2_X1M_A9TH)                                            0.00       2.05 f
  U1818/Y (OR2_X1M_A9TH)                                            0.16       2.21 f
  n1583 (net)                                   2         0.00      0.00       2.21 f
  U1785/A (OR2_X1M_A9TH)                                            0.00       2.21 f
  U1785/Y (OR2_X1M_A9TH)                                            0.16       2.38 f
  n1581 (net)                                   2         0.00      0.00       2.38 f
  U1784/A (OR2_X1M_A9TH)                                            0.00       2.38 f
  U1784/Y (OR2_X1M_A9TH)                                            0.16       2.54 f
  n1579 (net)                                   2         0.00      0.00       2.54 f
  U1782/A (OR2_X1M_A9TH)                                            0.00       2.54 f
  U1782/Y (OR2_X1M_A9TH)                                            0.16       2.70 f
  n1577 (net)                                   2         0.00      0.00       2.70 f
  U1545/A (OR2_X1M_A9TH)                                            0.00       2.70 f
  U1545/Y (OR2_X1M_A9TH)                                            0.16       2.86 f
  n1575 (net)                                   2         0.00      0.00       2.86 f
  U1544/A (OR2_X1M_A9TH)                                            0.00       2.86 f
  U1544/Y (OR2_X1M_A9TH)                                            0.16       3.02 f
  n1573 (net)                                   2         0.00      0.00       3.02 f
  U1543/A (OR2_X1M_A9TH)                                            0.00       3.02 f
  U1543/Y (OR2_X1M_A9TH)                                            0.16       3.18 f
  n1571 (net)                                   2         0.00      0.00       3.18 f
  U1779/A (OR2_X1M_A9TH)                                            0.00       3.18 f
  U1779/Y (OR2_X1M_A9TH)                                            0.16       3.34 f
  n1569 (net)                                   2         0.00      0.00       3.34 f
  U1817/A (OR2_X1M_A9TH)                                            0.00       3.34 f
  U1817/Y (OR2_X1M_A9TH)                                            0.16       3.51 f
  n1567 (net)                                   2         0.00      0.00       3.51 f
  U1907/B (NOR2_X1M_A9TH)                                           0.00       3.51 f
  U1907/Y (NOR2_X1M_A9TH)                                           0.11       3.62 r
  n2620 (net)                                   1         0.00      0.00       3.62 r
  U1819/A (XOR2_X1M_A9TH)                                           0.00       3.62 r
  U1819/Y (XOR2_X1M_A9TH)                                           0.12       3.74 r
  regs_N223 (net)                               1         0.00      0.00       3.74 r
  regs_dlc_reg_15_/D (DFFRPQ_X1M_A9TH)                              0.00       3.74 r
  data arrival time                                                            3.74

  clock CLK (rise edge)                                             4.00       4.00
  clock network delay (ideal)                                       0.00       4.00
  regs_dlc_reg_15_/CK (DFFRPQ_X1M_A9TH)                             0.00       4.00 r
  library setup time                                               -0.16       3.84
  data required time                                                           3.84
  ------------------------------------------------------------------------------------
  data required time                                                           3.84
  data arrival time                                                           -3.74
  ------------------------------------------------------------------------------------
  slack (MET)                                                                  0.10


  Startpoint: regs_dlc_reg_5_
              (rising edge-triggered flip-flop clocked by CLK)
  Endpoint: regs_dlc_reg_15_
            (rising edge-triggered flip-flop clocked by CLK)
  Path Group: CLK
  Path Type: max

  Point                                       Fanout       Cap      Incr       Path
  ------------------------------------------------------------------------------------
  clock CLK (rise edge)                                             0.00       0.00
  clock network delay (ideal)                                       0.00       0.00
  regs_dlc_reg_5_/CK (DFFRPQ_X1M_A9TH)                              0.00       0.00 r
  regs_dlc_reg_5_/Q (DFFRPQ_X1M_A9TH)                               0.39       0.39 f
  regs_dlc[5] (net)                             2         0.00      0.00       0.39 f
  U1947/D (OR4_X1M_A9TH)                                            0.00       0.39 f
  U1947/Y (OR4_X1M_A9TH)                                            0.19       0.58 f
  n1541 (net)                                   1         0.00      0.00       0.58 f
  U1760/C (OR4_X1M_A9TH)                                            0.00       0.58 f
  U1760/Y (OR4_X1M_A9TH)                                            0.20       0.78 f
  n1628 (net)                                   2         0.00      0.00       0.78 f
  U2508/BN (NOR2XB_X3M_A9TH)                                        0.00       0.78 f
  U2508/Y (NOR2XB_X3M_A9TH)                                         0.29       1.07 f
  n1564 (net)                                  32         0.03      0.00       1.07 f
  U1954/A (NAND2_X1M_A9TH)                                          0.00       1.07 f
  U1954/Y (NAND2_X1M_A9TH)                                          0.14       1.21 r
  n1547 (net)                                   1         0.00      0.00       1.21 r
  U1955/B0 (OAI21_X1M_A9TH)                                         0.00       1.21 r
  U1955/Y (OAI21_X1M_A9TH)                                          0.13       1.35 f
  n1593 (net)                                   2         0.00      0.00       1.35 f
  U1789/B (OR2_X1M_A9TH)                                            0.00       1.35 f
  U1789/Y (OR2_X1M_A9TH)                                            0.21       1.56 f
  n1591 (net)                                   2         0.00      0.00       1.56 f
  U1788/A (OR2_X1M_A9TH)                                            0.00       1.56 f
  U1788/Y (OR2_X1M_A9TH)                                            0.16       1.72 f
  n1589 (net)                                   2         0.00      0.00       1.72 f
  U1787/A (OR2_X1M_A9TH)                                            0.00       1.72 f
  U1787/Y (OR2_X1M_A9TH)                                            0.16       1.88 f
  n1587 (net)                                   2         0.00      0.00       1.88 f
  U1786/A (OR2_X1M_A9TH)                                            0.00       1.88 f
  U1786/Y (OR2_X1M_A9TH)                                            0.16       2.04 f
  n1585 (net)                                   2         0.00      0.00       2.04 f
  U1818/A (OR2_X1M_A9TH)                                            0.00       2.04 f
  U1818/Y (OR2_X1M_A9TH)                                            0.16       2.20 f
  n1583 (net)                                   2         0.00      0.00       2.20 f
  U1785/A (OR2_X1M_A9TH)                                            0.00       2.20 f
  U1785/Y (OR2_X1M_A9TH)                                            0.16       2.36 f
  n1581 (net)                                   2         0.00      0.00       2.36 f
  U1784/A (OR2_X1M_A9TH)                                            0.00       2.36 f
  U1784/Y (OR2_X1M_A9TH)                                            0.16       2.53 f
  n1579 (net)                                   2         0.00      0.00       2.53 f
  U1782/A (OR2_X1M_A9TH)                                            0.00       2.53 f
  U1782/Y (OR2_X1M_A9TH)                                            0.16       2.69 f
  n1577 (net)                                   2         0.00      0.00       2.69 f
  U1545/A (OR2_X1M_A9TH)                                            0.00       2.69 f
  U1545/Y (OR2_X1M_A9TH)                                            0.16       2.85 f
  n1575 (net)                                   2         0.00      0.00       2.85 f
  U1544/A (OR2_X1M_A9TH)                                            0.00       2.85 f
  U1544/Y (OR2_X1M_A9TH)                                            0.16       3.01 f
  n1573 (net)                                   2         0.00      0.00       3.01 f
  U1543/A (OR2_X1M_A9TH)                                            0.00       3.01 f
  U1543/Y (OR2_X1M_A9TH)                                            0.16       3.17 f
  n1571 (net)                                   2         0.00      0.00       3.17 f
  U1779/A (OR2_X1M_A9TH)                                            0.00       3.17 f
  U1779/Y (OR2_X1M_A9TH)                                            0.16       3.33 f
  n1569 (net)                                   2         0.00      0.00       3.33 f
  U1817/A (OR2_X1M_A9TH)                                            0.00       3.33 f
  U1817/Y (OR2_X1M_A9TH)                                            0.16       3.50 f
  n1567 (net)                                   2         0.00      0.00       3.50 f
  U1907/B (NOR2_X1M_A9TH)                                           0.00       3.50 f
  U1907/Y (NOR2_X1M_A9TH)                                           0.11       3.61 r
  n2620 (net)                                   1         0.00      0.00       3.61 r
  U1819/A (XOR2_X1M_A9TH)                                           0.00       3.61 r
  U1819/Y (XOR2_X1M_A9TH)                                           0.12       3.73 r
  regs_N223 (net)                               1         0.00      0.00       3.73 r
  regs_dlc_reg_15_/D (DFFRPQ_X1M_A9TH)                              0.00       3.73 r
  data arrival time                                                            3.73

  clock CLK (rise edge)                                             4.00       4.00
  clock network delay (ideal)                                       0.00       4.00
  regs_dlc_reg_15_/CK (DFFRPQ_X1M_A9TH)                             0.00       4.00 r
  library setup time                                               -0.16       3.84
  data required time                                                           3.84
  ------------------------------------------------------------------------------------
  data required time                                                           3.84
  data arrival time                                                           -3.73
  ------------------------------------------------------------------------------------
  slack (MET)                                                                  0.11


  Startpoint: regs_dlc_reg_0_
              (rising edge-triggered flip-flop clocked by CLK)
  Endpoint: regs_dlc_reg_15_
            (rising edge-triggered flip-flop clocked by CLK)
  Path Group: CLK
  Path Type: max

  Point                                       Fanout       Cap      Incr       Path
  ------------------------------------------------------------------------------------
  clock CLK (rise edge)                                             0.00       0.00
  clock network delay (ideal)                                       0.00       0.00
  regs_dlc_reg_0_/CK (DFFRPQ_X1M_A9TH)                              0.00       0.00 r
  regs_dlc_reg_0_/Q (DFFRPQ_X1M_A9TH)                               0.39       0.39 f
  regs_dlc[0] (net)                             2         0.00      0.00       0.39 f
  U1948/C (OR4_X1M_A9TH)                                            0.00       0.39 f
  U1948/Y (OR4_X1M_A9TH)                                            0.18       0.57 f
  n1540 (net)                                   1         0.00      0.00       0.57 f
  U1760/D (OR4_X1M_A9TH)                                            0.00       0.57 f
  U1760/Y (OR4_X1M_A9TH)                                            0.21       0.78 f
  n1628 (net)                                   2         0.00      0.00       0.78 f
  U2508/BN (NOR2XB_X3M_A9TH)                                        0.00       0.78 f
  U2508/Y (NOR2XB_X3M_A9TH)                                         0.29       1.07 f
  n1564 (net)                                  32         0.03      0.00       1.07 f
  U1954/A (NAND2_X1M_A9TH)                                          0.00       1.07 f
  U1954/Y (NAND2_X1M_A9TH)                                          0.14       1.21 r
  n1547 (net)                                   1         0.00      0.00       1.21 r
  U1955/B0 (OAI21_X1M_A9TH)                                         0.00       1.21 r
  U1955/Y (OAI21_X1M_A9TH)                                          0.13       1.35 f
  n1593 (net)                                   2         0.00      0.00       1.35 f
  U1789/B (OR2_X1M_A9TH)                                            0.00       1.35 f
  U1789/Y (OR2_X1M_A9TH)                                            0.21       1.56 f
  n1591 (net)                                   2         0.00      0.00       1.56 f
  U1788/A (OR2_X1M_A9TH)                                            0.00       1.56 f
  U1788/Y (OR2_X1M_A9TH)                                            0.16       1.72 f
  n1589 (net)                                   2         0.00      0.00       1.72 f
  U1787/A (OR2_X1M_A9TH)                                            0.00       1.72 f
  U1787/Y (OR2_X1M_A9TH)                                            0.16       1.88 f
  n1587 (net)                                   2         0.00      0.00       1.88 f
  U1786/A (OR2_X1M_A9TH)                                            0.00       1.88 f
  U1786/Y (OR2_X1M_A9TH)                                            0.16       2.04 f
  n1585 (net)                                   2         0.00      0.00       2.04 f
  U1818/A (OR2_X1M_A9TH)                                            0.00       2.04 f
  U1818/Y (OR2_X1M_A9TH)                                            0.16       2.20 f
  n1583 (net)                                   2         0.00      0.00       2.20 f
  U1785/A (OR2_X1M_A9TH)                                            0.00       2.20 f
  U1785/Y (OR2_X1M_A9TH)                                            0.16       2.36 f
  n1581 (net)                                   2         0.00      0.00       2.36 f
  U1784/A (OR2_X1M_A9TH)                                            0.00       2.36 f
  U1784/Y (OR2_X1M_A9TH)                                            0.16       2.52 f
  n1579 (net)                                   2         0.00      0.00       2.52 f
  U1782/A (OR2_X1M_A9TH)                                            0.00       2.52 f
  U1782/Y (OR2_X1M_A9TH)                                            0.16       2.69 f
  n1577 (net)                                   2         0.00      0.00       2.69 f
  U1545/A (OR2_X1M_A9TH)                                            0.00       2.69 f
  U1545/Y (OR2_X1M_A9TH)                                            0.16       2.85 f
  n1575 (net)                                   2         0.00      0.00       2.85 f
  U1544/A (OR2_X1M_A9TH)                                            0.00       2.85 f
  U1544/Y (OR2_X1M_A9TH)                                            0.16       3.01 f
  n1573 (net)                                   2         0.00      0.00       3.01 f
  U1543/A (OR2_X1M_A9TH)                                            0.00       3.01 f
  U1543/Y (OR2_X1M_A9TH)                                            0.16       3.17 f
  n1571 (net)                                   2         0.00      0.00       3.17 f
  U1779/A (OR2_X1M_A9TH)                                            0.00       3.17 f
  U1779/Y (OR2_X1M_A9TH)                                            0.16       3.33 f
  n1569 (net)                                   2         0.00      0.00       3.33 f
  U1817/A (OR2_X1M_A9TH)                                            0.00       3.33 f
  U1817/Y (OR2_X1M_A9TH)                                            0.16       3.50 f
  n1567 (net)                                   2         0.00      0.00       3.50 f
  U1907/B (NOR2_X1M_A9TH)                                           0.00       3.50 f
  U1907/Y (NOR2_X1M_A9TH)                                           0.11       3.61 r
  n2620 (net)                                   1         0.00      0.00       3.61 r
  U1819/A (XOR2_X1M_A9TH)                                           0.00       3.61 r
  U1819/Y (XOR2_X1M_A9TH)                                           0.12       3.73 r
  regs_N223 (net)                               1         0.00      0.00       3.73 r
  regs_dlc_reg_15_/D (DFFRPQ_X1M_A9TH)                              0.00       3.73 r
  data arrival time                                                            3.73

  clock CLK (rise edge)                                             4.00       4.00
  clock network delay (ideal)                                       0.00       4.00
  regs_dlc_reg_15_/CK (DFFRPQ_X1M_A9TH)                             0.00       4.00 r
  library setup time                                               -0.16       3.84
  data required time                                                           3.84
  ------------------------------------------------------------------------------------
  data required time                                                           3.84
  data arrival time                                                           -3.73
  ------------------------------------------------------------------------------------
  slack (MET)                                                                  0.11


  Startpoint: regs_dlc_reg_1_
              (rising edge-triggered flip-flop clocked by CLK)
  Endpoint: regs_dlc_reg_15_
            (rising edge-triggered flip-flop clocked by CLK)
  Path Group: CLK
  Path Type: max

  Point                                       Fanout       Cap      Incr       Path
  ------------------------------------------------------------------------------------
  clock CLK (rise edge)                                             0.00       0.00
  clock network delay (ideal)                                       0.00       0.00
  regs_dlc_reg_1_/CK (DFFRPQ_X1M_A9TH)                              0.00       0.00 r
  regs_dlc_reg_1_/Q (DFFRPQ_X1M_A9TH)                               0.39       0.39 f
  regs_dlc[1] (net)                             2         0.00      0.00       0.39 f
  U1948/D (OR4_X1M_A9TH)                                            0.00       0.39 f
  U1948/Y (OR4_X1M_A9TH)                                            0.19       0.58 f
  n1540 (net)                                   1         0.00      0.00       0.58 f
  U1760/D (OR4_X1M_A9TH)                                            0.00       0.58 f
  U1760/Y (OR4_X1M_A9TH)                                            0.21       0.79 f
  n1628 (net)                                   2         0.00      0.00       0.79 f
  U2508/BN (NOR2XB_X3M_A9TH)                                        0.00       0.79 f
  U2508/Y (NOR2XB_X3M_A9TH)                                         0.29       1.08 f
  n1564 (net)                                  32         0.03      0.00       1.08 f
  U1954/A (NAND2_X1M_A9TH)                                          0.00       1.08 f
  U1954/Y (NAND2_X1M_A9TH)                                          0.14       1.23 r
  n1547 (net)                                   1         0.00      0.00       1.23 r
  U1955/B0 (OAI21_X1M_A9TH)                                         0.00       1.23 r
  U1955/Y (OAI21_X1M_A9TH)                                          0.12       1.35 f
  n1593 (net)                                   2         0.00      0.00       1.35 f
  U1789/B (OR2_X1M_A9TH)                                            0.00       1.35 f
  U1789/Y (OR2_X1M_A9TH)                                            0.21       1.55 f
  n1591 (net)                                   2         0.00      0.00       1.55 f
  U1788/A (OR2_X1M_A9TH)                                            0.00       1.55 f
  U1788/Y (OR2_X1M_A9TH)                                            0.16       1.72 f
  n1589 (net)                                   2         0.00      0.00       1.72 f
  U1787/A (OR2_X1M_A9TH)                                            0.00       1.72 f
  U1787/Y (OR2_X1M_A9TH)                                            0.16       1.88 f
  n1587 (net)                                   2         0.00      0.00       1.88 f
  U1786/A (OR2_X1M_A9TH)                                            0.00       1.88 f
  U1786/Y (OR2_X1M_A9TH)                                            0.16       2.04 f
  n1585 (net)                                   2         0.00      0.00       2.04 f
  U1818/A (OR2_X1M_A9TH)                                            0.00       2.04 f
  U1818/Y (OR2_X1M_A9TH)                                            0.16       2.20 f
  n1583 (net)                                   2         0.00      0.00       2.20 f
  U1785/A (OR2_X1M_A9TH)                                            0.00       2.20 f
  U1785/Y (OR2_X1M_A9TH)                                            0.16       2.36 f
  n1581 (net)                                   2         0.00      0.00       2.36 f
  U1784/A (OR2_X1M_A9TH)                                            0.00       2.36 f
  U1784/Y (OR2_X1M_A9TH)                                            0.16       2.52 f
  n1579 (net)                                   2         0.00      0.00       2.52 f
  U1782/A (OR2_X1M_A9TH)                                            0.00       2.52 f
  U1782/Y (OR2_X1M_A9TH)                                            0.16       2.69 f
  n1577 (net)                                   2         0.00      0.00       2.69 f
  U1545/A (OR2_X1M_A9TH)                                            0.00       2.69 f
  U1545/Y (OR2_X1M_A9TH)                                            0.16       2.85 f
  n1575 (net)                                   2         0.00      0.00       2.85 f
  U1544/A (OR2_X1M_A9TH)                                            0.00       2.85 f
  U1544/Y (OR2_X1M_A9TH)                                            0.16       3.01 f
  n1573 (net)                                   2         0.00      0.00       3.01 f
  U1543/A (OR2_X1M_A9TH)                                            0.00       3.01 f
  U1543/Y (OR2_X1M_A9TH)                                            0.16       3.17 f
  n1571 (net)                                   2         0.00      0.00       3.17 f
  U1779/A (OR2_X1M_A9TH)                                            0.00       3.17 f
  U1779/Y (OR2_X1M_A9TH)                                            0.16       3.33 f
  n1569 (net)                                   2         0.00      0.00       3.33 f
  U1817/A (OR2_X1M_A9TH)                                            0.00       3.33 f
  U1817/Y (OR2_X1M_A9TH)                                            0.16       3.49 f
  n1567 (net)                                   2         0.00      0.00       3.49 f
  U1907/B (NOR2_X1M_A9TH)                                           0.00       3.49 f
  U1907/Y (NOR2_X1M_A9TH)                                           0.11       3.61 r
  n2620 (net)                                   1         0.00      0.00       3.61 r
  U1819/A (XOR2_X1M_A9TH)                                           0.00       3.61 r
  U1819/Y (XOR2_X1M_A9TH)                                           0.12       3.73 r
  regs_N223 (net)                               1         0.00      0.00       3.73 r
  regs_dlc_reg_15_/D (DFFRPQ_X1M_A9TH)                              0.00       3.73 r
  data arrival time                                                            3.73

  clock CLK (rise edge)                                             4.00       4.00
  clock network delay (ideal)                                       0.00       4.00
  regs_dlc_reg_15_/CK (DFFRPQ_X1M_A9TH)                             0.00       4.00 r
  library setup time                                               -0.16       3.84
  data required time                                                           3.84
  ------------------------------------------------------------------------------------
  data required time                                                           3.84
  data arrival time                                                           -3.73
  ------------------------------------------------------------------------------------
  slack (MET)                                                                  0.11


  Startpoint: regs_dlc_reg_3_
              (rising edge-triggered flip-flop clocked by CLK)
  Endpoint: regs_dlc_reg_15_
            (rising edge-triggered flip-flop clocked by CLK)
  Path Group: CLK
  Path Type: max

  Point                                       Fanout       Cap      Incr       Path
  ------------------------------------------------------------------------------------
  clock CLK (rise edge)                                             0.00       0.00
  clock network delay (ideal)                                       0.00       0.00
  regs_dlc_reg_3_/CK (DFFRPQ_X1M_A9TH)                              0.00       0.00 r
  regs_dlc_reg_3_/Q (DFFRPQ_X1M_A9TH)                               0.39       0.39 f
  regs_dlc[3] (net)                             2         0.00      0.00       0.39 f
  U1948/B (OR4_X1M_A9TH)                                            0.00       0.39 f
  U1948/Y (OR4_X1M_A9TH)                                            0.17       0.56 f
  n1540 (net)                                   1         0.00      0.00       0.56 f
  U1760/D (OR4_X1M_A9TH)                                            0.00       0.56 f
  U1760/Y (OR4_X1M_A9TH)                                            0.21       0.77 f
  n1628 (net)                                   2         0.00      0.00       0.77 f
  U2508/BN (NOR2XB_X3M_A9TH)                                        0.00       0.77 f
  U2508/Y (NOR2XB_X3M_A9TH)                                         0.29       1.07 f
  n1564 (net)                                  32         0.03      0.00       1.07 f
  U1954/A (NAND2_X1M_A9TH)                                          0.00       1.07 f
  U1954/Y (NAND2_X1M_A9TH)                                          0.14       1.21 r
  n1547 (net)                                   1         0.00      0.00       1.21 r
  U1955/B0 (OAI21_X1M_A9TH)                                         0.00       1.21 r
  U1955/Y (OAI21_X1M_A9TH)                                          0.13       1.34 f
  n1593 (net)                                   2         0.00      0.00       1.34 f
  U1789/B (OR2_X1M_A9TH)                                            0.00       1.34 f
  U1789/Y (OR2_X1M_A9TH)                                            0.21       1.55 f
  n1591 (net)                                   2         0.00      0.00       1.55 f
  U1788/A (OR2_X1M_A9TH)                                            0.00       1.55 f
  U1788/Y (OR2_X1M_A9TH)                                            0.16       1.71 f
  n1589 (net)                                   2         0.00      0.00       1.71 f
  U1787/A (OR2_X1M_A9TH)                                            0.00       1.71 f
  U1787/Y (OR2_X1M_A9TH)                                            0.16       1.87 f
  n1587 (net)                                   2         0.00      0.00       1.87 f
  U1786/A (OR2_X1M_A9TH)                                            0.00       1.87 f
  U1786/Y (OR2_X1M_A9TH)                                            0.16       2.03 f
  n1585 (net)                                   2         0.00      0.00       2.03 f
  U1818/A (OR2_X1M_A9TH)                                            0.00       2.03 f
  U1818/Y (OR2_X1M_A9TH)                                            0.16       2.20 f
  n1583 (net)                                   2         0.00      0.00       2.20 f
  U1785/A (OR2_X1M_A9TH)                                            0.00       2.20 f
  U1785/Y (OR2_X1M_A9TH)                                            0.16       2.36 f
  n1581 (net)                                   2         0.00      0.00       2.36 f
  U1784/A (OR2_X1M_A9TH)                                            0.00       2.36 f
  U1784/Y (OR2_X1M_A9TH)                                            0.16       2.52 f
  n1579 (net)                                   2         0.00      0.00       2.52 f
  U1782/A (OR2_X1M_A9TH)                                            0.00       2.52 f
  U1782/Y (OR2_X1M_A9TH)                                            0.16       2.68 f
  n1577 (net)                                   2         0.00      0.00       2.68 f
  U1545/A (OR2_X1M_A9TH)                                            0.00       2.68 f
  U1545/Y (OR2_X1M_A9TH)                                            0.16       2.84 f
  n1575 (net)                                   2         0.00      0.00       2.84 f
  U1544/A (OR2_X1M_A9TH)                                            0.00       2.84 f
  U1544/Y (OR2_X1M_A9TH)                                            0.16       3.00 f
  n1573 (net)                                   2         0.00      0.00       3.00 f
  U1543/A (OR2_X1M_A9TH)                                            0.00       3.00 f
  U1543/Y (OR2_X1M_A9TH)                                            0.16       3.16 f
  n1571 (net)                                   2         0.00      0.00       3.16 f
  U1779/A (OR2_X1M_A9TH)                                            0.00       3.16 f
  U1779/Y (OR2_X1M_A9TH)                                            0.16       3.33 f
  n1569 (net)                                   2         0.00      0.00       3.33 f
  U1817/A (OR2_X1M_A9TH)                                            0.00       3.33 f
  U1817/Y (OR2_X1M_A9TH)                                            0.16       3.49 f
  n1567 (net)                                   2         0.00      0.00       3.49 f
  U1907/B (NOR2_X1M_A9TH)                                           0.00       3.49 f
  U1907/Y (NOR2_X1M_A9TH)                                           0.11       3.60 r
  n2620 (net)                                   1         0.00      0.00       3.60 r
  U1819/A (XOR2_X1M_A9TH)                                           0.00       3.60 r
  U1819/Y (XOR2_X1M_A9TH)                                           0.12       3.72 r
  regs_N223 (net)                               1         0.00      0.00       3.72 r
  regs_dlc_reg_15_/D (DFFRPQ_X1M_A9TH)                              0.00       3.72 r
  data arrival time                                                            3.72

  clock CLK (rise edge)                                             4.00       4.00
  clock network delay (ideal)                                       0.00       4.00
  regs_dlc_reg_15_/CK (DFFRPQ_X1M_A9TH)                             0.00       4.00 r
  library setup time                                               -0.16       3.84
  data required time                                                           3.84
  ------------------------------------------------------------------------------------
  data required time                                                           3.84
  data arrival time                                                           -3.72
  ------------------------------------------------------------------------------------
  slack (MET)                                                                  0.12


  Startpoint: regs_dlc_reg_9_
              (rising edge-triggered flip-flop clocked by CLK)
  Endpoint: regs_dlc_reg_15_
            (rising edge-triggered flip-flop clocked by CLK)
  Path Group: CLK
  Path Type: max

  Point                                       Fanout       Cap      Incr       Path
  ------------------------------------------------------------------------------------
  clock CLK (rise edge)                                             0.00       0.00
  clock network delay (ideal)                                       0.00       0.00
  regs_dlc_reg_9_/CK (DFFRPQ_X1M_A9TH)                              0.00       0.00 r
  regs_dlc_reg_9_/Q (DFFRPQ_X1M_A9TH)                               0.39       0.39 f
  regs_dlc[9] (net)                             2         0.00      0.00       0.39 f
  U1946/D (OR4_X1M_A9TH)                                            0.00       0.39 f
  U1946/Y (OR4_X1M_A9TH)                                            0.19       0.58 f
  n1542 (net)                                   1         0.00      0.00       0.58 f
  U1760/B (OR4_X1M_A9TH)                                            0.00       0.58 f
  U1760/Y (OR4_X1M_A9TH)                                            0.19       0.77 f
  n1628 (net)                                   2         0.00      0.00       0.77 f
  U2508/BN (NOR2XB_X3M_A9TH)                                        0.00       0.77 f
  U2508/Y (NOR2XB_X3M_A9TH)                                         0.29       1.07 f
  n1564 (net)                                  32         0.03      0.00       1.07 f
  U1954/A (NAND2_X1M_A9TH)                                          0.00       1.07 f
  U1954/Y (NAND2_X1M_A9TH)                                          0.14       1.21 r
  n1547 (net)                                   1         0.00      0.00       1.21 r
  U1955/B0 (OAI21_X1M_A9TH)                                         0.00       1.21 r
  U1955/Y (OAI21_X1M_A9TH)                                          0.13       1.34 f
  n1593 (net)                                   2         0.00      0.00       1.34 f
  U1789/B (OR2_X1M_A9TH)                                            0.00       1.34 f
  U1789/Y (OR2_X1M_A9TH)                                            0.21       1.55 f
  n1591 (net)                                   2         0.00      0.00       1.55 f
  U1788/A (OR2_X1M_A9TH)                                            0.00       1.55 f
  U1788/Y (OR2_X1M_A9TH)                                            0.16       1.71 f
  n1589 (net)                                   2         0.00      0.00       1.71 f
  U1787/A (OR2_X1M_A9TH)                                            0.00       1.71 f
  U1787/Y (OR2_X1M_A9TH)                                            0.16       1.87 f
  n1587 (net)                                   2         0.00      0.00       1.87 f
  U1786/A (OR2_X1M_A9TH)                                            0.00       1.87 f
  U1786/Y (OR2_X1M_A9TH)                                            0.16       2.03 f
  n1585 (net)                                   2         0.00      0.00       2.03 f
  U1818/A (OR2_X1M_A9TH)                                            0.00       2.03 f
  U1818/Y (OR2_X1M_A9TH)                                            0.16       2.19 f
  n1583 (net)                                   2         0.00      0.00       2.19 f
  U1785/A (OR2_X1M_A9TH)                                            0.00       2.19 f
  U1785/Y (OR2_X1M_A9TH)                                            0.16       2.36 f
  n1581 (net)                                   2         0.00      0.00       2.36 f
  U1784/A (OR2_X1M_A9TH)                                            0.00       2.36 f
  U1784/Y (OR2_X1M_A9TH)                                            0.16       2.52 f
  n1579 (net)                                   2         0.00      0.00       2.52 f
  U1782/A (OR2_X1M_A9TH)                                            0.00       2.52 f
  U1782/Y (OR2_X1M_A9TH)                                            0.16       2.68 f
  n1577 (net)                                   2         0.00      0.00       2.68 f
  U1545/A (OR2_X1M_A9TH)                                            0.00       2.68 f
  U1545/Y (OR2_X1M_A9TH)                                            0.16       2.84 f
  n1575 (net)                                   2         0.00      0.00       2.84 f
  U1544/A (OR2_X1M_A9TH)                                            0.00       2.84 f
  U1544/Y (OR2_X1M_A9TH)                                            0.16       3.00 f
  n1573 (net)                                   2         0.00      0.00       3.00 f
  U1543/A (OR2_X1M_A9TH)                                            0.00       3.00 f
  U1543/Y (OR2_X1M_A9TH)                                            0.16       3.16 f
  n1571 (net)                                   2         0.00      0.00       3.16 f
  U1779/A (OR2_X1M_A9TH)                                            0.00       3.16 f
  U1779/Y (OR2_X1M_A9TH)                                            0.16       3.33 f
  n1569 (net)                                   2         0.00      0.00       3.33 f
  U1817/A (OR2_X1M_A9TH)                                            0.00       3.33 f
  U1817/Y (OR2_X1M_A9TH)                                            0.16       3.49 f
  n1567 (net)                                   2         0.00      0.00       3.49 f
  U1907/B (NOR2_X1M_A9TH)                                           0.00       3.49 f
  U1907/Y (NOR2_X1M_A9TH)                                           0.11       3.60 r
  n2620 (net)                                   1         0.00      0.00       3.60 r
  U1819/A (XOR2_X1M_A9TH)                                           0.00       3.60 r
  U1819/Y (XOR2_X1M_A9TH)                                           0.12       3.72 r
  regs_N223 (net)                               1         0.00      0.00       3.72 r
  regs_dlc_reg_15_/D (DFFRPQ_X1M_A9TH)                              0.00       3.72 r
  data arrival time                                                            3.72

  clock CLK (rise edge)                                             4.00       4.00
  clock network delay (ideal)                                       0.00       4.00
  regs_dlc_reg_15_/CK (DFFRPQ_X1M_A9TH)                             0.00       4.00 r
  library setup time                                               -0.16       3.84
  data required time                                                           3.84
  ------------------------------------------------------------------------------------
  data required time                                                           3.84
  data arrival time                                                           -3.72
  ------------------------------------------------------------------------------------
  slack (MET)                                                                  0.12


  Startpoint: regs_dlc_reg_1_
              (rising edge-triggered flip-flop clocked by CLK)
  Endpoint: regs_dlc_reg_15_
            (rising edge-triggered flip-flop clocked by CLK)
  Path Group: CLK
  Path Type: max

  Point                                       Fanout       Cap      Incr       Path
  ------------------------------------------------------------------------------------
  clock CLK (rise edge)                                             0.00       0.00
  clock network delay (ideal)                                       0.00       0.00
  regs_dlc_reg_1_/CK (DFFRPQ_X1M_A9TH)                              0.00       0.00 r
  regs_dlc_reg_1_/Q (DFFRPQ_X1M_A9TH)                               0.39       0.39 f
  regs_dlc[1] (net)                             2         0.00      0.00       0.39 f
  U1948/D (OR4_X1M_A9TH)                                            0.00       0.39 f
  U1948/Y (OR4_X1M_A9TH)                                            0.19       0.58 f
  n1540 (net)                                   1         0.00      0.00       0.58 f
  U1760/D (OR4_X1M_A9TH)                                            0.00       0.58 f
  U1760/Y (OR4_X1M_A9TH)                                            0.21       0.79 f
  n1628 (net)                                   2         0.00      0.00       0.79 f
  U2508/BN (NOR2XB_X3M_A9TH)                                        0.00       0.79 f
  U2508/Y (NOR2XB_X3M_A9TH)                                         0.29       1.08 f
  n1564 (net)                                  32         0.03      0.00       1.08 f
  U1952/A (NAND2_X1M_A9TH)                                          0.00       1.08 f
  U1952/Y (NAND2_X1M_A9TH)                                          0.14       1.23 r
  n1546 (net)                                   1         0.00      0.00       1.23 r
  U1953/B0 (OAI21_X1M_A9TH)                                         0.00       1.23 r
  U1953/Y (OAI21_X1M_A9TH)                                          0.13       1.36 f
  n1594 (net)                                   3         0.00      0.00       1.36 f
  U1789/A (OR2_X1M_A9TH)                                            0.00       1.36 f
  U1789/Y (OR2_X1M_A9TH)                                            0.19       1.55 f
  n1591 (net)                                   2         0.00      0.00       1.55 f
  U1788/A (OR2_X1M_A9TH)                                            0.00       1.55 f
  U1788/Y (OR2_X1M_A9TH)                                            0.16       1.71 f
  n1589 (net)                                   2         0.00      0.00       1.71 f
  U1787/A (OR2_X1M_A9TH)                                            0.00       1.71 f
  U1787/Y (OR2_X1M_A9TH)                                            0.16       1.87 f
  n1587 (net)                                   2         0.00      0.00       1.87 f
  U1786/A (OR2_X1M_A9TH)                                            0.00       1.87 f
  U1786/Y (OR2_X1M_A9TH)                                            0.16       2.03 f
  n1585 (net)                                   2         0.00      0.00       2.03 f
  U1818/A (OR2_X1M_A9TH)                                            0.00       2.03 f
  U1818/Y (OR2_X1M_A9TH)                                            0.16       2.19 f
  n1583 (net)                                   2         0.00      0.00       2.19 f
  U1785/A (OR2_X1M_A9TH)                                            0.00       2.19 f
  U1785/Y (OR2_X1M_A9TH)                                            0.16       2.36 f
  n1581 (net)                                   2         0.00      0.00       2.36 f
  U1784/A (OR2_X1M_A9TH)                                            0.00       2.36 f
  U1784/Y (OR2_X1M_A9TH)                                            0.16       2.52 f
  n1579 (net)                                   2         0.00      0.00       2.52 f
  U1782/A (OR2_X1M_A9TH)                                            0.00       2.52 f
  U1782/Y (OR2_X1M_A9TH)                                            0.16       2.68 f
  n1577 (net)                                   2         0.00      0.00       2.68 f
  U1545/A (OR2_X1M_A9TH)                                            0.00       2.68 f
  U1545/Y (OR2_X1M_A9TH)                                            0.16       2.84 f
  n1575 (net)                                   2         0.00      0.00       2.84 f
  U1544/A (OR2_X1M_A9TH)                                            0.00       2.84 f
  U1544/Y (OR2_X1M_A9TH)                                            0.16       3.00 f
  n1573 (net)                                   2         0.00      0.00       3.00 f
  U1543/A (OR2_X1M_A9TH)                                            0.00       3.00 f
  U1543/Y (OR2_X1M_A9TH)                                            0.16       3.16 f
  n1571 (net)                                   2         0.00      0.00       3.16 f
  U1779/A (OR2_X1M_A9TH)                                            0.00       3.16 f
  U1779/Y (OR2_X1M_A9TH)                                            0.16       3.33 f
  n1569 (net)                                   2         0.00      0.00       3.33 f
  U1817/A (OR2_X1M_A9TH)                                            0.00       3.33 f
  U1817/Y (OR2_X1M_A9TH)                                            0.16       3.49 f
  n1567 (net)                                   2         0.00      0.00       3.49 f
  U1907/B (NOR2_X1M_A9TH)                                           0.00       3.49 f
  U1907/Y (NOR2_X1M_A9TH)                                           0.11       3.60 r
  n2620 (net)                                   1         0.00      0.00       3.60 r
  U1819/A (XOR2_X1M_A9TH)                                           0.00       3.60 r
  U1819/Y (XOR2_X1M_A9TH)                                           0.12       3.72 r
  regs_N223 (net)                               1         0.00      0.00       3.72 r
  regs_dlc_reg_15_/D (DFFRPQ_X1M_A9TH)                              0.00       3.72 r
  data arrival time                                                            3.72

  clock CLK (rise edge)                                             4.00       4.00
  clock network delay (ideal)                                       0.00       4.00
  regs_dlc_reg_15_/CK (DFFRPQ_X1M_A9TH)                             0.00       4.00 r
  library setup time                                               -0.16       3.84
  data required time                                                           3.84
  ------------------------------------------------------------------------------------
  data required time                                                           3.84
  data arrival time                                                           -3.72
  ------------------------------------------------------------------------------------
  slack (MET)                                                                  0.12


  Startpoint: regs_dlc_reg_4_
              (rising edge-triggered flip-flop clocked by CLK)
  Endpoint: regs_dlc_reg_15_
            (rising edge-triggered flip-flop clocked by CLK)
  Path Group: CLK
  Path Type: max

  Point                                       Fanout       Cap      Incr       Path
  ------------------------------------------------------------------------------------
  clock CLK (rise edge)                                             0.00       0.00
  clock network delay (ideal)                                       0.00       0.00
  regs_dlc_reg_4_/CK (DFFRPQ_X1M_A9TH)                              0.00       0.00 r
  regs_dlc_reg_4_/Q (DFFRPQ_X1M_A9TH)                               0.39       0.39 f
  regs_dlc[4] (net)                             2         0.00      0.00       0.39 f
  U1947/C (OR4_X1M_A9TH)                                            0.00       0.39 f
  U1947/Y (OR4_X1M_A9TH)                                            0.18       0.57 f
  n1541 (net)                                   1         0.00      0.00       0.57 f
  U1760/C (OR4_X1M_A9TH)                                            0.00       0.57 f
  U1760/Y (OR4_X1M_A9TH)                                            0.20       0.77 f
  n1628 (net)                                   2         0.00      0.00       0.77 f
  U2508/BN (NOR2XB_X3M_A9TH)                                        0.00       0.77 f
  U2508/Y (NOR2XB_X3M_A9TH)                                         0.29       1.06 f
  n1564 (net)                                  32         0.03      0.00       1.06 f
  U1954/A (NAND2_X1M_A9TH)                                          0.00       1.06 f
  U1954/Y (NAND2_X1M_A9TH)                                          0.14       1.20 r
  n1547 (net)                                   1         0.00      0.00       1.20 r
  U1955/B0 (OAI21_X1M_A9TH)                                         0.00       1.20 r
  U1955/Y (OAI21_X1M_A9TH)                                          0.13       1.33 f
  n1593 (net)                                   2         0.00      0.00       1.33 f
  U1789/B (OR2_X1M_A9TH)                                            0.00       1.33 f
  U1789/Y (OR2_X1M_A9TH)                                            0.21       1.54 f
  n1591 (net)                                   2         0.00      0.00       1.54 f
  U1788/A (OR2_X1M_A9TH)                                            0.00       1.54 f
  U1788/Y (OR2_X1M_A9TH)                                            0.16       1.71 f
  n1589 (net)                                   2         0.00      0.00       1.71 f
  U1787/A (OR2_X1M_A9TH)                                            0.00       1.71 f
  U1787/Y (OR2_X1M_A9TH)                                            0.16       1.87 f
  n1587 (net)                                   2         0.00      0.00       1.87 f
  U1786/A (OR2_X1M_A9TH)                                            0.00       1.87 f
  U1786/Y (OR2_X1M_A9TH)                                            0.16       2.03 f
  n1585 (net)                                   2         0.00      0.00       2.03 f
  U1818/A (OR2_X1M_A9TH)                                            0.00       2.03 f
  U1818/Y (OR2_X1M_A9TH)                                            0.16       2.19 f
  n1583 (net)                                   2         0.00      0.00       2.19 f
  U1785/A (OR2_X1M_A9TH)                                            0.00       2.19 f
  U1785/Y (OR2_X1M_A9TH)                                            0.16       2.35 f
  n1581 (net)                                   2         0.00      0.00       2.35 f
  U1784/A (OR2_X1M_A9TH)                                            0.00       2.35 f
  U1784/Y (OR2_X1M_A9TH)                                            0.16       2.51 f
  n1579 (net)                                   2         0.00      0.00       2.51 f
  U1782/A (OR2_X1M_A9TH)                                            0.00       2.51 f
  U1782/Y (OR2_X1M_A9TH)                                            0.16       2.67 f
  n1577 (net)                                   2         0.00      0.00       2.67 f
  U1545/A (OR2_X1M_A9TH)                                            0.00       2.67 f
  U1545/Y (OR2_X1M_A9TH)                                            0.16       2.84 f
  n1575 (net)                                   2         0.00      0.00       2.84 f
  U1544/A (OR2_X1M_A9TH)                                            0.00       2.84 f
  U1544/Y (OR2_X1M_A9TH)                                            0.16       3.00 f
  n1573 (net)                                   2         0.00      0.00       3.00 f
  U1543/A (OR2_X1M_A9TH)                                            0.00       3.00 f
  U1543/Y (OR2_X1M_A9TH)                                            0.16       3.16 f
  n1571 (net)                                   2         0.00      0.00       3.16 f
  U1779/A (OR2_X1M_A9TH)                                            0.00       3.16 f
  U1779/Y (OR2_X1M_A9TH)                                            0.16       3.32 f
  n1569 (net)                                   2         0.00      0.00       3.32 f
  U1817/A (OR2_X1M_A9TH)                                            0.00       3.32 f
  U1817/Y (OR2_X1M_A9TH)                                            0.16       3.48 f
  n1567 (net)                                   2         0.00      0.00       3.48 f
  U1907/B (NOR2_X1M_A9TH)                                           0.00       3.48 f
  U1907/Y (NOR2_X1M_A9TH)                                           0.11       3.60 r
  n2620 (net)                                   1         0.00      0.00       3.60 r
  U1819/A (XOR2_X1M_A9TH)                                           0.00       3.60 r
  U1819/Y (XOR2_X1M_A9TH)                                           0.12       3.72 r
  regs_N223 (net)                               1         0.00      0.00       3.72 r
  regs_dlc_reg_15_/D (DFFRPQ_X1M_A9TH)                              0.00       3.72 r
  data arrival time                                                            3.72

  clock CLK (rise edge)                                             4.00       4.00
  clock network delay (ideal)                                       0.00       4.00
  regs_dlc_reg_15_/CK (DFFRPQ_X1M_A9TH)                             0.00       4.00 r
  library setup time                                               -0.16       3.84
  data required time                                                           3.84
  ------------------------------------------------------------------------------------
  data required time                                                           3.84
  data arrival time                                                           -3.72
  ------------------------------------------------------------------------------------
  slack (MET)                                                                  0.12


  Startpoint: regs_dlc_reg_5_
              (rising edge-triggered flip-flop clocked by CLK)
  Endpoint: regs_dlc_reg_15_
            (rising edge-triggered flip-flop clocked by CLK)
  Path Group: CLK
  Path Type: max

  Point                                       Fanout       Cap      Incr       Path
  ------------------------------------------------------------------------------------
  clock CLK (rise edge)                                             0.00       0.00
  clock network delay (ideal)                                       0.00       0.00
  regs_dlc_reg_5_/CK (DFFRPQ_X1M_A9TH)                              0.00       0.00 r
  regs_dlc_reg_5_/Q (DFFRPQ_X1M_A9TH)                               0.39       0.39 f
  regs_dlc[5] (net)                             2         0.00      0.00       0.39 f
  U1947/D (OR4_X1M_A9TH)                                            0.00       0.39 f
  U1947/Y (OR4_X1M_A9TH)                                            0.19       0.58 f
  n1541 (net)                                   1         0.00      0.00       0.58 f
  U1760/C (OR4_X1M_A9TH)                                            0.00       0.58 f
  U1760/Y (OR4_X1M_A9TH)                                            0.20       0.78 f
  n1628 (net)                                   2         0.00      0.00       0.78 f
  U2508/BN (NOR2XB_X3M_A9TH)                                        0.00       0.78 f
  U2508/Y (NOR2XB_X3M_A9TH)                                         0.29       1.07 f
  n1564 (net)                                  32         0.03      0.00       1.07 f
  U1954/A (NAND2_X1M_A9TH)                                          0.00       1.07 f
  U1954/Y (NAND2_X1M_A9TH)                                          0.14       1.21 r
  n1547 (net)                                   1         0.00      0.00       1.21 r
  U1955/B0 (OAI21_X1M_A9TH)                                         0.00       1.21 r
  U1955/Y (OAI21_X1M_A9TH)                                          0.12       1.33 f
  n1593 (net)                                   2         0.00      0.00       1.33 f
  U1789/B (OR2_X1M_A9TH)                                            0.00       1.33 f
  U1789/Y (OR2_X1M_A9TH)                                            0.21       1.54 f
  n1591 (net)                                   2         0.00      0.00       1.54 f
  U1788/A (OR2_X1M_A9TH)                                            0.00       1.54 f
  U1788/Y (OR2_X1M_A9TH)                                            0.16       1.70 f
  n1589 (net)                                   2         0.00      0.00       1.70 f
  U1787/A (OR2_X1M_A9TH)                                            0.00       1.70 f
  U1787/Y (OR2_X1M_A9TH)                                            0.16       1.87 f
  n1587 (net)                                   2         0.00      0.00       1.87 f
  U1786/A (OR2_X1M_A9TH)                                            0.00       1.87 f
  U1786/Y (OR2_X1M_A9TH)                                            0.16       2.03 f
  n1585 (net)                                   2         0.00      0.00       2.03 f
  U1818/A (OR2_X1M_A9TH)                                            0.00       2.03 f
  U1818/Y (OR2_X1M_A9TH)                                            0.16       2.19 f
  n1583 (net)                                   2         0.00      0.00       2.19 f
  U1785/A (OR2_X1M_A9TH)                                            0.00       2.19 f
  U1785/Y (OR2_X1M_A9TH)                                            0.16       2.35 f
  n1581 (net)                                   2         0.00      0.00       2.35 f
  U1784/A (OR2_X1M_A9TH)                                            0.00       2.35 f
  U1784/Y (OR2_X1M_A9TH)                                            0.16       2.51 f
  n1579 (net)                                   2         0.00      0.00       2.51 f
  U1782/A (OR2_X1M_A9TH)                                            0.00       2.51 f
  U1782/Y (OR2_X1M_A9TH)                                            0.16       2.67 f
  n1577 (net)                                   2         0.00      0.00       2.67 f
  U1545/A (OR2_X1M_A9TH)                                            0.00       2.67 f
  U1545/Y (OR2_X1M_A9TH)                                            0.16       2.84 f
  n1575 (net)                                   2         0.00      0.00       2.84 f
  U1544/A (OR2_X1M_A9TH)                                            0.00       2.84 f
  U1544/Y (OR2_X1M_A9TH)                                            0.16       3.00 f
  n1573 (net)                                   2         0.00      0.00       3.00 f
  U1543/A (OR2_X1M_A9TH)                                            0.00       3.00 f
  U1543/Y (OR2_X1M_A9TH)                                            0.16       3.16 f
  n1571 (net)                                   2         0.00      0.00       3.16 f
  U1779/A (OR2_X1M_A9TH)                                            0.00       3.16 f
  U1779/Y (OR2_X1M_A9TH)                                            0.16       3.32 f
  n1569 (net)                                   2         0.00      0.00       3.32 f
  U1817/A (OR2_X1M_A9TH)                                            0.00       3.32 f
  U1817/Y (OR2_X1M_A9TH)                                            0.16       3.48 f
  n1567 (net)                                   2         0.00      0.00       3.48 f
  U1907/B (NOR2_X1M_A9TH)                                           0.00       3.48 f
  U1907/Y (NOR2_X1M_A9TH)                                           0.11       3.59 r
  n2620 (net)                                   1         0.00      0.00       3.59 r
  U1819/A (XOR2_X1M_A9TH)                                           0.00       3.59 r
  U1819/Y (XOR2_X1M_A9TH)                                           0.12       3.72 r
  regs_N223 (net)                               1         0.00      0.00       3.72 r
  regs_dlc_reg_15_/D (DFFRPQ_X1M_A9TH)                              0.00       3.72 r
  data arrival time                                                            3.72

  clock CLK (rise edge)                                             4.00       4.00
  clock network delay (ideal)                                       0.00       4.00
  regs_dlc_reg_15_/CK (DFFRPQ_X1M_A9TH)                             0.00       4.00 r
  library setup time                                               -0.16       3.84
  data required time                                                           3.84
  ------------------------------------------------------------------------------------
  data required time                                                           3.84
  data arrival time                                                           -3.72
  ------------------------------------------------------------------------------------
  slack (MET)                                                                  0.13


  Startpoint: regs_dlc_reg_0_
              (rising edge-triggered flip-flop clocked by CLK)
  Endpoint: regs_dlc_reg_15_
            (rising edge-triggered flip-flop clocked by CLK)
  Path Group: CLK
  Path Type: max

  Point                                       Fanout       Cap      Incr       Path
  ------------------------------------------------------------------------------------
  clock CLK (rise edge)                                             0.00       0.00
  clock network delay (ideal)                                       0.00       0.00
  regs_dlc_reg_0_/CK (DFFRPQ_X1M_A9TH)                              0.00       0.00 r
  regs_dlc_reg_0_/Q (DFFRPQ_X1M_A9TH)                               0.39       0.39 f
  regs_dlc[0] (net)                             2         0.00      0.00       0.39 f
  U1948/C (OR4_X1M_A9TH)                                            0.00       0.39 f
  U1948/Y (OR4_X1M_A9TH)                                            0.18       0.57 f
  n1540 (net)                                   1         0.00      0.00       0.57 f
  U1760/D (OR4_X1M_A9TH)                                            0.00       0.57 f
  U1760/Y (OR4_X1M_A9TH)                                            0.21       0.78 f
  n1628 (net)                                   2         0.00      0.00       0.78 f
  U2508/BN (NOR2XB_X3M_A9TH)                                        0.00       0.78 f
  U2508/Y (NOR2XB_X3M_A9TH)                                         0.29       1.07 f
  n1564 (net)                                  32         0.03      0.00       1.07 f
  U1954/A (NAND2_X1M_A9TH)                                          0.00       1.07 f
  U1954/Y (NAND2_X1M_A9TH)                                          0.14       1.21 r
  n1547 (net)                                   1         0.00      0.00       1.21 r
  U1955/B0 (OAI21_X1M_A9TH)                                         0.00       1.21 r
  U1955/Y (OAI21_X1M_A9TH)                                          0.12       1.33 f
  n1593 (net)                                   2         0.00      0.00       1.33 f
  U1789/B (OR2_X1M_A9TH)                                            0.00       1.33 f
  U1789/Y (OR2_X1M_A9TH)                                            0.21       1.54 f
  n1591 (net)                                   2         0.00      0.00       1.54 f
  U1788/A (OR2_X1M_A9TH)                                            0.00       1.54 f
  U1788/Y (OR2_X1M_A9TH)                                            0.16       1.70 f
  n1589 (net)                                   2         0.00      0.00       1.70 f
  U1787/A (OR2_X1M_A9TH)                                            0.00       1.70 f
  U1787/Y (OR2_X1M_A9TH)                                            0.16       1.87 f
  n1587 (net)                                   2         0.00      0.00       1.87 f
  U1786/A (OR2_X1M_A9TH)                                            0.00       1.87 f
  U1786/Y (OR2_X1M_A9TH)                                            0.16       2.03 f
  n1585 (net)                                   2         0.00      0.00       2.03 f
  U1818/A (OR2_X1M_A9TH)                                            0.00       2.03 f
  U1818/Y (OR2_X1M_A9TH)                                            0.16       2.19 f
  n1583 (net)                                   2         0.00      0.00       2.19 f
  U1785/A (OR2_X1M_A9TH)                                            0.00       2.19 f
  U1785/Y (OR2_X1M_A9TH)                                            0.16       2.35 f
  n1581 (net)                                   2         0.00      0.00       2.35 f
  U1784/A (OR2_X1M_A9TH)                                            0.00       2.35 f
  U1784/Y (OR2_X1M_A9TH)                                            0.16       2.51 f
  n1579 (net)                                   2         0.00      0.00       2.51 f
  U1782/A (OR2_X1M_A9TH)                                            0.00       2.51 f
  U1782/Y (OR2_X1M_A9TH)                                            0.16       2.67 f
  n1577 (net)                                   2         0.00      0.00       2.67 f
  U1545/A (OR2_X1M_A9TH)                                            0.00       2.67 f
  U1545/Y (OR2_X1M_A9TH)                                            0.16       2.84 f
  n1575 (net)                                   2         0.00      0.00       2.84 f
  U1544/A (OR2_X1M_A9TH)                                            0.00       2.84 f
  U1544/Y (OR2_X1M_A9TH)                                            0.16       3.00 f
  n1573 (net)                                   2         0.00      0.00       3.00 f
  U1543/A (OR2_X1M_A9TH)                                            0.00       3.00 f
  U1543/Y (OR2_X1M_A9TH)                                            0.16       3.16 f
  n1571 (net)                                   2         0.00      0.00       3.16 f
  U1779/A (OR2_X1M_A9TH)                                            0.00       3.16 f
  U1779/Y (OR2_X1M_A9TH)                                            0.16       3.32 f
  n1569 (net)                                   2         0.00      0.00       3.32 f
  U1817/A (OR2_X1M_A9TH)                                            0.00       3.32 f
  U1817/Y (OR2_X1M_A9TH)                                            0.16       3.48 f
  n1567 (net)                                   2         0.00      0.00       3.48 f
  U1907/B (NOR2_X1M_A9TH)                                           0.00       3.48 f
  U1907/Y (NOR2_X1M_A9TH)                                           0.11       3.59 r
  n2620 (net)                                   1         0.00      0.00       3.59 r
  U1819/A (XOR2_X1M_A9TH)                                           0.00       3.59 r
  U1819/Y (XOR2_X1M_A9TH)                                           0.12       3.72 r
  regs_N223 (net)                               1         0.00      0.00       3.72 r
  regs_dlc_reg_15_/D (DFFRPQ_X1M_A9TH)                              0.00       3.72 r
  data arrival time                                                            3.72

  clock CLK (rise edge)                                             4.00       4.00
  clock network delay (ideal)                                       0.00       4.00
  regs_dlc_reg_15_/CK (DFFRPQ_X1M_A9TH)                             0.00       4.00 r
  library setup time                                               -0.16       3.84
  data required time                                                           3.84
  ------------------------------------------------------------------------------------
  data required time                                                           3.84
  data arrival time                                                           -3.72
  ------------------------------------------------------------------------------------
  slack (MET)                                                                  0.13


1
