Information: Updating design information... (UID-85)
Warning: Design 'idft_top_top' contains 1 high-fanout nets. A fanout number of 1000 will be used for delay calculations involving these nets. (TIM-134)
 
****************************************
Report : timing
        -path full
        -delay max
        -nworst 10
        -input_pins
        -nets
        -max_paths 10
        -capacitance
Design : idft_top_top
Version: M-2016.12-SP2
Date   : Wed Jul  4 08:54:57 2018
****************************************

 # A fanout number of 1000 was used for high fanout net computations.

Operating Conditions: ss_nominal_max_1p08v_125c   Library: sc9_cmos10lpe_base_hvt_ss_nominal_max_1p08v_125c
Wire Load Model Mode: top

  Startpoint: idft_top_stage12_codeBlockIsnt38224_tm56_reg_11_
              (rising edge-triggered flip-flop clocked by CLK)
  Endpoint: idft_top_stage12_codeBlockIsnt38224_m36506_q_reg_0__22_
            (rising edge-triggered flip-flop clocked by CLK)
  Path Group: CLK
  Path Type: max

  Point                                       Fanout       Cap      Incr       Path
  ------------------------------------------------------------------------------------
  clock CLK (rise edge)                                             0.00       0.00
  clock network delay (ideal)                                       0.00       0.00
  idft_top_stage12_codeBlockIsnt38224_tm56_reg_11_/CK (DFFQ_X1M_A9TH)     0.00 #     0.00 r
  idft_top_stage12_codeBlockIsnt38224_tm56_reg_11_/Q (DFFQ_X1M_A9TH)     0.38     0.38 r
  idft_top_stage12_codeBlockIsnt38224_tm56[11] (net)     3     0.01     0.00     0.38 r
  U62640/A (INV_X1M_A9TH)                                           0.00       0.38 r
  U62640/Y (INV_X1M_A9TH)                                           0.12       0.50 f
  n60807 (net)                                  3         0.00      0.00       0.50 f
  U62641/A (INV_X2M_A9TH)                                           0.00       0.50 f
  U62641/Y (INV_X2M_A9TH)                                           0.37       0.87 r
  n61265 (net)                                 34         0.08      0.00       0.87 r
  U62730/A (XNOR2_X1M_A9TH)                                         0.00       0.87 r
  U62730/Y (XNOR2_X1M_A9TH)                                         0.31       1.19 r
  n60917 (net)                                  2         0.00      0.00       1.19 r
  U62777/A0 (OAI22_X1M_A9TH)                                        0.00       1.19 r
  U62777/Y (OAI22_X1M_A9TH)                                         0.22       1.40 f
  n61095 (net)                                  1         0.00      0.00       1.40 f
  U62924/B (ADDF_X1M_A9TH)                                          0.00       1.40 f
  U62924/S (ADDF_X1M_A9TH)                                          0.46       1.86 r
  n61133 (net)                                  1         0.00      0.00       1.86 r
  U62942/B (ADDF_X1M_A9TH)                                          0.00       1.86 r
  U62942/S (ADDF_X1M_A9TH)                                          0.39       2.25 f
  n61141 (net)                                  1         0.00      0.00       2.25 f
  U62946/CI (ADDF_X1M_A9TH)                                         0.00       2.25 f
  U62946/S (ADDF_X1M_A9TH)                                          0.39       2.64 r
  n61121 (net)                                  2         0.00      0.00       2.64 r
  U60460/B (OR2_X1M_A9TH)                                           0.00       2.64 r
  U60460/Y (OR2_X1M_A9TH)                                           0.15       2.79 r
  n52178 (net)                                  2         0.00      0.00       2.79 r
  U60459/B0 (OAI21_X1M_A9TH)                                        0.00       2.79 r
  U60459/Y (OAI21_X1M_A9TH)                                         0.08       2.88 f
  n61124 (net)                                  1         0.00      0.00       2.88 f
  U62939/A1 (OAI21_X1M_A9TH)                                        0.00       2.88 f
  U62939/Y (OAI21_X1M_A9TH)                                         0.13       3.01 r
  n61425 (net)                                  2         0.00      0.00       3.01 r
  U54709/A0 (AOI21_X1M_A9TH)                                        0.00       3.01 r
  U54709/Y (AOI21_X1M_A9TH)                                         0.15       3.16 f
  n61401 (net)                                  2         0.00      0.00       3.16 f
  U62958/A1 (OAI21_X2M_A9TH)                                        0.00       3.16 f
  U62958/Y (OAI21_X2M_A9TH)                                         0.16       3.31 r
  n61442 (net)                                  3         0.00      0.00       3.31 r
  U66327/A (INV_X1P4B_A9TH)                                         0.00       3.31 r
  U66327/Y (INV_X1P4B_A9TH)                                         0.13       3.44 f
  n61400 (net)                                  4         0.01      0.00       3.44 f
  U54943/A0 (OAI21_X1M_A9TH)                                        0.00       3.44 f
  U54943/Y (OAI21_X1M_A9TH)                                         0.16       3.60 r
  n61390 (net)                                  2         0.00      0.00       3.60 r
  U63134/A1 (AOI21_X1M_A9TH)                                        0.00       3.60 r
  U63134/Y (AOI21_X1M_A9TH)                                         0.16       3.77 f
  n61387 (net)                                  1         0.00      0.00       3.77 f
  U63136/A (XOR2_X1M_A9TH)                                          0.00       3.77 f
  U63136/Y (XOR2_X1M_A9TH)                                          0.09       3.86 r
  idft_top_stage12_codeBlockIsnt38224_m36506_N22 (net)     1     0.00     0.00     3.86 r
  idft_top_stage12_codeBlockIsnt38224_m36506_q_reg_0__22_/D (DFFQ_X1M_A9TH)     0.00     3.86 r
  data arrival time                                                            3.86

  clock CLK (rise edge)                                             4.00       4.00
  clock network delay (ideal)                                       0.00       4.00
  idft_top_stage12_codeBlockIsnt38224_m36506_q_reg_0__22_/CK (DFFQ_X1M_A9TH)     0.00     4.00 r
  library setup time                                               -0.14       3.86
  data required time                                                           3.86
  ------------------------------------------------------------------------------------
  data required time                                                           3.86
  data arrival time                                                           -3.86
  ------------------------------------------------------------------------------------
  slack (MET)                                                                  0.00


  Startpoint: idft_top_stage15_codeBlockIsnt38269_tm64_reg_5_
              (rising edge-triggered flip-flop clocked by CLK)
  Endpoint: idft_top_stage15_codeBlockIsnt38269_m36827_q_reg_0__27_
            (rising edge-triggered flip-flop clocked by CLK)
  Path Group: CLK
  Path Type: max

  Point                                       Fanout       Cap      Incr       Path
  ------------------------------------------------------------------------------------
  clock CLK (rise edge)                                             0.00       0.00
  clock network delay (ideal)                                       0.00       0.00
  idft_top_stage15_codeBlockIsnt38269_tm64_reg_5_/CK (DFFQ_X1M_A9TH)     0.00 #     0.00 r
  idft_top_stage15_codeBlockIsnt38269_tm64_reg_5_/Q (DFFQ_X1M_A9TH)     0.37     0.37 r
  idft_top_stage15_codeBlockIsnt38269_tm64[5] (net)     2     0.01     0.00     0.37 r
  U55091/A (INV_X1M_A9TH)                                           0.00       0.37 r
  U55091/Y (INV_X1M_A9TH)                                           0.12       0.49 f
  n64267 (net)                                  3         0.01      0.00       0.49 f
  U54132/A (INV_X4M_A9TH)                                           0.00       0.49 f
  U54132/Y (INV_X4M_A9TH)                                           0.22       0.71 r
  n52090 (net)                                 35         0.08      0.00       0.71 r
  U64772/A (XOR2_X1M_A9TH)                                          0.00       0.71 r
  U64772/Y (XOR2_X1M_A9TH)                                          0.23       0.94 r
  n63435 (net)                                  1         0.00      0.00       0.94 r
  U52977/B (NAND2_X3M_A9TH)                                         0.00       0.94 r
  U52977/Y (NAND2_X3M_A9TH)                                         0.26       1.20 f
  n64462 (net)                                 34         0.04      0.00       1.20 f
  U64845/B0 (OAI22_X1M_A9TH)                                        0.00       1.20 f
  U64845/Y (OAI22_X1M_A9TH)                                         0.23       1.43 r
  n63479 (net)                                  1         0.00      0.00       1.43 r
  U64849/B (ADDF_X1M_A9TH)                                          0.00       1.43 r
  U64849/CO (ADDF_X1M_A9TH)                                         0.30       1.73 r
  n63515 (net)                                  1         0.00      0.00       1.73 r
  U64881/CI (ADDF_X1M_A9TH)                                         0.00       1.73 r
  U64881/S (ADDF_X1M_A9TH)                                          0.39       2.12 f
  n63513 (net)                                  1         0.00      0.00       2.12 f
  U64880/B (ADDF_X1M_A9TH)                                          0.00       2.12 f
  U64880/S (ADDF_X1M_A9TH)                                          0.41       2.53 r
  n63527 (net)                                  1         0.00      0.00       2.53 r
  U64888/CI (ADDF_X1M_A9TH)                                         0.00       2.53 r
  U64888/S (ADDF_X1M_A9TH)                                          0.37       2.90 f
  n63779 (net)                                  2         0.00      0.00       2.90 f
  U55359/A (NOR2_X1A_A9TH)                                          0.00       2.90 f
  U55359/Y (NOR2_X1A_A9TH)                                          0.12       3.02 r
  n64031 (net)                                  3         0.00      0.00       3.02 r
  U64889/A (NOR2_X1A_A9TH)                                          0.00       3.02 r
  U64889/Y (NOR2_X1A_A9TH)                                          0.11       3.14 f
  n63783 (net)                                  2         0.00      0.00       3.14 f
  U55301/A0 (AOI21_X2M_A9TH)                                        0.00       3.14 f
  U55301/Y (AOI21_X2M_A9TH)                                         0.10       3.24 r
  n63784 (net)                                  1         0.00      0.00       3.24 r
  U53072/B0 (OAI21_X2M_A9TH)                                        0.00       3.24 r
  U53072/Y (OAI21_X2M_A9TH)                                         0.10       3.34 f
  n64064 (net)                                  3         0.00      0.00       3.34 f
  U55385/A0 (AOI21_X2M_A9TH)                                        0.00       3.34 f
  U55385/Y (AOI21_X2M_A9TH)                                         0.12       3.46 r
  n63992 (net)                                  2         0.00      0.00       3.46 r
  U54912/A0 (OAI21_X1P4M_A9TH)                                      0.00       3.46 r
  U54912/Y (OAI21_X1P4M_A9TH)                                       0.13       3.58 f
  n63991 (net)                                  3         0.00      0.00       3.58 f
  U65241/A0 (AOI21_X1M_A9TH)                                        0.00       3.58 f
  U65241/Y (AOI21_X1M_A9TH)                                         0.15       3.73 r
  n63984 (net)                                  1         0.00      0.00       3.73 r
  U65244/A (XOR2_X1M_A9TH)                                          0.00       3.73 r
  U65244/Y (XOR2_X1M_A9TH)                                          0.13       3.86 r
  idft_top_stage15_codeBlockIsnt38269_m36827_N27 (net)     1     0.00     0.00     3.86 r
  idft_top_stage15_codeBlockIsnt38269_m36827_q_reg_0__27_/D (DFFQ_X1M_A9TH)     0.00     3.86 r
  data arrival time                                                            3.86

  clock CLK (rise edge)                                             4.00       4.00
  clock network delay (ideal)                                       0.00       4.00
  idft_top_stage15_codeBlockIsnt38269_m36827_q_reg_0__27_/CK (DFFQ_X1M_A9TH)     0.00     4.00 r
  library setup time                                               -0.14       3.86
  data required time                                                           3.86
  ------------------------------------------------------------------------------------
  data required time                                                           3.86
  data arrival time                                                           -3.86
  ------------------------------------------------------------------------------------
  slack (MET)                                                                  0.00


  Startpoint: idft_top_stage15_codeBlockIsnt38269_tm64_reg_5_
              (rising edge-triggered flip-flop clocked by CLK)
  Endpoint: idft_top_stage15_codeBlockIsnt38269_m36827_q_reg_0__26_
            (rising edge-triggered flip-flop clocked by CLK)
  Path Group: CLK
  Path Type: max

  Point                                       Fanout       Cap      Incr       Path
  ------------------------------------------------------------------------------------
  clock CLK (rise edge)                                             0.00       0.00
  clock network delay (ideal)                                       0.00       0.00
  idft_top_stage15_codeBlockIsnt38269_tm64_reg_5_/CK (DFFQ_X1M_A9TH)     0.00 #     0.00 r
  idft_top_stage15_codeBlockIsnt38269_tm64_reg_5_/Q (DFFQ_X1M_A9TH)     0.37     0.37 r
  idft_top_stage15_codeBlockIsnt38269_tm64[5] (net)     2     0.01     0.00     0.37 r
  U55091/A (INV_X1M_A9TH)                                           0.00       0.37 r
  U55091/Y (INV_X1M_A9TH)                                           0.12       0.49 f
  n64267 (net)                                  3         0.01      0.00       0.49 f
  U54132/A (INV_X4M_A9TH)                                           0.00       0.49 f
  U54132/Y (INV_X4M_A9TH)                                           0.22       0.71 r
  n52090 (net)                                 35         0.08      0.00       0.71 r
  U64772/A (XOR2_X1M_A9TH)                                          0.00       0.71 r
  U64772/Y (XOR2_X1M_A9TH)                                          0.23       0.94 r
  n63435 (net)                                  1         0.00      0.00       0.94 r
  U52977/B (NAND2_X3M_A9TH)                                         0.00       0.94 r
  U52977/Y (NAND2_X3M_A9TH)                                         0.26       1.20 f
  n64462 (net)                                 34         0.04      0.00       1.20 f
  U64845/B0 (OAI22_X1M_A9TH)                                        0.00       1.20 f
  U64845/Y (OAI22_X1M_A9TH)                                         0.23       1.43 r
  n63479 (net)                                  1         0.00      0.00       1.43 r
  U64849/B (ADDF_X1M_A9TH)                                          0.00       1.43 r
  U64849/CO (ADDF_X1M_A9TH)                                         0.30       1.73 r
  n63515 (net)                                  1         0.00      0.00       1.73 r
  U64881/CI (ADDF_X1M_A9TH)                                         0.00       1.73 r
  U64881/S (ADDF_X1M_A9TH)                                          0.39       2.12 f
  n63513 (net)                                  1         0.00      0.00       2.12 f
  U64880/B (ADDF_X1M_A9TH)                                          0.00       2.12 f
  U64880/S (ADDF_X1M_A9TH)                                          0.41       2.53 r
  n63527 (net)                                  1         0.00      0.00       2.53 r
  U64888/CI (ADDF_X1M_A9TH)                                         0.00       2.53 r
  U64888/S (ADDF_X1M_A9TH)                                          0.37       2.90 f
  n63779 (net)                                  2         0.00      0.00       2.90 f
  U55359/A (NOR2_X1A_A9TH)                                          0.00       2.90 f
  U55359/Y (NOR2_X1A_A9TH)                                          0.12       3.02 r
  n64031 (net)                                  3         0.00      0.00       3.02 r
  U64889/A (NOR2_X1A_A9TH)                                          0.00       3.02 r
  U64889/Y (NOR2_X1A_A9TH)                                          0.11       3.14 f
  n63783 (net)                                  2         0.00      0.00       3.14 f
  U55301/A0 (AOI21_X2M_A9TH)                                        0.00       3.14 f
  U55301/Y (AOI21_X2M_A9TH)                                         0.10       3.24 r
  n63784 (net)                                  1         0.00      0.00       3.24 r
  U53072/B0 (OAI21_X2M_A9TH)                                        0.00       3.24 r
  U53072/Y (OAI21_X2M_A9TH)                                         0.10       3.34 f
  n64064 (net)                                  3         0.00      0.00       3.34 f
  U55385/A0 (AOI21_X2M_A9TH)                                        0.00       3.34 f
  U55385/Y (AOI21_X2M_A9TH)                                         0.12       3.46 r
  n63992 (net)                                  2         0.00      0.00       3.46 r
  U54912/A0 (OAI21_X1P4M_A9TH)                                      0.00       3.46 r
  U54912/Y (OAI21_X1P4M_A9TH)                                       0.13       3.58 f
  n63991 (net)                                  3         0.00      0.00       3.58 f
  U65245/A0 (AOI21_X1M_A9TH)                                        0.00       3.58 f
  U65245/Y (AOI21_X1M_A9TH)                                         0.15       3.73 r
  n63988 (net)                                  1         0.00      0.00       3.73 r
  U65247/A (XOR2_X1M_A9TH)                                          0.00       3.73 r
  U65247/Y (XOR2_X1M_A9TH)                                          0.13       3.86 r
  idft_top_stage15_codeBlockIsnt38269_m36827_N26 (net)     1     0.00     0.00     3.86 r
  idft_top_stage15_codeBlockIsnt38269_m36827_q_reg_0__26_/D (DFFQ_X1M_A9TH)     0.00     3.86 r
  data arrival time                                                            3.86

  clock CLK (rise edge)                                             4.00       4.00
  clock network delay (ideal)                                       0.00       4.00
  idft_top_stage15_codeBlockIsnt38269_m36827_q_reg_0__26_/CK (DFFQ_X1M_A9TH)     0.00     4.00 r
  library setup time                                               -0.14       3.86
  data required time                                                           3.86
  ------------------------------------------------------------------------------------
  data required time                                                           3.86
  data arrival time                                                           -3.86
  ------------------------------------------------------------------------------------
  slack (MET)                                                                  0.00


  Startpoint: idft_top_stage12_codeBlockIsnt38224_tm56_reg_11_
              (rising edge-triggered flip-flop clocked by CLK)
  Endpoint: idft_top_stage12_codeBlockIsnt38224_m36506_q_reg_0__22_
            (rising edge-triggered flip-flop clocked by CLK)
  Path Group: CLK
  Path Type: max

  Point                                       Fanout       Cap      Incr       Path
  ------------------------------------------------------------------------------------
  clock CLK (rise edge)                                             0.00       0.00
  clock network delay (ideal)                                       0.00       0.00
  idft_top_stage12_codeBlockIsnt38224_tm56_reg_11_/CK (DFFQ_X1M_A9TH)     0.00 #     0.00 r
  idft_top_stage12_codeBlockIsnt38224_tm56_reg_11_/Q (DFFQ_X1M_A9TH)     0.38     0.38 r
  idft_top_stage12_codeBlockIsnt38224_tm56[11] (net)     3     0.01     0.00     0.38 r
  U62640/A (INV_X1M_A9TH)                                           0.00       0.38 r
  U62640/Y (INV_X1M_A9TH)                                           0.12       0.50 f
  n60807 (net)                                  3         0.00      0.00       0.50 f
  U62641/A (INV_X2M_A9TH)                                           0.00       0.50 f
  U62641/Y (INV_X2M_A9TH)                                           0.37       0.87 r
  n61265 (net)                                 34         0.08      0.00       0.87 r
  U62730/A (XNOR2_X1M_A9TH)                                         0.00       0.87 r
  U62730/Y (XNOR2_X1M_A9TH)                                         0.31       1.19 r
  n60917 (net)                                  2         0.00      0.00       1.19 r
  U62777/A0 (OAI22_X1M_A9TH)                                        0.00       1.19 r
  U62777/Y (OAI22_X1M_A9TH)                                         0.22       1.40 f
  n61095 (net)                                  1         0.00      0.00       1.40 f
  U62924/B (ADDF_X1M_A9TH)                                          0.00       1.40 f
  U62924/S (ADDF_X1M_A9TH)                                          0.46       1.86 r
  n61133 (net)                                  1         0.00      0.00       1.86 r
  U62942/B (ADDF_X1M_A9TH)                                          0.00       1.86 r
  U62942/S (ADDF_X1M_A9TH)                                          0.39       2.25 f
  n61141 (net)                                  1         0.00      0.00       2.25 f
  U62946/CI (ADDF_X1M_A9TH)                                         0.00       2.25 f
  U62946/S (ADDF_X1M_A9TH)                                          0.39       2.64 r
  n61121 (net)                                  2         0.00      0.00       2.64 r
  U60460/B (OR2_X1M_A9TH)                                           0.00       2.64 r
  U60460/Y (OR2_X1M_A9TH)                                           0.15       2.79 r
  n52178 (net)                                  2         0.00      0.00       2.79 r
  U60459/B0 (OAI21_X1M_A9TH)                                        0.00       2.79 r
  U60459/Y (OAI21_X1M_A9TH)                                         0.08       2.88 f
  n61124 (net)                                  1         0.00      0.00       2.88 f
  U62939/A1 (OAI21_X1M_A9TH)                                        0.00       2.88 f
  U62939/Y (OAI21_X1M_A9TH)                                         0.13       3.01 r
  n61425 (net)                                  2         0.00      0.00       3.01 r
  U54709/A0 (AOI21_X1M_A9TH)                                        0.00       3.01 r
  U54709/Y (AOI21_X1M_A9TH)                                         0.15       3.16 f
  n61401 (net)                                  2         0.00      0.00       3.16 f
  U62958/A1 (OAI21_X2M_A9TH)                                        0.00       3.16 f
  U62958/Y (OAI21_X2M_A9TH)                                         0.16       3.31 r
  n61442 (net)                                  3         0.00      0.00       3.31 r
  U66327/A (INV_X1P4B_A9TH)                                         0.00       3.31 r
  U66327/Y (INV_X1P4B_A9TH)                                         0.13       3.44 f
  n61400 (net)                                  4         0.01      0.00       3.44 f
  U54943/A0 (OAI21_X1M_A9TH)                                        0.00       3.44 f
  U54943/Y (OAI21_X1M_A9TH)                                         0.16       3.60 r
  n61390 (net)                                  2         0.00      0.00       3.60 r
  U63134/A1 (AOI21_X1M_A9TH)                                        0.00       3.60 r
  U63134/Y (AOI21_X1M_A9TH)                                         0.16       3.77 f
  n61387 (net)                                  1         0.00      0.00       3.77 f
  U63136/A (XOR2_X1M_A9TH)                                          0.00       3.77 f
  U63136/Y (XOR2_X1M_A9TH)                                          0.09       3.86 r
  idft_top_stage12_codeBlockIsnt38224_m36506_N22 (net)     1     0.00     0.00     3.86 r
  idft_top_stage12_codeBlockIsnt38224_m36506_q_reg_0__22_/D (DFFQ_X1M_A9TH)     0.00     3.86 r
  data arrival time                                                            3.86

  clock CLK (rise edge)                                             4.00       4.00
  clock network delay (ideal)                                       0.00       4.00
  idft_top_stage12_codeBlockIsnt38224_m36506_q_reg_0__22_/CK (DFFQ_X1M_A9TH)     0.00     4.00 r
  library setup time                                               -0.14       3.86
  data required time                                                           3.86
  ------------------------------------------------------------------------------------
  data required time                                                           3.86
  data arrival time                                                           -3.86
  ------------------------------------------------------------------------------------
  slack (MET)                                                                  0.00


  Startpoint: idft_top_stage15_codeBlockIsnt38269_tm64_reg_12_
              (rising edge-triggered flip-flop clocked by CLK)
  Endpoint: idft_top_stage15_codeBlockIsnt38269_m36827_q_reg_0__27_
            (rising edge-triggered flip-flop clocked by CLK)
  Path Group: CLK
  Path Type: max

  Point                                       Fanout       Cap      Incr       Path
  ------------------------------------------------------------------------------------
  clock CLK (rise edge)                                             0.00       0.00
  clock network delay (ideal)                                       0.00       0.00
  idft_top_stage15_codeBlockIsnt38269_tm64_reg_12_/CK (DFFQ_X1M_A9TH)     0.00 #     0.00 r
  idft_top_stage15_codeBlockIsnt38269_tm64_reg_12_/Q (DFFQ_X1M_A9TH)     0.38     0.38 f
  idft_top_stage15_codeBlockIsnt38269_tm64[12] (net)     2     0.00     0.00     0.38 f
  U55266/B (XNOR2_X3M_A9TH)                                         0.00       0.38 f
  U55266/Y (XNOR2_X3M_A9TH)                                         0.33       0.72 r
  n64620 (net)                                 37         0.04      0.00       0.72 r
  U55426/B (NAND2_X3M_A9TH)                                         0.00       0.72 r
  U55426/Y (NAND2_X3M_A9TH)                                         0.43       1.14 f
  n64621 (net)                                 34         0.04      0.00       1.14 f
  U61491/A0 (OAI22_X1M_A9TH)                                        0.00       1.14 f
  U61491/Y (OAI22_X1M_A9TH)                                         0.25       1.39 r
  n63522 (net)                                  3         0.00      0.00       1.39 r
  U61303/C (XOR3_X1M_A9TH)                                          0.00       1.39 r
  U61303/Y (XOR3_X1M_A9TH)                                          0.47       1.86 f
  n63525 (net)                                  1         0.00      0.00       1.86 f
  U64887/B (ADDF_X1M_A9TH)                                          0.00       1.86 f
  U64887/CO (ADDF_X1M_A9TH)                                         0.27       2.13 f
  n63795 (net)                                  1         0.00      0.00       2.13 f
  U65090/CI (ADDF_X1M_A9TH)                                         0.00       2.13 f
  U65090/S (ADDF_X1M_A9TH)                                          0.40       2.53 r
  n63810 (net)                                  1         0.00      0.00       2.53 r
  U65101/CI (ADDF_X1M_A9TH)                                         0.00       2.53 r
  U65101/S (ADDF_X1M_A9TH)                                          0.37       2.89 f
  n63781 (net)                                  2         0.00      0.00       2.89 f
  U55241/A (NOR2_X1A_A9TH)                                          0.00       2.89 f
  U55241/Y (NOR2_X1A_A9TH)                                          0.12       3.02 r
  n64026 (net)                                  3         0.00      0.00       3.02 r
  U64889/B (NOR2_X1A_A9TH)                                          0.00       3.02 r
  U64889/Y (NOR2_X1A_A9TH)                                          0.12       3.14 f
  n63783 (net)                                  2         0.00      0.00       3.14 f
  U55301/A0 (AOI21_X2M_A9TH)                                        0.00       3.14 f
  U55301/Y (AOI21_X2M_A9TH)                                         0.10       3.24 r
  n63784 (net)                                  1         0.00      0.00       3.24 r
  U53072/B0 (OAI21_X2M_A9TH)                                        0.00       3.24 r
  U53072/Y (OAI21_X2M_A9TH)                                         0.10       3.34 f
  n64064 (net)                                  3         0.00      0.00       3.34 f
  U55385/A0 (AOI21_X2M_A9TH)                                        0.00       3.34 f
  U55385/Y (AOI21_X2M_A9TH)                                         0.12       3.46 r
  n63992 (net)                                  2         0.00      0.00       3.46 r
  U54912/A0 (OAI21_X1P4M_A9TH)                                      0.00       3.46 r
  U54912/Y (OAI21_X1P4M_A9TH)                                       0.13       3.58 f
  n63991 (net)                                  3         0.00      0.00       3.58 f
  U65241/A0 (AOI21_X1M_A9TH)                                        0.00       3.58 f
  U65241/Y (AOI21_X1M_A9TH)                                         0.15       3.73 r
  n63984 (net)                                  1         0.00      0.00       3.73 r
  U65244/A (XOR2_X1M_A9TH)                                          0.00       3.73 r
  U65244/Y (XOR2_X1M_A9TH)                                          0.13       3.86 r
  idft_top_stage15_codeBlockIsnt38269_m36827_N27 (net)     1     0.00     0.00     3.86 r
  idft_top_stage15_codeBlockIsnt38269_m36827_q_reg_0__27_/D (DFFQ_X1M_A9TH)     0.00     3.86 r
  data arrival time                                                            3.86

  clock CLK (rise edge)                                             4.00       4.00
  clock network delay (ideal)                                       0.00       4.00
  idft_top_stage15_codeBlockIsnt38269_m36827_q_reg_0__27_/CK (DFFQ_X1M_A9TH)     0.00     4.00 r
  library setup time                                               -0.14       3.86
  data required time                                                           3.86
  ------------------------------------------------------------------------------------
  data required time                                                           3.86
  data arrival time                                                           -3.86
  ------------------------------------------------------------------------------------
  slack (MET)                                                                  0.00


  Startpoint: idft_top_stage15_codeBlockIsnt38269_tm64_reg_12_
              (rising edge-triggered flip-flop clocked by CLK)
  Endpoint: idft_top_stage15_codeBlockIsnt38269_m36827_q_reg_0__26_
            (rising edge-triggered flip-flop clocked by CLK)
  Path Group: CLK
  Path Type: max

  Point                                       Fanout       Cap      Incr       Path
  ------------------------------------------------------------------------------------
  clock CLK (rise edge)                                             0.00       0.00
  clock network delay (ideal)                                       0.00       0.00
  idft_top_stage15_codeBlockIsnt38269_tm64_reg_12_/CK (DFFQ_X1M_A9TH)     0.00 #     0.00 r
  idft_top_stage15_codeBlockIsnt38269_tm64_reg_12_/Q (DFFQ_X1M_A9TH)     0.38     0.38 f
  idft_top_stage15_codeBlockIsnt38269_tm64[12] (net)     2     0.00     0.00     0.38 f
  U55266/B (XNOR2_X3M_A9TH)                                         0.00       0.38 f
  U55266/Y (XNOR2_X3M_A9TH)                                         0.33       0.72 r
  n64620 (net)                                 37         0.04      0.00       0.72 r
  U55426/B (NAND2_X3M_A9TH)                                         0.00       0.72 r
  U55426/Y (NAND2_X3M_A9TH)                                         0.43       1.14 f
  n64621 (net)                                 34         0.04      0.00       1.14 f
  U61491/A0 (OAI22_X1M_A9TH)                                        0.00       1.14 f
  U61491/Y (OAI22_X1M_A9TH)                                         0.25       1.39 r
  n63522 (net)                                  3         0.00      0.00       1.39 r
  U61303/C (XOR3_X1M_A9TH)                                          0.00       1.39 r
  U61303/Y (XOR3_X1M_A9TH)                                          0.47       1.86 f
  n63525 (net)                                  1         0.00      0.00       1.86 f
  U64887/B (ADDF_X1M_A9TH)                                          0.00       1.86 f
  U64887/CO (ADDF_X1M_A9TH)                                         0.27       2.13 f
  n63795 (net)                                  1         0.00      0.00       2.13 f
  U65090/CI (ADDF_X1M_A9TH)                                         0.00       2.13 f
  U65090/S (ADDF_X1M_A9TH)                                          0.40       2.53 r
  n63810 (net)                                  1         0.00      0.00       2.53 r
  U65101/CI (ADDF_X1M_A9TH)                                         0.00       2.53 r
  U65101/S (ADDF_X1M_A9TH)                                          0.37       2.89 f
  n63781 (net)                                  2         0.00      0.00       2.89 f
  U55241/A (NOR2_X1A_A9TH)                                          0.00       2.89 f
  U55241/Y (NOR2_X1A_A9TH)                                          0.12       3.02 r
  n64026 (net)                                  3         0.00      0.00       3.02 r
  U64889/B (NOR2_X1A_A9TH)                                          0.00       3.02 r
  U64889/Y (NOR2_X1A_A9TH)                                          0.12       3.14 f
  n63783 (net)                                  2         0.00      0.00       3.14 f
  U55301/A0 (AOI21_X2M_A9TH)                                        0.00       3.14 f
  U55301/Y (AOI21_X2M_A9TH)                                         0.10       3.24 r
  n63784 (net)                                  1         0.00      0.00       3.24 r
  U53072/B0 (OAI21_X2M_A9TH)                                        0.00       3.24 r
  U53072/Y (OAI21_X2M_A9TH)                                         0.10       3.34 f
  n64064 (net)                                  3         0.00      0.00       3.34 f
  U55385/A0 (AOI21_X2M_A9TH)                                        0.00       3.34 f
  U55385/Y (AOI21_X2M_A9TH)                                         0.12       3.46 r
  n63992 (net)                                  2         0.00      0.00       3.46 r
  U54912/A0 (OAI21_X1P4M_A9TH)                                      0.00       3.46 r
  U54912/Y (OAI21_X1P4M_A9TH)                                       0.13       3.58 f
  n63991 (net)                                  3         0.00      0.00       3.58 f
  U65245/A0 (AOI21_X1M_A9TH)                                        0.00       3.58 f
  U65245/Y (AOI21_X1M_A9TH)                                         0.15       3.73 r
  n63988 (net)                                  1         0.00      0.00       3.73 r
  U65247/A (XOR2_X1M_A9TH)                                          0.00       3.73 r
  U65247/Y (XOR2_X1M_A9TH)                                          0.13       3.86 r
  idft_top_stage15_codeBlockIsnt38269_m36827_N26 (net)     1     0.00     0.00     3.86 r
  idft_top_stage15_codeBlockIsnt38269_m36827_q_reg_0__26_/D (DFFQ_X1M_A9TH)     0.00     3.86 r
  data arrival time                                                            3.86

  clock CLK (rise edge)                                             4.00       4.00
  clock network delay (ideal)                                       0.00       4.00
  idft_top_stage15_codeBlockIsnt38269_m36827_q_reg_0__26_/CK (DFFQ_X1M_A9TH)     0.00     4.00 r
  library setup time                                               -0.14       3.86
  data required time                                                           3.86
  ------------------------------------------------------------------------------------
  data required time                                                           3.86
  data arrival time                                                           -3.86
  ------------------------------------------------------------------------------------
  slack (MET)                                                                  0.00


  Startpoint: idft_top_stage6_codeBlockIsnt38142_tm40_reg_5_
              (rising edge-triggered flip-flop clocked by CLK)
  Endpoint: idft_top_stage6_codeBlockIsnt38142_m35942_q_reg_0__27_
            (rising edge-triggered flip-flop clocked by CLK)
  Path Group: CLK
  Path Type: max

  Point                                       Fanout       Cap      Incr       Path
  ------------------------------------------------------------------------------------
  clock CLK (rise edge)                                             0.00       0.00
  clock network delay (ideal)                                       0.00       0.00
  idft_top_stage6_codeBlockIsnt38142_tm40_reg_5_/CK (DFFQ_X1M_A9TH)     0.00 #     0.00 r
  idft_top_stage6_codeBlockIsnt38142_tm40_reg_5_/Q (DFFQ_X1M_A9TH)     0.38     0.38 r
  idft_top_stage6_codeBlockIsnt38142_tm40[5] (net)     3     0.01     0.00     0.38 r
  U54326/A (INV_X1M_A9TH)                                           0.00       0.38 r
  U54326/Y (INV_X1M_A9TH)                                           0.13       0.52 f
  n56404 (net)                                  3         0.01      0.00       0.52 f
  U54537/A (INV_X4M_A9TH)                                           0.00       0.52 f
  U54537/Y (INV_X4M_A9TH)                                           0.22       0.74 r
  n56583 (net)                                 35         0.08      0.00       0.74 r
  U54438/A (XOR2_X2M_A9TH)                                          0.00       0.74 r
  U54438/Y (XOR2_X2M_A9TH)                                          0.21       0.95 r
  n55572 (net)                                  1         0.00      0.00       0.95 r
  U54437/B (NAND2_X4M_A9TH)                                         0.00       0.95 r
  U54437/Y (NAND2_X4M_A9TH)                                         0.22       1.17 f
  n56602 (net)                                 34         0.04      0.00       1.17 f
  U58490/B0 (OAI22_X1M_A9TH)                                        0.00       1.17 f
  U58490/Y (OAI22_X1M_A9TH)                                         0.22       1.39 r
  n55617 (net)                                  1         0.00      0.00       1.39 r
  U58494/B (ADDF_X1M_A9TH)                                          0.00       1.39 r
  U58494/CO (ADDF_X1M_A9TH)                                         0.30       1.69 r
  n55653 (net)                                  1         0.00      0.00       1.69 r
  U58526/CI (ADDF_X1M_A9TH)                                         0.00       1.69 r
  U58526/S (ADDF_X1M_A9TH)                                          0.39       2.08 f
  n55651 (net)                                  1         0.00      0.00       2.08 f
  U58525/B (ADDF_X1M_A9TH)                                          0.00       2.08 f
  U58525/S (ADDF_X1M_A9TH)                                          0.41       2.49 r
  n55665 (net)                                  1         0.00      0.00       2.49 r
  U58532/CI (ADDF_X1M_A9TH)                                         0.00       2.49 r
  U58532/S (ADDF_X1M_A9TH)                                          0.37       2.86 f
  n55918 (net)                                  2         0.00      0.00       2.86 f
  U54993/A (NOR2_X1A_A9TH)                                          0.00       2.86 f
  U54993/Y (NOR2_X1A_A9TH)                                          0.12       2.98 r
  n56171 (net)                                  3         0.00      0.00       2.98 r
  U58533/A (NOR2_X1A_A9TH)                                          0.00       2.98 r
  U58533/Y (NOR2_X1A_A9TH)                                          0.10       3.08 f
  n55922 (net)                                  2         0.00      0.00       3.08 f
  U55248/A0 (AOI21_X1M_A9TH)                                        0.00       3.08 f
  U55248/Y (AOI21_X1M_A9TH)                                         0.12       3.20 r
  n55923 (net)                                  1         0.00      0.00       3.20 r
  U55247/B0 (OAI21_X2M_A9TH)                                        0.00       3.20 r
  U55247/Y (OAI21_X2M_A9TH)                                         0.11       3.31 f
  n56205 (net)                                  3         0.00      0.00       3.31 f
  U55403/A0 (AOI21_X2M_A9TH)                                        0.00       3.31 f
  U55403/Y (AOI21_X2M_A9TH)                                         0.11       3.42 r
  n56132 (net)                                  2         0.00      0.00       3.42 r
  U54987/A0 (OAI21_X1M_A9TH)                                        0.00       3.42 r
  U54987/Y (OAI21_X1M_A9TH)                                         0.15       3.57 f
  n56131 (net)                                  3         0.00      0.00       3.57 f
  U58877/A0 (AOI21_X1M_A9TH)                                        0.00       3.57 f
  U58877/Y (AOI21_X1M_A9TH)                                         0.16       3.73 r
  n56124 (net)                                  1         0.00      0.00       3.73 r
  U58880/A (XOR2_X1M_A9TH)                                          0.00       3.73 r
  U58880/Y (XOR2_X1M_A9TH)                                          0.13       3.86 r
  idft_top_stage6_codeBlockIsnt38142_m35942_N27 (net)     1     0.00     0.00     3.86 r
  idft_top_stage6_codeBlockIsnt38142_m35942_q_reg_0__27_/D (DFFQ_X1M_A9TH)     0.00     3.86 r
  data arrival time                                                            3.86

  clock CLK (rise edge)                                             4.00       4.00
  clock network delay (ideal)                                       0.00       4.00
  idft_top_stage6_codeBlockIsnt38142_m35942_q_reg_0__27_/CK (DFFQ_X1M_A9TH)     0.00     4.00 r
  library setup time                                               -0.14       3.86
  data required time                                                           3.86
  ------------------------------------------------------------------------------------
  data required time                                                           3.86
  data arrival time                                                           -3.86
  ------------------------------------------------------------------------------------
  slack (MET)                                                                  0.00


  Startpoint: idft_top_stage6_codeBlockIsnt38142_tm40_reg_5_
              (rising edge-triggered flip-flop clocked by CLK)
  Endpoint: idft_top_stage6_codeBlockIsnt38142_m35942_q_reg_0__26_
            (rising edge-triggered flip-flop clocked by CLK)
  Path Group: CLK
  Path Type: max

  Point                                       Fanout       Cap      Incr       Path
  ------------------------------------------------------------------------------------
  clock CLK (rise edge)                                             0.00       0.00
  clock network delay (ideal)                                       0.00       0.00
  idft_top_stage6_codeBlockIsnt38142_tm40_reg_5_/CK (DFFQ_X1M_A9TH)     0.00 #     0.00 r
  idft_top_stage6_codeBlockIsnt38142_tm40_reg_5_/Q (DFFQ_X1M_A9TH)     0.38     0.38 r
  idft_top_stage6_codeBlockIsnt38142_tm40[5] (net)     3     0.01     0.00     0.38 r
  U54326/A (INV_X1M_A9TH)                                           0.00       0.38 r
  U54326/Y (INV_X1M_A9TH)                                           0.13       0.52 f
  n56404 (net)                                  3         0.01      0.00       0.52 f
  U54537/A (INV_X4M_A9TH)                                           0.00       0.52 f
  U54537/Y (INV_X4M_A9TH)                                           0.22       0.74 r
  n56583 (net)                                 35         0.08      0.00       0.74 r
  U54438/A (XOR2_X2M_A9TH)                                          0.00       0.74 r
  U54438/Y (XOR2_X2M_A9TH)                                          0.21       0.95 r
  n55572 (net)                                  1         0.00      0.00       0.95 r
  U54437/B (NAND2_X4M_A9TH)                                         0.00       0.95 r
  U54437/Y (NAND2_X4M_A9TH)                                         0.22       1.17 f
  n56602 (net)                                 34         0.04      0.00       1.17 f
  U58490/B0 (OAI22_X1M_A9TH)                                        0.00       1.17 f
  U58490/Y (OAI22_X1M_A9TH)                                         0.22       1.39 r
  n55617 (net)                                  1         0.00      0.00       1.39 r
  U58494/B (ADDF_X1M_A9TH)                                          0.00       1.39 r
  U58494/CO (ADDF_X1M_A9TH)                                         0.30       1.69 r
  n55653 (net)                                  1         0.00      0.00       1.69 r
  U58526/CI (ADDF_X1M_A9TH)                                         0.00       1.69 r
  U58526/S (ADDF_X1M_A9TH)                                          0.39       2.08 f
  n55651 (net)                                  1         0.00      0.00       2.08 f
  U58525/B (ADDF_X1M_A9TH)                                          0.00       2.08 f
  U58525/S (ADDF_X1M_A9TH)                                          0.41       2.49 r
  n55665 (net)                                  1         0.00      0.00       2.49 r
  U58532/CI (ADDF_X1M_A9TH)                                         0.00       2.49 r
  U58532/S (ADDF_X1M_A9TH)                                          0.37       2.86 f
  n55918 (net)                                  2         0.00      0.00       2.86 f
  U54993/A (NOR2_X1A_A9TH)                                          0.00       2.86 f
  U54993/Y (NOR2_X1A_A9TH)                                          0.12       2.98 r
  n56171 (net)                                  3         0.00      0.00       2.98 r
  U58533/A (NOR2_X1A_A9TH)                                          0.00       2.98 r
  U58533/Y (NOR2_X1A_A9TH)                                          0.10       3.08 f
  n55922 (net)                                  2         0.00      0.00       3.08 f
  U55248/A0 (AOI21_X1M_A9TH)                                        0.00       3.08 f
  U55248/Y (AOI21_X1M_A9TH)                                         0.12       3.20 r
  n55923 (net)                                  1         0.00      0.00       3.20 r
  U55247/B0 (OAI21_X2M_A9TH)                                        0.00       3.20 r
  U55247/Y (OAI21_X2M_A9TH)                                         0.11       3.31 f
  n56205 (net)                                  3         0.00      0.00       3.31 f
  U55403/A0 (AOI21_X2M_A9TH)                                        0.00       3.31 f
  U55403/Y (AOI21_X2M_A9TH)                                         0.11       3.42 r
  n56132 (net)                                  2         0.00      0.00       3.42 r
  U54987/A0 (OAI21_X1M_A9TH)                                        0.00       3.42 r
  U54987/Y (OAI21_X1M_A9TH)                                         0.15       3.57 f
  n56131 (net)                                  3         0.00      0.00       3.57 f
  U58881/A0 (AOI21_X1M_A9TH)                                        0.00       3.57 f
  U58881/Y (AOI21_X1M_A9TH)                                         0.16       3.73 r
  n56128 (net)                                  1         0.00      0.00       3.73 r
  U58883/A (XOR2_X1M_A9TH)                                          0.00       3.73 r
  U58883/Y (XOR2_X1M_A9TH)                                          0.13       3.86 r
  idft_top_stage6_codeBlockIsnt38142_m35942_N26 (net)     1     0.00     0.00     3.86 r
  idft_top_stage6_codeBlockIsnt38142_m35942_q_reg_0__26_/D (DFFQ_X1M_A9TH)     0.00     3.86 r
  data arrival time                                                            3.86

  clock CLK (rise edge)                                             4.00       4.00
  clock network delay (ideal)                                       0.00       4.00
  idft_top_stage6_codeBlockIsnt38142_m35942_q_reg_0__26_/CK (DFFQ_X1M_A9TH)     0.00     4.00 r
  library setup time                                               -0.14       3.86
  data required time                                                           3.86
  ------------------------------------------------------------------------------------
  data required time                                                           3.86
  data arrival time                                                           -3.86
  ------------------------------------------------------------------------------------
  slack (MET)                                                                  0.00


  Startpoint: idft_top_stage15_codeBlockIsnt38269_tm64_reg_5_
              (rising edge-triggered flip-flop clocked by CLK)
  Endpoint: idft_top_stage15_codeBlockIsnt38269_m36827_q_reg_0__27_
            (rising edge-triggered flip-flop clocked by CLK)
  Path Group: CLK
  Path Type: max

  Point                                       Fanout       Cap      Incr       Path
  ------------------------------------------------------------------------------------
  clock CLK (rise edge)                                             0.00       0.00
  clock network delay (ideal)                                       0.00       0.00
  idft_top_stage15_codeBlockIsnt38269_tm64_reg_5_/CK (DFFQ_X1M_A9TH)     0.00 #     0.00 r
  idft_top_stage15_codeBlockIsnt38269_tm64_reg_5_/Q (DFFQ_X1M_A9TH)     0.37     0.37 r
  idft_top_stage15_codeBlockIsnt38269_tm64[5] (net)     2     0.01     0.00     0.37 r
  U55091/A (INV_X1M_A9TH)                                           0.00       0.37 r
  U55091/Y (INV_X1M_A9TH)                                           0.12       0.49 f
  n64267 (net)                                  3         0.01      0.00       0.49 f
  U54132/A (INV_X4M_A9TH)                                           0.00       0.49 f
  U54132/Y (INV_X4M_A9TH)                                           0.22       0.71 r
  n52090 (net)                                 35         0.08      0.00       0.71 r
  U64772/A (XOR2_X1M_A9TH)                                          0.00       0.71 r
  U64772/Y (XOR2_X1M_A9TH)                                          0.23       0.94 r
  n63435 (net)                                  1         0.00      0.00       0.94 r
  U52977/B (NAND2_X3M_A9TH)                                         0.00       0.94 r
  U52977/Y (NAND2_X3M_A9TH)                                         0.26       1.20 f
  n64462 (net)                                 34         0.04      0.00       1.20 f
  U64845/B0 (OAI22_X1M_A9TH)                                        0.00       1.20 f
  U64845/Y (OAI22_X1M_A9TH)                                         0.23       1.43 r
  n63479 (net)                                  1         0.00      0.00       1.43 r
  U64849/B (ADDF_X1M_A9TH)                                          0.00       1.43 r
  U64849/CO (ADDF_X1M_A9TH)                                         0.30       1.73 r
  n63515 (net)                                  1         0.00      0.00       1.73 r
  U64881/CI (ADDF_X1M_A9TH)                                         0.00       1.73 r
  U64881/S (ADDF_X1M_A9TH)                                          0.39       2.12 f
  n63513 (net)                                  1         0.00      0.00       2.12 f
  U64880/B (ADDF_X1M_A9TH)                                          0.00       2.12 f
  U64880/S (ADDF_X1M_A9TH)                                          0.41       2.53 r
  n63527 (net)                                  1         0.00      0.00       2.53 r
  U64888/CI (ADDF_X1M_A9TH)                                         0.00       2.53 r
  U64888/S (ADDF_X1M_A9TH)                                          0.37       2.90 f
  n63779 (net)                                  2         0.00      0.00       2.90 f
  U55359/A (NOR2_X1A_A9TH)                                          0.00       2.90 f
  U55359/Y (NOR2_X1A_A9TH)                                          0.12       3.02 r
  n64031 (net)                                  3         0.00      0.00       3.02 r
  U64889/A (NOR2_X1A_A9TH)                                          0.00       3.02 r
  U64889/Y (NOR2_X1A_A9TH)                                          0.11       3.14 f
  n63783 (net)                                  2         0.00      0.00       3.14 f
  U55301/A0 (AOI21_X2M_A9TH)                                        0.00       3.14 f
  U55301/Y (AOI21_X2M_A9TH)                                         0.10       3.24 r
  n63784 (net)                                  1         0.00      0.00       3.24 r
  U53072/B0 (OAI21_X2M_A9TH)                                        0.00       3.24 r
  U53072/Y (OAI21_X2M_A9TH)                                         0.10       3.34 f
  n64064 (net)                                  3         0.00      0.00       3.34 f
  U55385/A0 (AOI21_X2M_A9TH)                                        0.00       3.34 f
  U55385/Y (AOI21_X2M_A9TH)                                         0.12       3.46 r
  n63992 (net)                                  2         0.00      0.00       3.46 r
  U54912/A0 (OAI21_X1P4M_A9TH)                                      0.00       3.46 r
  U54912/Y (OAI21_X1P4M_A9TH)                                       0.13       3.58 f
  n63991 (net)                                  3         0.00      0.00       3.58 f
  U65241/A0 (AOI21_X1M_A9TH)                                        0.00       3.58 f
  U65241/Y (AOI21_X1M_A9TH)                                         0.15       3.73 r
  n63984 (net)                                  1         0.00      0.00       3.73 r
  U65244/A (XOR2_X1M_A9TH)                                          0.00       3.73 r
  U65244/Y (XOR2_X1M_A9TH)                                          0.13       3.86 r
  idft_top_stage15_codeBlockIsnt38269_m36827_N27 (net)     1     0.00     0.00     3.86 r
  idft_top_stage15_codeBlockIsnt38269_m36827_q_reg_0__27_/D (DFFQ_X1M_A9TH)     0.00     3.86 r
  data arrival time                                                            3.86

  clock CLK (rise edge)                                             4.00       4.00
  clock network delay (ideal)                                       0.00       4.00
  idft_top_stage15_codeBlockIsnt38269_m36827_q_reg_0__27_/CK (DFFQ_X1M_A9TH)     0.00     4.00 r
  library setup time                                               -0.14       3.86
  data required time                                                           3.86
  ------------------------------------------------------------------------------------
  data required time                                                           3.86
  data arrival time                                                           -3.86
  ------------------------------------------------------------------------------------
  slack (MET)                                                                  0.00


  Startpoint: idft_top_stage15_codeBlockIsnt38269_tm64_reg_12_
              (rising edge-triggered flip-flop clocked by CLK)
  Endpoint: idft_top_stage15_codeBlockIsnt38269_m36827_q_reg_0__27_
            (rising edge-triggered flip-flop clocked by CLK)
  Path Group: CLK
  Path Type: max

  Point                                       Fanout       Cap      Incr       Path
  ------------------------------------------------------------------------------------
  clock CLK (rise edge)                                             0.00       0.00
  clock network delay (ideal)                                       0.00       0.00
  idft_top_stage15_codeBlockIsnt38269_tm64_reg_12_/CK (DFFQ_X1M_A9TH)     0.00 #     0.00 r
  idft_top_stage15_codeBlockIsnt38269_tm64_reg_12_/Q (DFFQ_X1M_A9TH)     0.35     0.35 r
  idft_top_stage15_codeBlockIsnt38269_tm64[12] (net)     2     0.00     0.00     0.35 r
  U55266/B (XNOR2_X3M_A9TH)                                         0.00       0.35 r
  U55266/Y (XNOR2_X3M_A9TH)                                         0.37       0.71 r
  n64620 (net)                                 37         0.04      0.00       0.71 r
  U55426/B (NAND2_X3M_A9TH)                                         0.00       0.71 r
  U55426/Y (NAND2_X3M_A9TH)                                         0.43       1.14 f
  n64621 (net)                                 34         0.04      0.00       1.14 f
  U61491/A0 (OAI22_X1M_A9TH)                                        0.00       1.14 f
  U61491/Y (OAI22_X1M_A9TH)                                         0.25       1.39 r
  n63522 (net)                                  3         0.00      0.00       1.39 r
  U61303/C (XOR3_X1M_A9TH)                                          0.00       1.39 r
  U61303/Y (XOR3_X1M_A9TH)                                          0.47       1.86 f
  n63525 (net)                                  1         0.00      0.00       1.86 f
  U64887/B (ADDF_X1M_A9TH)                                          0.00       1.86 f
  U64887/CO (ADDF_X1M_A9TH)                                         0.27       2.13 f
  n63795 (net)                                  1         0.00      0.00       2.13 f
  U65090/CI (ADDF_X1M_A9TH)                                         0.00       2.13 f
  U65090/S (ADDF_X1M_A9TH)                                          0.40       2.52 r
  n63810 (net)                                  1         0.00      0.00       2.52 r
  U65101/CI (ADDF_X1M_A9TH)                                         0.00       2.52 r
  U65101/S (ADDF_X1M_A9TH)                                          0.37       2.89 f
  n63781 (net)                                  2         0.00      0.00       2.89 f
  U55241/A (NOR2_X1A_A9TH)                                          0.00       2.89 f
  U55241/Y (NOR2_X1A_A9TH)                                          0.12       3.02 r
  n64026 (net)                                  3         0.00      0.00       3.02 r
  U64889/B (NOR2_X1A_A9TH)                                          0.00       3.02 r
  U64889/Y (NOR2_X1A_A9TH)                                          0.12       3.14 f
  n63783 (net)                                  2         0.00      0.00       3.14 f
  U55301/A0 (AOI21_X2M_A9TH)                                        0.00       3.14 f
  U55301/Y (AOI21_X2M_A9TH)                                         0.10       3.24 r
  n63784 (net)                                  1         0.00      0.00       3.24 r
  U53072/B0 (OAI21_X2M_A9TH)                                        0.00       3.24 r
  U53072/Y (OAI21_X2M_A9TH)                                         0.10       3.34 f
  n64064 (net)                                  3         0.00      0.00       3.34 f
  U55385/A0 (AOI21_X2M_A9TH)                                        0.00       3.34 f
  U55385/Y (AOI21_X2M_A9TH)                                         0.12       3.46 r
  n63992 (net)                                  2         0.00      0.00       3.46 r
  U54912/A0 (OAI21_X1P4M_A9TH)                                      0.00       3.46 r
  U54912/Y (OAI21_X1P4M_A9TH)                                       0.13       3.58 f
  n63991 (net)                                  3         0.00      0.00       3.58 f
  U65241/A0 (AOI21_X1M_A9TH)                                        0.00       3.58 f
  U65241/Y (AOI21_X1M_A9TH)                                         0.15       3.73 r
  n63984 (net)                                  1         0.00      0.00       3.73 r
  U65244/A (XOR2_X1M_A9TH)                                          0.00       3.73 r
  U65244/Y (XOR2_X1M_A9TH)                                          0.13       3.86 r
  idft_top_stage15_codeBlockIsnt38269_m36827_N27 (net)     1     0.00     0.00     3.86 r
  idft_top_stage15_codeBlockIsnt38269_m36827_q_reg_0__27_/D (DFFQ_X1M_A9TH)     0.00     3.86 r
  data arrival time                                                            3.86

  clock CLK (rise edge)                                             4.00       4.00
  clock network delay (ideal)                                       0.00       4.00
  idft_top_stage15_codeBlockIsnt38269_m36827_q_reg_0__27_/CK (DFFQ_X1M_A9TH)     0.00     4.00 r
  library setup time                                               -0.14       3.86
  data required time                                                           3.86
  ------------------------------------------------------------------------------------
  data required time                                                           3.86
  data arrival time                                                           -3.86
  ------------------------------------------------------------------------------------
  slack (MET)                                                                  0.00


1
