 
****************************************
Report : qor
Design : idft_top_top
Version: M-2016.12-SP2
Date   : Wed Jul  4 08:55:24 2018
****************************************


  Timing Path Group 'CLK'
  -----------------------------------
  Levels of Logic:              16.00
  Critical Path Length:          3.86
  Critical Path Slack:           0.00
  Critical Path Clk Period:      4.00
  Total Negative Slack:          0.00
  No. of Violating Paths:        0.00
  Worst Hold Violation:          0.00
  Total Hold Violation:          0.00
  No. of Hold Violations:        0.00
  -----------------------------------


  Cell Count
  -----------------------------------
  Hierarchical Cell Count:          0
  Hierarchical Port Count:          0
  Leaf Cell Count:             139136
  Buf/Inv Cell Count:           19111
  Buf Cell Count:                 417
  Inv Cell Count:               18694
  CT Buf/Inv Cell Count:            0
  Combinational Cell Count:     95821
  Sequential Cell Count:        43315
  Macro Count:                      0
  -----------------------------------


  Area
  -----------------------------------
  Combinational Area:   241183.800479
  Noncombinational Area:
                        336388.317242
  Buf/Inv Area:          21018.600832
  Total Buffer Area:           640.80
  Total Inverter Area:       20377.80
  Macro/Black Box Area:      0.000000
  Net Area:                  0.000000
  -----------------------------------
  Cell Area:            577572.117721
  Design Area:          577572.117721


  Design Rules
  -----------------------------------
  Total Number of Nets:        141394
  Nets With Violations:             0
  Max Trans Violations:             0
  Max Cap Violations:               0
  -----------------------------------


  Hostname: aduae260-lap

  Compile CPU Statistics
  -----------------------------------------
  Resource Sharing:                    0.08
  Logic Optimization:                 23.95
  Mapping Optimization:              143.27
  -----------------------------------------
  Overall Compile Time:              405.12
  Overall Compile Wall Clock Time:   143.82

  --------------------------------------------------------------------

  Design  WNS: 0.00  TNS: 0.00  Number of Violating Paths: 0


  Design (Hold)  WNS: 0.00  TNS: 0.00  Number of Violating Paths: 0

  --------------------------------------------------------------------


1
