set compile_seqmap_propagate_constants     false
false
set compile_seqmap_propagate_high_effort   false
false
set compile_enable_register_merging        false
false
set write_sdc_output_net_resistance        false
false
set timing_separate_clock_gating_group     true
true
set_host_options -max_cores 8
1
set PROJECT_MODULES [getenv "PROJECT_MODULES"]
/home/projects/vlsi/CEP/design/modules
set run_dir  run_dir
run_dir
set design des3_top
des3_top
set clkin  wb_clk_i
wb_clk_i
if {[file exist $run_dir]} {
sh rm -rf $run_dir
}
sh mkdir -p $run_dir/reports
sh mkdir -p $run_dir/netlist
set search_path [concat * $search_path]
* . /opt/programs/synopsys/dc/libraries/syn /opt/programs/synopsys/dc/minpower/syn /opt/programs/synopsys/dc/dw/syn_ver /opt/programs/synopsys/dc/dw/sim_ver
sh rm -rf ./work
define_design_lib WORK -path ./work
1
set target_library { /home/projects/vlsi/libraries/65lpe/ref_lib/arm/std_cells/hvt/timing_lib/nldm/db/sc9_cmos10lpe_base_hvt_ss_nominal_max_1p08v_125c.db}
 /home/projects/vlsi/libraries/65lpe/ref_lib/arm/std_cells/hvt/timing_lib/nldm/db/sc9_cmos10lpe_base_hvt_ss_nominal_max_1p08v_125c.db
set link_library { /home/projects/vlsi/libraries/65lpe/ref_lib/arm/std_cells/hvt/timing_lib/nldm/db/sc9_cmos10lpe_base_hvt_ss_nominal_max_1p08v_125c.db                     /home/projects/vlsi/libraries/65lpe/ref_lib/aragio/io_pads/timing_lib/nldm/db/rgo_csm65_25v33_lpe_50c_ss_108_297_125.db                         /home/projects/vlsi/libraries/65lpe/ref_lib/arm/memories/sram_sp_hde/timing_lib/USERLIB_ccs_ss_1p08v_1p08v_125c.db                    }
 /home/projects/vlsi/libraries/65lpe/ref_lib/arm/std_cells/hvt/timing_lib/nldm/db/sc9_cmos10lpe_base_hvt_ss_nominal_max_1p08v_125c.db                     /home/projects/vlsi/libraries/65lpe/ref_lib/aragio/io_pads/timing_lib/nldm/db/rgo_csm65_25v33_lpe_50c_ss_108_297_125.db                         /home/projects/vlsi/libraries/65lpe/ref_lib/arm/memories/sram_sp_hde/timing_lib/USERLIB_ccs_ss_1p08v_1p08v_125c.db                    
analyze -library WORK -format sverilog "     $PROJECT_MODULES/top/rtl/orpsoc-defines.v     $PROJECT_MODULES/des3/rtl/des3.v     $PROJECT_MODULES/des3/rtl/crp.v     $PROJECT_MODULES/des3/rtl/des3_test_ao.v     $PROJECT_MODULES/des3/rtl/key_sel3.v     $PROJECT_MODULES/des3/rtl/sbox1.v     $PROJECT_MODULES/des3/rtl/sbox2.v     $PROJECT_MODULES/des3/rtl/sbox3.v     $PROJECT_MODULES/des3/rtl/sbox4.v     $PROJECT_MODULES/des3/rtl/sbox5.v     $PROJECT_MODULES/des3/rtl/sbox6.v     $PROJECT_MODULES/des3/rtl/sbox7.v     $PROJECT_MODULES/des3/rtl/sbox8.v     $PROJECT_MODULES/des3/rtl/des3_top.v "
Running PRESTO HDLC
Compiling source file /home/projects/vlsi/CEP/design/modules/top/rtl/orpsoc-defines.v
Compiling source file /home/projects/vlsi/CEP/design/modules/des3/rtl/des3.v
Compiling source file /home/projects/vlsi/CEP/design/modules/des3/rtl/crp.v
Compiling source file /home/projects/vlsi/CEP/design/modules/des3/rtl/des3_test_ao.v
Warning:  /home/projects/vlsi/CEP/design/modules/des3/rtl/des3_test_ao.v:129: delays for continuous assignment are ignored. (VER-173)
Warning:  /home/projects/vlsi/CEP/design/modules/des3/rtl/des3_test_ao.v:132: delays for continuous assignment are ignored. (VER-173)
Warning:  /home/projects/vlsi/CEP/design/modules/des3/rtl/des3_test_ao.v:135: delays for continuous assignment are ignored. (VER-173)
Warning:  /home/projects/vlsi/CEP/design/modules/des3/rtl/des3_test_ao.v:138: delays for continuous assignment are ignored. (VER-173)
Compiling source file /home/projects/vlsi/CEP/design/modules/des3/rtl/key_sel3.v
Warning:  /home/projects/vlsi/CEP/design/modules/des3/rtl/des3_test_ao.v:52: The statements in initial blocks are ignored. (VER-281)
Warning:  /home/projects/vlsi/CEP/design/modules/des3/rtl/des3_test_ao.v:126: delay controls are ignored for synthesis. (VER-176)
Compiling source file /home/projects/vlsi/CEP/design/modules/des3/rtl/sbox1.v
Compiling source file /home/projects/vlsi/CEP/design/modules/des3/rtl/sbox2.v
Compiling source file /home/projects/vlsi/CEP/design/modules/des3/rtl/sbox3.v
Compiling source file /home/projects/vlsi/CEP/design/modules/des3/rtl/sbox4.v
Compiling source file /home/projects/vlsi/CEP/design/modules/des3/rtl/sbox5.v
Compiling source file /home/projects/vlsi/CEP/design/modules/des3/rtl/sbox6.v
Compiling source file /home/projects/vlsi/CEP/design/modules/des3/rtl/sbox7.v
Compiling source file /home/projects/vlsi/CEP/design/modules/des3/rtl/sbox8.v
Compiling source file /home/projects/vlsi/CEP/design/modules/des3/rtl/des3_top.v
Presto compilation completed successfully.
Loading db file '/home/projects/vlsi/libraries/65lpe/ref_lib/arm/std_cells/hvt/timing_lib/nldm/db/sc9_cmos10lpe_base_hvt_ss_nominal_max_1p08v_125c.db'
Loading db file '/home/projects/vlsi/libraries/65lpe/ref_lib/aragio/io_pads/timing_lib/nldm/db/rgo_csm65_25v33_lpe_50c_ss_108_297_125.db'
Loading db file '/home/projects/vlsi/libraries/65lpe/ref_lib/arm/memories/sram_sp_hde/timing_lib/USERLIB_ccs_ss_1p08v_1p08v_125c.db'
Information: Using CCS timing libraries. (TIM-024)
1
elaborate $design
Loading db file '/opt/programs/synopsys/dc/libraries/syn/gtech.db'
Loading db file '/opt/programs/synopsys/dc/libraries/syn/standard.sldb'
  Loading link library 'sc9_cmos10lpe_base_hvt_ss_nominal_max_1p08v_125c'
  Loading link library 'RGO_CSM65_25V33_LPE_50C_SS_108_297_125'
  Loading link library 'USERLIB_ccs_ss_1p08v_1p08v_125c'
  Loading link library 'gtech'
Running PRESTO HDLC

Statistics for case statements in always block at line 45 in file
        '/home/projects/vlsi/CEP/design/modules/des3/rtl/des3_top.v'
===============================================
|           Line           |  full/ parallel  |
===============================================
|            59            |    auto/auto     |
===============================================

Statistics for case statements in always block at line 76 in file
        '/home/projects/vlsi/CEP/design/modules/des3/rtl/des3_top.v'
===============================================
|           Line           |  full/ parallel  |
===============================================
|            77            |    auto/auto     |
===============================================

Inferred memory devices in process
        in routine des3_top line 45 in file
                '/home/projects/vlsi/CEP/design/modules/des3/rtl/des3_top.v'.
===============================================================================
|    Register Name    |   Type    | Width | Bus | MB | AR | AS | SR | SS | ST |
===============================================================================
|       key_reg       | Flip-flop |  192  |  Y  | N  | N  | N  | N  | N  | N  |
|      start_reg      | Flip-flop |   1   |  N  | N  | N  | N  | N  | N  | N  |
|     decrypt_reg     | Flip-flop |   1   |  N  | N  | N  | N  | N  | N  | N  |
|      desIn_reg      | Flip-flop |  64   |  Y  | N  | N  | N  | N  | N  | N  |
===============================================================================
Presto compilation completed successfully.
Elaborated 1 design.
Current design is now 'des3_top'.
Information: Building the design 'des3'. (HDL-193)

Inferred memory devices in process
        in routine des3 line 59 in file
                '/home/projects/vlsi/CEP/design/modules/des3/rtl/des3.v'.
===============================================================================
|    Register Name    |   Type    | Width | Bus | MB | AR | AS | SR | SS | ST |
===============================================================================
|     start_r_reg     | Flip-flop |   1   |  N  | N  | N  | N  | N  | N  | N  |
===============================================================================

Inferred memory devices in process
        in routine des3 line 67 in file
                '/home/projects/vlsi/CEP/design/modules/des3/rtl/des3.v'.
===============================================================================
|    Register Name    |   Type    | Width | Bus | MB | AR | AS | SR | SS | ST |
===============================================================================
|    roundSel_reg     | Flip-flop |   6   |  Y  | N  | N  | N  | N  | N  | N  |
===============================================================================

Inferred memory devices in process
        in routine des3 line 78 in file
                '/home/projects/vlsi/CEP/design/modules/des3/rtl/des3.v'.
===============================================================================
|    Register Name    |   Type    | Width | Bus | MB | AR | AS | SR | SS | ST |
===============================================================================
|     desOut_reg      | Flip-flop |  64   |  Y  | N  | N  | N  | N  | N  | N  |
===============================================================================

Inferred memory devices in process
        in routine des3 line 104 in file
                '/home/projects/vlsi/CEP/design/modules/des3/rtl/des3.v'.
===============================================================================
|    Register Name    |   Type    | Width | Bus | MB | AR | AS | SR | SS | ST |
===============================================================================
|      FP_R_reg       | Flip-flop |  64   |  Y  | N  | N  | N  | N  | N  | N  |
===============================================================================

Inferred memory devices in process
        in routine des3 line 110 in file
                '/home/projects/vlsi/CEP/design/modules/des3/rtl/des3.v'.
===============================================================================
|    Register Name    |   Type    | Width | Bus | MB | AR | AS | SR | SS | ST |
===============================================================================
|        L_reg        | Flip-flop |  32   |  Y  | N  | N  | N  | N  | N  | N  |
===============================================================================

Inferred memory devices in process
        in routine des3 line 113 in file
                '/home/projects/vlsi/CEP/design/modules/des3/rtl/des3.v'.
===============================================================================
|    Register Name    |   Type    | Width | Bus | MB | AR | AS | SR | SS | ST |
===============================================================================
|        R_reg        | Flip-flop |  32   |  Y  | N  | N  | N  | N  | N  | N  |
===============================================================================
Presto compilation completed successfully.
Information: Building the design 'crp'. (HDL-193)
Presto compilation completed successfully.
Information: Building the design 'key_sel3'. (HDL-193)

Statistics for case statements in always block at line 51 in file
        '/home/projects/vlsi/CEP/design/modules/des3/rtl/key_sel3.v'
===============================================
|           Line           |  full/ parallel  |
===============================================
|            52            |    user/user     |
===============================================

Statistics for case statements in always block at line 65 in file
        '/home/projects/vlsi/CEP/design/modules/des3/rtl/key_sel3.v'
===============================================
|           Line           |  full/ parallel  |
===============================================
|            67            |    user/user     |
===============================================
Presto compilation completed successfully.
Information: Building the design 'sbox1'. (HDL-193)

Statistics for case statements in always block at line 42 in file
        '/home/projects/vlsi/CEP/design/modules/des3/rtl/sbox1.v'
===============================================
|           Line           |  full/ parallel  |
===============================================
|            43            |    user/user     |
===============================================
Presto compilation completed successfully.
Information: Building the design 'sbox2'. (HDL-193)

Statistics for case statements in always block at line 42 in file
        '/home/projects/vlsi/CEP/design/modules/des3/rtl/sbox2.v'
===============================================
|           Line           |  full/ parallel  |
===============================================
|            43            |    user/user     |
===============================================
Presto compilation completed successfully.
Information: Building the design 'sbox3'. (HDL-193)

Statistics for case statements in always block at line 42 in file
        '/home/projects/vlsi/CEP/design/modules/des3/rtl/sbox3.v'
===============================================
|           Line           |  full/ parallel  |
===============================================
|            43            |    user/user     |
===============================================
Presto compilation completed successfully.
Information: Building the design 'sbox4'. (HDL-193)

Statistics for case statements in always block at line 42 in file
        '/home/projects/vlsi/CEP/design/modules/des3/rtl/sbox4.v'
===============================================
|           Line           |  full/ parallel  |
===============================================
|            43            |    user/user     |
===============================================
Presto compilation completed successfully.
Information: Building the design 'sbox5'. (HDL-193)

Statistics for case statements in always block at line 42 in file
        '/home/projects/vlsi/CEP/design/modules/des3/rtl/sbox5.v'
===============================================
|           Line           |  full/ parallel  |
===============================================
|            43            |    user/user     |
===============================================
Presto compilation completed successfully.
Information: Building the design 'sbox6'. (HDL-193)

Statistics for case statements in always block at line 42 in file
        '/home/projects/vlsi/CEP/design/modules/des3/rtl/sbox6.v'
===============================================
|           Line           |  full/ parallel  |
===============================================
|            43            |    user/user     |
===============================================
Presto compilation completed successfully.
Information: Building the design 'sbox7'. (HDL-193)

Statistics for case statements in always block at line 42 in file
        '/home/projects/vlsi/CEP/design/modules/des3/rtl/sbox7.v'
===============================================
|           Line           |  full/ parallel  |
===============================================
|            43            |    user/user     |
===============================================
Presto compilation completed successfully.
Information: Building the design 'sbox8'. (HDL-193)

Statistics for case statements in always block at line 42 in file
        '/home/projects/vlsi/CEP/design/modules/des3/rtl/sbox8.v'
===============================================
|           Line           |  full/ parallel  |
===============================================
|            43            |    user/user     |
===============================================
Presto compilation completed successfully.
1
ungroup -all -flatten
Information: Updating graph... (UID-83)
Warning: Design 'des3_top' contains 2 high-fanout nets. A fanout number of 1000 will be used for delay calculations involving these nets. (TIM-134)
1
set_dont_use [get_lib_cells sc9_cmos10lpe_base_hvt_ss_nominal_max_1p08v_125c/*X0P*]
1
create_clock -name CLK  -period 4  -waveform {0 2} $clkin
1
set input_ports [remove_from_collection [all_inputs] {$clkin}]
Warning: Nothing implicitly matched '$clkin' (SEL-003)
{wb_adr_i[31] wb_adr_i[30] wb_adr_i[29] wb_adr_i[28] wb_adr_i[27] wb_adr_i[26] wb_adr_i[25] wb_adr_i[24] wb_adr_i[23] wb_adr_i[22] wb_adr_i[21] wb_adr_i[20] wb_adr_i[19] wb_adr_i[18] wb_adr_i[17] wb_adr_i[16] wb_adr_i[15] wb_adr_i[14] wb_adr_i[13] wb_adr_i[12] wb_adr_i[11] wb_adr_i[10] wb_adr_i[9] wb_adr_i[8] wb_adr_i[7] wb_adr_i[6] wb_adr_i[5] wb_adr_i[4] wb_adr_i[3] wb_adr_i[2] wb_adr_i[1] wb_adr_i[0] wb_cyc_i wb_dat_i[31] wb_dat_i[30] wb_dat_i[29] wb_dat_i[28] wb_dat_i[27] wb_dat_i[26] wb_dat_i[25] wb_dat_i[24] wb_dat_i[23] wb_dat_i[22] wb_dat_i[21] wb_dat_i[20] wb_dat_i[19] wb_dat_i[18] wb_dat_i[17] wb_dat_i[16] wb_dat_i[15] wb_dat_i[14] wb_dat_i[13] wb_dat_i[12] wb_dat_i[11] wb_dat_i[10] wb_dat_i[9] wb_dat_i[8] wb_dat_i[7] wb_dat_i[6] wb_dat_i[5] wb_dat_i[4] wb_dat_i[3] wb_dat_i[2] wb_dat_i[1] wb_dat_i[0] wb_sel_i[3] wb_sel_i[2] wb_sel_i[1] wb_sel_i[0] wb_stb_i wb_we_i wb_clk_i wb_rst_i}
set output_ports [all_outputs]
{wb_ack_o wb_err_o wb_dat_o[31] wb_dat_o[30] wb_dat_o[29] wb_dat_o[28] wb_dat_o[27] wb_dat_o[26] wb_dat_o[25] wb_dat_o[24] wb_dat_o[23] wb_dat_o[22] wb_dat_o[21] wb_dat_o[20] wb_dat_o[19] wb_dat_o[18] wb_dat_o[17] wb_dat_o[16] wb_dat_o[15] wb_dat_o[14] wb_dat_o[13] wb_dat_o[12] wb_dat_o[11] wb_dat_o[10] wb_dat_o[9] wb_dat_o[8] wb_dat_o[7] wb_dat_o[6] wb_dat_o[5] wb_dat_o[4] wb_dat_o[3] wb_dat_o[2] wb_dat_o[1] wb_dat_o[0] int_o}
set_input_delay -max 1 [get_ports $input_ports ] -clock CLK
1
set_input_delay -min 0 [get_ports $input_ports ] -clock CLK
1
set_output_delay -max 1 [get_ports $output_ports ] -clock CLK
1
set_output_delay -min 3 [get_ports $output_ports ] -clock CLK
1
date
Fri Jun 15 10:21:29 2018
#compile_ultra -no_autoungroup -no_seq_output_inversion -no_boundary_optimization -gate_clock
compile_ultra -no_autoungroup -no_seq_output_inversion -no_boundary_optimization
Warning: The value of variable 'compile_preserve_subdesign_interfaces' has been changed to true because '-no_boundary_optimization' is used. (OPT-133)
Information: Starting from 2013.12 release, constant propagation is enabled even when boundary optimization is disabled. (OPT-1318)
Information: Performing power optimization. (PWR-850)
Alib files are up-to-date.
Information: Running optimization using a maximum of 8 cores. (OPT-1500)
Loading db file '/opt/programs/synopsys/dc/libraries/syn/dw_foundation.sldb'
Warning: DesignWare synthetic library dw_foundation.sldb is added to the synthetic_library in the current command. (UISN-40)
Information: Evaluating DesignWare library utilization. (UISN-27)

============================================================================
| DesignWare Building Block Library  |         Version         | Available |
============================================================================
| Basic DW Building Blocks           | M-2016.12-DWBB_201612.2 |     *     |
| Licensed DW Building Blocks        | M-2016.12-DWBB_201612.2 |     *     |
============================================================================


Information: There are 38 potential problems in your design. Please run 'check_design' for more information. (LINT-99)

  Simplifying Design 'des3_top'

Loaded alib file './alib-52/sc9_cmos10lpe_base_hvt_ss_nominal_max_1p08v_125c.db.alib'
Information: State dependent leakage is now switched from on to off.

  Beginning Pass 1 Mapping
  ------------------------
  Processing 'des3_top'
 Implement Synthetic for 'des3_top'.

  Updating timing information
Information: Updating design information... (UID-85)
Information: The library cell 'TIELO_X1M_A9TH' in the library 'sc9_cmos10lpe_base_hvt_ss_nominal_max_1p08v_125c' is not characterized for internal power. (PWR-536)
Information: The library cell 'TIEHI_X1M_A9TH' in the library 'sc9_cmos10lpe_base_hvt_ss_nominal_max_1p08v_125c' is not characterized for internal power. (PWR-536)
Information: The target library(s) contains cell(s), other than black boxes, that are not characterized for internal power. (PWR-24)

  Beginning Mapping Optimizations  (Ultra High effort)
  -------------------------------
Information: Added key list 'DesignWare' to design 'des3_top'. (DDB-72)

  Beginning Constant Register Removal
  -----------------------------------

  Beginning Global Optimizations
  ------------------------------
  Numerical Synthesis (Phase 1)
  Numerical Synthesis (Phase 2)
  Global Optimization (Phase 1)
  Global Optimization (Phase 2)
  Global Optimization (Phase 3)
  Global Optimization (Phase 4)
  Global Optimization (Phase 5)
  Global Optimization (Phase 6)
  Global Optimization (Phase 7)
  Global Optimization (Phase 8)
  Global Optimization (Phase 9)
  Global Optimization (Phase 10)
  Global Optimization (Phase 11)
  Global Optimization (Phase 12)
  Global Optimization (Phase 13)
  Global Optimization (Phase 14)
  Global Optimization (Phase 15)
  Global Optimization (Phase 16)
  Global Optimization (Phase 17)
  Global Optimization (Phase 18)
  Global Optimization (Phase 19)
  Global Optimization (Phase 20)
  Global Optimization (Phase 21)
  Global Optimization (Phase 22)
  Global Optimization (Phase 23)
  Global Optimization (Phase 24)
  Global Optimization (Phase 25)
  Global Optimization (Phase 26)
  Global Optimization (Phase 27)
  Global Optimization (Phase 28)
  Global Optimization (Phase 29)
  Global Optimization (Phase 30)

  Beginning Isolate Ports
  -----------------------

  Beginning Delay Optimization
  ----------------------------

                                  TOTAL                                                
   ELAPSED            WORST NEG   SETUP    DESIGN                              LEAKAGE 
    TIME      AREA      SLACK     COST    RULE COST         ENDPOINT            POWER  
  --------- --------- --------- --------- --------- ------------------------- ---------
    0:00:20    8877.6      0.63      11.4       0.0                              0.2777
    0:00:20    9158.4      0.00       0.0       0.1                              0.2968
    0:00:20    9158.4      0.00       0.0       0.1                              0.2968
    0:00:20    9158.4      0.00       0.0       0.1                              0.2968

  Beginning WLM Backend Optimization
  --------------------------------------
    0:00:22    8935.9      0.00       0.0       0.0                              0.2812
    0:00:23    8926.9      0.00       0.0       0.0                              0.2795
    0:00:23    8926.9      0.00       0.0       0.0                              0.2795
    0:00:23    8926.9      0.00       0.0       0.0                              0.2795
    0:00:23    8926.9      0.00       0.0       0.0                              0.2795
    0:00:23    8926.9      0.00       0.0       0.0                              0.2795
    0:00:23    8926.9      0.00       0.0       0.0                              0.2795
    0:00:23    8926.9      0.00       0.0       0.0                              0.2795
    0:00:23    8926.9      0.00       0.0       0.0                              0.2795
    0:00:23    8926.9      0.00       0.0       0.0                              0.2795
    0:00:23    8926.9      0.00       0.0       0.0                              0.2795
    0:00:23    8926.9      0.00       0.0       0.0                              0.2795
    0:00:23    8926.9      0.00       0.0       0.0                              0.2795
    0:00:23    8926.9      0.00       0.0       0.0                              0.2795
    0:00:23    8926.9      0.00       0.0       0.0                              0.2795
    0:00:23    8926.9      0.00       0.0       0.0                              0.2795
    0:00:23    8926.9      0.00       0.0       0.0                              0.2795
    0:00:23    8926.9      0.00       0.0       0.0                              0.2795
    0:00:23    8926.9      0.00       0.0       0.0                              0.2795
    0:00:23    8926.9      0.00       0.0       0.0                              0.2795
    0:00:23    8926.9      0.00       0.0       0.0                              0.2795
    0:00:23    8926.9      0.00       0.0       0.0                              0.2795


  Beginning Leakage Power Optimization  (max_leakage_power 0)
  ------------------------------------

                                  TOTAL                                                
   ELAPSED            WORST NEG   SETUP    DESIGN                              LEAKAGE 
    TIME      AREA      SLACK     COST    RULE COST         ENDPOINT            POWER  
  --------- --------- --------- --------- --------- ------------------------- ---------
    0:00:23    8926.9      0.00       0.0       0.0                              0.2795
  Global Optimization (Phase 31)
  Global Optimization (Phase 32)
  Global Optimization (Phase 33)
  Global Optimization (Phase 34)
  Global Optimization (Phase 35)
  Global Optimization (Phase 36)
  Global Optimization (Phase 37)
  Global Optimization (Phase 38)
  Global Optimization (Phase 39)
  Global Optimization (Phase 40)
  Global Optimization (Phase 41)
  Global Optimization (Phase 42)
  Global Optimization (Phase 43)
  Global Optimization (Phase 44)
  Global Optimization (Phase 45)
  Global Optimization (Phase 46)
    0:00:25    8847.7      0.00       0.0       0.0                              0.2729
    0:00:25    8847.7      0.00       0.0       0.0                              0.2729
    0:00:25    8847.7      0.00       0.0       0.0                              0.2729
    0:00:25    8848.1      0.00       0.0       0.0                              0.2729
    0:00:25    8848.1      0.00       0.0       0.0                              0.2729
    0:00:25    8848.1      0.00       0.0       0.0                              0.2729
    0:00:25    8848.1      0.00       0.0       0.0                              0.2729
    0:00:25    8848.1      0.00       0.0       0.0                              0.2729
    0:00:25    8848.1      0.00       0.0       0.0                              0.2729
    0:00:25    8848.1      0.00       0.0       0.0                              0.2729
    0:00:25    8848.1      0.00       0.0       0.0                              0.2729
    0:00:25    8848.1      0.00       0.0       0.0                              0.2729
    0:00:25    8848.1      0.00       0.0       0.0                              0.2729
    0:00:25    8848.1      0.00       0.0       0.0                              0.2729
    0:00:25    8848.1      0.00       0.0       0.0                              0.2729
    0:00:25    8848.1      0.00       0.0       0.0                              0.2729
    0:00:25    8848.1      0.00       0.0       0.0                              0.2729
    0:00:25    8848.1      0.00       0.0       0.0                              0.2729
    0:00:25    8848.1      0.00       0.0       0.0                              0.2729
    0:00:25    8848.1      0.00       0.0       0.0                              0.2729
    0:00:25    8848.1      0.00       0.0       0.0                              0.2729
    0:00:25    8848.1      0.00       0.0       0.0                              0.2729

                                  TOTAL                                                
   ELAPSED            WORST NEG   SETUP    DESIGN                              LEAKAGE 
    TIME      AREA      SLACK     COST    RULE COST         ENDPOINT            POWER  
  --------- --------- --------- --------- --------- ------------------------- ---------
    0:00:25    8848.1      0.00       0.0       0.0                              0.2729
    0:00:26    8806.7      0.00       0.0       0.0                              0.2703
    0:00:26    8806.7      0.00       0.0       0.0                              0.2703
    0:00:26    8806.7      0.00       0.0       0.0                              0.2703
    0:00:27    8807.0      0.00       0.0       0.0                              0.2702
    0:00:27    8786.5      0.00       0.0       0.0                              0.2688
    0:00:27    8786.5      0.00       0.0       0.0                              0.2688
    0:00:27    8786.5      0.00       0.0       0.0                              0.2688
    0:00:27    8786.5      0.00       0.0       0.0                              0.2688
    0:00:28    8757.4      0.00       0.0       0.0                              0.2662
Loading db file '/home/projects/vlsi/libraries/65lpe/ref_lib/arm/std_cells/hvt/timing_lib/nldm/db/sc9_cmos10lpe_base_hvt_ss_nominal_max_1p08v_125c.db'
Loading db file '/home/projects/vlsi/libraries/65lpe/ref_lib/aragio/io_pads/timing_lib/nldm/db/rgo_csm65_25v33_lpe_50c_ss_108_297_125.db'
Loading db file '/home/projects/vlsi/libraries/65lpe/ref_lib/arm/memories/sram_sp_hde/timing_lib/USERLIB_ccs_ss_1p08v_1p08v_125c.db'


Note: Symbol # after min delay cost means estimated hold TNS across all active scenarios 


  Optimization Complete
  ---------------------
Information: State dependent leakage is now switched from off to on.
Information: Propagating switching activity (low effort zero delay simulation). (PWR-6)
1
date
Fri Jun 15 10:22:01 2018
optimize_netlist -area
Information: Performing power optimization. (PWR-850)
Alib files are up-to-date.
Information: Running optimization using a maximum of 8 cores. (OPT-1500)
Warning: DesignWare synthetic library dw_foundation.sldb is added to the synthetic_library in the current command. (UISN-40)

Information: There are 37 potential problems in your design. Please run 'check_design' for more information. (LINT-99)


Loaded alib file './alib-52/sc9_cmos10lpe_base_hvt_ss_nominal_max_1p08v_125c.db.alib'

  Updating timing information
Information: Updating design information... (UID-85)
Information: The library cell 'TIELO_X1M_A9TH' in the library 'sc9_cmos10lpe_base_hvt_ss_nominal_max_1p08v_125c' is not characterized for internal power. (PWR-536)
Information: The library cell 'TIEHI_X1M_A9TH' in the library 'sc9_cmos10lpe_base_hvt_ss_nominal_max_1p08v_125c' is not characterized for internal power. (PWR-536)
Information: The target library(s) contains cell(s), other than black boxes, that are not characterized for internal power. (PWR-24)


  Beginning Area Optimization
  -----------------------------

                                  TOTAL                                                
   ELAPSED            WORST NEG   SETUP    DESIGN                              LEAKAGE 
    TIME      AREA      SLACK     COST    RULE COST         ENDPOINT            POWER  
  --------- --------- --------- --------- --------- ------------------------- ---------
    0:00:02    8757.4      0.00       0.0       0.0                              0.2662
    0:00:05    8742.2      0.00       0.0       0.0                              0.2650
Loading db file '/home/projects/vlsi/libraries/65lpe/ref_lib/arm/std_cells/hvt/timing_lib/nldm/db/sc9_cmos10lpe_base_hvt_ss_nominal_max_1p08v_125c.db'
Loading db file '/home/projects/vlsi/libraries/65lpe/ref_lib/aragio/io_pads/timing_lib/nldm/db/rgo_csm65_25v33_lpe_50c_ss_108_297_125.db'
Loading db file '/home/projects/vlsi/libraries/65lpe/ref_lib/arm/memories/sram_sp_hde/timing_lib/USERLIB_ccs_ss_1p08v_1p08v_125c.db'


Note: Symbol # after min delay cost means estimated hold TNS across all active scenarios 


  Optimization Complete
  ---------------------
1
date
Fri Jun 15 10:22:09 2018
compile_ultra -no_autoungroup -no_seq_output_inversion -no_boundary_optimization -incremental
Warning: The value of variable 'compile_preserve_subdesign_interfaces' has been changed to true because '-no_boundary_optimization' is used. (OPT-133)
Information: Starting from 2013.12 release, constant propagation is enabled even when boundary optimization is disabled. (OPT-1318)
Information: Performing power optimization. (PWR-850)
Alib files are up-to-date.
Information: Running optimization using a maximum of 8 cores. (OPT-1500)
Warning: DesignWare synthetic library dw_foundation.sldb is added to the synthetic_library in the current command. (UISN-40)

Information: There are 37 potential problems in your design. Please run 'check_design' for more information. (LINT-99)


Information: State dependent leakage is now switched from on to off.

  Beginning Pass 1 Mapping  (Incremental)
  ------------------------

  Updating timing information
Information: Updating design information... (UID-85)
Information: The library cell 'TIELO_X1M_A9TH' in the library 'sc9_cmos10lpe_base_hvt_ss_nominal_max_1p08v_125c' is not characterized for internal power. (PWR-536)
Information: The library cell 'TIEHI_X1M_A9TH' in the library 'sc9_cmos10lpe_base_hvt_ss_nominal_max_1p08v_125c' is not characterized for internal power. (PWR-536)
Information: The target library(s) contains cell(s), other than black boxes, that are not characterized for internal power. (PWR-24)

                                  TOTAL                                                
   ELAPSED            WORST NEG   SETUP    DESIGN                              LEAKAGE 
    TIME      AREA      SLACK     COST    RULE COST         ENDPOINT            POWER  
  --------- --------- --------- --------- --------- ------------------------- ---------
    0:00:01    8742.2      0.00       0.0       0.0                              0.2650
    0:00:01    8742.2      0.00       0.0       0.0                              0.2650

  Beginning Mapping Optimizations  (Ultra High effort)  (Incremental)
  -------------------------------

  Beginning Incremental Implementation Selection
  ----------------------------------------------

  Beginning Delay Optimization Phase
  ----------------------------------

                                  TOTAL                                                
   ELAPSED            WORST NEG   SETUP    DESIGN                              LEAKAGE 
    TIME      AREA      SLACK     COST    RULE COST         ENDPOINT            POWER  
  --------- --------- --------- --------- --------- ------------------------- ---------
    0:00:02    8742.2      0.00       0.0       0.0                              0.2650
    0:00:02    8742.2      0.00       0.0       0.0                              0.2650
    0:00:02    8742.2      0.00       0.0       0.0                              0.2650
    0:00:02    8742.2      0.00       0.0       0.0                              0.2650
    0:00:02    8742.2      0.00       0.0       0.0                              0.2650
    0:00:02    8742.2      0.00       0.0       0.0                              0.2650
    0:00:02    8742.2      0.00       0.0       0.0                              0.2650

  Beginning Delay Optimization
  ----------------------------
    0:00:02    8742.2      0.00       0.0       0.0                              0.2650
    0:00:02    8742.2      0.00       0.0       0.0                              0.2650
    0:00:02    8742.2      0.00       0.0       0.0                              0.2650
    0:00:02    8742.2      0.00       0.0       0.0                              0.2650
    0:00:02    8742.2      0.00       0.0       0.0                              0.2650
    0:00:02    8742.2      0.00       0.0       0.0                              0.2650
    0:00:02    8742.2      0.00       0.0       0.0                              0.2650
    0:00:03    8742.2      0.00       0.0       0.0                              0.2650
    0:00:03    8742.2      0.00       0.0       0.0                              0.2650
    0:00:03    8742.2      0.00       0.0       0.0                              0.2650
    0:00:03    8742.2      0.00       0.0       0.0                              0.2650
    0:00:03    8742.2      0.00       0.0       0.0                              0.2650
    0:00:03    8742.2      0.00       0.0       0.0                              0.2650
    0:00:03    8742.2      0.00       0.0       0.0                              0.2650
    0:00:03    8742.2      0.00       0.0       0.0                              0.2650
    0:00:03    8742.2      0.00       0.0       0.0                              0.2650
    0:00:03    8742.2      0.00       0.0       0.0                              0.2650
    0:00:03    8742.2      0.00       0.0       0.0                              0.2650
    0:00:04    8742.2      0.00       0.0       0.0                              0.2650
    0:00:04    8742.2      0.00       0.0       0.0                              0.2650
    0:00:04    8742.2      0.00       0.0       0.0                              0.2650
    0:00:04    8742.2      0.00       0.0       0.0                              0.2650
    0:00:04    8742.2      0.00       0.0       0.0                              0.2650
    0:00:04    8742.2      0.00       0.0       0.0                              0.2650
    0:00:04    8742.2      0.00       0.0       0.0                              0.2650
    0:00:04    8742.2      0.00       0.0       0.0                              0.2650
    0:00:04    8742.2      0.00       0.0       0.0                              0.2650

                                  TOTAL                                                
   ELAPSED            WORST NEG   SETUP    DESIGN                              LEAKAGE 
    TIME      AREA      SLACK     COST    RULE COST         ENDPOINT            POWER  
  --------- --------- --------- --------- --------- ------------------------- ---------
    0:00:04    8742.2      0.00       0.0       0.0                              0.2650
    0:00:04    8742.2      0.00       0.0       0.0                              0.2650
    0:00:05    8735.0      0.00       0.0       0.0                              0.2641
    0:00:05    8735.0      0.00       0.0       0.0                              0.2641
Loading db file '/home/projects/vlsi/libraries/65lpe/ref_lib/arm/std_cells/hvt/timing_lib/nldm/db/sc9_cmos10lpe_base_hvt_ss_nominal_max_1p08v_125c.db'
Loading db file '/home/projects/vlsi/libraries/65lpe/ref_lib/aragio/io_pads/timing_lib/nldm/db/rgo_csm65_25v33_lpe_50c_ss_108_297_125.db'
Loading db file '/home/projects/vlsi/libraries/65lpe/ref_lib/arm/memories/sram_sp_hde/timing_lib/USERLIB_ccs_ss_1p08v_1p08v_125c.db'


Note: Symbol # after min delay cost means estimated hold TNS across all active scenarios 


  Optimization Complete
  ---------------------
Information: State dependent leakage is now switched from off to on.
Information: Propagating switching activity (low effort zero delay simulation). (PWR-6)
1
mem -all -verbose
Multicore compile mem-peak:   513 Mb
Main process mem-peak:    412 Mb
Child "J1" called 1 time , mem-peak:    290 Mb

422836
change_names -hier -rule verilog
Warning: In the design des3_top, net '*Logic0*' is connecting multiple ports. (UCN-1)
1
write_file -hierarchy -format verilog -output "$run_dir/netlist/$design.v"
Writing verilog file '/home/projects/vlsi/CEP/design/modules/des3/synth/run_dir/netlist/des3_top.v'.
Warning: Verilog 'assign' or 'tran' statements are written out. (VO-4)
1
write_sdc "$run_dir/netlist/$design.sdc"
1
set_switching_activity -toggle_rate 5 -period 100  -static_probability 0.50 -type inputs
set_switching_activity applied to 73 selected objects
1
propagate_switching_activity
Warning: Use of propagate_switching_activity is not recommended. This feature will be obsolete in a future release. Check the man page for more information. (PWR-800)
Information: Propagating switching activity (low effort zero delay simulation). (PWR-6)
Warning: The derived toggle rate value (0.500000) for the clock net 'wb_clk_i' conflicts with the annotated value (0.050000). Using the annotated value. (PWR-12)
Warning: Design has unannotated sequential cell outputs. (PWR-415)
1
report_timing -delay max  -nosplit -input -nets -cap -max_path 10 -nworst 10    > $run_dir/reports/report_timing_max.rpt
report_timing -delay min  -nosplit -input -nets -cap -max_path 10 -nworst 10    > $run_dir/reports/report_timing_min.rpt
report_constraint -all_violators -verbose  -nosplit                             > $run_dir/reports/report_constraint.rpt
check_design -nosplit                                                           > $run_dir/reports/check_design.rpt
report_design                                                                   > $run_dir/reports/report_design.rpt
report_area                                                                     > $run_dir/reports/report_area.rpt
report_timing -loop                                                             > $run_dir/reports/timing_loop.rpt
report_power -analysis_effort high                                              > $run_dir/reports/report_power.rpt
report_qor                                                                      > $run_dir/reports/report_qor.rpt
sh touch ~/$design
# 
#
#
#  compile_ultra -no_autoungroup -no_seq_output_inversion -no_boundary_optimization -incremental
exit

Thank you...

