Warning: Design 'ram_wb' has '1' unresolved references. For more detailed information, use the "link" command. (UID-341)
 
****************************************
check_design summary:
Version:     M-2016.12-SP2
Date:        Tue Jul  3 16:48:14 2018
****************************************

                   Name                                            Total
--------------------------------------------------------------------------------
Inputs/Outputs                                                     71
    Multiply driven inputs (LINT-6)                                 2
    Shorted outputs (LINT-31)                                      66
    Constant outputs (LINT-52)                                      3

Tristate                                                           76
    A tristate bus has a non tri-state driver (LINT-34)            76
--------------------------------------------------------------------------------

Warning: In design 'ram_wb', input port 'wb_clk_i' drives wired logic; the port direction may have been specified incorrectly. (LINT-6)
Warning: In design 'ram_wb', input port 'wb_rst_i' drives wired logic; the port direction may have been specified incorrectly. (LINT-6)
Warning: In design 'ram_wb', output port 'wbm0_rty_o' is connected directly to output port 'wbm2_rty_o'. (LINT-31)
Warning: In design 'ram_wb', output port 'wbm0_rty_o' is connected directly to output port 'wbm1_rty_o'. (LINT-31)
Warning: In design 'ram_wb', output port 'wbm0_dat_o[31]' is connected directly to output port 'wbm2_dat_o[31]'. (LINT-31)
Warning: In design 'ram_wb', output port 'wbm0_dat_o[31]' is connected directly to output port 'wbm1_dat_o[31]'. (LINT-31)
Warning: In design 'ram_wb', output port 'wbm0_dat_o[30]' is connected directly to output port 'wbm2_dat_o[30]'. (LINT-31)
Warning: In design 'ram_wb', output port 'wbm0_dat_o[30]' is connected directly to output port 'wbm1_dat_o[30]'. (LINT-31)
Warning: In design 'ram_wb', output port 'wbm0_dat_o[29]' is connected directly to output port 'wbm2_dat_o[29]'. (LINT-31)
Warning: In design 'ram_wb', output port 'wbm0_dat_o[29]' is connected directly to output port 'wbm1_dat_o[29]'. (LINT-31)
Warning: In design 'ram_wb', output port 'wbm0_dat_o[28]' is connected directly to output port 'wbm2_dat_o[28]'. (LINT-31)
Warning: In design 'ram_wb', output port 'wbm0_dat_o[28]' is connected directly to output port 'wbm1_dat_o[28]'. (LINT-31)
Warning: In design 'ram_wb', output port 'wbm0_dat_o[27]' is connected directly to output port 'wbm2_dat_o[27]'. (LINT-31)
Warning: In design 'ram_wb', output port 'wbm0_dat_o[27]' is connected directly to output port 'wbm1_dat_o[27]'. (LINT-31)
Warning: In design 'ram_wb', output port 'wbm0_dat_o[26]' is connected directly to output port 'wbm2_dat_o[26]'. (LINT-31)
Warning: In design 'ram_wb', output port 'wbm0_dat_o[26]' is connected directly to output port 'wbm1_dat_o[26]'. (LINT-31)
Warning: In design 'ram_wb', output port 'wbm0_dat_o[25]' is connected directly to output port 'wbm2_dat_o[25]'. (LINT-31)
Warning: In design 'ram_wb', output port 'wbm0_dat_o[25]' is connected directly to output port 'wbm1_dat_o[25]'. (LINT-31)
Warning: In design 'ram_wb', output port 'wbm0_dat_o[24]' is connected directly to output port 'wbm2_dat_o[24]'. (LINT-31)
Warning: In design 'ram_wb', output port 'wbm0_dat_o[24]' is connected directly to output port 'wbm1_dat_o[24]'. (LINT-31)
Warning: In design 'ram_wb', output port 'wbm0_dat_o[23]' is connected directly to output port 'wbm2_dat_o[23]'. (LINT-31)
Warning: In design 'ram_wb', output port 'wbm0_dat_o[23]' is connected directly to output port 'wbm1_dat_o[23]'. (LINT-31)
Warning: In design 'ram_wb', output port 'wbm0_dat_o[22]' is connected directly to output port 'wbm2_dat_o[22]'. (LINT-31)
Warning: In design 'ram_wb', output port 'wbm0_dat_o[22]' is connected directly to output port 'wbm1_dat_o[22]'. (LINT-31)
Warning: In design 'ram_wb', output port 'wbm0_dat_o[21]' is connected directly to output port 'wbm2_dat_o[21]'. (LINT-31)
Warning: In design 'ram_wb', output port 'wbm0_dat_o[21]' is connected directly to output port 'wbm1_dat_o[21]'. (LINT-31)
Warning: In design 'ram_wb', output port 'wbm0_dat_o[20]' is connected directly to output port 'wbm2_dat_o[20]'. (LINT-31)
Warning: In design 'ram_wb', output port 'wbm0_dat_o[20]' is connected directly to output port 'wbm1_dat_o[20]'. (LINT-31)
Warning: In design 'ram_wb', output port 'wbm0_dat_o[19]' is connected directly to output port 'wbm2_dat_o[19]'. (LINT-31)
Warning: In design 'ram_wb', output port 'wbm0_dat_o[19]' is connected directly to output port 'wbm1_dat_o[19]'. (LINT-31)
Warning: In design 'ram_wb', output port 'wbm0_dat_o[18]' is connected directly to output port 'wbm2_dat_o[18]'. (LINT-31)
Warning: In design 'ram_wb', output port 'wbm0_dat_o[18]' is connected directly to output port 'wbm1_dat_o[18]'. (LINT-31)
Warning: In design 'ram_wb', output port 'wbm0_dat_o[17]' is connected directly to output port 'wbm2_dat_o[17]'. (LINT-31)
Warning: In design 'ram_wb', output port 'wbm0_dat_o[17]' is connected directly to output port 'wbm1_dat_o[17]'. (LINT-31)
Warning: In design 'ram_wb', output port 'wbm0_dat_o[16]' is connected directly to output port 'wbm2_dat_o[16]'. (LINT-31)
Warning: In design 'ram_wb', output port 'wbm0_dat_o[16]' is connected directly to output port 'wbm1_dat_o[16]'. (LINT-31)
Warning: In design 'ram_wb', output port 'wbm0_dat_o[15]' is connected directly to output port 'wbm2_dat_o[15]'. (LINT-31)
Warning: In design 'ram_wb', output port 'wbm0_dat_o[15]' is connected directly to output port 'wbm1_dat_o[15]'. (LINT-31)
Warning: In design 'ram_wb', output port 'wbm0_dat_o[14]' is connected directly to output port 'wbm2_dat_o[14]'. (LINT-31)
Warning: In design 'ram_wb', output port 'wbm0_dat_o[14]' is connected directly to output port 'wbm1_dat_o[14]'. (LINT-31)
Warning: In design 'ram_wb', output port 'wbm0_dat_o[13]' is connected directly to output port 'wbm2_dat_o[13]'. (LINT-31)
Warning: In design 'ram_wb', output port 'wbm0_dat_o[13]' is connected directly to output port 'wbm1_dat_o[13]'. (LINT-31)
Warning: In design 'ram_wb', output port 'wbm0_dat_o[12]' is connected directly to output port 'wbm2_dat_o[12]'. (LINT-31)
Warning: In design 'ram_wb', output port 'wbm0_dat_o[12]' is connected directly to output port 'wbm1_dat_o[12]'. (LINT-31)
Warning: In design 'ram_wb', output port 'wbm0_dat_o[11]' is connected directly to output port 'wbm2_dat_o[11]'. (LINT-31)
Warning: In design 'ram_wb', output port 'wbm0_dat_o[11]' is connected directly to output port 'wbm1_dat_o[11]'. (LINT-31)
Warning: In design 'ram_wb', output port 'wbm0_dat_o[10]' is connected directly to output port 'wbm2_dat_o[10]'. (LINT-31)
Warning: In design 'ram_wb', output port 'wbm0_dat_o[10]' is connected directly to output port 'wbm1_dat_o[10]'. (LINT-31)
Warning: In design 'ram_wb', output port 'wbm0_dat_o[9]' is connected directly to output port 'wbm2_dat_o[9]'. (LINT-31)
Warning: In design 'ram_wb', output port 'wbm0_dat_o[9]' is connected directly to output port 'wbm1_dat_o[9]'. (LINT-31)
Warning: In design 'ram_wb', output port 'wbm0_dat_o[8]' is connected directly to output port 'wbm2_dat_o[8]'. (LINT-31)
Warning: In design 'ram_wb', output port 'wbm0_dat_o[8]' is connected directly to output port 'wbm1_dat_o[8]'. (LINT-31)
Warning: In design 'ram_wb', output port 'wbm0_dat_o[7]' is connected directly to output port 'wbm2_dat_o[7]'. (LINT-31)
Warning: In design 'ram_wb', output port 'wbm0_dat_o[7]' is connected directly to output port 'wbm1_dat_o[7]'. (LINT-31)
Warning: In design 'ram_wb', output port 'wbm0_dat_o[6]' is connected directly to output port 'wbm2_dat_o[6]'. (LINT-31)
Warning: In design 'ram_wb', output port 'wbm0_dat_o[6]' is connected directly to output port 'wbm1_dat_o[6]'. (LINT-31)
Warning: In design 'ram_wb', output port 'wbm0_dat_o[5]' is connected directly to output port 'wbm2_dat_o[5]'. (LINT-31)
Warning: In design 'ram_wb', output port 'wbm0_dat_o[5]' is connected directly to output port 'wbm1_dat_o[5]'. (LINT-31)
Warning: In design 'ram_wb', output port 'wbm0_dat_o[4]' is connected directly to output port 'wbm2_dat_o[4]'. (LINT-31)
Warning: In design 'ram_wb', output port 'wbm0_dat_o[4]' is connected directly to output port 'wbm1_dat_o[4]'. (LINT-31)
Warning: In design 'ram_wb', output port 'wbm0_dat_o[3]' is connected directly to output port 'wbm2_dat_o[3]'. (LINT-31)
Warning: In design 'ram_wb', output port 'wbm0_dat_o[3]' is connected directly to output port 'wbm1_dat_o[3]'. (LINT-31)
Warning: In design 'ram_wb', output port 'wbm0_dat_o[2]' is connected directly to output port 'wbm2_dat_o[2]'. (LINT-31)
Warning: In design 'ram_wb', output port 'wbm0_dat_o[2]' is connected directly to output port 'wbm1_dat_o[2]'. (LINT-31)
Warning: In design 'ram_wb', output port 'wbm0_dat_o[1]' is connected directly to output port 'wbm2_dat_o[1]'. (LINT-31)
Warning: In design 'ram_wb', output port 'wbm0_dat_o[1]' is connected directly to output port 'wbm1_dat_o[1]'. (LINT-31)
Warning: In design 'ram_wb', output port 'wbm0_dat_o[0]' is connected directly to output port 'wbm2_dat_o[0]'. (LINT-31)
Warning: In design 'ram_wb', output port 'wbm0_dat_o[0]' is connected directly to output port 'wbm1_dat_o[0]'. (LINT-31)
Warning: In design 'ram_wb', three-state bus 'wbs_ram_we_i' has non three-state driver 'U1038/Y'. (LINT-34)
Warning: In design 'ram_wb', three-state bus 'wbs_ram_stb_i' has non three-state driver 'U1037/Y'. (LINT-34)
Warning: In design 'ram_wb', three-state bus 'wbs_ram_sel_i[0]' has non three-state driver 'U1033/Y'. (LINT-34)
Warning: In design 'ram_wb', three-state bus 'wbs_ram_sel_i[1]' has non three-state driver 'U1034/Y'. (LINT-34)
Warning: In design 'ram_wb', three-state bus 'wbs_ram_sel_i[2]' has non three-state driver 'U1035/Y'. (LINT-34)
Warning: In design 'ram_wb', three-state bus 'wbs_ram_sel_i[3]' has non three-state driver 'U1036/Y'. (LINT-34)
Warning: In design 'ram_wb', three-state bus 'wbs_ram_dat_i[0]' has non three-state driver 'U995/Y'. (LINT-34)
Warning: In design 'ram_wb', three-state bus 'wbs_ram_dat_i[1]' has non three-state driver 'U996/Y'. (LINT-34)
Warning: In design 'ram_wb', three-state bus 'wbs_ram_dat_i[2]' has non three-state driver 'U997/Y'. (LINT-34)
Warning: In design 'ram_wb', three-state bus 'wbs_ram_dat_i[3]' has non three-state driver 'U998/Y'. (LINT-34)
Warning: In design 'ram_wb', three-state bus 'wbs_ram_dat_i[4]' has non three-state driver 'U999/Y'. (LINT-34)
Warning: In design 'ram_wb', three-state bus 'wbs_ram_dat_i[5]' has non three-state driver 'U1000/Y'. (LINT-34)
Warning: In design 'ram_wb', three-state bus 'wbs_ram_dat_i[6]' has non three-state driver 'U1001/Y'. (LINT-34)
Warning: In design 'ram_wb', three-state bus 'wbs_ram_dat_i[7]' has non three-state driver 'U1002/Y'. (LINT-34)
Warning: In design 'ram_wb', three-state bus 'wbs_ram_dat_i[8]' has non three-state driver 'U1003/Y'. (LINT-34)
Warning: In design 'ram_wb', three-state bus 'wbs_ram_dat_i[9]' has non three-state driver 'U1004/Y'. (LINT-34)
Warning: In design 'ram_wb', three-state bus 'wbs_ram_dat_i[10]' has non three-state driver 'U1005/Y'. (LINT-34)
Warning: In design 'ram_wb', three-state bus 'wbs_ram_dat_i[11]' has non three-state driver 'U1006/Y'. (LINT-34)
Warning: In design 'ram_wb', three-state bus 'wbs_ram_dat_i[12]' has non three-state driver 'U1007/Y'. (LINT-34)
Warning: In design 'ram_wb', three-state bus 'wbs_ram_dat_i[13]' has non three-state driver 'U1008/Y'. (LINT-34)
Warning: In design 'ram_wb', three-state bus 'wbs_ram_dat_i[14]' has non three-state driver 'U1009/Y'. (LINT-34)
Warning: In design 'ram_wb', three-state bus 'wbs_ram_dat_i[15]' has non three-state driver 'U1010/Y'. (LINT-34)
Warning: In design 'ram_wb', three-state bus 'wbs_ram_dat_i[16]' has non three-state driver 'U1011/Y'. (LINT-34)
Warning: In design 'ram_wb', three-state bus 'wbs_ram_dat_i[17]' has non three-state driver 'U1012/Y'. (LINT-34)
Warning: In design 'ram_wb', three-state bus 'wbs_ram_dat_i[18]' has non three-state driver 'U1013/Y'. (LINT-34)
Warning: In design 'ram_wb', three-state bus 'wbs_ram_dat_i[19]' has non three-state driver 'U1014/Y'. (LINT-34)
Warning: In design 'ram_wb', three-state bus 'wbs_ram_dat_i[20]' has non three-state driver 'U1015/Y'. (LINT-34)
Warning: In design 'ram_wb', three-state bus 'wbs_ram_dat_i[21]' has non three-state driver 'U1016/Y'. (LINT-34)
Warning: In design 'ram_wb', three-state bus 'wbs_ram_dat_i[22]' has non three-state driver 'U1017/Y'. (LINT-34)
Warning: In design 'ram_wb', three-state bus 'wbs_ram_dat_i[23]' has non three-state driver 'U1018/Y'. (LINT-34)
Warning: In design 'ram_wb', three-state bus 'wbs_ram_dat_i[24]' has non three-state driver 'U1019/Y'. (LINT-34)
Warning: In design 'ram_wb', three-state bus 'wbs_ram_dat_i[25]' has non three-state driver 'U1020/Y'. (LINT-34)
Warning: In design 'ram_wb', three-state bus 'wbs_ram_dat_i[26]' has non three-state driver 'U1021/Y'. (LINT-34)
Warning: In design 'ram_wb', three-state bus 'wbs_ram_dat_i[27]' has non three-state driver 'U1022/Y'. (LINT-34)
Warning: In design 'ram_wb', three-state bus 'wbs_ram_dat_i[28]' has non three-state driver 'U1023/Y'. (LINT-34)
Warning: In design 'ram_wb', three-state bus 'wbs_ram_dat_i[29]' has non three-state driver 'U1024/Y'. (LINT-34)
Warning: In design 'ram_wb', three-state bus 'wbs_ram_dat_i[30]' has non three-state driver 'U1025/Y'. (LINT-34)
Warning: In design 'ram_wb', three-state bus 'wbs_ram_dat_i[31]' has non three-state driver 'U1026/Y'. (LINT-34)
Warning: In design 'ram_wb', three-state bus 'wbs_ram_cyc_i' has non three-state driver 'U1032/Y'. (LINT-34)
Warning: In design 'ram_wb', three-state bus 'wbs_ram_cti_i[0]' has non three-state driver 'U1029/Y'. (LINT-34)
Warning: In design 'ram_wb', three-state bus 'wbs_ram_cti_i[1]' has non three-state driver 'U1030/Y'. (LINT-34)
Warning: In design 'ram_wb', three-state bus 'wbs_ram_cti_i[2]' has non three-state driver 'U1031/Y'. (LINT-34)
Warning: In design 'ram_wb', three-state bus 'wbs_ram_bte_i[0]' has non three-state driver 'U1027/Y'. (LINT-34)
Warning: In design 'ram_wb', three-state bus 'wbs_ram_bte_i[1]' has non three-state driver 'U1028/Y'. (LINT-34)
Warning: In design 'ram_wb', three-state bus 'wbs_ram_adr_i[0]' has non three-state driver 'U963/Y'. (LINT-34)
Warning: In design 'ram_wb', three-state bus 'wbs_ram_adr_i[1]' has non three-state driver 'U964/Y'. (LINT-34)
Warning: In design 'ram_wb', three-state bus 'wbs_ram_adr_i[2]' has non three-state driver 'U965/Y'. (LINT-34)
Warning: In design 'ram_wb', three-state bus 'wbs_ram_adr_i[3]' has non three-state driver 'U966/Y'. (LINT-34)
Warning: In design 'ram_wb', three-state bus 'wbs_ram_adr_i[4]' has non three-state driver 'U967/Y'. (LINT-34)
Warning: In design 'ram_wb', three-state bus 'wbs_ram_adr_i[5]' has non three-state driver 'U968/Y'. (LINT-34)
Warning: In design 'ram_wb', three-state bus 'wbs_ram_adr_i[6]' has non three-state driver 'U969/Y'. (LINT-34)
Warning: In design 'ram_wb', three-state bus 'wbs_ram_adr_i[7]' has non three-state driver 'U970/Y'. (LINT-34)
Warning: In design 'ram_wb', three-state bus 'wbs_ram_adr_i[8]' has non three-state driver 'U971/Y'. (LINT-34)
Warning: In design 'ram_wb', three-state bus 'wbs_ram_adr_i[9]' has non three-state driver 'U972/Y'. (LINT-34)
Warning: In design 'ram_wb', three-state bus 'wbs_ram_adr_i[10]' has non three-state driver 'U973/Y'. (LINT-34)
Warning: In design 'ram_wb', three-state bus 'wbs_ram_adr_i[11]' has non three-state driver 'U974/Y'. (LINT-34)
Warning: In design 'ram_wb', three-state bus 'wbs_ram_adr_i[12]' has non three-state driver 'U975/Y'. (LINT-34)
Warning: In design 'ram_wb', three-state bus 'wbs_ram_adr_i[13]' has non three-state driver 'U976/Y'. (LINT-34)
Warning: In design 'ram_wb', three-state bus 'wbs_ram_adr_i[14]' has non three-state driver 'U977/Y'. (LINT-34)
Warning: In design 'ram_wb', three-state bus 'wbs_ram_adr_i[15]' has non three-state driver 'U978/Y'. (LINT-34)
Warning: In design 'ram_wb', three-state bus 'wbs_ram_adr_i[16]' has non three-state driver 'U979/Y'. (LINT-34)
Warning: In design 'ram_wb', three-state bus 'wbs_ram_adr_i[17]' has non three-state driver 'U980/Y'. (LINT-34)
Warning: In design 'ram_wb', three-state bus 'wbs_ram_adr_i[18]' has non three-state driver 'U981/Y'. (LINT-34)
Warning: In design 'ram_wb', three-state bus 'wbs_ram_adr_i[19]' has non three-state driver 'U982/Y'. (LINT-34)
Warning: In design 'ram_wb', three-state bus 'wbs_ram_adr_i[20]' has non three-state driver 'U983/Y'. (LINT-34)
Warning: In design 'ram_wb', three-state bus 'wbs_ram_adr_i[21]' has non three-state driver 'U984/Y'. (LINT-34)
Warning: In design 'ram_wb', three-state bus 'wbs_ram_adr_i[22]' has non three-state driver 'U985/Y'. (LINT-34)
Warning: In design 'ram_wb', three-state bus 'wbs_ram_adr_i[23]' has non three-state driver 'U986/Y'. (LINT-34)
Warning: In design 'ram_wb', three-state bus 'wbs_ram_adr_i[24]' has non three-state driver 'U987/Y'. (LINT-34)
Warning: In design 'ram_wb', three-state bus 'wbs_ram_adr_i[25]' has non three-state driver 'U988/Y'. (LINT-34)
Warning: In design 'ram_wb', three-state bus 'wbs_ram_adr_i[26]' has non three-state driver 'U989/Y'. (LINT-34)
Warning: In design 'ram_wb', three-state bus 'wbs_ram_adr_i[27]' has non three-state driver 'U990/Y'. (LINT-34)
Warning: In design 'ram_wb', three-state bus 'wbs_ram_adr_i[28]' has non three-state driver 'U991/Y'. (LINT-34)
Warning: In design 'ram_wb', three-state bus 'wbs_ram_adr_i[29]' has non three-state driver 'U992/Y'. (LINT-34)
Warning: In design 'ram_wb', three-state bus 'wbs_ram_adr_i[30]' has non three-state driver 'U993/Y'. (LINT-34)
Warning: In design 'ram_wb', three-state bus 'wbs_ram_adr_i[31]' has non three-state driver 'U994/Y'. (LINT-34)
Warning: In design 'ram_wb', output port 'wbm0_rty_o' is connected directly to 'logic 0'. (LINT-52)
Warning: In design 'ram_wb', output port 'wbm1_rty_o' is connected directly to 'logic 0'. (LINT-52)
Warning: In design 'ram_wb', output port 'wbm2_rty_o' is connected directly to 'logic 0'. (LINT-52)
1
