Information: Propagating switching activity (high effort zero delay simulation). (PWR-6)
Warning: The derived toggle rate value (0.500000) for the clock net 'wb_clk_i' conflicts with the annotated value (0.050000). Using the annotated value. (PWR-12)
Warning: Design has unannotated sequential cell outputs. (PWR-415)
Warning: Design has unannotated black box outputs. (PWR-428)
 
****************************************
Report : power
        -analysis_effort high
Design : ram_wb
Version: M-2016.12-SP2
Date   : Tue Jul  3 16:48:15 2018
****************************************


Library(s) Used:

    sc9_cmos10lpe_base_hvt_ss_nominal_max_1p08v_125c (File: /home/projects/vlsi/libraries/65lpe/ref_lib/arm/std_cells/hvt/timing_lib/nldm/db/sc9_cmos10lpe_base_hvt_ss_nominal_max_1p08v_125c.db)


Operating Conditions: ss_nominal_max_1p08v_125c   Library: sc9_cmos10lpe_base_hvt_ss_nominal_max_1p08v_125c
Wire Load Model Mode: top


Global Operating Voltage = 1.08 
Power-specific unit information :
    Voltage Units = 1V
    Capacitance Units = 1.000000pf
    Time Units = 1ns
    Dynamic Power Units = 1mW    (derived from V,C,T units)
    Leakage Power Units = 1uW


  Cell Internal Power  = 153.6581 uW   (84%)
  Net Switching Power  =  30.2635 uW   (16%)
                         ---------
Total Dynamic Power    = 183.9215 uW  (100%)

Cell Leakage Power     = 275.8305 nW


                 Internal         Switching           Leakage            Total
Power Group      Power            Power               Power              Power   (   %    )  Attrs
--------------------------------------------------------------------------------------------------
io_pad             0.0000            0.0000            0.0000            0.0000  (   0.00%)
memory             0.0000            0.0000            0.0000            0.0000  (   0.00%)
black_box          0.0000            0.0000            0.0000            0.0000  (   0.00%)
clock_network  7.7397e-04        2.6930e-02        1.2642e-03        2.7706e-02  (  15.04%)
register           0.1423        1.3167e-04            0.1570            0.1426  (  77.41%)
sequential         0.0000            0.0000            0.0000            0.0000  (   0.00%)
combinational  1.0588e-02        3.2013e-03            0.1176        1.3907e-02  (   7.55%)
--------------------------------------------------------------------------------------------------
Total              0.1537 mW     3.0263e-02 mW         0.2758 uW         0.1842 mW
1
