Information: Propagating switching activity (high effort zero delay simulation). (PWR-6)
Warning: The derived toggle rate value (0.500000) for the clock net 'wb_clk_i' conflicts with the annotated value (0.050000). Using the annotated value. (PWR-12)
Warning: Design has unannotated sequential cell outputs. (PWR-415)
 
****************************************
Report : power
        -analysis_effort high
Design : sha256_top
Version: M-2016.12-SP2
Date   : Wed Jul  4 08:59:03 2018
****************************************


Library(s) Used:

    sc9_cmos10lpe_base_hvt_ss_nominal_max_1p08v_125c (File: /home/projects/vlsi/libraries/65lpe/ref_lib/arm/std_cells/hvt/timing_lib/nldm/db/sc9_cmos10lpe_base_hvt_ss_nominal_max_1p08v_125c.db)


Operating Conditions: ss_nominal_max_1p08v_125c   Library: sc9_cmos10lpe_base_hvt_ss_nominal_max_1p08v_125c
Wire Load Model Mode: top


Global Operating Voltage = 1.08 
Power-specific unit information :
    Voltage Units = 1V
    Capacitance Units = 1.000000pf
    Time Units = 1ns
    Dynamic Power Units = 1mW    (derived from V,C,T units)
    Leakage Power Units = 1uW


  Cell Internal Power  = 306.8299 uW   (78%)
  Net Switching Power  =  86.2587 uW   (22%)
                         ---------
Total Dynamic Power    = 393.0885 uW  (100%)

Cell Leakage Power     = 928.5596 nW


                 Internal         Switching           Leakage            Total
Power Group      Power            Power               Power              Power   (   %    )  Attrs
--------------------------------------------------------------------------------------------------
io_pad             0.0000            0.0000            0.0000            0.0000  (   0.00%)
memory             0.0000            0.0000            0.0000            0.0000  (   0.00%)
black_box          0.0000            0.0000            0.0000            0.0000  (   0.00%)
clock_network      0.0000            0.0000            0.0000            0.0000  (   0.00%)
register           0.2898        1.0205e-04            0.3310            0.2902  (  73.66%)
sequential         0.0000            0.0000            0.0000            0.0000  (   0.00%)
combinational  1.7044e-02        8.6157e-02            0.5976            0.1038  (  26.34%)
--------------------------------------------------------------------------------------------------
Total              0.3068 mW     8.6259e-02 mW         0.9286 uW         0.3940 mW
1
