 
****************************************
Report : area
Design : sha256_top
Version: M-2016.12-SP2
Date   : Wed Jul  4 08:59:01 2018
****************************************

Library(s) Used:

    sc9_cmos10lpe_base_hvt_ss_nominal_max_1p08v_125c (File: /home/projects/vlsi/libraries/65lpe/ref_lib/arm/std_cells/hvt/timing_lib/nldm/db/sc9_cmos10lpe_base_hvt_ss_nominal_max_1p08v_125c.db)

Number of ports:                          108
Number of nets:                          9865
Number of cells:                         9447
Number of combinational cells:           7892
Number of sequential cells:              1555
Number of macros/black boxes:               0
Number of buf/inv:                       1757
Number of references:                     106

Combinational area:              19685.160240
Buf/Inv area:                     1926.360076
Noncombinational area:           11773.079907
Macro/Black Box area:                0.000000
Net Interconnect area:      undefined  (No wire load specified)

Total cell area:                 31458.240147
Total area:                 undefined
1
