Information: Updating design information... (UID-85)
Warning: Design 'or1200_top' contains 2 high-fanout nets. A fanout number of 1000 will be used for delay calculations involving these nets. (TIM-134)
 
****************************************
Report : timing
        -path full
        -delay max
        -nworst 10
        -input_pins
        -nets
        -max_paths 10
        -capacitance
Design : or1200_top
Version: M-2016.12-SP2
Date   : Tue Jul 10 10:25:58 2018
****************************************

 # A fanout number of 1000 was used for high fanout net computations.

Operating Conditions: ss_nominal_max_1p08v_125c   Library: sc9_cmos10lpe_base_hvt_ss_nominal_max_1p08v_125c
Wire Load Model Mode: top

  Startpoint: or1200_cpu_or1200_operandmuxes_operand_b_reg_0_
              (rising edge-triggered flip-flop clocked by CLK)
  Endpoint: or1200_cpu_or1200_mult_mac_or1200_gmultp2_32x32_p0_reg_56_
            (rising edge-triggered flip-flop clocked by CLK)
  Path Group: CLK
  Path Type: max

  Point                                       Fanout       Cap      Incr       Path
  ------------------------------------------------------------------------------------
  clock CLK (rise edge)                                             0.00       0.00
  clock network delay (ideal)                                       0.00       0.00
  or1200_cpu_or1200_operandmuxes_operand_b_reg_0_/CK (DFFRPQ_X0P5M_A9TH)     0.00 #     0.00 r
  or1200_cpu_or1200_operandmuxes_operand_b_reg_0_/Q (DFFRPQ_X0P5M_A9TH)     1.12     1.12 r
  DFFRPQ_X0P5M_A9TH_DFXLAB_or1200_cpu_or1200_operandmuxes_operand_b_reg_0__DFXLAB_R_DFXLAB_or1200_cpu_or1200_alu_N645 (net)    17     0.04     0.00     1.12 r
  U17382/B (NOR2_X6M_A9TH)                                          0.00       1.12 r
  U17382/Y (NOR2_X6M_A9TH)                                          0.56       1.68 f
  n10983 (net)                                 11         0.03      0.00       1.68 f
  U15908/B (NAND3_X3A_A9TH)                                         0.00       1.68 f
  U15908/Y (NAND3_X3A_A9TH)                                         0.23       1.91 r
  n12108 (net)                                  2         0.00      0.00       1.91 r
  U15917/A (OR2_X3M_A9TH)                                           0.00       1.91 r
  U15917/Y (OR2_X3M_A9TH)                                           0.16       2.07 r
  n20892 (net)                                  3         0.00      0.00       2.07 r
  U15154/A0 (OAI21_X1P4M_A9TH)                                      0.00       2.07 r
  U15154/Y (OAI21_X1P4M_A9TH)                                       0.10       2.17 f
  n12107 (net)                                  1         0.00      0.00       2.17 f
  U17458/A (MXIT2_X3M_A9TH)                                         0.00       2.17 f
  U17458/Y (MXIT2_X3M_A9TH)                                         0.16       2.33 r
  n12120 (net)                                  3         0.01      0.00       2.33 r
  U14654/A (BUF_X3P5M_A9TH)                                         0.00       2.33 r
  U14654/Y (BUF_X3P5M_A9TH)                                         0.24       2.57 r
  n26555 (net)                                  9         0.03      0.00       2.57 r
  U17276/A (AND3_X6M_A9TH)                                          0.00       2.57 r
  U17276/Y (AND3_X6M_A9TH)                                          0.20       2.77 r
  n14812 (net)                                 20         0.03      0.00       2.77 r
  U20288/A (MXIT2_X1M_A9TH)                                         0.00       2.77 r
  U20288/Y (MXIT2_X1M_A9TH)                                         0.10       2.88 f
  n13986 (net)                                  1         0.00      0.00       2.88 f
  U16591/AN (NOR2B_X3M_A9TH)                                        0.00       2.88 f
  U16591/Y (NOR2B_X3M_A9TH)                                         0.16       3.03 f
  n14120 (net)                                  1         0.00      0.00       3.03 f
  U19417/A (ADDF_X1M_A9TH)                                          0.00       3.03 f
  U19417/CO (ADDF_X1M_A9TH)                                         0.26       3.30 f
  n14183 (net)                                  1         0.00      0.00       3.30 f
  U19289/A (ADDF_X1M_A9TH)                                          0.00       3.30 f
  U19289/CO (ADDF_X1M_A9TH)                                         0.27       3.57 f
  n14067 (net)                                  1         0.00      0.00       3.57 f
  U15266/CI (ADDF_X2M_A9TH)                                         0.00       3.57 f
  U15266/S (ADDF_X2M_A9TH)                                          0.42       3.99 r
  n14411 (net)                                  1         0.00      0.00       3.99 r
  U16816/A (ADDF_X2M_A9TH)                                          0.00       3.99 r
  U16816/S (ADDF_X2M_A9TH)                                          0.42       4.41 f
  n14434 (net)                                  2         0.01      0.00       4.41 f
  U15937/A (XOR2_X3M_A9TH)                                          0.00       4.41 f
  U15937/Y (XOR2_X3M_A9TH)                                          0.10       4.50 r
  n11408 (net)                                  1         0.00      0.00       4.50 r
  U15965/B (XOR2_X3M_A9TH)                                          0.00       4.50 r
  U15965/Y (XOR2_X3M_A9TH)                                          0.19       4.69 r
  n11762 (net)                                  1         0.00      0.00       4.69 r
  U15964/B (XOR2_X4M_A9TH)                                          0.00       4.69 r
  U15964/Y (XOR2_X4M_A9TH)                                          0.18       4.87 r
  n14426 (net)                                  2         0.01      0.00       4.87 r
  U16052/A (NAND2_X3M_A9TH)                                         0.00       4.87 r
  U16052/Y (NAND2_X3M_A9TH)                                         0.12       4.99 f
  n17110 (net)                                  4         0.01      0.00       4.99 f
  U13739/B (AND2_X1M_A9TH)                                          0.00       4.99 f
  U13739/Y (AND2_X1M_A9TH)                                          0.16       5.15 f
  n14435 (net)                                  1         0.00      0.00       5.15 f
  U17115/B0 (OAI21_X1P4M_A9TH)                                      0.00       5.15 f
  U17115/Y (OAI21_X1P4M_A9TH)                                       0.10       5.25 r
  n17063 (net)                                  2         0.01      0.00       5.25 r
  U17139/B0 (OAI2XB1_X3M_A9TH)                                      0.00       5.25 r
  U17139/Y (OAI2XB1_X3M_A9TH)                                       0.12       5.38 f
  n17056 (net)                                  3         0.00      0.00       5.38 f
  U18980/A (NAND2_X1M_A9TH)                                         0.00       5.38 f
  U18980/Y (NAND2_X1M_A9TH)                                         0.09       5.47 r
  n15506 (net)                                  1         0.00      0.00       5.47 r
  U16026/C (NAND3_X3A_A9TH)                                         0.00       5.47 r
  U16026/Y (NAND3_X3A_A9TH)                                         0.11       5.58 f
  n15508 (net)                                  1         0.00      0.00       5.58 f
  U15306/B0 (OAI22_X3M_A9TH)                                        0.00       5.58 f
  U15306/Y (OAI22_X3M_A9TH)                                         0.09       5.66 r
  n15517 (net)                                  1         0.00      0.00       5.66 r
  U16060/A0 (OAI21_X3M_A9TH)                                        0.00       5.66 r
  U16060/Y (OAI21_X3M_A9TH)                                         0.12       5.78 f
  n15518 (net)                                  1         0.01      0.00       5.78 f
  U18945/B (NAND2_X6M_A9TH)                                         0.00       5.78 f
  U18945/Y (NAND2_X6M_A9TH)                                         0.11       5.89 r
  n17546 (net)                                  8         0.02      0.00       5.89 r
  U18939/A (NAND2_X2A_A9TH)                                         0.00       5.89 r
  U18939/Y (NAND2_X2A_A9TH)                                         0.11       6.00 f
  n17484 (net)                                  2         0.01      0.00       6.00 f
  U13596/A (BUFH_X1M_A9TH)                                          0.00       6.00 f
  U13596/Y (BUFH_X1M_A9TH)                                          0.14       6.14 f
  n10925 (net)                                  2         0.00      0.00       6.14 f
  U13590/A (NOR2_X2A_A9TH)                                          0.00       6.14 f
  U13590/Y (NOR2_X2A_A9TH)                                          0.07       6.21 r
  n17418 (net)                                  1         0.00      0.00       6.21 r
  U16035/C0 (AOI211_X2M_A9TH)                                       0.00       6.21 r
  U16035/Y (AOI211_X2M_A9TH)                                        0.07       6.28 f
  DFFRPQ_X0P5M_A9TH_DFXLAB_or1200_cpu_or1200_mult_mac_or1200_gmultp2_32x32_p0_reg_56__DFXLAB_D_DFXLAB_or1200_cpu_or1200_mult_mac_or1200_gmultp2_32x32_N57 (net)     1     0.00     0.00     6.28 f
  or1200_cpu_or1200_mult_mac_or1200_gmultp2_32x32_p0_reg_56_/D (DFFRPQ_X0P5M_A9TH)     0.00     6.28 f
  data arrival time                                                            6.28

  clock CLK (rise edge)                                             4.00       4.00
  clock network delay (ideal)                                       0.00       4.00
  or1200_cpu_or1200_mult_mac_or1200_gmultp2_32x32_p0_reg_56_/CK (DFFRPQ_X0P5M_A9TH)     0.00     4.00 r
  library setup time                                               -0.18       3.82
  data required time                                                           3.82
  ------------------------------------------------------------------------------------
  data required time                                                           3.82
  data arrival time                                                           -6.28
  ------------------------------------------------------------------------------------
  slack (VIOLATED)                                                            -2.46


  Startpoint: or1200_cpu_or1200_operandmuxes_operand_b_reg_0_
              (rising edge-triggered flip-flop clocked by CLK)
  Endpoint: or1200_cpu_or1200_mult_mac_or1200_gmultp2_32x32_p0_reg_56_
            (rising edge-triggered flip-flop clocked by CLK)
  Path Group: CLK
  Path Type: max

  Point                                       Fanout       Cap      Incr       Path
  ------------------------------------------------------------------------------------
  clock CLK (rise edge)                                             0.00       0.00
  clock network delay (ideal)                                       0.00       0.00
  or1200_cpu_or1200_operandmuxes_operand_b_reg_0_/CK (DFFRPQ_X0P5M_A9TH)     0.00 #     0.00 r
  or1200_cpu_or1200_operandmuxes_operand_b_reg_0_/Q (DFFRPQ_X0P5M_A9TH)     1.12     1.12 r
  DFFRPQ_X0P5M_A9TH_DFXLAB_or1200_cpu_or1200_operandmuxes_operand_b_reg_0__DFXLAB_R_DFXLAB_or1200_cpu_or1200_alu_N645 (net)    17     0.04     0.00     1.12 r
  U17382/B (NOR2_X6M_A9TH)                                          0.00       1.12 r
  U17382/Y (NOR2_X6M_A9TH)                                          0.56       1.68 f
  n10983 (net)                                 11         0.03      0.00       1.68 f
  U15908/B (NAND3_X3A_A9TH)                                         0.00       1.68 f
  U15908/Y (NAND3_X3A_A9TH)                                         0.23       1.91 r
  n12108 (net)                                  2         0.00      0.00       1.91 r
  U15917/A (OR2_X3M_A9TH)                                           0.00       1.91 r
  U15917/Y (OR2_X3M_A9TH)                                           0.16       2.07 r
  n20892 (net)                                  3         0.00      0.00       2.07 r
  U15154/A0 (OAI21_X1P4M_A9TH)                                      0.00       2.07 r
  U15154/Y (OAI21_X1P4M_A9TH)                                       0.10       2.17 f
  n12107 (net)                                  1         0.00      0.00       2.17 f
  U17458/A (MXIT2_X3M_A9TH)                                         0.00       2.17 f
  U17458/Y (MXIT2_X3M_A9TH)                                         0.16       2.33 r
  n12120 (net)                                  3         0.01      0.00       2.33 r
  U14654/A (BUF_X3P5M_A9TH)                                         0.00       2.33 r
  U14654/Y (BUF_X3P5M_A9TH)                                         0.24       2.57 r
  n26555 (net)                                  9         0.03      0.00       2.57 r
  U17276/A (AND3_X6M_A9TH)                                          0.00       2.57 r
  U17276/Y (AND3_X6M_A9TH)                                          0.20       2.77 r
  n14812 (net)                                 20         0.03      0.00       2.77 r
  U20288/A (MXIT2_X1M_A9TH)                                         0.00       2.77 r
  U20288/Y (MXIT2_X1M_A9TH)                                         0.10       2.88 f
  n13986 (net)                                  1         0.00      0.00       2.88 f
  U16591/AN (NOR2B_X3M_A9TH)                                        0.00       2.88 f
  U16591/Y (NOR2B_X3M_A9TH)                                         0.16       3.03 f
  n14120 (net)                                  1         0.00      0.00       3.03 f
  U19417/A (ADDF_X1M_A9TH)                                          0.00       3.03 f
  U19417/CO (ADDF_X1M_A9TH)                                         0.26       3.30 f
  n14183 (net)                                  1         0.00      0.00       3.30 f
  U19289/A (ADDF_X1M_A9TH)                                          0.00       3.30 f
  U19289/CO (ADDF_X1M_A9TH)                                         0.27       3.57 f
  n14067 (net)                                  1         0.00      0.00       3.57 f
  U15266/CI (ADDF_X2M_A9TH)                                         0.00       3.57 f
  U15266/S (ADDF_X2M_A9TH)                                          0.42       3.99 r
  n14411 (net)                                  1         0.00      0.00       3.99 r
  U16816/A (ADDF_X2M_A9TH)                                          0.00       3.99 r
  U16816/S (ADDF_X2M_A9TH)                                          0.42       4.41 f
  n14434 (net)                                  2         0.01      0.00       4.41 f
  U15937/A (XOR2_X3M_A9TH)                                          0.00       4.41 f
  U15937/Y (XOR2_X3M_A9TH)                                          0.10       4.50 r
  n11408 (net)                                  1         0.00      0.00       4.50 r
  U15965/B (XOR2_X3M_A9TH)                                          0.00       4.50 r
  U15965/Y (XOR2_X3M_A9TH)                                          0.19       4.69 r
  n11762 (net)                                  1         0.00      0.00       4.69 r
  U15964/B (XOR2_X4M_A9TH)                                          0.00       4.69 r
  U15964/Y (XOR2_X4M_A9TH)                                          0.18       4.87 r
  n14426 (net)                                  2         0.01      0.00       4.87 r
  U16052/A (NAND2_X3M_A9TH)                                         0.00       4.87 r
  U16052/Y (NAND2_X3M_A9TH)                                         0.12       4.99 f
  n17110 (net)                                  4         0.01      0.00       4.99 f
  U13739/B (AND2_X1M_A9TH)                                          0.00       4.99 f
  U13739/Y (AND2_X1M_A9TH)                                          0.16       5.15 f
  n14435 (net)                                  1         0.00      0.00       5.15 f
  U17115/B0 (OAI21_X1P4M_A9TH)                                      0.00       5.15 f
  U17115/Y (OAI21_X1P4M_A9TH)                                       0.10       5.25 r
  n17063 (net)                                  2         0.01      0.00       5.25 r
  U17139/B0 (OAI2XB1_X3M_A9TH)                                      0.00       5.25 r
  U17139/Y (OAI2XB1_X3M_A9TH)                                       0.12       5.38 f
  n17056 (net)                                  3         0.00      0.00       5.38 f
  U18980/A (NAND2_X1M_A9TH)                                         0.00       5.38 f
  U18980/Y (NAND2_X1M_A9TH)                                         0.09       5.47 r
  n15506 (net)                                  1         0.00      0.00       5.47 r
  U16026/C (NAND3_X3A_A9TH)                                         0.00       5.47 r
  U16026/Y (NAND3_X3A_A9TH)                                         0.11       5.58 f
  n15508 (net)                                  1         0.00      0.00       5.58 f
  U15306/B0 (OAI22_X3M_A9TH)                                        0.00       5.58 f
  U15306/Y (OAI22_X3M_A9TH)                                         0.09       5.66 r
  n15517 (net)                                  1         0.00      0.00       5.66 r
  U16060/A0 (OAI21_X3M_A9TH)                                        0.00       5.66 r
  U16060/Y (OAI21_X3M_A9TH)                                         0.12       5.78 f
  n15518 (net)                                  1         0.01      0.00       5.78 f
  U18945/B (NAND2_X6M_A9TH)                                         0.00       5.78 f
  U18945/Y (NAND2_X6M_A9TH)                                         0.11       5.89 r
  n17546 (net)                                  8         0.02      0.00       5.89 r
  U18939/A (NAND2_X2A_A9TH)                                         0.00       5.89 r
  U18939/Y (NAND2_X2A_A9TH)                                         0.11       6.00 f
  n17484 (net)                                  2         0.01      0.00       6.00 f
  U13596/A (BUFH_X1M_A9TH)                                          0.00       6.00 f
  U13596/Y (BUFH_X1M_A9TH)                                          0.14       6.14 f
  n10925 (net)                                  2         0.00      0.00       6.14 f
  U13590/A (NOR2_X2A_A9TH)                                          0.00       6.14 f
  U13590/Y (NOR2_X2A_A9TH)                                          0.07       6.21 r
  n17418 (net)                                  1         0.00      0.00       6.21 r
  U16035/C0 (AOI211_X2M_A9TH)                                       0.00       6.21 r
  U16035/Y (AOI211_X2M_A9TH)                                        0.07       6.28 f
  DFFRPQ_X0P5M_A9TH_DFXLAB_or1200_cpu_or1200_mult_mac_or1200_gmultp2_32x32_p0_reg_56__DFXLAB_D_DFXLAB_or1200_cpu_or1200_mult_mac_or1200_gmultp2_32x32_N57 (net)     1     0.00     0.00     6.28 f
  or1200_cpu_or1200_mult_mac_or1200_gmultp2_32x32_p0_reg_56_/D (DFFRPQ_X0P5M_A9TH)     0.00     6.28 f
  data arrival time                                                            6.28

  clock CLK (rise edge)                                             4.00       4.00
  clock network delay (ideal)                                       0.00       4.00
  or1200_cpu_or1200_mult_mac_or1200_gmultp2_32x32_p0_reg_56_/CK (DFFRPQ_X0P5M_A9TH)     0.00     4.00 r
  library setup time                                               -0.18       3.82
  data required time                                                           3.82
  ------------------------------------------------------------------------------------
  data required time                                                           3.82
  data arrival time                                                           -6.28
  ------------------------------------------------------------------------------------
  slack (VIOLATED)                                                            -2.46


  Startpoint: or1200_cpu_or1200_operandmuxes_operand_b_reg_0_
              (rising edge-triggered flip-flop clocked by CLK)
  Endpoint: or1200_cpu_or1200_mult_mac_or1200_gmultp2_32x32_p0_reg_56_
            (rising edge-triggered flip-flop clocked by CLK)
  Path Group: CLK
  Path Type: max

  Point                                       Fanout       Cap      Incr       Path
  ------------------------------------------------------------------------------------
  clock CLK (rise edge)                                             0.00       0.00
  clock network delay (ideal)                                       0.00       0.00
  or1200_cpu_or1200_operandmuxes_operand_b_reg_0_/CK (DFFRPQ_X0P5M_A9TH)     0.00 #     0.00 r
  or1200_cpu_or1200_operandmuxes_operand_b_reg_0_/Q (DFFRPQ_X0P5M_A9TH)     1.12     1.12 r
  DFFRPQ_X0P5M_A9TH_DFXLAB_or1200_cpu_or1200_operandmuxes_operand_b_reg_0__DFXLAB_R_DFXLAB_or1200_cpu_or1200_alu_N645 (net)    17     0.04     0.00     1.12 r
  U17382/B (NOR2_X6M_A9TH)                                          0.00       1.12 r
  U17382/Y (NOR2_X6M_A9TH)                                          0.56       1.68 f
  n10983 (net)                                 11         0.03      0.00       1.68 f
  U15908/B (NAND3_X3A_A9TH)                                         0.00       1.68 f
  U15908/Y (NAND3_X3A_A9TH)                                         0.23       1.91 r
  n12108 (net)                                  2         0.00      0.00       1.91 r
  U15917/A (OR2_X3M_A9TH)                                           0.00       1.91 r
  U15917/Y (OR2_X3M_A9TH)                                           0.16       2.07 r
  n20892 (net)                                  3         0.00      0.00       2.07 r
  U15154/A0 (OAI21_X1P4M_A9TH)                                      0.00       2.07 r
  U15154/Y (OAI21_X1P4M_A9TH)                                       0.10       2.17 f
  n12107 (net)                                  1         0.00      0.00       2.17 f
  U17458/A (MXIT2_X3M_A9TH)                                         0.00       2.17 f
  U17458/Y (MXIT2_X3M_A9TH)                                         0.16       2.33 r
  n12120 (net)                                  3         0.01      0.00       2.33 r
  U14654/A (BUF_X3P5M_A9TH)                                         0.00       2.33 r
  U14654/Y (BUF_X3P5M_A9TH)                                         0.24       2.57 r
  n26555 (net)                                  9         0.03      0.00       2.57 r
  U17276/A (AND3_X6M_A9TH)                                          0.00       2.57 r
  U17276/Y (AND3_X6M_A9TH)                                          0.20       2.77 r
  n14812 (net)                                 20         0.03      0.00       2.77 r
  U20288/A (MXIT2_X1M_A9TH)                                         0.00       2.77 r
  U20288/Y (MXIT2_X1M_A9TH)                                         0.10       2.88 f
  n13986 (net)                                  1         0.00      0.00       2.88 f
  U16591/AN (NOR2B_X3M_A9TH)                                        0.00       2.88 f
  U16591/Y (NOR2B_X3M_A9TH)                                         0.16       3.03 f
  n14120 (net)                                  1         0.00      0.00       3.03 f
  U19417/A (ADDF_X1M_A9TH)                                          0.00       3.03 f
  U19417/CO (ADDF_X1M_A9TH)                                         0.26       3.30 f
  n14183 (net)                                  1         0.00      0.00       3.30 f
  U19289/A (ADDF_X1M_A9TH)                                          0.00       3.30 f
  U19289/CO (ADDF_X1M_A9TH)                                         0.27       3.57 f
  n14067 (net)                                  1         0.00      0.00       3.57 f
  U15266/CI (ADDF_X2M_A9TH)                                         0.00       3.57 f
  U15266/S (ADDF_X2M_A9TH)                                          0.42       3.99 r
  n14411 (net)                                  1         0.00      0.00       3.99 r
  U16816/A (ADDF_X2M_A9TH)                                          0.00       3.99 r
  U16816/S (ADDF_X2M_A9TH)                                          0.42       4.41 f
  n14434 (net)                                  2         0.01      0.00       4.41 f
  U15937/A (XOR2_X3M_A9TH)                                          0.00       4.41 f
  U15937/Y (XOR2_X3M_A9TH)                                          0.10       4.50 r
  n11408 (net)                                  1         0.00      0.00       4.50 r
  U15965/B (XOR2_X3M_A9TH)                                          0.00       4.50 r
  U15965/Y (XOR2_X3M_A9TH)                                          0.19       4.69 r
  n11762 (net)                                  1         0.00      0.00       4.69 r
  U15964/B (XOR2_X4M_A9TH)                                          0.00       4.69 r
  U15964/Y (XOR2_X4M_A9TH)                                          0.18       4.87 r
  n14426 (net)                                  2         0.01      0.00       4.87 r
  U16052/A (NAND2_X3M_A9TH)                                         0.00       4.87 r
  U16052/Y (NAND2_X3M_A9TH)                                         0.12       4.99 f
  n17110 (net)                                  4         0.01      0.00       4.99 f
  U13739/B (AND2_X1M_A9TH)                                          0.00       4.99 f
  U13739/Y (AND2_X1M_A9TH)                                          0.16       5.15 f
  n14435 (net)                                  1         0.00      0.00       5.15 f
  U17115/B0 (OAI21_X1P4M_A9TH)                                      0.00       5.15 f
  U17115/Y (OAI21_X1P4M_A9TH)                                       0.10       5.25 r
  n17063 (net)                                  2         0.01      0.00       5.25 r
  U17139/B0 (OAI2XB1_X3M_A9TH)                                      0.00       5.25 r
  U17139/Y (OAI2XB1_X3M_A9TH)                                       0.12       5.38 f
  n17056 (net)                                  3         0.00      0.00       5.38 f
  U18980/A (NAND2_X1M_A9TH)                                         0.00       5.38 f
  U18980/Y (NAND2_X1M_A9TH)                                         0.09       5.47 r
  n15506 (net)                                  1         0.00      0.00       5.47 r
  U16026/C (NAND3_X3A_A9TH)                                         0.00       5.47 r
  U16026/Y (NAND3_X3A_A9TH)                                         0.11       5.58 f
  n15508 (net)                                  1         0.00      0.00       5.58 f
  U15306/B0 (OAI22_X3M_A9TH)                                        0.00       5.58 f
  U15306/Y (OAI22_X3M_A9TH)                                         0.09       5.66 r
  n15517 (net)                                  1         0.00      0.00       5.66 r
  U16060/A0 (OAI21_X3M_A9TH)                                        0.00       5.66 r
  U16060/Y (OAI21_X3M_A9TH)                                         0.12       5.78 f
  n15518 (net)                                  1         0.01      0.00       5.78 f
  U18945/B (NAND2_X6M_A9TH)                                         0.00       5.78 f
  U18945/Y (NAND2_X6M_A9TH)                                         0.11       5.89 r
  n17546 (net)                                  8         0.02      0.00       5.89 r
  U18939/A (NAND2_X2A_A9TH)                                         0.00       5.89 r
  U18939/Y (NAND2_X2A_A9TH)                                         0.11       6.00 f
  n17484 (net)                                  2         0.01      0.00       6.00 f
  U13596/A (BUFH_X1M_A9TH)                                          0.00       6.00 f
  U13596/Y (BUFH_X1M_A9TH)                                          0.14       6.14 f
  n10925 (net)                                  2         0.00      0.00       6.14 f
  U13590/A (NOR2_X2A_A9TH)                                          0.00       6.14 f
  U13590/Y (NOR2_X2A_A9TH)                                          0.07       6.21 r
  n17418 (net)                                  1         0.00      0.00       6.21 r
  U16035/C0 (AOI211_X2M_A9TH)                                       0.00       6.21 r
  U16035/Y (AOI211_X2M_A9TH)                                        0.07       6.28 f
  DFFRPQ_X0P5M_A9TH_DFXLAB_or1200_cpu_or1200_mult_mac_or1200_gmultp2_32x32_p0_reg_56__DFXLAB_D_DFXLAB_or1200_cpu_or1200_mult_mac_or1200_gmultp2_32x32_N57 (net)     1     0.00     0.00     6.28 f
  or1200_cpu_or1200_mult_mac_or1200_gmultp2_32x32_p0_reg_56_/D (DFFRPQ_X0P5M_A9TH)     0.00     6.28 f
  data arrival time                                                            6.28

  clock CLK (rise edge)                                             4.00       4.00
  clock network delay (ideal)                                       0.00       4.00
  or1200_cpu_or1200_mult_mac_or1200_gmultp2_32x32_p0_reg_56_/CK (DFFRPQ_X0P5M_A9TH)     0.00     4.00 r
  library setup time                                               -0.18       3.82
  data required time                                                           3.82
  ------------------------------------------------------------------------------------
  data required time                                                           3.82
  data arrival time                                                           -6.28
  ------------------------------------------------------------------------------------
  slack (VIOLATED)                                                            -2.46


  Startpoint: or1200_cpu_or1200_operandmuxes_operand_b_reg_0_
              (rising edge-triggered flip-flop clocked by CLK)
  Endpoint: or1200_cpu_or1200_mult_mac_or1200_gmultp2_32x32_p0_reg_56_
            (rising edge-triggered flip-flop clocked by CLK)
  Path Group: CLK
  Path Type: max

  Point                                       Fanout       Cap      Incr       Path
  ------------------------------------------------------------------------------------
  clock CLK (rise edge)                                             0.00       0.00
  clock network delay (ideal)                                       0.00       0.00
  or1200_cpu_or1200_operandmuxes_operand_b_reg_0_/CK (DFFRPQ_X0P5M_A9TH)     0.00 #     0.00 r
  or1200_cpu_or1200_operandmuxes_operand_b_reg_0_/Q (DFFRPQ_X0P5M_A9TH)     1.12     1.12 r
  DFFRPQ_X0P5M_A9TH_DFXLAB_or1200_cpu_or1200_operandmuxes_operand_b_reg_0__DFXLAB_R_DFXLAB_or1200_cpu_or1200_alu_N645 (net)    17     0.04     0.00     1.12 r
  U17382/B (NOR2_X6M_A9TH)                                          0.00       1.12 r
  U17382/Y (NOR2_X6M_A9TH)                                          0.56       1.68 f
  n10983 (net)                                 11         0.03      0.00       1.68 f
  U15908/B (NAND3_X3A_A9TH)                                         0.00       1.68 f
  U15908/Y (NAND3_X3A_A9TH)                                         0.23       1.91 r
  n12108 (net)                                  2         0.00      0.00       1.91 r
  U15917/A (OR2_X3M_A9TH)                                           0.00       1.91 r
  U15917/Y (OR2_X3M_A9TH)                                           0.16       2.07 r
  n20892 (net)                                  3         0.00      0.00       2.07 r
  U15154/A0 (OAI21_X1P4M_A9TH)                                      0.00       2.07 r
  U15154/Y (OAI21_X1P4M_A9TH)                                       0.10       2.17 f
  n12107 (net)                                  1         0.00      0.00       2.17 f
  U17458/A (MXIT2_X3M_A9TH)                                         0.00       2.17 f
  U17458/Y (MXIT2_X3M_A9TH)                                         0.16       2.33 r
  n12120 (net)                                  3         0.01      0.00       2.33 r
  U14654/A (BUF_X3P5M_A9TH)                                         0.00       2.33 r
  U14654/Y (BUF_X3P5M_A9TH)                                         0.24       2.57 r
  n26555 (net)                                  9         0.03      0.00       2.57 r
  U17276/A (AND3_X6M_A9TH)                                          0.00       2.57 r
  U17276/Y (AND3_X6M_A9TH)                                          0.20       2.77 r
  n14812 (net)                                 20         0.03      0.00       2.77 r
  U20288/A (MXIT2_X1M_A9TH)                                         0.00       2.77 r
  U20288/Y (MXIT2_X1M_A9TH)                                         0.10       2.88 f
  n13986 (net)                                  1         0.00      0.00       2.88 f
  U16591/AN (NOR2B_X3M_A9TH)                                        0.00       2.88 f
  U16591/Y (NOR2B_X3M_A9TH)                                         0.16       3.03 f
  n14120 (net)                                  1         0.00      0.00       3.03 f
  U19417/A (ADDF_X1M_A9TH)                                          0.00       3.03 f
  U19417/CO (ADDF_X1M_A9TH)                                         0.26       3.30 f
  n14183 (net)                                  1         0.00      0.00       3.30 f
  U19289/A (ADDF_X1M_A9TH)                                          0.00       3.30 f
  U19289/CO (ADDF_X1M_A9TH)                                         0.27       3.57 f
  n14067 (net)                                  1         0.00      0.00       3.57 f
  U15266/CI (ADDF_X2M_A9TH)                                         0.00       3.57 f
  U15266/S (ADDF_X2M_A9TH)                                          0.42       3.99 r
  n14411 (net)                                  1         0.00      0.00       3.99 r
  U16816/A (ADDF_X2M_A9TH)                                          0.00       3.99 r
  U16816/S (ADDF_X2M_A9TH)                                          0.42       4.41 f
  n14434 (net)                                  2         0.01      0.00       4.41 f
  U15937/A (XOR2_X3M_A9TH)                                          0.00       4.41 f
  U15937/Y (XOR2_X3M_A9TH)                                          0.10       4.50 r
  n11408 (net)                                  1         0.00      0.00       4.50 r
  U15965/B (XOR2_X3M_A9TH)                                          0.00       4.50 r
  U15965/Y (XOR2_X3M_A9TH)                                          0.19       4.69 r
  n11762 (net)                                  1         0.00      0.00       4.69 r
  U15964/B (XOR2_X4M_A9TH)                                          0.00       4.69 r
  U15964/Y (XOR2_X4M_A9TH)                                          0.18       4.87 r
  n14426 (net)                                  2         0.01      0.00       4.87 r
  U16052/A (NAND2_X3M_A9TH)                                         0.00       4.87 r
  U16052/Y (NAND2_X3M_A9TH)                                         0.12       4.99 f
  n17110 (net)                                  4         0.01      0.00       4.99 f
  U13739/B (AND2_X1M_A9TH)                                          0.00       4.99 f
  U13739/Y (AND2_X1M_A9TH)                                          0.16       5.15 f
  n14435 (net)                                  1         0.00      0.00       5.15 f
  U17115/B0 (OAI21_X1P4M_A9TH)                                      0.00       5.15 f
  U17115/Y (OAI21_X1P4M_A9TH)                                       0.10       5.25 r
  n17063 (net)                                  2         0.01      0.00       5.25 r
  U17139/B0 (OAI2XB1_X3M_A9TH)                                      0.00       5.25 r
  U17139/Y (OAI2XB1_X3M_A9TH)                                       0.12       5.38 f
  n17056 (net)                                  3         0.00      0.00       5.38 f
  U18980/A (NAND2_X1M_A9TH)                                         0.00       5.38 f
  U18980/Y (NAND2_X1M_A9TH)                                         0.09       5.47 r
  n15506 (net)                                  1         0.00      0.00       5.47 r
  U16026/C (NAND3_X3A_A9TH)                                         0.00       5.47 r
  U16026/Y (NAND3_X3A_A9TH)                                         0.11       5.58 f
  n15508 (net)                                  1         0.00      0.00       5.58 f
  U15306/B0 (OAI22_X3M_A9TH)                                        0.00       5.58 f
  U15306/Y (OAI22_X3M_A9TH)                                         0.09       5.66 r
  n15517 (net)                                  1         0.00      0.00       5.66 r
  U16060/A0 (OAI21_X3M_A9TH)                                        0.00       5.66 r
  U16060/Y (OAI21_X3M_A9TH)                                         0.12       5.78 f
  n15518 (net)                                  1         0.01      0.00       5.78 f
  U18945/B (NAND2_X6M_A9TH)                                         0.00       5.78 f
  U18945/Y (NAND2_X6M_A9TH)                                         0.11       5.89 r
  n17546 (net)                                  8         0.02      0.00       5.89 r
  U18939/A (NAND2_X2A_A9TH)                                         0.00       5.89 r
  U18939/Y (NAND2_X2A_A9TH)                                         0.11       6.00 f
  n17484 (net)                                  2         0.01      0.00       6.00 f
  U13596/A (BUFH_X1M_A9TH)                                          0.00       6.00 f
  U13596/Y (BUFH_X1M_A9TH)                                          0.14       6.14 f
  n10925 (net)                                  2         0.00      0.00       6.14 f
  U13590/A (NOR2_X2A_A9TH)                                          0.00       6.14 f
  U13590/Y (NOR2_X2A_A9TH)                                          0.07       6.21 r
  n17418 (net)                                  1         0.00      0.00       6.21 r
  U16035/C0 (AOI211_X2M_A9TH)                                       0.00       6.21 r
  U16035/Y (AOI211_X2M_A9TH)                                        0.07       6.28 f
  DFFRPQ_X0P5M_A9TH_DFXLAB_or1200_cpu_or1200_mult_mac_or1200_gmultp2_32x32_p0_reg_56__DFXLAB_D_DFXLAB_or1200_cpu_or1200_mult_mac_or1200_gmultp2_32x32_N57 (net)     1     0.00     0.00     6.28 f
  or1200_cpu_or1200_mult_mac_or1200_gmultp2_32x32_p0_reg_56_/D (DFFRPQ_X0P5M_A9TH)     0.00     6.28 f
  data arrival time                                                            6.28

  clock CLK (rise edge)                                             4.00       4.00
  clock network delay (ideal)                                       0.00       4.00
  or1200_cpu_or1200_mult_mac_or1200_gmultp2_32x32_p0_reg_56_/CK (DFFRPQ_X0P5M_A9TH)     0.00     4.00 r
  library setup time                                               -0.18       3.82
  data required time                                                           3.82
  ------------------------------------------------------------------------------------
  data required time                                                           3.82
  data arrival time                                                           -6.28
  ------------------------------------------------------------------------------------
  slack (VIOLATED)                                                            -2.46


  Startpoint: or1200_cpu_or1200_operandmuxes_operand_b_reg_0_
              (rising edge-triggered flip-flop clocked by CLK)
  Endpoint: or1200_cpu_or1200_mult_mac_or1200_gmultp2_32x32_p0_reg_56_
            (rising edge-triggered flip-flop clocked by CLK)
  Path Group: CLK
  Path Type: max

  Point                                       Fanout       Cap      Incr       Path
  ------------------------------------------------------------------------------------
  clock CLK (rise edge)                                             0.00       0.00
  clock network delay (ideal)                                       0.00       0.00
  or1200_cpu_or1200_operandmuxes_operand_b_reg_0_/CK (DFFRPQ_X0P5M_A9TH)     0.00 #     0.00 r
  or1200_cpu_or1200_operandmuxes_operand_b_reg_0_/Q (DFFRPQ_X0P5M_A9TH)     1.12     1.12 r
  DFFRPQ_X0P5M_A9TH_DFXLAB_or1200_cpu_or1200_operandmuxes_operand_b_reg_0__DFXLAB_R_DFXLAB_or1200_cpu_or1200_alu_N645 (net)    17     0.04     0.00     1.12 r
  U17382/B (NOR2_X6M_A9TH)                                          0.00       1.12 r
  U17382/Y (NOR2_X6M_A9TH)                                          0.56       1.68 f
  n10983 (net)                                 11         0.03      0.00       1.68 f
  U15908/B (NAND3_X3A_A9TH)                                         0.00       1.68 f
  U15908/Y (NAND3_X3A_A9TH)                                         0.23       1.91 r
  n12108 (net)                                  2         0.00      0.00       1.91 r
  U15917/A (OR2_X3M_A9TH)                                           0.00       1.91 r
  U15917/Y (OR2_X3M_A9TH)                                           0.16       2.07 r
  n20892 (net)                                  3         0.00      0.00       2.07 r
  U15154/A0 (OAI21_X1P4M_A9TH)                                      0.00       2.07 r
  U15154/Y (OAI21_X1P4M_A9TH)                                       0.10       2.17 f
  n12107 (net)                                  1         0.00      0.00       2.17 f
  U17458/A (MXIT2_X3M_A9TH)                                         0.00       2.17 f
  U17458/Y (MXIT2_X3M_A9TH)                                         0.16       2.33 r
  n12120 (net)                                  3         0.01      0.00       2.33 r
  U14654/A (BUF_X3P5M_A9TH)                                         0.00       2.33 r
  U14654/Y (BUF_X3P5M_A9TH)                                         0.24       2.57 r
  n26555 (net)                                  9         0.03      0.00       2.57 r
  U17276/A (AND3_X6M_A9TH)                                          0.00       2.57 r
  U17276/Y (AND3_X6M_A9TH)                                          0.20       2.77 r
  n14812 (net)                                 20         0.03      0.00       2.77 r
  U20288/A (MXIT2_X1M_A9TH)                                         0.00       2.77 r
  U20288/Y (MXIT2_X1M_A9TH)                                         0.10       2.88 f
  n13986 (net)                                  1         0.00      0.00       2.88 f
  U16591/AN (NOR2B_X3M_A9TH)                                        0.00       2.88 f
  U16591/Y (NOR2B_X3M_A9TH)                                         0.16       3.03 f
  n14120 (net)                                  1         0.00      0.00       3.03 f
  U19417/A (ADDF_X1M_A9TH)                                          0.00       3.03 f
  U19417/CO (ADDF_X1M_A9TH)                                         0.26       3.30 f
  n14183 (net)                                  1         0.00      0.00       3.30 f
  U19289/A (ADDF_X1M_A9TH)                                          0.00       3.30 f
  U19289/CO (ADDF_X1M_A9TH)                                         0.27       3.57 f
  n14067 (net)                                  1         0.00      0.00       3.57 f
  U15266/CI (ADDF_X2M_A9TH)                                         0.00       3.57 f
  U15266/S (ADDF_X2M_A9TH)                                          0.42       3.99 r
  n14411 (net)                                  1         0.00      0.00       3.99 r
  U16816/A (ADDF_X2M_A9TH)                                          0.00       3.99 r
  U16816/S (ADDF_X2M_A9TH)                                          0.42       4.41 f
  n14434 (net)                                  2         0.01      0.00       4.41 f
  U15937/A (XOR2_X3M_A9TH)                                          0.00       4.41 f
  U15937/Y (XOR2_X3M_A9TH)                                          0.10       4.50 r
  n11408 (net)                                  1         0.00      0.00       4.50 r
  U15965/B (XOR2_X3M_A9TH)                                          0.00       4.50 r
  U15965/Y (XOR2_X3M_A9TH)                                          0.19       4.69 r
  n11762 (net)                                  1         0.00      0.00       4.69 r
  U15964/B (XOR2_X4M_A9TH)                                          0.00       4.69 r
  U15964/Y (XOR2_X4M_A9TH)                                          0.18       4.87 r
  n14426 (net)                                  2         0.01      0.00       4.87 r
  U16052/A (NAND2_X3M_A9TH)                                         0.00       4.87 r
  U16052/Y (NAND2_X3M_A9TH)                                         0.12       4.99 f
  n17110 (net)                                  4         0.01      0.00       4.99 f
  U13739/B (AND2_X1M_A9TH)                                          0.00       4.99 f
  U13739/Y (AND2_X1M_A9TH)                                          0.16       5.15 f
  n14435 (net)                                  1         0.00      0.00       5.15 f
  U17115/B0 (OAI21_X1P4M_A9TH)                                      0.00       5.15 f
  U17115/Y (OAI21_X1P4M_A9TH)                                       0.10       5.25 r
  n17063 (net)                                  2         0.01      0.00       5.25 r
  U17139/B0 (OAI2XB1_X3M_A9TH)                                      0.00       5.25 r
  U17139/Y (OAI2XB1_X3M_A9TH)                                       0.12       5.38 f
  n17056 (net)                                  3         0.00      0.00       5.38 f
  U18980/A (NAND2_X1M_A9TH)                                         0.00       5.38 f
  U18980/Y (NAND2_X1M_A9TH)                                         0.09       5.47 r
  n15506 (net)                                  1         0.00      0.00       5.47 r
  U16026/C (NAND3_X3A_A9TH)                                         0.00       5.47 r
  U16026/Y (NAND3_X3A_A9TH)                                         0.11       5.58 f
  n15508 (net)                                  1         0.00      0.00       5.58 f
  U15306/B0 (OAI22_X3M_A9TH)                                        0.00       5.58 f
  U15306/Y (OAI22_X3M_A9TH)                                         0.09       5.66 r
  n15517 (net)                                  1         0.00      0.00       5.66 r
  U16060/A0 (OAI21_X3M_A9TH)                                        0.00       5.66 r
  U16060/Y (OAI21_X3M_A9TH)                                         0.12       5.78 f
  n15518 (net)                                  1         0.01      0.00       5.78 f
  U18945/B (NAND2_X6M_A9TH)                                         0.00       5.78 f
  U18945/Y (NAND2_X6M_A9TH)                                         0.11       5.89 r
  n17546 (net)                                  8         0.02      0.00       5.89 r
  U18939/A (NAND2_X2A_A9TH)                                         0.00       5.89 r
  U18939/Y (NAND2_X2A_A9TH)                                         0.11       6.00 f
  n17484 (net)                                  2         0.01      0.00       6.00 f
  U13596/A (BUFH_X1M_A9TH)                                          0.00       6.00 f
  U13596/Y (BUFH_X1M_A9TH)                                          0.14       6.14 f
  n10925 (net)                                  2         0.00      0.00       6.14 f
  U13590/A (NOR2_X2A_A9TH)                                          0.00       6.14 f
  U13590/Y (NOR2_X2A_A9TH)                                          0.07       6.21 r
  n17418 (net)                                  1         0.00      0.00       6.21 r
  U16035/C0 (AOI211_X2M_A9TH)                                       0.00       6.21 r
  U16035/Y (AOI211_X2M_A9TH)                                        0.07       6.28 f
  DFFRPQ_X0P5M_A9TH_DFXLAB_or1200_cpu_or1200_mult_mac_or1200_gmultp2_32x32_p0_reg_56__DFXLAB_D_DFXLAB_or1200_cpu_or1200_mult_mac_or1200_gmultp2_32x32_N57 (net)     1     0.00     0.00     6.28 f
  or1200_cpu_or1200_mult_mac_or1200_gmultp2_32x32_p0_reg_56_/D (DFFRPQ_X0P5M_A9TH)     0.00     6.28 f
  data arrival time                                                            6.28

  clock CLK (rise edge)                                             4.00       4.00
  clock network delay (ideal)                                       0.00       4.00
  or1200_cpu_or1200_mult_mac_or1200_gmultp2_32x32_p0_reg_56_/CK (DFFRPQ_X0P5M_A9TH)     0.00     4.00 r
  library setup time                                               -0.18       3.82
  data required time                                                           3.82
  ------------------------------------------------------------------------------------
  data required time                                                           3.82
  data arrival time                                                           -6.28
  ------------------------------------------------------------------------------------
  slack (VIOLATED)                                                            -2.46


  Startpoint: or1200_cpu_or1200_operandmuxes_operand_b_reg_0_
              (rising edge-triggered flip-flop clocked by CLK)
  Endpoint: or1200_cpu_or1200_mult_mac_or1200_gmultp2_32x32_p0_reg_56_
            (rising edge-triggered flip-flop clocked by CLK)
  Path Group: CLK
  Path Type: max

  Point                                       Fanout       Cap      Incr       Path
  ------------------------------------------------------------------------------------
  clock CLK (rise edge)                                             0.00       0.00
  clock network delay (ideal)                                       0.00       0.00
  or1200_cpu_or1200_operandmuxes_operand_b_reg_0_/CK (DFFRPQ_X0P5M_A9TH)     0.00 #     0.00 r
  or1200_cpu_or1200_operandmuxes_operand_b_reg_0_/Q (DFFRPQ_X0P5M_A9TH)     1.12     1.12 r
  DFFRPQ_X0P5M_A9TH_DFXLAB_or1200_cpu_or1200_operandmuxes_operand_b_reg_0__DFXLAB_R_DFXLAB_or1200_cpu_or1200_alu_N645 (net)    17     0.04     0.00     1.12 r
  U17382/B (NOR2_X6M_A9TH)                                          0.00       1.12 r
  U17382/Y (NOR2_X6M_A9TH)                                          0.56       1.68 f
  n10983 (net)                                 11         0.03      0.00       1.68 f
  U15908/B (NAND3_X3A_A9TH)                                         0.00       1.68 f
  U15908/Y (NAND3_X3A_A9TH)                                         0.23       1.91 r
  n12108 (net)                                  2         0.00      0.00       1.91 r
  U15917/A (OR2_X3M_A9TH)                                           0.00       1.91 r
  U15917/Y (OR2_X3M_A9TH)                                           0.16       2.07 r
  n20892 (net)                                  3         0.00      0.00       2.07 r
  U15154/A0 (OAI21_X1P4M_A9TH)                                      0.00       2.07 r
  U15154/Y (OAI21_X1P4M_A9TH)                                       0.10       2.17 f
  n12107 (net)                                  1         0.00      0.00       2.17 f
  U17458/A (MXIT2_X3M_A9TH)                                         0.00       2.17 f
  U17458/Y (MXIT2_X3M_A9TH)                                         0.16       2.33 r
  n12120 (net)                                  3         0.01      0.00       2.33 r
  U14654/A (BUF_X3P5M_A9TH)                                         0.00       2.33 r
  U14654/Y (BUF_X3P5M_A9TH)                                         0.24       2.57 r
  n26555 (net)                                  9         0.03      0.00       2.57 r
  U17276/A (AND3_X6M_A9TH)                                          0.00       2.57 r
  U17276/Y (AND3_X6M_A9TH)                                          0.20       2.77 r
  n14812 (net)                                 20         0.03      0.00       2.77 r
  U20288/A (MXIT2_X1M_A9TH)                                         0.00       2.77 r
  U20288/Y (MXIT2_X1M_A9TH)                                         0.10       2.88 f
  n13986 (net)                                  1         0.00      0.00       2.88 f
  U16591/AN (NOR2B_X3M_A9TH)                                        0.00       2.88 f
  U16591/Y (NOR2B_X3M_A9TH)                                         0.16       3.03 f
  n14120 (net)                                  1         0.00      0.00       3.03 f
  U19417/A (ADDF_X1M_A9TH)                                          0.00       3.03 f
  U19417/CO (ADDF_X1M_A9TH)                                         0.26       3.30 f
  n14183 (net)                                  1         0.00      0.00       3.30 f
  U19289/A (ADDF_X1M_A9TH)                                          0.00       3.30 f
  U19289/CO (ADDF_X1M_A9TH)                                         0.27       3.57 f
  n14067 (net)                                  1         0.00      0.00       3.57 f
  U15266/CI (ADDF_X2M_A9TH)                                         0.00       3.57 f
  U15266/S (ADDF_X2M_A9TH)                                          0.42       3.99 r
  n14411 (net)                                  1         0.00      0.00       3.99 r
  U16816/A (ADDF_X2M_A9TH)                                          0.00       3.99 r
  U16816/S (ADDF_X2M_A9TH)                                          0.42       4.41 f
  n14434 (net)                                  2         0.01      0.00       4.41 f
  U15937/A (XOR2_X3M_A9TH)                                          0.00       4.41 f
  U15937/Y (XOR2_X3M_A9TH)                                          0.10       4.50 r
  n11408 (net)                                  1         0.00      0.00       4.50 r
  U15965/B (XOR2_X3M_A9TH)                                          0.00       4.50 r
  U15965/Y (XOR2_X3M_A9TH)                                          0.19       4.69 r
  n11762 (net)                                  1         0.00      0.00       4.69 r
  U15964/B (XOR2_X4M_A9TH)                                          0.00       4.69 r
  U15964/Y (XOR2_X4M_A9TH)                                          0.18       4.87 r
  n14426 (net)                                  2         0.01      0.00       4.87 r
  U16052/A (NAND2_X3M_A9TH)                                         0.00       4.87 r
  U16052/Y (NAND2_X3M_A9TH)                                         0.12       4.99 f
  n17110 (net)                                  4         0.01      0.00       4.99 f
  U13739/B (AND2_X1M_A9TH)                                          0.00       4.99 f
  U13739/Y (AND2_X1M_A9TH)                                          0.16       5.15 f
  n14435 (net)                                  1         0.00      0.00       5.15 f
  U17115/B0 (OAI21_X1P4M_A9TH)                                      0.00       5.15 f
  U17115/Y (OAI21_X1P4M_A9TH)                                       0.10       5.25 r
  n17063 (net)                                  2         0.01      0.00       5.25 r
  U17139/B0 (OAI2XB1_X3M_A9TH)                                      0.00       5.25 r
  U17139/Y (OAI2XB1_X3M_A9TH)                                       0.12       5.38 f
  n17056 (net)                                  3         0.00      0.00       5.38 f
  U18980/A (NAND2_X1M_A9TH)                                         0.00       5.38 f
  U18980/Y (NAND2_X1M_A9TH)                                         0.09       5.47 r
  n15506 (net)                                  1         0.00      0.00       5.47 r
  U16026/C (NAND3_X3A_A9TH)                                         0.00       5.47 r
  U16026/Y (NAND3_X3A_A9TH)                                         0.11       5.58 f
  n15508 (net)                                  1         0.00      0.00       5.58 f
  U15306/B0 (OAI22_X3M_A9TH)                                        0.00       5.58 f
  U15306/Y (OAI22_X3M_A9TH)                                         0.09       5.66 r
  n15517 (net)                                  1         0.00      0.00       5.66 r
  U16060/A0 (OAI21_X3M_A9TH)                                        0.00       5.66 r
  U16060/Y (OAI21_X3M_A9TH)                                         0.12       5.78 f
  n15518 (net)                                  1         0.01      0.00       5.78 f
  U18945/B (NAND2_X6M_A9TH)                                         0.00       5.78 f
  U18945/Y (NAND2_X6M_A9TH)                                         0.11       5.89 r
  n17546 (net)                                  8         0.02      0.00       5.89 r
  U18939/A (NAND2_X2A_A9TH)                                         0.00       5.89 r
  U18939/Y (NAND2_X2A_A9TH)                                         0.11       6.00 f
  n17484 (net)                                  2         0.01      0.00       6.00 f
  U13596/A (BUFH_X1M_A9TH)                                          0.00       6.00 f
  U13596/Y (BUFH_X1M_A9TH)                                          0.14       6.14 f
  n10925 (net)                                  2         0.00      0.00       6.14 f
  U13590/A (NOR2_X2A_A9TH)                                          0.00       6.14 f
  U13590/Y (NOR2_X2A_A9TH)                                          0.07       6.21 r
  n17418 (net)                                  1         0.00      0.00       6.21 r
  U16035/C0 (AOI211_X2M_A9TH)                                       0.00       6.21 r
  U16035/Y (AOI211_X2M_A9TH)                                        0.07       6.28 f
  DFFRPQ_X0P5M_A9TH_DFXLAB_or1200_cpu_or1200_mult_mac_or1200_gmultp2_32x32_p0_reg_56__DFXLAB_D_DFXLAB_or1200_cpu_or1200_mult_mac_or1200_gmultp2_32x32_N57 (net)     1     0.00     0.00     6.28 f
  or1200_cpu_or1200_mult_mac_or1200_gmultp2_32x32_p0_reg_56_/D (DFFRPQ_X0P5M_A9TH)     0.00     6.28 f
  data arrival time                                                            6.28

  clock CLK (rise edge)                                             4.00       4.00
  clock network delay (ideal)                                       0.00       4.00
  or1200_cpu_or1200_mult_mac_or1200_gmultp2_32x32_p0_reg_56_/CK (DFFRPQ_X0P5M_A9TH)     0.00     4.00 r
  library setup time                                               -0.18       3.82
  data required time                                                           3.82
  ------------------------------------------------------------------------------------
  data required time                                                           3.82
  data arrival time                                                           -6.28
  ------------------------------------------------------------------------------------
  slack (VIOLATED)                                                            -2.46


  Startpoint: or1200_cpu_or1200_operandmuxes_operand_b_reg_0_
              (rising edge-triggered flip-flop clocked by CLK)
  Endpoint: or1200_cpu_or1200_mult_mac_or1200_gmultp2_32x32_p0_reg_56_
            (rising edge-triggered flip-flop clocked by CLK)
  Path Group: CLK
  Path Type: max

  Point                                       Fanout       Cap      Incr       Path
  ------------------------------------------------------------------------------------
  clock CLK (rise edge)                                             0.00       0.00
  clock network delay (ideal)                                       0.00       0.00
  or1200_cpu_or1200_operandmuxes_operand_b_reg_0_/CK (DFFRPQ_X0P5M_A9TH)     0.00 #     0.00 r
  or1200_cpu_or1200_operandmuxes_operand_b_reg_0_/Q (DFFRPQ_X0P5M_A9TH)     1.12     1.12 r
  DFFRPQ_X0P5M_A9TH_DFXLAB_or1200_cpu_or1200_operandmuxes_operand_b_reg_0__DFXLAB_R_DFXLAB_or1200_cpu_or1200_alu_N645 (net)    17     0.04     0.00     1.12 r
  U17382/B (NOR2_X6M_A9TH)                                          0.00       1.12 r
  U17382/Y (NOR2_X6M_A9TH)                                          0.56       1.68 f
  n10983 (net)                                 11         0.03      0.00       1.68 f
  U15908/B (NAND3_X3A_A9TH)                                         0.00       1.68 f
  U15908/Y (NAND3_X3A_A9TH)                                         0.23       1.91 r
  n12108 (net)                                  2         0.00      0.00       1.91 r
  U15917/A (OR2_X3M_A9TH)                                           0.00       1.91 r
  U15917/Y (OR2_X3M_A9TH)                                           0.16       2.07 r
  n20892 (net)                                  3         0.00      0.00       2.07 r
  U15154/A0 (OAI21_X1P4M_A9TH)                                      0.00       2.07 r
  U15154/Y (OAI21_X1P4M_A9TH)                                       0.10       2.17 f
  n12107 (net)                                  1         0.00      0.00       2.17 f
  U17458/A (MXIT2_X3M_A9TH)                                         0.00       2.17 f
  U17458/Y (MXIT2_X3M_A9TH)                                         0.16       2.33 r
  n12120 (net)                                  3         0.01      0.00       2.33 r
  U14654/A (BUF_X3P5M_A9TH)                                         0.00       2.33 r
  U14654/Y (BUF_X3P5M_A9TH)                                         0.24       2.57 r
  n26555 (net)                                  9         0.03      0.00       2.57 r
  U17276/A (AND3_X6M_A9TH)                                          0.00       2.57 r
  U17276/Y (AND3_X6M_A9TH)                                          0.20       2.77 r
  n14812 (net)                                 20         0.03      0.00       2.77 r
  U20288/A (MXIT2_X1M_A9TH)                                         0.00       2.77 r
  U20288/Y (MXIT2_X1M_A9TH)                                         0.10       2.88 f
  n13986 (net)                                  1         0.00      0.00       2.88 f
  U16591/AN (NOR2B_X3M_A9TH)                                        0.00       2.88 f
  U16591/Y (NOR2B_X3M_A9TH)                                         0.16       3.03 f
  n14120 (net)                                  1         0.00      0.00       3.03 f
  U19417/A (ADDF_X1M_A9TH)                                          0.00       3.03 f
  U19417/CO (ADDF_X1M_A9TH)                                         0.26       3.30 f
  n14183 (net)                                  1         0.00      0.00       3.30 f
  U19289/A (ADDF_X1M_A9TH)                                          0.00       3.30 f
  U19289/CO (ADDF_X1M_A9TH)                                         0.27       3.57 f
  n14067 (net)                                  1         0.00      0.00       3.57 f
  U15266/CI (ADDF_X2M_A9TH)                                         0.00       3.57 f
  U15266/S (ADDF_X2M_A9TH)                                          0.42       3.99 r
  n14411 (net)                                  1         0.00      0.00       3.99 r
  U16816/A (ADDF_X2M_A9TH)                                          0.00       3.99 r
  U16816/S (ADDF_X2M_A9TH)                                          0.42       4.41 f
  n14434 (net)                                  2         0.01      0.00       4.41 f
  U15937/A (XOR2_X3M_A9TH)                                          0.00       4.41 f
  U15937/Y (XOR2_X3M_A9TH)                                          0.10       4.50 r
  n11408 (net)                                  1         0.00      0.00       4.50 r
  U15965/B (XOR2_X3M_A9TH)                                          0.00       4.50 r
  U15965/Y (XOR2_X3M_A9TH)                                          0.19       4.69 r
  n11762 (net)                                  1         0.00      0.00       4.69 r
  U15964/B (XOR2_X4M_A9TH)                                          0.00       4.69 r
  U15964/Y (XOR2_X4M_A9TH)                                          0.18       4.87 r
  n14426 (net)                                  2         0.01      0.00       4.87 r
  U16052/A (NAND2_X3M_A9TH)                                         0.00       4.87 r
  U16052/Y (NAND2_X3M_A9TH)                                         0.12       4.99 f
  n17110 (net)                                  4         0.01      0.00       4.99 f
  U13739/B (AND2_X1M_A9TH)                                          0.00       4.99 f
  U13739/Y (AND2_X1M_A9TH)                                          0.16       5.15 f
  n14435 (net)                                  1         0.00      0.00       5.15 f
  U17115/B0 (OAI21_X1P4M_A9TH)                                      0.00       5.15 f
  U17115/Y (OAI21_X1P4M_A9TH)                                       0.10       5.25 r
  n17063 (net)                                  2         0.01      0.00       5.25 r
  U17139/B0 (OAI2XB1_X3M_A9TH)                                      0.00       5.25 r
  U17139/Y (OAI2XB1_X3M_A9TH)                                       0.12       5.38 f
  n17056 (net)                                  3         0.00      0.00       5.38 f
  U18980/A (NAND2_X1M_A9TH)                                         0.00       5.38 f
  U18980/Y (NAND2_X1M_A9TH)                                         0.09       5.47 r
  n15506 (net)                                  1         0.00      0.00       5.47 r
  U16026/C (NAND3_X3A_A9TH)                                         0.00       5.47 r
  U16026/Y (NAND3_X3A_A9TH)                                         0.11       5.58 f
  n15508 (net)                                  1         0.00      0.00       5.58 f
  U15306/B0 (OAI22_X3M_A9TH)                                        0.00       5.58 f
  U15306/Y (OAI22_X3M_A9TH)                                         0.09       5.66 r
  n15517 (net)                                  1         0.00      0.00       5.66 r
  U16060/A0 (OAI21_X3M_A9TH)                                        0.00       5.66 r
  U16060/Y (OAI21_X3M_A9TH)                                         0.12       5.78 f
  n15518 (net)                                  1         0.01      0.00       5.78 f
  U18945/B (NAND2_X6M_A9TH)                                         0.00       5.78 f
  U18945/Y (NAND2_X6M_A9TH)                                         0.11       5.89 r
  n17546 (net)                                  8         0.02      0.00       5.89 r
  U18939/A (NAND2_X2A_A9TH)                                         0.00       5.89 r
  U18939/Y (NAND2_X2A_A9TH)                                         0.11       6.00 f
  n17484 (net)                                  2         0.01      0.00       6.00 f
  U13596/A (BUFH_X1M_A9TH)                                          0.00       6.00 f
  U13596/Y (BUFH_X1M_A9TH)                                          0.14       6.14 f
  n10925 (net)                                  2         0.00      0.00       6.14 f
  U13590/A (NOR2_X2A_A9TH)                                          0.00       6.14 f
  U13590/Y (NOR2_X2A_A9TH)                                          0.07       6.21 r
  n17418 (net)                                  1         0.00      0.00       6.21 r
  U16035/C0 (AOI211_X2M_A9TH)                                       0.00       6.21 r
  U16035/Y (AOI211_X2M_A9TH)                                        0.07       6.28 f
  DFFRPQ_X0P5M_A9TH_DFXLAB_or1200_cpu_or1200_mult_mac_or1200_gmultp2_32x32_p0_reg_56__DFXLAB_D_DFXLAB_or1200_cpu_or1200_mult_mac_or1200_gmultp2_32x32_N57 (net)     1     0.00     0.00     6.28 f
  or1200_cpu_or1200_mult_mac_or1200_gmultp2_32x32_p0_reg_56_/D (DFFRPQ_X0P5M_A9TH)     0.00     6.28 f
  data arrival time                                                            6.28

  clock CLK (rise edge)                                             4.00       4.00
  clock network delay (ideal)                                       0.00       4.00
  or1200_cpu_or1200_mult_mac_or1200_gmultp2_32x32_p0_reg_56_/CK (DFFRPQ_X0P5M_A9TH)     0.00     4.00 r
  library setup time                                               -0.18       3.82
  data required time                                                           3.82
  ------------------------------------------------------------------------------------
  data required time                                                           3.82
  data arrival time                                                           -6.28
  ------------------------------------------------------------------------------------
  slack (VIOLATED)                                                            -2.46


  Startpoint: or1200_cpu_or1200_operandmuxes_operand_b_reg_0_
              (rising edge-triggered flip-flop clocked by CLK)
  Endpoint: or1200_cpu_or1200_mult_mac_or1200_gmultp2_32x32_p0_reg_56_
            (rising edge-triggered flip-flop clocked by CLK)
  Path Group: CLK
  Path Type: max

  Point                                       Fanout       Cap      Incr       Path
  ------------------------------------------------------------------------------------
  clock CLK (rise edge)                                             0.00       0.00
  clock network delay (ideal)                                       0.00       0.00
  or1200_cpu_or1200_operandmuxes_operand_b_reg_0_/CK (DFFRPQ_X0P5M_A9TH)     0.00 #     0.00 r
  or1200_cpu_or1200_operandmuxes_operand_b_reg_0_/Q (DFFRPQ_X0P5M_A9TH)     1.12     1.12 r
  DFFRPQ_X0P5M_A9TH_DFXLAB_or1200_cpu_or1200_operandmuxes_operand_b_reg_0__DFXLAB_R_DFXLAB_or1200_cpu_or1200_alu_N645 (net)    17     0.04     0.00     1.12 r
  U17382/B (NOR2_X6M_A9TH)                                          0.00       1.12 r
  U17382/Y (NOR2_X6M_A9TH)                                          0.56       1.68 f
  n10983 (net)                                 11         0.03      0.00       1.68 f
  U15908/B (NAND3_X3A_A9TH)                                         0.00       1.68 f
  U15908/Y (NAND3_X3A_A9TH)                                         0.23       1.91 r
  n12108 (net)                                  2         0.00      0.00       1.91 r
  U15917/A (OR2_X3M_A9TH)                                           0.00       1.91 r
  U15917/Y (OR2_X3M_A9TH)                                           0.16       2.07 r
  n20892 (net)                                  3         0.00      0.00       2.07 r
  U15154/A0 (OAI21_X1P4M_A9TH)                                      0.00       2.07 r
  U15154/Y (OAI21_X1P4M_A9TH)                                       0.10       2.17 f
  n12107 (net)                                  1         0.00      0.00       2.17 f
  U17458/A (MXIT2_X3M_A9TH)                                         0.00       2.17 f
  U17458/Y (MXIT2_X3M_A9TH)                                         0.16       2.33 r
  n12120 (net)                                  3         0.01      0.00       2.33 r
  U14654/A (BUF_X3P5M_A9TH)                                         0.00       2.33 r
  U14654/Y (BUF_X3P5M_A9TH)                                         0.24       2.57 r
  n26555 (net)                                  9         0.03      0.00       2.57 r
  U17276/A (AND3_X6M_A9TH)                                          0.00       2.57 r
  U17276/Y (AND3_X6M_A9TH)                                          0.20       2.77 r
  n14812 (net)                                 20         0.03      0.00       2.77 r
  U20288/A (MXIT2_X1M_A9TH)                                         0.00       2.77 r
  U20288/Y (MXIT2_X1M_A9TH)                                         0.10       2.88 f
  n13986 (net)                                  1         0.00      0.00       2.88 f
  U16591/AN (NOR2B_X3M_A9TH)                                        0.00       2.88 f
  U16591/Y (NOR2B_X3M_A9TH)                                         0.16       3.03 f
  n14120 (net)                                  1         0.00      0.00       3.03 f
  U19417/A (ADDF_X1M_A9TH)                                          0.00       3.03 f
  U19417/CO (ADDF_X1M_A9TH)                                         0.26       3.30 f
  n14183 (net)                                  1         0.00      0.00       3.30 f
  U19289/A (ADDF_X1M_A9TH)                                          0.00       3.30 f
  U19289/CO (ADDF_X1M_A9TH)                                         0.27       3.57 f
  n14067 (net)                                  1         0.00      0.00       3.57 f
  U15266/CI (ADDF_X2M_A9TH)                                         0.00       3.57 f
  U15266/S (ADDF_X2M_A9TH)                                          0.42       3.99 r
  n14411 (net)                                  1         0.00      0.00       3.99 r
  U16816/A (ADDF_X2M_A9TH)                                          0.00       3.99 r
  U16816/S (ADDF_X2M_A9TH)                                          0.42       4.41 f
  n14434 (net)                                  2         0.01      0.00       4.41 f
  U15937/A (XOR2_X3M_A9TH)                                          0.00       4.41 f
  U15937/Y (XOR2_X3M_A9TH)                                          0.10       4.50 r
  n11408 (net)                                  1         0.00      0.00       4.50 r
  U15965/B (XOR2_X3M_A9TH)                                          0.00       4.50 r
  U15965/Y (XOR2_X3M_A9TH)                                          0.19       4.69 r
  n11762 (net)                                  1         0.00      0.00       4.69 r
  U15964/B (XOR2_X4M_A9TH)                                          0.00       4.69 r
  U15964/Y (XOR2_X4M_A9TH)                                          0.18       4.87 r
  n14426 (net)                                  2         0.01      0.00       4.87 r
  U16052/A (NAND2_X3M_A9TH)                                         0.00       4.87 r
  U16052/Y (NAND2_X3M_A9TH)                                         0.12       4.99 f
  n17110 (net)                                  4         0.01      0.00       4.99 f
  U13739/B (AND2_X1M_A9TH)                                          0.00       4.99 f
  U13739/Y (AND2_X1M_A9TH)                                          0.16       5.15 f
  n14435 (net)                                  1         0.00      0.00       5.15 f
  U17115/B0 (OAI21_X1P4M_A9TH)                                      0.00       5.15 f
  U17115/Y (OAI21_X1P4M_A9TH)                                       0.10       5.25 r
  n17063 (net)                                  2         0.01      0.00       5.25 r
  U17139/B0 (OAI2XB1_X3M_A9TH)                                      0.00       5.25 r
  U17139/Y (OAI2XB1_X3M_A9TH)                                       0.12       5.38 f
  n17056 (net)                                  3         0.00      0.00       5.38 f
  U18980/A (NAND2_X1M_A9TH)                                         0.00       5.38 f
  U18980/Y (NAND2_X1M_A9TH)                                         0.09       5.47 r
  n15506 (net)                                  1         0.00      0.00       5.47 r
  U16026/C (NAND3_X3A_A9TH)                                         0.00       5.47 r
  U16026/Y (NAND3_X3A_A9TH)                                         0.11       5.58 f
  n15508 (net)                                  1         0.00      0.00       5.58 f
  U15306/B0 (OAI22_X3M_A9TH)                                        0.00       5.58 f
  U15306/Y (OAI22_X3M_A9TH)                                         0.09       5.66 r
  n15517 (net)                                  1         0.00      0.00       5.66 r
  U16060/A0 (OAI21_X3M_A9TH)                                        0.00       5.66 r
  U16060/Y (OAI21_X3M_A9TH)                                         0.12       5.78 f
  n15518 (net)                                  1         0.01      0.00       5.78 f
  U18945/B (NAND2_X6M_A9TH)                                         0.00       5.78 f
  U18945/Y (NAND2_X6M_A9TH)                                         0.11       5.89 r
  n17546 (net)                                  8         0.02      0.00       5.89 r
  U18939/A (NAND2_X2A_A9TH)                                         0.00       5.89 r
  U18939/Y (NAND2_X2A_A9TH)                                         0.11       6.00 f
  n17484 (net)                                  2         0.01      0.00       6.00 f
  U13596/A (BUFH_X1M_A9TH)                                          0.00       6.00 f
  U13596/Y (BUFH_X1M_A9TH)                                          0.14       6.14 f
  n10925 (net)                                  2         0.00      0.00       6.14 f
  U13590/A (NOR2_X2A_A9TH)                                          0.00       6.14 f
  U13590/Y (NOR2_X2A_A9TH)                                          0.07       6.21 r
  n17418 (net)                                  1         0.00      0.00       6.21 r
  U16035/C0 (AOI211_X2M_A9TH)                                       0.00       6.21 r
  U16035/Y (AOI211_X2M_A9TH)                                        0.07       6.28 f
  DFFRPQ_X0P5M_A9TH_DFXLAB_or1200_cpu_or1200_mult_mac_or1200_gmultp2_32x32_p0_reg_56__DFXLAB_D_DFXLAB_or1200_cpu_or1200_mult_mac_or1200_gmultp2_32x32_N57 (net)     1     0.00     0.00     6.28 f
  or1200_cpu_or1200_mult_mac_or1200_gmultp2_32x32_p0_reg_56_/D (DFFRPQ_X0P5M_A9TH)     0.00     6.28 f
  data arrival time                                                            6.28

  clock CLK (rise edge)                                             4.00       4.00
  clock network delay (ideal)                                       0.00       4.00
  or1200_cpu_or1200_mult_mac_or1200_gmultp2_32x32_p0_reg_56_/CK (DFFRPQ_X0P5M_A9TH)     0.00     4.00 r
  library setup time                                               -0.18       3.82
  data required time                                                           3.82
  ------------------------------------------------------------------------------------
  data required time                                                           3.82
  data arrival time                                                           -6.28
  ------------------------------------------------------------------------------------
  slack (VIOLATED)                                                            -2.46


  Startpoint: or1200_cpu_or1200_operandmuxes_operand_b_reg_0_
              (rising edge-triggered flip-flop clocked by CLK)
  Endpoint: or1200_cpu_or1200_mult_mac_or1200_gmultp2_32x32_p0_reg_56_
            (rising edge-triggered flip-flop clocked by CLK)
  Path Group: CLK
  Path Type: max

  Point                                       Fanout       Cap      Incr       Path
  ------------------------------------------------------------------------------------
  clock CLK (rise edge)                                             0.00       0.00
  clock network delay (ideal)                                       0.00       0.00
  or1200_cpu_or1200_operandmuxes_operand_b_reg_0_/CK (DFFRPQ_X0P5M_A9TH)     0.00 #     0.00 r
  or1200_cpu_or1200_operandmuxes_operand_b_reg_0_/Q (DFFRPQ_X0P5M_A9TH)     1.12     1.12 r
  DFFRPQ_X0P5M_A9TH_DFXLAB_or1200_cpu_or1200_operandmuxes_operand_b_reg_0__DFXLAB_R_DFXLAB_or1200_cpu_or1200_alu_N645 (net)    17     0.04     0.00     1.12 r
  U17382/B (NOR2_X6M_A9TH)                                          0.00       1.12 r
  U17382/Y (NOR2_X6M_A9TH)                                          0.56       1.68 f
  n10983 (net)                                 11         0.03      0.00       1.68 f
  U15908/B (NAND3_X3A_A9TH)                                         0.00       1.68 f
  U15908/Y (NAND3_X3A_A9TH)                                         0.23       1.91 r
  n12108 (net)                                  2         0.00      0.00       1.91 r
  U15917/A (OR2_X3M_A9TH)                                           0.00       1.91 r
  U15917/Y (OR2_X3M_A9TH)                                           0.16       2.07 r
  n20892 (net)                                  3         0.00      0.00       2.07 r
  U15154/A0 (OAI21_X1P4M_A9TH)                                      0.00       2.07 r
  U15154/Y (OAI21_X1P4M_A9TH)                                       0.10       2.17 f
  n12107 (net)                                  1         0.00      0.00       2.17 f
  U17458/A (MXIT2_X3M_A9TH)                                         0.00       2.17 f
  U17458/Y (MXIT2_X3M_A9TH)                                         0.16       2.33 r
  n12120 (net)                                  3         0.01      0.00       2.33 r
  U14654/A (BUF_X3P5M_A9TH)                                         0.00       2.33 r
  U14654/Y (BUF_X3P5M_A9TH)                                         0.24       2.57 r
  n26555 (net)                                  9         0.03      0.00       2.57 r
  U17276/A (AND3_X6M_A9TH)                                          0.00       2.57 r
  U17276/Y (AND3_X6M_A9TH)                                          0.20       2.77 r
  n14812 (net)                                 20         0.03      0.00       2.77 r
  U20288/A (MXIT2_X1M_A9TH)                                         0.00       2.77 r
  U20288/Y (MXIT2_X1M_A9TH)                                         0.10       2.88 f
  n13986 (net)                                  1         0.00      0.00       2.88 f
  U16591/AN (NOR2B_X3M_A9TH)                                        0.00       2.88 f
  U16591/Y (NOR2B_X3M_A9TH)                                         0.16       3.03 f
  n14120 (net)                                  1         0.00      0.00       3.03 f
  U19417/A (ADDF_X1M_A9TH)                                          0.00       3.03 f
  U19417/CO (ADDF_X1M_A9TH)                                         0.26       3.30 f
  n14183 (net)                                  1         0.00      0.00       3.30 f
  U19289/A (ADDF_X1M_A9TH)                                          0.00       3.30 f
  U19289/CO (ADDF_X1M_A9TH)                                         0.27       3.57 f
  n14067 (net)                                  1         0.00      0.00       3.57 f
  U15266/CI (ADDF_X2M_A9TH)                                         0.00       3.57 f
  U15266/S (ADDF_X2M_A9TH)                                          0.42       3.99 r
  n14411 (net)                                  1         0.00      0.00       3.99 r
  U16816/A (ADDF_X2M_A9TH)                                          0.00       3.99 r
  U16816/S (ADDF_X2M_A9TH)                                          0.42       4.41 f
  n14434 (net)                                  2         0.01      0.00       4.41 f
  U15937/A (XOR2_X3M_A9TH)                                          0.00       4.41 f
  U15937/Y (XOR2_X3M_A9TH)                                          0.10       4.50 r
  n11408 (net)                                  1         0.00      0.00       4.50 r
  U15965/B (XOR2_X3M_A9TH)                                          0.00       4.50 r
  U15965/Y (XOR2_X3M_A9TH)                                          0.19       4.69 r
  n11762 (net)                                  1         0.00      0.00       4.69 r
  U15964/B (XOR2_X4M_A9TH)                                          0.00       4.69 r
  U15964/Y (XOR2_X4M_A9TH)                                          0.18       4.87 r
  n14426 (net)                                  2         0.01      0.00       4.87 r
  U16052/A (NAND2_X3M_A9TH)                                         0.00       4.87 r
  U16052/Y (NAND2_X3M_A9TH)                                         0.12       4.99 f
  n17110 (net)                                  4         0.01      0.00       4.99 f
  U13739/B (AND2_X1M_A9TH)                                          0.00       4.99 f
  U13739/Y (AND2_X1M_A9TH)                                          0.16       5.15 f
  n14435 (net)                                  1         0.00      0.00       5.15 f
  U17115/B0 (OAI21_X1P4M_A9TH)                                      0.00       5.15 f
  U17115/Y (OAI21_X1P4M_A9TH)                                       0.10       5.25 r
  n17063 (net)                                  2         0.01      0.00       5.25 r
  U17139/B0 (OAI2XB1_X3M_A9TH)                                      0.00       5.25 r
  U17139/Y (OAI2XB1_X3M_A9TH)                                       0.12       5.38 f
  n17056 (net)                                  3         0.00      0.00       5.38 f
  U18980/A (NAND2_X1M_A9TH)                                         0.00       5.38 f
  U18980/Y (NAND2_X1M_A9TH)                                         0.09       5.47 r
  n15506 (net)                                  1         0.00      0.00       5.47 r
  U16026/C (NAND3_X3A_A9TH)                                         0.00       5.47 r
  U16026/Y (NAND3_X3A_A9TH)                                         0.11       5.58 f
  n15508 (net)                                  1         0.00      0.00       5.58 f
  U15306/B0 (OAI22_X3M_A9TH)                                        0.00       5.58 f
  U15306/Y (OAI22_X3M_A9TH)                                         0.09       5.66 r
  n15517 (net)                                  1         0.00      0.00       5.66 r
  U16060/A0 (OAI21_X3M_A9TH)                                        0.00       5.66 r
  U16060/Y (OAI21_X3M_A9TH)                                         0.12       5.78 f
  n15518 (net)                                  1         0.01      0.00       5.78 f
  U18945/B (NAND2_X6M_A9TH)                                         0.00       5.78 f
  U18945/Y (NAND2_X6M_A9TH)                                         0.11       5.89 r
  n17546 (net)                                  8         0.02      0.00       5.89 r
  U18939/A (NAND2_X2A_A9TH)                                         0.00       5.89 r
  U18939/Y (NAND2_X2A_A9TH)                                         0.11       6.00 f
  n17484 (net)                                  2         0.01      0.00       6.00 f
  U13596/A (BUFH_X1M_A9TH)                                          0.00       6.00 f
  U13596/Y (BUFH_X1M_A9TH)                                          0.14       6.14 f
  n10925 (net)                                  2         0.00      0.00       6.14 f
  U13590/A (NOR2_X2A_A9TH)                                          0.00       6.14 f
  U13590/Y (NOR2_X2A_A9TH)                                          0.07       6.21 r
  n17418 (net)                                  1         0.00      0.00       6.21 r
  U16035/C0 (AOI211_X2M_A9TH)                                       0.00       6.21 r
  U16035/Y (AOI211_X2M_A9TH)                                        0.07       6.28 f
  DFFRPQ_X0P5M_A9TH_DFXLAB_or1200_cpu_or1200_mult_mac_or1200_gmultp2_32x32_p0_reg_56__DFXLAB_D_DFXLAB_or1200_cpu_or1200_mult_mac_or1200_gmultp2_32x32_N57 (net)     1     0.00     0.00     6.28 f
  or1200_cpu_or1200_mult_mac_or1200_gmultp2_32x32_p0_reg_56_/D (DFFRPQ_X0P5M_A9TH)     0.00     6.28 f
  data arrival time                                                            6.28

  clock CLK (rise edge)                                             4.00       4.00
  clock network delay (ideal)                                       0.00       4.00
  or1200_cpu_or1200_mult_mac_or1200_gmultp2_32x32_p0_reg_56_/CK (DFFRPQ_X0P5M_A9TH)     0.00     4.00 r
  library setup time                                               -0.18       3.82
  data required time                                                           3.82
  ------------------------------------------------------------------------------------
  data required time                                                           3.82
  data arrival time                                                           -6.28
  ------------------------------------------------------------------------------------
  slack (VIOLATED)                                                            -2.46


  Startpoint: or1200_cpu_or1200_operandmuxes_operand_b_reg_0_
              (rising edge-triggered flip-flop clocked by CLK)
  Endpoint: or1200_cpu_or1200_mult_mac_or1200_gmultp2_32x32_p0_reg_56_
            (rising edge-triggered flip-flop clocked by CLK)
  Path Group: CLK
  Path Type: max

  Point                                       Fanout       Cap      Incr       Path
  ------------------------------------------------------------------------------------
  clock CLK (rise edge)                                             0.00       0.00
  clock network delay (ideal)                                       0.00       0.00
  or1200_cpu_or1200_operandmuxes_operand_b_reg_0_/CK (DFFRPQ_X0P5M_A9TH)     0.00 #     0.00 r
  or1200_cpu_or1200_operandmuxes_operand_b_reg_0_/Q (DFFRPQ_X0P5M_A9TH)     1.12     1.12 r
  DFFRPQ_X0P5M_A9TH_DFXLAB_or1200_cpu_or1200_operandmuxes_operand_b_reg_0__DFXLAB_R_DFXLAB_or1200_cpu_or1200_alu_N645 (net)    17     0.04     0.00     1.12 r
  U17382/B (NOR2_X6M_A9TH)                                          0.00       1.12 r
  U17382/Y (NOR2_X6M_A9TH)                                          0.56       1.68 f
  n10983 (net)                                 11         0.03      0.00       1.68 f
  U15908/B (NAND3_X3A_A9TH)                                         0.00       1.68 f
  U15908/Y (NAND3_X3A_A9TH)                                         0.23       1.91 r
  n12108 (net)                                  2         0.00      0.00       1.91 r
  U15917/A (OR2_X3M_A9TH)                                           0.00       1.91 r
  U15917/Y (OR2_X3M_A9TH)                                           0.16       2.07 r
  n20892 (net)                                  3         0.00      0.00       2.07 r
  U15154/A0 (OAI21_X1P4M_A9TH)                                      0.00       2.07 r
  U15154/Y (OAI21_X1P4M_A9TH)                                       0.10       2.17 f
  n12107 (net)                                  1         0.00      0.00       2.17 f
  U17458/A (MXIT2_X3M_A9TH)                                         0.00       2.17 f
  U17458/Y (MXIT2_X3M_A9TH)                                         0.16       2.33 r
  n12120 (net)                                  3         0.01      0.00       2.33 r
  U14654/A (BUF_X3P5M_A9TH)                                         0.00       2.33 r
  U14654/Y (BUF_X3P5M_A9TH)                                         0.24       2.57 r
  n26555 (net)                                  9         0.03      0.00       2.57 r
  U17276/A (AND3_X6M_A9TH)                                          0.00       2.57 r
  U17276/Y (AND3_X6M_A9TH)                                          0.20       2.77 r
  n14812 (net)                                 20         0.03      0.00       2.77 r
  U20288/A (MXIT2_X1M_A9TH)                                         0.00       2.77 r
  U20288/Y (MXIT2_X1M_A9TH)                                         0.10       2.88 f
  n13986 (net)                                  1         0.00      0.00       2.88 f
  U16591/AN (NOR2B_X3M_A9TH)                                        0.00       2.88 f
  U16591/Y (NOR2B_X3M_A9TH)                                         0.16       3.03 f
  n14120 (net)                                  1         0.00      0.00       3.03 f
  U19417/A (ADDF_X1M_A9TH)                                          0.00       3.03 f
  U19417/CO (ADDF_X1M_A9TH)                                         0.26       3.30 f
  n14183 (net)                                  1         0.00      0.00       3.30 f
  U19289/A (ADDF_X1M_A9TH)                                          0.00       3.30 f
  U19289/CO (ADDF_X1M_A9TH)                                         0.27       3.57 f
  n14067 (net)                                  1         0.00      0.00       3.57 f
  U15266/CI (ADDF_X2M_A9TH)                                         0.00       3.57 f
  U15266/S (ADDF_X2M_A9TH)                                          0.42       3.99 r
  n14411 (net)                                  1         0.00      0.00       3.99 r
  U16816/A (ADDF_X2M_A9TH)                                          0.00       3.99 r
  U16816/S (ADDF_X2M_A9TH)                                          0.42       4.41 f
  n14434 (net)                                  2         0.01      0.00       4.41 f
  U15937/A (XOR2_X3M_A9TH)                                          0.00       4.41 f
  U15937/Y (XOR2_X3M_A9TH)                                          0.10       4.50 r
  n11408 (net)                                  1         0.00      0.00       4.50 r
  U15965/B (XOR2_X3M_A9TH)                                          0.00       4.50 r
  U15965/Y (XOR2_X3M_A9TH)                                          0.19       4.69 r
  n11762 (net)                                  1         0.00      0.00       4.69 r
  U15964/B (XOR2_X4M_A9TH)                                          0.00       4.69 r
  U15964/Y (XOR2_X4M_A9TH)                                          0.18       4.87 r
  n14426 (net)                                  2         0.01      0.00       4.87 r
  U16052/A (NAND2_X3M_A9TH)                                         0.00       4.87 r
  U16052/Y (NAND2_X3M_A9TH)                                         0.12       4.99 f
  n17110 (net)                                  4         0.01      0.00       4.99 f
  U13739/B (AND2_X1M_A9TH)                                          0.00       4.99 f
  U13739/Y (AND2_X1M_A9TH)                                          0.16       5.15 f
  n14435 (net)                                  1         0.00      0.00       5.15 f
  U17115/B0 (OAI21_X1P4M_A9TH)                                      0.00       5.15 f
  U17115/Y (OAI21_X1P4M_A9TH)                                       0.10       5.25 r
  n17063 (net)                                  2         0.01      0.00       5.25 r
  U17139/B0 (OAI2XB1_X3M_A9TH)                                      0.00       5.25 r
  U17139/Y (OAI2XB1_X3M_A9TH)                                       0.12       5.38 f
  n17056 (net)                                  3         0.00      0.00       5.38 f
  U18980/A (NAND2_X1M_A9TH)                                         0.00       5.38 f
  U18980/Y (NAND2_X1M_A9TH)                                         0.09       5.47 r
  n15506 (net)                                  1         0.00      0.00       5.47 r
  U16026/C (NAND3_X3A_A9TH)                                         0.00       5.47 r
  U16026/Y (NAND3_X3A_A9TH)                                         0.11       5.58 f
  n15508 (net)                                  1         0.00      0.00       5.58 f
  U15306/B0 (OAI22_X3M_A9TH)                                        0.00       5.58 f
  U15306/Y (OAI22_X3M_A9TH)                                         0.09       5.66 r
  n15517 (net)                                  1         0.00      0.00       5.66 r
  U16060/A0 (OAI21_X3M_A9TH)                                        0.00       5.66 r
  U16060/Y (OAI21_X3M_A9TH)                                         0.12       5.78 f
  n15518 (net)                                  1         0.01      0.00       5.78 f
  U18945/B (NAND2_X6M_A9TH)                                         0.00       5.78 f
  U18945/Y (NAND2_X6M_A9TH)                                         0.11       5.89 r
  n17546 (net)                                  8         0.02      0.00       5.89 r
  U18939/A (NAND2_X2A_A9TH)                                         0.00       5.89 r
  U18939/Y (NAND2_X2A_A9TH)                                         0.11       6.00 f
  n17484 (net)                                  2         0.01      0.00       6.00 f
  U13596/A (BUFH_X1M_A9TH)                                          0.00       6.00 f
  U13596/Y (BUFH_X1M_A9TH)                                          0.14       6.14 f
  n10925 (net)                                  2         0.00      0.00       6.14 f
  U13590/A (NOR2_X2A_A9TH)                                          0.00       6.14 f
  U13590/Y (NOR2_X2A_A9TH)                                          0.07       6.21 r
  n17418 (net)                                  1         0.00      0.00       6.21 r
  U16035/C0 (AOI211_X2M_A9TH)                                       0.00       6.21 r
  U16035/Y (AOI211_X2M_A9TH)                                        0.07       6.28 f
  DFFRPQ_X0P5M_A9TH_DFXLAB_or1200_cpu_or1200_mult_mac_or1200_gmultp2_32x32_p0_reg_56__DFXLAB_D_DFXLAB_or1200_cpu_or1200_mult_mac_or1200_gmultp2_32x32_N57 (net)     1     0.00     0.00     6.28 f
  or1200_cpu_or1200_mult_mac_or1200_gmultp2_32x32_p0_reg_56_/D (DFFRPQ_X0P5M_A9TH)     0.00     6.28 f
  data arrival time                                                            6.28

  clock CLK (rise edge)                                             4.00       4.00
  clock network delay (ideal)                                       0.00       4.00
  or1200_cpu_or1200_mult_mac_or1200_gmultp2_32x32_p0_reg_56_/CK (DFFRPQ_X0P5M_A9TH)     0.00     4.00 r
  library setup time                                               -0.18       3.82
  data required time                                                           3.82
  ------------------------------------------------------------------------------------
  data required time                                                           3.82
  data arrival time                                                           -6.28
  ------------------------------------------------------------------------------------
  slack (VIOLATED)                                                            -2.46


1
