 
****************************************
Report : area
Design : or1200_top
Version: M-2016.12-SP2
Date   : Tue Jul 10 10:26:00 2018
****************************************

Library(s) Used:

    sc9_cmos10lpe_base_hvt_ss_nominal_max_1p08v_125c (File: /home/projects/vlsi/libraries/65lpe/ref_lib/arm/std_cells/hvt/timing_lib/nldm/db/sc9_cmos10lpe_base_hvt_ss_nominal_max_1p08v_125c.db)

Number of ports:                          604
Number of nets:                         23918
Number of cells:                        23490
Number of combinational cells:          20069
Number of sequential cells:              3421
Number of macros/black boxes:               0
Number of buf/inv:                       4857
Number of references:                     245

Combinational area:              51625.440089
Buf/Inv area:                     6430.680213
Noncombinational area:           27291.240319
Macro/Black Box area:                0.000000
Net Interconnect area:      undefined  (No wire load specified)

Total cell area:                 78916.680408
Total area:                 undefined
1
