 
****************************************
check_design summary:
Version:     M-2016.12-SP2
Date:        Wed Jul  4 12:33:48 2018
****************************************

                   Name                                            Total
--------------------------------------------------------------------------------
Inputs/Outputs                                                    224
    Unconnected ports (LINT-28)                                   220
    Shorted outputs (LINT-31)                                       1
    Constant outputs (LINT-52)                                      3
--------------------------------------------------------------------------------

Warning: In design 'gps_top', port 'wb_adr_i[31]' is not connected to any nets. (LINT-28)
Warning: In design 'gps_top', port 'wb_adr_i[30]' is not connected to any nets. (LINT-28)
Warning: In design 'gps_top', port 'wb_adr_i[29]' is not connected to any nets. (LINT-28)
Warning: In design 'gps_top', port 'wb_adr_i[28]' is not connected to any nets. (LINT-28)
Warning: In design 'gps_top', port 'wb_adr_i[27]' is not connected to any nets. (LINT-28)
Warning: In design 'gps_top', port 'wb_adr_i[26]' is not connected to any nets. (LINT-28)
Warning: In design 'gps_top', port 'wb_adr_i[25]' is not connected to any nets. (LINT-28)
Warning: In design 'gps_top', port 'wb_adr_i[24]' is not connected to any nets. (LINT-28)
Warning: In design 'gps_top', port 'wb_adr_i[23]' is not connected to any nets. (LINT-28)
Warning: In design 'gps_top', port 'wb_adr_i[22]' is not connected to any nets. (LINT-28)
Warning: In design 'gps_top', port 'wb_adr_i[21]' is not connected to any nets. (LINT-28)
Warning: In design 'gps_top', port 'wb_adr_i[20]' is not connected to any nets. (LINT-28)
Warning: In design 'gps_top', port 'wb_adr_i[19]' is not connected to any nets. (LINT-28)
Warning: In design 'gps_top', port 'wb_adr_i[18]' is not connected to any nets. (LINT-28)
Warning: In design 'gps_top', port 'wb_adr_i[17]' is not connected to any nets. (LINT-28)
Warning: In design 'gps_top', port 'wb_adr_i[16]' is not connected to any nets. (LINT-28)
Warning: In design 'gps_top', port 'wb_adr_i[15]' is not connected to any nets. (LINT-28)
Warning: In design 'gps_top', port 'wb_adr_i[14]' is not connected to any nets. (LINT-28)
Warning: In design 'gps_top', port 'wb_adr_i[13]' is not connected to any nets. (LINT-28)
Warning: In design 'gps_top', port 'wb_adr_i[12]' is not connected to any nets. (LINT-28)
Warning: In design 'gps_top', port 'wb_adr_i[11]' is not connected to any nets. (LINT-28)
Warning: In design 'gps_top', port 'wb_adr_i[10]' is not connected to any nets. (LINT-28)
Warning: In design 'gps_top', port 'wb_adr_i[9]' is not connected to any nets. (LINT-28)
Warning: In design 'gps_top', port 'wb_adr_i[8]' is not connected to any nets. (LINT-28)
Warning: In design 'gps_top', port 'wb_adr_i[7]' is not connected to any nets. (LINT-28)
Warning: In design 'gps_top', port 'wb_adr_i[6]' is not connected to any nets. (LINT-28)
Warning: In design 'gps_top', port 'wb_adr_i[1]' is not connected to any nets. (LINT-28)
Warning: In design 'gps_top', port 'wb_adr_i[0]' is not connected to any nets. (LINT-28)
Warning: In design 'gps_top', port 'wb_cyc_i' is not connected to any nets. (LINT-28)
Warning: In design 'gps_top', port 'wb_dat_i[31]' is not connected to any nets. (LINT-28)
Warning: In design 'gps_top', port 'wb_dat_i[30]' is not connected to any nets. (LINT-28)
Warning: In design 'gps_top', port 'wb_dat_i[29]' is not connected to any nets. (LINT-28)
Warning: In design 'gps_top', port 'wb_dat_i[28]' is not connected to any nets. (LINT-28)
Warning: In design 'gps_top', port 'wb_dat_i[27]' is not connected to any nets. (LINT-28)
Warning: In design 'gps_top', port 'wb_dat_i[26]' is not connected to any nets. (LINT-28)
Warning: In design 'gps_top', port 'wb_dat_i[25]' is not connected to any nets. (LINT-28)
Warning: In design 'gps_top', port 'wb_dat_i[24]' is not connected to any nets. (LINT-28)
Warning: In design 'gps_top', port 'wb_dat_i[23]' is not connected to any nets. (LINT-28)
Warning: In design 'gps_top', port 'wb_dat_i[22]' is not connected to any nets. (LINT-28)
Warning: In design 'gps_top', port 'wb_dat_i[21]' is not connected to any nets. (LINT-28)
Warning: In design 'gps_top', port 'wb_dat_i[20]' is not connected to any nets. (LINT-28)
Warning: In design 'gps_top', port 'wb_dat_i[19]' is not connected to any nets. (LINT-28)
Warning: In design 'gps_top', port 'wb_dat_i[18]' is not connected to any nets. (LINT-28)
Warning: In design 'gps_top', port 'wb_dat_i[17]' is not connected to any nets. (LINT-28)
Warning: In design 'gps_top', port 'wb_dat_i[16]' is not connected to any nets. (LINT-28)
Warning: In design 'gps_top', port 'wb_dat_i[15]' is not connected to any nets. (LINT-28)
Warning: In design 'gps_top', port 'wb_dat_i[14]' is not connected to any nets. (LINT-28)
Warning: In design 'gps_top', port 'wb_dat_i[13]' is not connected to any nets. (LINT-28)
Warning: In design 'gps_top', port 'wb_dat_i[12]' is not connected to any nets. (LINT-28)
Warning: In design 'gps_top', port 'wb_dat_i[11]' is not connected to any nets. (LINT-28)
Warning: In design 'gps_top', port 'wb_dat_i[10]' is not connected to any nets. (LINT-28)
Warning: In design 'gps_top', port 'wb_dat_i[9]' is not connected to any nets. (LINT-28)
Warning: In design 'gps_top', port 'wb_dat_i[8]' is not connected to any nets. (LINT-28)
Warning: In design 'gps_top', port 'wb_dat_i[7]' is not connected to any nets. (LINT-28)
Warning: In design 'gps_top', port 'wb_dat_i[6]' is not connected to any nets. (LINT-28)
Warning: In design 'gps_top', port 'wb_dat_i[5]' is not connected to any nets. (LINT-28)
Warning: In design 'gps_top', port 'wb_dat_i[4]' is not connected to any nets. (LINT-28)
Warning: In design 'gps_top', port 'wb_dat_i[3]' is not connected to any nets. (LINT-28)
Warning: In design 'gps_top', port 'wb_dat_i[2]' is not connected to any nets. (LINT-28)
Warning: In design 'gps_top', port 'wb_dat_i[1]' is not connected to any nets. (LINT-28)
Warning: In design 'gps_top', port 'wb_sel_i[3]' is not connected to any nets. (LINT-28)
Warning: In design 'gps_top', port 'wb_sel_i[2]' is not connected to any nets. (LINT-28)
Warning: In design 'gps_top', port 'wb_sel_i[1]' is not connected to any nets. (LINT-28)
Warning: In design 'gps_top', port 'wb_sel_i[0]' is not connected to any nets. (LINT-28)
Warning: In design 'gps_top', port 'sfllKey[75]' is not connected to any nets. (LINT-28)
Warning: In design 'gps_top', port 'sfllKey[74]' is not connected to any nets. (LINT-28)
Warning: In design 'gps_top', port 'sfllKey[73]' is not connected to any nets. (LINT-28)
Warning: In design 'gps_top', port 'sfllKey[72]' is not connected to any nets. (LINT-28)
Warning: In design 'gps_top', port 'sfllKey[71]' is not connected to any nets. (LINT-28)
Warning: In design 'gps_top', port 'sfllKey[70]' is not connected to any nets. (LINT-28)
Warning: In design 'gps_top', port 'sfllKey[69]' is not connected to any nets. (LINT-28)
Warning: In design 'gps_top', port 'sfllKey[68]' is not connected to any nets. (LINT-28)
Warning: In design 'gps_top', port 'sfllKey[67]' is not connected to any nets. (LINT-28)
Warning: In design 'gps_top', port 'sfllKey[66]' is not connected to any nets. (LINT-28)
Warning: In design 'gps_top', port 'sfllKey[65]' is not connected to any nets. (LINT-28)
Warning: In design 'gps_top', port 'sfllKey[64]' is not connected to any nets. (LINT-28)
Warning: In design 'gps_top', port 'sfllKey[63]' is not connected to any nets. (LINT-28)
Warning: In design 'gps_top', port 'sfllKey[62]' is not connected to any nets. (LINT-28)
Warning: In design 'gps_top', port 'sfllKey[61]' is not connected to any nets. (LINT-28)
Warning: In design 'gps_top', port 'sfllKey[60]' is not connected to any nets. (LINT-28)
Warning: In design 'gps_top', port 'sfllKey[59]' is not connected to any nets. (LINT-28)
Warning: In design 'gps_top', port 'sfllKey[58]' is not connected to any nets. (LINT-28)
Warning: In design 'gps_top', port 'sfllKey[57]' is not connected to any nets. (LINT-28)
Warning: In design 'gps_top', port 'sfllKey[56]' is not connected to any nets. (LINT-28)
Warning: In design 'gps_top', port 'sfllKey[55]' is not connected to any nets. (LINT-28)
Warning: In design 'gps_top', port 'sfllKey[54]' is not connected to any nets. (LINT-28)
Warning: In design 'gps_top', port 'sfllKey[53]' is not connected to any nets. (LINT-28)
Warning: In design 'gps_top', port 'sfllKey[52]' is not connected to any nets. (LINT-28)
Warning: In design 'gps_top', port 'sfllKey[51]' is not connected to any nets. (LINT-28)
Warning: In design 'gps_top', port 'sfllKey[50]' is not connected to any nets. (LINT-28)
Warning: In design 'gps_top', port 'sfllKey[49]' is not connected to any nets. (LINT-28)
Warning: In design 'gps_top', port 'sfllKey[48]' is not connected to any nets. (LINT-28)
Warning: In design 'gps_top', port 'sfllKey[47]' is not connected to any nets. (LINT-28)
Warning: In design 'gps_top', port 'sfllKey[46]' is not connected to any nets. (LINT-28)
Warning: In design 'gps_top', port 'sfllKey[45]' is not connected to any nets. (LINT-28)
Warning: In design 'gps_top', port 'sfllKey[44]' is not connected to any nets. (LINT-28)
Warning: In design 'gps_top', port 'sfllKey[43]' is not connected to any nets. (LINT-28)
Warning: In design 'gps_top', port 'sfllKey[42]' is not connected to any nets. (LINT-28)
Warning: In design 'gps_top', port 'sfllKey[41]' is not connected to any nets. (LINT-28)
Warning: In design 'gps_top', port 'sfllKey[40]' is not connected to any nets. (LINT-28)
Warning: In design 'gps_top', port 'sfllKey[39]' is not connected to any nets. (LINT-28)
Warning: In design 'gps_top', port 'sfllKey[38]' is not connected to any nets. (LINT-28)
Warning: In design 'gps_top', port 'sfllKey[37]' is not connected to any nets. (LINT-28)
Warning: In design 'gps_top', port 'sfllKey[36]' is not connected to any nets. (LINT-28)
Warning: In design 'gps_top', port 'sfllKey[35]' is not connected to any nets. (LINT-28)
Warning: In design 'gps_top', port 'sfllKey[34]' is not connected to any nets. (LINT-28)
Warning: In design 'gps_top', port 'sfllKey[33]' is not connected to any nets. (LINT-28)
Warning: In design 'gps_top', port 'sfllKey[32]' is not connected to any nets. (LINT-28)
Warning: In design 'gps_top', port 'sfllKey[31]' is not connected to any nets. (LINT-28)
Warning: In design 'gps_top', port 'sfllKey[30]' is not connected to any nets. (LINT-28)
Warning: In design 'gps_top', port 'sfllKey[29]' is not connected to any nets. (LINT-28)
Warning: In design 'gps_top', port 'sfllKey[28]' is not connected to any nets. (LINT-28)
Warning: In design 'gps_top', port 'sfllKey[27]' is not connected to any nets. (LINT-28)
Warning: In design 'gps_top', port 'sfllKey[26]' is not connected to any nets. (LINT-28)
Warning: In design 'gps_top', port 'sfllKey[25]' is not connected to any nets. (LINT-28)
Warning: In design 'gps_top', port 'sfllKey[24]' is not connected to any nets. (LINT-28)
Warning: In design 'gps_top', port 'sfllKey[23]' is not connected to any nets. (LINT-28)
Warning: In design 'gps_top', port 'sfllKey[22]' is not connected to any nets. (LINT-28)
Warning: In design 'gps_top', port 'sfllKey[21]' is not connected to any nets. (LINT-28)
Warning: In design 'gps_top', port 'sfllKey[20]' is not connected to any nets. (LINT-28)
Warning: In design 'gps_top', port 'sfllKey[19]' is not connected to any nets. (LINT-28)
Warning: In design 'gps_top', port 'sfllKey[18]' is not connected to any nets. (LINT-28)
Warning: In design 'gps_top', port 'sfllKey[17]' is not connected to any nets. (LINT-28)
Warning: In design 'gps_top', port 'sfllKey[16]' is not connected to any nets. (LINT-28)
Warning: In design 'gps_top', port 'sfllKey[15]' is not connected to any nets. (LINT-28)
Warning: In design 'gps_top', port 'sfllKey[14]' is not connected to any nets. (LINT-28)
Warning: In design 'gps_top', port 'sfllKey[13]' is not connected to any nets. (LINT-28)
Warning: In design 'gps_top', port 'sfllKey[12]' is not connected to any nets. (LINT-28)
Warning: In design 'gps_top', port 'sfllKey[11]' is not connected to any nets. (LINT-28)
Warning: In design 'gps_top', port 'sfllKey[10]' is not connected to any nets. (LINT-28)
Warning: In design 'gps_top', port 'sfllKey[9]' is not connected to any nets. (LINT-28)
Warning: In design 'gps_top', port 'sfllKey[8]' is not connected to any nets. (LINT-28)
Warning: In design 'gps_top', port 'sfllKey[7]' is not connected to any nets. (LINT-28)
Warning: In design 'gps_top', port 'sfllKey[6]' is not connected to any nets. (LINT-28)
Warning: In design 'gps_top', port 'sfllKey[5]' is not connected to any nets. (LINT-28)
Warning: In design 'gps_top', port 'sfllKey[4]' is not connected to any nets. (LINT-28)
Warning: In design 'gps_top', port 'sfllKey[3]' is not connected to any nets. (LINT-28)
Warning: In design 'gps_top', port 'sfllKey[2]' is not connected to any nets. (LINT-28)
Warning: In design 'gps_top', port 'sfllKey[1]' is not connected to any nets. (LINT-28)
Warning: In design 'gps_top', port 'sfllKey[0]' is not connected to any nets. (LINT-28)
Warning: In design 'gps_top', port 'fllkey[79]' is not connected to any nets. (LINT-28)
Warning: In design 'gps_top', port 'fllkey[78]' is not connected to any nets. (LINT-28)
Warning: In design 'gps_top', port 'fllkey[77]' is not connected to any nets. (LINT-28)
Warning: In design 'gps_top', port 'fllkey[76]' is not connected to any nets. (LINT-28)
Warning: In design 'gps_top', port 'fllkey[75]' is not connected to any nets. (LINT-28)
Warning: In design 'gps_top', port 'fllkey[74]' is not connected to any nets. (LINT-28)
Warning: In design 'gps_top', port 'fllkey[73]' is not connected to any nets. (LINT-28)
Warning: In design 'gps_top', port 'fllkey[72]' is not connected to any nets. (LINT-28)
Warning: In design 'gps_top', port 'fllkey[71]' is not connected to any nets. (LINT-28)
Warning: In design 'gps_top', port 'fllkey[70]' is not connected to any nets. (LINT-28)
Warning: In design 'gps_top', port 'fllkey[69]' is not connected to any nets. (LINT-28)
Warning: In design 'gps_top', port 'fllkey[68]' is not connected to any nets. (LINT-28)
Warning: In design 'gps_top', port 'fllkey[67]' is not connected to any nets. (LINT-28)
Warning: In design 'gps_top', port 'fllkey[66]' is not connected to any nets. (LINT-28)
Warning: In design 'gps_top', port 'fllkey[65]' is not connected to any nets. (LINT-28)
Warning: In design 'gps_top', port 'fllkey[64]' is not connected to any nets. (LINT-28)
Warning: In design 'gps_top', port 'fllkey[63]' is not connected to any nets. (LINT-28)
Warning: In design 'gps_top', port 'fllkey[62]' is not connected to any nets. (LINT-28)
Warning: In design 'gps_top', port 'fllkey[61]' is not connected to any nets. (LINT-28)
Warning: In design 'gps_top', port 'fllkey[60]' is not connected to any nets. (LINT-28)
Warning: In design 'gps_top', port 'fllkey[59]' is not connected to any nets. (LINT-28)
Warning: In design 'gps_top', port 'fllkey[58]' is not connected to any nets. (LINT-28)
Warning: In design 'gps_top', port 'fllkey[57]' is not connected to any nets. (LINT-28)
Warning: In design 'gps_top', port 'fllkey[56]' is not connected to any nets. (LINT-28)
Warning: In design 'gps_top', port 'fllkey[55]' is not connected to any nets. (LINT-28)
Warning: In design 'gps_top', port 'fllkey[54]' is not connected to any nets. (LINT-28)
Warning: In design 'gps_top', port 'fllkey[53]' is not connected to any nets. (LINT-28)
Warning: In design 'gps_top', port 'fllkey[52]' is not connected to any nets. (LINT-28)
Warning: In design 'gps_top', port 'fllkey[51]' is not connected to any nets. (LINT-28)
Warning: In design 'gps_top', port 'fllkey[50]' is not connected to any nets. (LINT-28)
Warning: In design 'gps_top', port 'fllkey[49]' is not connected to any nets. (LINT-28)
Warning: In design 'gps_top', port 'fllkey[48]' is not connected to any nets. (LINT-28)
Warning: In design 'gps_top', port 'fllkey[47]' is not connected to any nets. (LINT-28)
Warning: In design 'gps_top', port 'fllkey[46]' is not connected to any nets. (LINT-28)
Warning: In design 'gps_top', port 'fllkey[45]' is not connected to any nets. (LINT-28)
Warning: In design 'gps_top', port 'fllkey[44]' is not connected to any nets. (LINT-28)
Warning: In design 'gps_top', port 'fllkey[43]' is not connected to any nets. (LINT-28)
Warning: In design 'gps_top', port 'fllkey[42]' is not connected to any nets. (LINT-28)
Warning: In design 'gps_top', port 'fllkey[41]' is not connected to any nets. (LINT-28)
Warning: In design 'gps_top', port 'fllkey[40]' is not connected to any nets. (LINT-28)
Warning: In design 'gps_top', port 'fllkey[39]' is not connected to any nets. (LINT-28)
Warning: In design 'gps_top', port 'fllkey[38]' is not connected to any nets. (LINT-28)
Warning: In design 'gps_top', port 'fllkey[37]' is not connected to any nets. (LINT-28)
Warning: In design 'gps_top', port 'fllkey[36]' is not connected to any nets. (LINT-28)
Warning: In design 'gps_top', port 'fllkey[35]' is not connected to any nets. (LINT-28)
Warning: In design 'gps_top', port 'fllkey[34]' is not connected to any nets. (LINT-28)
Warning: In design 'gps_top', port 'fllkey[33]' is not connected to any nets. (LINT-28)
Warning: In design 'gps_top', port 'fllkey[32]' is not connected to any nets. (LINT-28)
Warning: In design 'gps_top', port 'fllkey[31]' is not connected to any nets. (LINT-28)
Warning: In design 'gps_top', port 'fllkey[30]' is not connected to any nets. (LINT-28)
Warning: In design 'gps_top', port 'fllkey[29]' is not connected to any nets. (LINT-28)
Warning: In design 'gps_top', port 'fllkey[28]' is not connected to any nets. (LINT-28)
Warning: In design 'gps_top', port 'fllkey[27]' is not connected to any nets. (LINT-28)
Warning: In design 'gps_top', port 'fllkey[26]' is not connected to any nets. (LINT-28)
Warning: In design 'gps_top', port 'fllkey[25]' is not connected to any nets. (LINT-28)
Warning: In design 'gps_top', port 'fllkey[24]' is not connected to any nets. (LINT-28)
Warning: In design 'gps_top', port 'fllkey[23]' is not connected to any nets. (LINT-28)
Warning: In design 'gps_top', port 'fllkey[22]' is not connected to any nets. (LINT-28)
Warning: In design 'gps_top', port 'fllkey[21]' is not connected to any nets. (LINT-28)
Warning: In design 'gps_top', port 'fllkey[20]' is not connected to any nets. (LINT-28)
Warning: In design 'gps_top', port 'fllkey[19]' is not connected to any nets. (LINT-28)
Warning: In design 'gps_top', port 'fllkey[18]' is not connected to any nets. (LINT-28)
Warning: In design 'gps_top', port 'fllkey[17]' is not connected to any nets. (LINT-28)
Warning: In design 'gps_top', port 'fllkey[16]' is not connected to any nets. (LINT-28)
Warning: In design 'gps_top', port 'fllkey[15]' is not connected to any nets. (LINT-28)
Warning: In design 'gps_top', port 'fllkey[14]' is not connected to any nets. (LINT-28)
Warning: In design 'gps_top', port 'fllkey[13]' is not connected to any nets. (LINT-28)
Warning: In design 'gps_top', port 'fllkey[12]' is not connected to any nets. (LINT-28)
Warning: In design 'gps_top', port 'fllkey[11]' is not connected to any nets. (LINT-28)
Warning: In design 'gps_top', port 'fllkey[10]' is not connected to any nets. (LINT-28)
Warning: In design 'gps_top', port 'fllkey[9]' is not connected to any nets. (LINT-28)
Warning: In design 'gps_top', port 'fllkey[8]' is not connected to any nets. (LINT-28)
Warning: In design 'gps_top', port 'fllkey[7]' is not connected to any nets. (LINT-28)
Warning: In design 'gps_top', port 'fllkey[6]' is not connected to any nets. (LINT-28)
Warning: In design 'gps_top', port 'fllkey[5]' is not connected to any nets. (LINT-28)
Warning: In design 'gps_top', port 'fllkey[4]' is not connected to any nets. (LINT-28)
Warning: In design 'gps_top', port 'fllkey[3]' is not connected to any nets. (LINT-28)
Warning: In design 'gps_top', port 'fllkey[2]' is not connected to any nets. (LINT-28)
Warning: In design 'gps_top', port 'fllkey[1]' is not connected to any nets. (LINT-28)
Warning: In design 'gps_top', port 'fllkey[0]' is not connected to any nets. (LINT-28)
Warning: In design 'gps_top', output port 'wb_err_o' is connected directly to output port 'int_o'. (LINT-31)
Warning: In design 'gps_top', output port 'wb_ack_o' is connected directly to 'logic 1'. (LINT-52)
Warning: In design 'gps_top', output port 'wb_err_o' is connected directly to 'logic 0'. (LINT-52)
Warning: In design 'gps_top', output port 'int_o' is connected directly to 'logic 0'. (LINT-52)
1
