 
****************************************
Report : area
Design : fir_top
Version: M-2016.12-SP2
Date   : Mon Jun 25 13:47:24 2018
****************************************

Library(s) Used:

    sc9_cmos10lpe_base_hvt_ss_nominal_max_1p08v_125c (File: /home/projects/vlsi/libraries/65lpe/ref_lib/arm/std_cells/hvt/timing_lib/nldm/db/sc9_cmos10lpe_base_hvt_ss_nominal_max_1p08v_125c.db)

Number of ports:                          188
Number of nets:                         17506
Number of cells:                        15518
Number of combinational cells:          12806
Number of sequential cells:              2712
Number of macros/black boxes:               0
Number of buf/inv:                       1707
Number of references:                      58

Combinational area:              36919.080448
Buf/Inv area:                     1895.760075
Noncombinational area:           21043.079983
Macro/Black Box area:                0.000000
Net Interconnect area:      undefined  (No wire load specified)

Total cell area:                 57962.160430
Total area:                 undefined
1
