Information: Propagating switching activity (high effort zero delay simulation). (PWR-6)
Warning: The derived toggle rate value (0.500000) for the clock net 'wb_clk_i' conflicts with the annotated value (0.050000). Using the annotated value. (PWR-12)
Warning: Design has unannotated sequential cell outputs. (PWR-415)
 
****************************************
Report : power
        -analysis_effort high
Design : gps_top
Version: M-2016.12-SP2
Date   : Tue Jul 10 10:35:39 2018
****************************************


Library(s) Used:

    sc9_cmos10lpe_base_hvt_ss_nominal_max_1p08v_125c (File: /home/projects/vlsi/libraries/65lpe/ref_lib/arm/std_cells/hvt/timing_lib/nldm/db/sc9_cmos10lpe_base_hvt_ss_nominal_max_1p08v_125c.db)


Operating Conditions: ss_nominal_max_1p08v_125c   Library: sc9_cmos10lpe_base_hvt_ss_nominal_max_1p08v_125c
Wire Load Model Mode: top


Global Operating Voltage = 1.08 
Power-specific unit information :
    Voltage Units = 1V
    Capacitance Units = 1.000000pf
    Time Units = 1ns
    Dynamic Power Units = 1mW    (derived from V,C,T units)
    Leakage Power Units = 1uW


  Cell Internal Power  =   3.1043 mW   (74%)
  Net Switching Power  =   1.1040 mW   (26%)
                         ---------
Total Dynamic Power    =   4.2083 mW  (100%)

Cell Leakage Power     =  15.9505 uW


                 Internal         Switching           Leakage            Total
Power Group      Power            Power               Power              Power   (   %    )  Attrs
--------------------------------------------------------------------------------------------------
io_pad             0.0000            0.0000            0.0000            0.0000  (   0.00%)
memory             0.0000            0.0000            0.0000            0.0000  (   0.00%)
black_box          0.0000            0.0000            0.0000            0.0000  (   0.00%)
clock_network      0.0000            0.0000            0.0000            0.0000  (   0.00%)
register           1.9222            0.2508            1.2787            2.1744  (  51.47%)
sequential         0.0000            0.0000            0.0000            0.0000  (   0.00%)
combinational      1.1820            0.8532           14.6718            2.0499  (  48.53%)
--------------------------------------------------------------------------------------------------
Total              3.1042 mW         1.1040 mW        15.9505 uW         4.2243 mW
1
