 
****************************************
Report : area
Design : dft_top_top
Version: M-2016.12-SP2
Date   : Wed Jul  4 08:36:02 2018
****************************************

Library(s) Used:

    sc9_cmos10lpe_base_hvt_ss_nominal_max_1p08v_125c (File: /home/projects/vlsi/libraries/65lpe/ref_lib/arm/std_cells/hvt/timing_lib/nldm/db/sc9_cmos10lpe_base_hvt_ss_nominal_max_1p08v_125c.db)

Number of ports:                          108
Number of nets:                        141392
Number of cells:                       139134
Number of combinational cells:          95819
Number of sequential cells:             43315
Number of macros/black boxes:               0
Number of buf/inv:                      19131
Number of references:                     111

Combinational area:             241177.320474
Buf/Inv area:                    21040.560833
Noncombinational area:          336395.157239
Macro/Black Box area:                0.000000
Net Interconnect area:      undefined  (No wire load specified)

Total cell area:                577572.477713
Total area:                 undefined
1
