Information: Updating design information... (UID-85)
Warning: Design 'fir_top' contains 1 high-fanout nets. A fanout number of 1000 will be used for delay calculations involving these nets. (TIM-134)
 
****************************************
Report : timing
        -path full
        -delay max
        -nworst 10
        -input_pins
        -nets
        -max_paths 10
        -capacitance
Design : fir_top
Version: M-2016.12-SP2
Date   : Tue Jul 10 11:57:42 2018
****************************************

 # A fanout number of 1000 was used for high fanout net computations.

Operating Conditions: ss_nominal_max_1p08v_125c   Library: sc9_cmos10lpe_base_hvt_ss_nominal_max_1p08v_125c
Wire Load Model Mode: top

  Startpoint: FIR_filter_inData_in_reg_10_
              (rising edge-triggered flip-flop clocked by CLK)
  Endpoint: FIR_filter_my_acm_filter_firBlock_left_firStep_reg_6__31_
            (rising edge-triggered flip-flop clocked by CLK)
  Path Group: CLK
  Path Type: max

  Point                                       Fanout       Cap      Incr       Path
  ------------------------------------------------------------------------------------
  clock CLK (rise edge)                                             0.00       0.00
  clock network delay (ideal)                                       0.00       0.00
  FIR_filter_inData_in_reg_10_/CK (DFFRPQ_X4M_A9TH)                 0.00 #     0.00 r
  FIR_filter_inData_in_reg_10_/Q (DFFRPQ_X4M_A9TH)                  0.35       0.35 r
  FIR_filter_my_acm_filter_firBlock_left_multProducts[4] (net)     1     0.01     0.00     0.35 r
  U4167/A (INV_X6M_A9TH)                                            0.00       0.35 r
  U4167/Y (INV_X6M_A9TH)                                            0.06       0.40 f
  n3987 (net)                                   4         0.02      0.00       0.40 f
  U4202/A (INV_X9M_A9TH)                                            0.00       0.40 f
  U4202/Y (INV_X9M_A9TH)                                            0.08       0.48 r
  n3988 (net)                                  14         0.04      0.00       0.48 r
  U7343/B (ADDF_X1M_A9TH)                                           0.00       0.48 r
  U7343/S (ADDF_X1M_A9TH)                                           0.38       0.86 f
  n6668 (net)                                   2         0.00      0.00       0.86 f
  U7344/A (NOR2_X1A_A9TH)                                           0.00       0.86 f
  U7344/Y (NOR2_X1A_A9TH)                                           0.12       0.98 r
  n6879 (net)                                   3         0.00      0.00       0.98 r
  U7352/A0 (OAI21_X1M_A9TH)                                         0.00       0.98 r
  U7352/Y (OAI21_X1M_A9TH)                                          0.14       1.11 f
  n6865 (net)                                   2         0.00      0.00       1.11 f
  U7356/A1 (AOI21_X1M_A9TH)                                         0.00       1.11 f
  U7356/Y (AOI21_X1M_A9TH)                                          0.13       1.24 r
  n6675 (net)                                   1         0.00      0.00       1.24 r
  U7357/B0 (OAI21_X1M_A9TH)                                         0.00       1.24 r
  U7357/Y (OAI21_X1M_A9TH)                                          0.11       1.35 f
  n6809 (net)                                   2         0.00      0.00       1.35 f
  U4204/A0 (AOI21_X1M_A9TH)                                         0.00       1.35 f
  U4204/Y (AOI21_X1M_A9TH)                                          0.14       1.49 r
  n6800 (net)                                   2         0.00      0.00       1.49 r
  U4105/A0 (OAI21_X1P4M_A9TH)                                       0.00       1.49 r
  U4105/Y (OAI21_X1P4M_A9TH)                                        0.15       1.64 f
  n6799 (net)                                   2         0.00      0.00       1.64 f
  U7407/A0 (AOI21_X2M_A9TH)                                         0.00       1.64 f
  U7407/Y (AOI21_X2M_A9TH)                                          0.13       1.78 r
  n6795 (net)                                   2         0.00      0.00       1.78 r
  U4472/A0 (OAI21_X1P4M_A9TH)                                       0.00       1.78 r
  U4472/Y (OAI21_X1P4M_A9TH)                                        0.13       1.90 f
  n6790 (net)                                   2         0.00      0.00       1.90 f
  U4470/A0 (AOI21_X1M_A9TH)                                         0.00       1.90 f
  U4470/Y (AOI21_X1M_A9TH)                                          0.16       2.06 r
  n6786 (net)                                   2         0.00      0.00       2.06 r
  U4469/A0 (OAI21_X1M_A9TH)                                         0.00       2.06 r
  U4469/Y (OAI21_X1M_A9TH)                                          0.17       2.23 f
  n6781 (net)                                   2         0.00      0.00       2.23 f
  U4467/A0 (AOI21_X1M_A9TH)                                         0.00       2.23 f
  U4467/Y (AOI21_X1M_A9TH)                                          0.17       2.40 r
  n6777 (net)                                   2         0.00      0.00       2.40 r
  U4466/A0 (OAI21_X1M_A9TH)                                         0.00       2.40 r
  U4466/Y (OAI21_X1M_A9TH)                                          0.17       2.56 f
  n6772 (net)                                   2         0.00      0.00       2.56 f
  U4464/A0 (AOI21_X1M_A9TH)                                         0.00       2.56 f
  U4464/Y (AOI21_X1M_A9TH)                                          0.17       2.73 r
  n6768 (net)                                   2         0.00      0.00       2.73 r
  U4463/A0 (OAI21_X1M_A9TH)                                         0.00       2.73 r
  U4463/Y (OAI21_X1M_A9TH)                                          0.17       2.90 f
  n6763 (net)                                   2         0.00      0.00       2.90 f
  U4461/A0 (AOI21_X1M_A9TH)                                         0.00       2.90 f
  U4461/Y (AOI21_X1M_A9TH)                                          0.17       3.07 r
  n6759 (net)                                   2         0.00      0.00       3.07 r
  U4460/A0 (OAI21_X1M_A9TH)                                         0.00       3.07 r
  U4460/Y (OAI21_X1M_A9TH)                                          0.18       3.25 f
  n6754 (net)                                   2         0.00      0.00       3.25 f
  U4089/A0 (AOI21_X2M_A9TH)                                         0.00       3.25 f
  U4089/Y (AOI21_X2M_A9TH)                                          0.15       3.40 r
  n6750 (net)                                   2         0.00      0.00       3.40 r
  U7441/A0 (OAI21_X1M_A9TH)                                         0.00       3.40 r
  U7441/Y (OAI21_X1M_A9TH)                                          0.14       3.53 f
  n6745 (net)                                   2         0.00      0.00       3.53 f
  U6853/B0 (AO1B2_X1M_A9TH)                                         0.00       3.53 f
  U6853/Y (AO1B2_X1M_A9TH)                                          0.19       3.73 f
  n3997 (net)                                   1         0.00      0.00       3.73 f
  U7447/A (XOR2_X1M_A9TH)                                           0.00       3.73 f
  U7447/Y (XOR2_X1M_A9TH)                                           0.11       3.84 f
  FIR_filter_my_acm_filter_firBlock_left_N192 (net)     1     0.00     0.00     3.84 f
  FIR_filter_my_acm_filter_firBlock_left_firStep_reg_6__31_/D (DFFRPQ_X1M_A9TH)     0.00     3.84 f
  data arrival time                                                            3.84

  clock CLK (rise edge)                                             4.00       4.00
  clock network delay (ideal)                                       0.00       4.00
  FIR_filter_my_acm_filter_firBlock_left_firStep_reg_6__31_/CK (DFFRPQ_X1M_A9TH)     0.00     4.00 r
  library setup time                                               -0.16       3.84
  data required time                                                           3.84
  ------------------------------------------------------------------------------------
  data required time                                                           3.84
  data arrival time                                                           -3.84
  ------------------------------------------------------------------------------------
  slack (MET)                                                                  0.00


  Startpoint: FIR_filter_inData_in_reg_16_
              (rising edge-triggered flip-flop clocked by CLK)
  Endpoint: FIR_filter_my_acm_filter_firBlock_left_firStep_reg_9__31_
            (rising edge-triggered flip-flop clocked by CLK)
  Path Group: CLK
  Path Type: max

  Point                                       Fanout       Cap      Incr       Path
  ------------------------------------------------------------------------------------
  clock CLK (rise edge)                                             0.00       0.00
  clock network delay (ideal)                                       0.00       0.00
  FIR_filter_inData_in_reg_16_/CK (DFFRPQ_X4M_A9TH)                 0.00 #     0.00 r
  FIR_filter_inData_in_reg_16_/Q (DFFRPQ_X4M_A9TH)                  0.38       0.38 f
  FIR_filter_my_acm_filter_firBlock_left_multProducts[10] (net)     8     0.02     0.00     0.38 f
  U4219/A (BUF_X1M_A9TH)                                            0.00       0.38 f
  U4219/Y (BUF_X1M_A9TH)                                            0.17       0.54 f
  n3985 (net)                                   3         0.00      0.00       0.54 f
  U6715/A (NAND2_X1M_A9TH)                                          0.00       0.54 f
  U6715/Y (NAND2_X1M_A9TH)                                          0.10       0.64 r
  n6094 (net)                                   3         0.00      0.00       0.64 r
  U6717/A1 (OAI21_X1M_A9TH)                                         0.00       0.64 r
  U6717/Y (OAI21_X1M_A9TH)                                          0.12       0.76 f
  n5979 (net)                                   1         0.00      0.00       0.76 f
  U6718/B0 (AOI21_X1M_A9TH)                                         0.00       0.76 f
  U6718/Y (AOI21_X1M_A9TH)                                          0.11       0.87 r
  n6074 (net)                                   2         0.00      0.00       0.87 r
  U6723/A0 (OAI21_X1M_A9TH)                                         0.00       0.87 r
  U6723/Y (OAI21_X1M_A9TH)                                          0.11       0.98 f
  n5984 (net)                                   1         0.00      0.00       0.98 f
  U4309/B0 (AOI21_X1M_A9TH)                                         0.00       0.98 f
  U4309/Y (AOI21_X1M_A9TH)                                          0.13       1.12 r
  n6072 (net)                                   2         0.00      0.00       1.12 r
  U4631/A0 (OAI21_X1M_A9TH)                                         0.00       1.12 r
  U4631/Y (OAI21_X1M_A9TH)                                          0.17       1.29 f
  n6067 (net)                                   2         0.00      0.00       1.29 f
  U7263/A0 (AOI21B_X1M_A9TH)                                        0.00       1.29 f
  U7263/Y (AOI21B_X1M_A9TH)                                         0.18       1.46 r
  n6063 (net)                                   2         0.00      0.00       1.46 r
  U4526/A0 (OAI21_X1M_A9TH)                                         0.00       1.46 r
  U4526/Y (OAI21_X1M_A9TH)                                          0.17       1.63 f
  n6058 (net)                                   2         0.00      0.00       1.63 f
  U4524/A0 (AOI21_X1M_A9TH)                                         0.00       1.63 f
  U4524/Y (AOI21_X1M_A9TH)                                          0.17       1.80 r
  n6054 (net)                                   2         0.00      0.00       1.80 r
  U4637/A0 (OAI21_X1M_A9TH)                                         0.00       1.80 r
  U4637/Y (OAI21_X1M_A9TH)                                          0.17       1.97 f
  n6049 (net)                                   2         0.00      0.00       1.97 f
  U4522/A0 (AOI21_X1M_A9TH)                                         0.00       1.97 f
  U4522/Y (AOI21_X1M_A9TH)                                          0.17       2.14 r
  n6045 (net)                                   2         0.00      0.00       2.14 r
  U4521/A0 (OAI21_X1M_A9TH)                                         0.00       2.14 r
  U4521/Y (OAI21_X1M_A9TH)                                          0.17       2.31 f
  n6040 (net)                                   2         0.00      0.00       2.31 f
  U4519/A0 (AOI21_X1M_A9TH)                                         0.00       2.31 f
  U4519/Y (AOI21_X1M_A9TH)                                          0.18       2.49 r
  n6036 (net)                                   2         0.00      0.00       2.49 r
  U4197/A0 (OAI21_X1P4M_A9TH)                                       0.00       2.49 r
  U4197/Y (OAI21_X1P4M_A9TH)                                        0.17       2.65 f
  n6031 (net)                                   2         0.00      0.00       2.65 f
  U7317/A0 (AOI21B_X2M_A9TH)                                        0.00       2.65 f
  U7317/Y (AOI21B_X2M_A9TH)                                         0.15       2.80 r
  n6027 (net)                                   2         0.00      0.00       2.80 r
  U4096/A0 (OAI21_X2M_A9TH)                                         0.00       2.80 r
  U4096/Y (OAI21_X2M_A9TH)                                          0.13       2.93 f
  n6022 (net)                                   2         0.00      0.00       2.93 f
  U4213/A0 (AOI21_X2M_A9TH)                                         0.00       2.93 f
  U4213/Y (AOI21_X2M_A9TH)                                          0.13       3.06 r
  n6018 (net)                                   2         0.00      0.00       3.06 r
  U4093/A0 (OAI21_X2M_A9TH)                                         0.00       3.06 r
  U4093/Y (OAI21_X2M_A9TH)                                          0.12       3.18 f
  n6013 (net)                                   2         0.00      0.00       3.18 f
  U4217/A0 (AOI21_X2M_A9TH)                                         0.00       3.18 f
  U4217/Y (AOI21_X2M_A9TH)                                          0.13       3.31 r
  n6009 (net)                                   2         0.00      0.00       3.31 r
  U4216/A0 (OAI21_X2M_A9TH)                                         0.00       3.31 r
  U4216/Y (OAI21_X2M_A9TH)                                          0.12       3.42 f
  n6004 (net)                                   2         0.00      0.00       3.42 f
  U6757/A0 (AOI21_X1M_A9TH)                                         0.00       3.42 f
  U6757/Y (AOI21_X1M_A9TH)                                          0.15       3.58 r
  n6000 (net)                                   2         0.00      0.00       3.58 r
  U6760/A0 (OAI21_X1M_A9TH)                                         0.00       3.58 r
  U6760/Y (OAI21_X1M_A9TH)                                          0.15       3.73 f
  n5995 (net)                                   1         0.00      0.00       3.73 f
  U6762/A (XOR2_X1M_A9TH)                                           0.00       3.73 f
  U6762/Y (XOR2_X1M_A9TH)                                           0.12       3.85 f
  FIR_filter_my_acm_filter_firBlock_left_N288 (net)     1     0.00     0.00     3.85 f
  FIR_filter_my_acm_filter_firBlock_left_firStep_reg_9__31_/D (DFFRPQ_X1M_A9TH)     0.00     3.85 f
  data arrival time                                                            3.85

  clock CLK (rise edge)                                             4.00       4.00
  clock network delay (ideal)                                       0.00       4.00
  FIR_filter_my_acm_filter_firBlock_left_firStep_reg_9__31_/CK (DFFRPQ_X1M_A9TH)     0.00     4.00 r
  library setup time                                               -0.15       3.85
  data required time                                                           3.85
  ------------------------------------------------------------------------------------
  data required time                                                           3.85
  data arrival time                                                           -3.85
  ------------------------------------------------------------------------------------
  slack (MET)                                                                  0.00


  Startpoint: FIR_filter_inData_in_reg_17_
              (rising edge-triggered flip-flop clocked by CLK)
  Endpoint: FIR_filter_my_acm_filter_firBlock_left_firStep_reg_6__31_
            (rising edge-triggered flip-flop clocked by CLK)
  Path Group: CLK
  Path Type: max

  Point                                       Fanout       Cap      Incr       Path
  ------------------------------------------------------------------------------------
  clock CLK (rise edge)                                             0.00       0.00
  clock network delay (ideal)                                       0.00       0.00
  FIR_filter_inData_in_reg_17_/CK (DFFRPQ_X3M_A9TH)                 0.00 #     0.00 r
  FIR_filter_inData_in_reg_17_/Q (DFFRPQ_X3M_A9TH)                  0.46       0.46 f
  FIR_filter_my_acm_filter_firBlock_left_multProducts[11] (net)    15     0.04     0.00     0.46 f
  U7371/CI (ADDF_X1M_A9TH)                                          0.00       0.46 f
  U7371/S (ADDF_X1M_A9TH)                                           0.43       0.89 r
  n6688 (net)                                   2         0.00      0.00       0.89 r
  U7388/A (NAND2_X1M_A9TH)                                          0.00       0.89 r
  U7388/Y (NAND2_X1M_A9TH)                                          0.10       0.99 f
  n6835 (net)                                   3         0.00      0.00       0.99 f
  U7390/A1 (OAI21_X1M_A9TH)                                         0.00       0.99 f
  U7390/Y (OAI21_X1M_A9TH)                                          0.14       1.14 r
  n6813 (net)                                   2         0.00      0.00       1.14 r
  U7394/A1 (AOI21_X1M_A9TH)                                         0.00       1.14 r
  U7394/Y (AOI21_X1M_A9TH)                                          0.12       1.26 f
  n6697 (net)                                   1         0.00      0.00       1.26 f
  U7395/B0 (OAI21_X1M_A9TH)                                         0.00       1.26 f
  U7395/Y (OAI21_X1M_A9TH)                                          0.08       1.34 r
  n6699 (net)                                   1         0.00      0.00       1.34 r
  U4204/B0 (AOI21_X1M_A9TH)                                         0.00       1.34 r
  U4204/Y (AOI21_X1M_A9TH)                                          0.10       1.44 f
  n6800 (net)                                   2         0.00      0.00       1.44 f
  U4105/A0 (OAI21_X1P4M_A9TH)                                       0.00       1.44 f
  U4105/Y (OAI21_X1P4M_A9TH)                                        0.15       1.59 r
  n6799 (net)                                   2         0.00      0.00       1.59 r
  U7407/A0 (AOI21_X2M_A9TH)                                         0.00       1.59 r
  U7407/Y (AOI21_X2M_A9TH)                                          0.13       1.72 f
  n6795 (net)                                   2         0.00      0.00       1.72 f
  U4472/A0 (OAI21_X1P4M_A9TH)                                       0.00       1.72 f
  U4472/Y (OAI21_X1P4M_A9TH)                                        0.13       1.85 r
  n6790 (net)                                   2         0.00      0.00       1.85 r
  U4470/A0 (AOI21_X1M_A9TH)                                         0.00       1.85 r
  U4470/Y (AOI21_X1M_A9TH)                                          0.15       2.00 f
  n6786 (net)                                   2         0.00      0.00       2.00 f
  U4469/A0 (OAI21_X1M_A9TH)                                         0.00       2.00 f
  U4469/Y (OAI21_X1M_A9TH)                                          0.17       2.17 r
  n6781 (net)                                   2         0.00      0.00       2.17 r
  U4467/A0 (AOI21_X1M_A9TH)                                         0.00       2.17 r
  U4467/Y (AOI21_X1M_A9TH)                                          0.17       2.34 f
  n6777 (net)                                   2         0.00      0.00       2.34 f
  U4466/A0 (OAI21_X1M_A9TH)                                         0.00       2.34 f
  U4466/Y (OAI21_X1M_A9TH)                                          0.17       2.51 r
  n6772 (net)                                   2         0.00      0.00       2.51 r
  U4464/A0 (AOI21_X1M_A9TH)                                         0.00       2.51 r
  U4464/Y (AOI21_X1M_A9TH)                                          0.17       2.68 f
  n6768 (net)                                   2         0.00      0.00       2.68 f
  U4463/A0 (OAI21_X1M_A9TH)                                         0.00       2.68 f
  U4463/Y (OAI21_X1M_A9TH)                                          0.17       2.85 r
  n6763 (net)                                   2         0.00      0.00       2.85 r
  U4461/A0 (AOI21_X1M_A9TH)                                         0.00       2.85 r
  U4461/Y (AOI21_X1M_A9TH)                                          0.17       3.02 f
  n6759 (net)                                   2         0.00      0.00       3.02 f
  U4460/A0 (OAI21_X1M_A9TH)                                         0.00       3.02 f
  U4460/Y (OAI21_X1M_A9TH)                                          0.19       3.21 r
  n6754 (net)                                   2         0.00      0.00       3.21 r
  U4089/A0 (AOI21_X2M_A9TH)                                         0.00       3.21 r
  U4089/Y (AOI21_X2M_A9TH)                                          0.15       3.36 f
  n6750 (net)                                   2         0.00      0.00       3.36 f
  U7441/A0 (OAI21_X1M_A9TH)                                         0.00       3.36 f
  U7441/Y (OAI21_X1M_A9TH)                                          0.15       3.51 r
  n6745 (net)                                   2         0.00      0.00       3.51 r
  U6853/B0 (AO1B2_X1M_A9TH)                                         0.00       3.51 r
  U6853/Y (AO1B2_X1M_A9TH)                                          0.22       3.73 r
  n3997 (net)                                   1         0.00      0.00       3.73 r
  U7447/A (XOR2_X1M_A9TH)                                           0.00       3.73 r
  U7447/Y (XOR2_X1M_A9TH)                                           0.11       3.84 r
  FIR_filter_my_acm_filter_firBlock_left_N192 (net)     1     0.00     0.00     3.84 r
  FIR_filter_my_acm_filter_firBlock_left_firStep_reg_6__31_/D (DFFRPQ_X1M_A9TH)     0.00     3.84 r
  data arrival time                                                            3.84

  clock CLK (rise edge)                                             4.00       4.00
  clock network delay (ideal)                                       0.00       4.00
  FIR_filter_my_acm_filter_firBlock_left_firStep_reg_6__31_/CK (DFFRPQ_X1M_A9TH)     0.00     4.00 r
  library setup time                                               -0.16       3.84
  data required time                                                           3.84
  ------------------------------------------------------------------------------------
  data required time                                                           3.84
  data arrival time                                                           -3.84
  ------------------------------------------------------------------------------------
  slack (MET)                                                                  0.00


  Startpoint: FIR_filter_inData_in_reg_10_
              (rising edge-triggered flip-flop clocked by CLK)
  Endpoint: FIR_filter_my_acm_filter_firBlock_left_firStep_reg_6__31_
            (rising edge-triggered flip-flop clocked by CLK)
  Path Group: CLK
  Path Type: max

  Point                                       Fanout       Cap      Incr       Path
  ------------------------------------------------------------------------------------
  clock CLK (rise edge)                                             0.00       0.00
  clock network delay (ideal)                                       0.00       0.00
  FIR_filter_inData_in_reg_10_/CK (DFFRPQ_X4M_A9TH)                 0.00 #     0.00 r
  FIR_filter_inData_in_reg_10_/Q (DFFRPQ_X4M_A9TH)                  0.35       0.35 r
  FIR_filter_my_acm_filter_firBlock_left_multProducts[4] (net)     1     0.01     0.00     0.35 r
  U4167/A (INV_X6M_A9TH)                                            0.00       0.35 r
  U4167/Y (INV_X6M_A9TH)                                            0.06       0.40 f
  n3987 (net)                                   4         0.02      0.00       0.40 f
  U4202/A (INV_X9M_A9TH)                                            0.00       0.40 f
  U4202/Y (INV_X9M_A9TH)                                            0.08       0.48 r
  n3988 (net)                                  14         0.04      0.00       0.48 r
  U7343/B (ADDF_X1M_A9TH)                                           0.00       0.48 r
  U7343/S (ADDF_X1M_A9TH)                                           0.38       0.86 f
  n6668 (net)                                   2         0.00      0.00       0.86 f
  U7344/A (NOR2_X1A_A9TH)                                           0.00       0.86 f
  U7344/Y (NOR2_X1A_A9TH)                                           0.12       0.98 r
  n6879 (net)                                   3         0.00      0.00       0.98 r
  U7352/A0 (OAI21_X1M_A9TH)                                         0.00       0.98 r
  U7352/Y (OAI21_X1M_A9TH)                                          0.14       1.11 f
  n6865 (net)                                   2         0.00      0.00       1.11 f
  U7356/A1 (AOI21_X1M_A9TH)                                         0.00       1.11 f
  U7356/Y (AOI21_X1M_A9TH)                                          0.13       1.24 r
  n6675 (net)                                   1         0.00      0.00       1.24 r
  U7357/B0 (OAI21_X1M_A9TH)                                         0.00       1.24 r
  U7357/Y (OAI21_X1M_A9TH)                                          0.11       1.35 f
  n6809 (net)                                   2         0.00      0.00       1.35 f
  U4204/A0 (AOI21_X1M_A9TH)                                         0.00       1.35 f
  U4204/Y (AOI21_X1M_A9TH)                                          0.14       1.49 r
  n6800 (net)                                   2         0.00      0.00       1.49 r
  U4105/A0 (OAI21_X1P4M_A9TH)                                       0.00       1.49 r
  U4105/Y (OAI21_X1P4M_A9TH)                                        0.15       1.64 f
  n6799 (net)                                   2         0.00      0.00       1.64 f
  U7407/A0 (AOI21_X2M_A9TH)                                         0.00       1.64 f
  U7407/Y (AOI21_X2M_A9TH)                                          0.13       1.78 r
  n6795 (net)                                   2         0.00      0.00       1.78 r
  U4472/A0 (OAI21_X1P4M_A9TH)                                       0.00       1.78 r
  U4472/Y (OAI21_X1P4M_A9TH)                                        0.13       1.90 f
  n6790 (net)                                   2         0.00      0.00       1.90 f
  U4470/A0 (AOI21_X1M_A9TH)                                         0.00       1.90 f
  U4470/Y (AOI21_X1M_A9TH)                                          0.16       2.06 r
  n6786 (net)                                   2         0.00      0.00       2.06 r
  U4469/A0 (OAI21_X1M_A9TH)                                         0.00       2.06 r
  U4469/Y (OAI21_X1M_A9TH)                                          0.17       2.23 f
  n6781 (net)                                   2         0.00      0.00       2.23 f
  U4467/A0 (AOI21_X1M_A9TH)                                         0.00       2.23 f
  U4467/Y (AOI21_X1M_A9TH)                                          0.17       2.40 r
  n6777 (net)                                   2         0.00      0.00       2.40 r
  U4466/A0 (OAI21_X1M_A9TH)                                         0.00       2.40 r
  U4466/Y (OAI21_X1M_A9TH)                                          0.17       2.56 f
  n6772 (net)                                   2         0.00      0.00       2.56 f
  U4464/A0 (AOI21_X1M_A9TH)                                         0.00       2.56 f
  U4464/Y (AOI21_X1M_A9TH)                                          0.17       2.73 r
  n6768 (net)                                   2         0.00      0.00       2.73 r
  U4463/A0 (OAI21_X1M_A9TH)                                         0.00       2.73 r
  U4463/Y (OAI21_X1M_A9TH)                                          0.17       2.90 f
  n6763 (net)                                   2         0.00      0.00       2.90 f
  U4461/A0 (AOI21_X1M_A9TH)                                         0.00       2.90 f
  U4461/Y (AOI21_X1M_A9TH)                                          0.17       3.07 r
  n6759 (net)                                   2         0.00      0.00       3.07 r
  U4460/A0 (OAI21_X1M_A9TH)                                         0.00       3.07 r
  U4460/Y (OAI21_X1M_A9TH)                                          0.18       3.25 f
  n6754 (net)                                   2         0.00      0.00       3.25 f
  U4089/A0 (AOI21_X2M_A9TH)                                         0.00       3.25 f
  U4089/Y (AOI21_X2M_A9TH)                                          0.15       3.40 r
  n6750 (net)                                   2         0.00      0.00       3.40 r
  U7441/A0 (OAI21_X1M_A9TH)                                         0.00       3.40 r
  U7441/Y (OAI21_X1M_A9TH)                                          0.14       3.53 f
  n6745 (net)                                   2         0.00      0.00       3.53 f
  U6853/B0 (AO1B2_X1M_A9TH)                                         0.00       3.53 f
  U6853/Y (AO1B2_X1M_A9TH)                                          0.19       3.73 f
  n3997 (net)                                   1         0.00      0.00       3.73 f
  U7447/A (XOR2_X1M_A9TH)                                           0.00       3.73 f
  U7447/Y (XOR2_X1M_A9TH)                                           0.11       3.84 f
  FIR_filter_my_acm_filter_firBlock_left_N192 (net)     1     0.00     0.00     3.84 f
  FIR_filter_my_acm_filter_firBlock_left_firStep_reg_6__31_/D (DFFRPQ_X1M_A9TH)     0.00     3.84 f
  data arrival time                                                            3.84

  clock CLK (rise edge)                                             4.00       4.00
  clock network delay (ideal)                                       0.00       4.00
  FIR_filter_my_acm_filter_firBlock_left_firStep_reg_6__31_/CK (DFFRPQ_X1M_A9TH)     0.00     4.00 r
  library setup time                                               -0.16       3.84
  data required time                                                           3.84
  ------------------------------------------------------------------------------------
  data required time                                                           3.84
  data arrival time                                                           -3.84
  ------------------------------------------------------------------------------------
  slack (MET)                                                                  0.00


  Startpoint: FIR_filter_inData_in_reg_4_
              (rising edge-triggered flip-flop clocked by CLK)
  Endpoint: FIR_filter_my_acm_filter_firBlock_left_firStep_reg_7__31_
            (rising edge-triggered flip-flop clocked by CLK)
  Path Group: CLK
  Path Type: max

  Point                                       Fanout       Cap      Incr       Path
  ------------------------------------------------------------------------------------
  clock CLK (rise edge)                                             0.00       0.00
  clock network delay (ideal)                                       0.00       0.00
  FIR_filter_inData_in_reg_4_/CK (DFFRPQ_X4M_A9TH)                  0.00 #     0.00 r
  FIR_filter_inData_in_reg_4_/Q (DFFRPQ_X4M_A9TH)                   0.40       0.40 r
  FIR_filter_inData_in[4] (net)                10         0.03      0.00       0.40 r
  U4201/A (AND2_X1P4M_A9TH)                                         0.00       0.40 r
  U4201/Y (AND2_X1P4M_A9TH)                                         0.17       0.57 r
  n6656 (net)                                   3         0.00      0.00       0.57 r
  U6869/A1 (AO21_X1M_A9TH)                                          0.00       0.57 r
  U6869/Y (AO21_X1M_A9TH)                                           0.20       0.77 r
  n6654 (net)                                   4         0.00      0.00       0.77 r
  U7291/A1 (AOI21B_X1M_A9TH)                                        0.00       0.77 r
  U7291/Y (AOI21B_X1M_A9TH)                                         0.13       0.91 f
  n6399 (net)                                   2         0.00      0.00       0.91 f
  U6874/A1 (OAI21_X1M_A9TH)                                         0.00       0.91 f
  U6874/Y (OAI21_X1M_A9TH)                                          0.15       1.06 r
  n6385 (net)                                   2         0.00      0.00       1.06 r
  U6878/A1 (AOI21_X1M_A9TH)                                         0.00       1.06 r
  U6878/Y (AOI21_X1M_A9TH)                                          0.14       1.20 f
  n6361 (net)                                   2         0.00      0.00       1.20 f
  U6897/A0 (OAI21_X1M_A9TH)                                         0.00       1.20 f
  U6897/Y (OAI21_X1M_A9TH)                                          0.14       1.33 r
  n6306 (net)                                   2         0.00      0.00       1.33 r
  U4210/A0 (AOI21_X1M_A9TH)                                         0.00       1.33 r
  U4210/Y (AOI21_X1M_A9TH)                                          0.15       1.48 f
  n6297 (net)                                   2         0.00      0.00       1.48 f
  U4209/A0 (OAI21_X2M_A9TH)                                         0.00       1.48 f
  U4209/Y (OAI21_X2M_A9TH)                                          0.14       1.62 r
  n6296 (net)                                   2         0.00      0.00       1.62 r
  U6947/A0 (AOI21_X2M_A9TH)                                         0.00       1.62 r
  U6947/Y (AOI21_X2M_A9TH)                                          0.12       1.74 f
  n6292 (net)                                   2         0.00      0.00       1.74 f
  U4492/A0 (OAI21_X1P4M_A9TH)                                       0.00       1.74 f
  U4492/Y (OAI21_X1P4M_A9TH)                                        0.13       1.87 r
  n6287 (net)                                   2         0.00      0.00       1.87 r
  U4490/A0 (AOI21_X1M_A9TH)                                         0.00       1.87 r
  U4490/Y (AOI21_X1M_A9TH)                                          0.15       2.02 f
  n6283 (net)                                   2         0.00      0.00       2.02 f
  U4489/A0 (OAI21_X1M_A9TH)                                         0.00       2.02 f
  U4489/Y (OAI21_X1M_A9TH)                                          0.17       2.19 r
  n6278 (net)                                   2         0.00      0.00       2.19 r
  U4487/A0 (AOI21_X1M_A9TH)                                         0.00       2.19 r
  U4487/Y (AOI21_X1M_A9TH)                                          0.17       2.36 f
  n6274 (net)                                   2         0.00      0.00       2.36 f
  U4486/A0 (OAI21_X1M_A9TH)                                         0.00       2.36 f
  U4486/Y (OAI21_X1M_A9TH)                                          0.17       2.53 r
  n6269 (net)                                   2         0.00      0.00       2.53 r
  U4484/A0 (AOI21_X1M_A9TH)                                         0.00       2.53 r
  U4484/Y (AOI21_X1M_A9TH)                                          0.17       2.70 f
  n6265 (net)                                   2         0.00      0.00       2.70 f
  U4483/A0 (OAI21_X1M_A9TH)                                         0.00       2.70 f
  U4483/Y (OAI21_X1M_A9TH)                                          0.17       2.87 r
  n6260 (net)                                   2         0.00      0.00       2.87 r
  U4481/A0 (AOI21_X1M_A9TH)                                         0.00       2.87 r
  U4481/Y (AOI21_X1M_A9TH)                                          0.17       3.04 f
  n6256 (net)                                   2         0.00      0.00       3.04 f
  U4480/A0 (OAI21_X1M_A9TH)                                         0.00       3.04 f
  U4480/Y (OAI21_X1M_A9TH)                                          0.19       3.23 r
  n6251 (net)                                   2         0.00      0.00       3.23 r
  U4193/A0 (AOI21_X2M_A9TH)                                         0.00       3.23 r
  U4193/Y (AOI21_X2M_A9TH)                                          0.15       3.38 f
  n6247 (net)                                   2         0.00      0.00       3.38 f
  U6981/A0 (OAI21_X1M_A9TH)                                         0.00       3.38 f
  U6981/Y (OAI21_X1M_A9TH)                                          0.15       3.53 r
  n6242 (net)                                   2         0.00      0.00       3.53 r
  U4625/A0 (AO21_X1M_A9TH)                                          0.00       3.53 r
  U4625/Y (AO21_X1M_A9TH)                                           0.21       3.74 r
  n4001 (net)                                   1         0.00      0.00       3.74 r
  U6987/A (XOR2_X1M_A9TH)                                           0.00       3.74 r
  U6987/Y (XOR2_X1M_A9TH)                                           0.10       3.84 r
  FIR_filter_my_acm_filter_firBlock_left_N224 (net)     1     0.00     0.00     3.84 r
  FIR_filter_my_acm_filter_firBlock_left_firStep_reg_7__31_/D (DFFRPQ_X1M_A9TH)     0.00     3.84 r
  data arrival time                                                            3.84

  clock CLK (rise edge)                                             4.00       4.00
  clock network delay (ideal)                                       0.00       4.00
  FIR_filter_my_acm_filter_firBlock_left_firStep_reg_7__31_/CK (DFFRPQ_X1M_A9TH)     0.00     4.00 r
  library setup time                                               -0.16       3.84
  data required time                                                           3.84
  ------------------------------------------------------------------------------------
  data required time                                                           3.84
  data arrival time                                                           -3.84
  ------------------------------------------------------------------------------------
  slack (MET)                                                                  0.00


  Startpoint: FIR_filter_inData_in_reg_4_
              (rising edge-triggered flip-flop clocked by CLK)
  Endpoint: FIR_filter_my_acm_filter_firBlock_left_firStep_reg_2__31_
            (rising edge-triggered flip-flop clocked by CLK)
  Path Group: CLK
  Path Type: max

  Point                                       Fanout       Cap      Incr       Path
  ------------------------------------------------------------------------------------
  clock CLK (rise edge)                                             0.00       0.00
  clock network delay (ideal)                                       0.00       0.00
  FIR_filter_inData_in_reg_4_/CK (DFFRPQ_X4M_A9TH)                  0.00 #     0.00 r
  FIR_filter_inData_in_reg_4_/Q (DFFRPQ_X4M_A9TH)                   0.40       0.40 r
  FIR_filter_inData_in[4] (net)                10         0.03      0.00       0.40 r
  U4201/A (AND2_X1P4M_A9TH)                                         0.00       0.40 r
  U4201/Y (AND2_X1P4M_A9TH)                                         0.17       0.57 r
  n6656 (net)                                   3         0.00      0.00       0.57 r
  U6869/A1 (AO21_X1M_A9TH)                                          0.00       0.57 r
  U6869/Y (AO21_X1M_A9TH)                                           0.20       0.77 r
  n6654 (net)                                   4         0.00      0.00       0.77 r
  U7290/A1 (AOI21B_X1M_A9TH)                                        0.00       0.77 r
  U7290/Y (AOI21B_X1M_A9TH)                                         0.13       0.91 f
  n6650 (net)                                   2         0.00      0.00       0.91 f
  U7104/A1 (OAI21_X1M_A9TH)                                         0.00       0.91 f
  U7104/Y (OAI21_X1M_A9TH)                                          0.15       1.06 r
  n6636 (net)                                   2         0.00      0.00       1.06 r
  U7108/A1 (AOI21_X1M_A9TH)                                         0.00       1.06 r
  U7108/Y (AOI21_X1M_A9TH)                                          0.14       1.20 f
  n6612 (net)                                   2         0.00      0.00       1.20 f
  U7127/A0 (OAI21_X1M_A9TH)                                         0.00       1.20 f
  U7127/Y (OAI21_X1M_A9TH)                                          0.14       1.33 r
  n6557 (net)                                   2         0.00      0.00       1.33 r
  U4212/A0 (AOI21_X1M_A9TH)                                         0.00       1.33 r
  U4212/Y (AOI21_X1M_A9TH)                                          0.15       1.48 f
  n6548 (net)                                   2         0.00      0.00       1.48 f
  U4211/A0 (OAI21_X2M_A9TH)                                         0.00       1.48 f
  U4211/Y (OAI21_X2M_A9TH)                                          0.14       1.62 r
  n6547 (net)                                   2         0.00      0.00       1.62 r
  U7177/A0 (AOI21_X2M_A9TH)                                         0.00       1.62 r
  U7177/Y (AOI21_X2M_A9TH)                                          0.12       1.74 f
  n6543 (net)                                   2         0.00      0.00       1.74 f
  U4407/A0 (OAI21_X1P4M_A9TH)                                       0.00       1.74 f
  U4407/Y (OAI21_X1P4M_A9TH)                                        0.13       1.87 r
  n6538 (net)                                   2         0.00      0.00       1.87 r
  U4405/A0 (AOI21_X1M_A9TH)                                         0.00       1.87 r
  U4405/Y (AOI21_X1M_A9TH)                                          0.15       2.02 f
  n6534 (net)                                   2         0.00      0.00       2.02 f
  U4404/A0 (OAI21_X1M_A9TH)                                         0.00       2.02 f
  U4404/Y (OAI21_X1M_A9TH)                                          0.17       2.19 r
  n6529 (net)                                   2         0.00      0.00       2.19 r
  U4402/A0 (AOI21_X1M_A9TH)                                         0.00       2.19 r
  U4402/Y (AOI21_X1M_A9TH)                                          0.17       2.36 f
  n6525 (net)                                   2         0.00      0.00       2.36 f
  U4401/A0 (OAI21_X1M_A9TH)                                         0.00       2.36 f
  U4401/Y (OAI21_X1M_A9TH)                                          0.17       2.53 r
  n6520 (net)                                   2         0.00      0.00       2.53 r
  U4399/A0 (AOI21_X1M_A9TH)                                         0.00       2.53 r
  U4399/Y (AOI21_X1M_A9TH)                                          0.17       2.70 f
  n6516 (net)                                   2         0.00      0.00       2.70 f
  U4398/A0 (OAI21_X1M_A9TH)                                         0.00       2.70 f
  U4398/Y (OAI21_X1M_A9TH)                                          0.17       2.87 r
  n6511 (net)                                   2         0.00      0.00       2.87 r
  U4396/A0 (AOI21_X1M_A9TH)                                         0.00       2.87 r
  U4396/Y (AOI21_X1M_A9TH)                                          0.17       3.04 f
  n6507 (net)                                   2         0.00      0.00       3.04 f
  U4395/A0 (OAI21_X1M_A9TH)                                         0.00       3.04 f
  U4395/Y (OAI21_X1M_A9TH)                                          0.19       3.23 r
  n6502 (net)                                   2         0.00      0.00       3.23 r
  U4194/A0 (AOI21_X2M_A9TH)                                         0.00       3.23 r
  U4194/Y (AOI21_X2M_A9TH)                                          0.15       3.38 f
  n6498 (net)                                   2         0.00      0.00       3.38 f
  U7211/A0 (OAI21_X1M_A9TH)                                         0.00       3.38 f
  U7211/Y (OAI21_X1M_A9TH)                                          0.15       3.53 r
  n6493 (net)                                   2         0.00      0.00       3.53 r
  U4623/A0 (AO21_X1M_A9TH)                                          0.00       3.53 r
  U4623/Y (AO21_X1M_A9TH)                                           0.21       3.74 r
  n3999 (net)                                   1         0.00      0.00       3.74 r
  U7217/A (XOR2_X1M_A9TH)                                           0.00       3.74 r
  U7217/Y (XOR2_X1M_A9TH)                                           0.10       3.84 r
  FIR_filter_my_acm_filter_firBlock_left_N64 (net)     1     0.00     0.00     3.84 r
  FIR_filter_my_acm_filter_firBlock_left_firStep_reg_2__31_/D (DFFRPQ_X1M_A9TH)     0.00     3.84 r
  data arrival time                                                            3.84

  clock CLK (rise edge)                                             4.00       4.00
  clock network delay (ideal)                                       0.00       4.00
  FIR_filter_my_acm_filter_firBlock_left_firStep_reg_2__31_/CK (DFFRPQ_X1M_A9TH)     0.00     4.00 r
  library setup time                                               -0.16       3.84
  data required time                                                           3.84
  ------------------------------------------------------------------------------------
  data required time                                                           3.84
  data arrival time                                                           -3.84
  ------------------------------------------------------------------------------------
  slack (MET)                                                                  0.00


  Startpoint: FIR_filter_inData_in_reg_17_
              (rising edge-triggered flip-flop clocked by CLK)
  Endpoint: FIR_filter_my_acm_filter_firBlock_left_firStep_reg_6__31_
            (rising edge-triggered flip-flop clocked by CLK)
  Path Group: CLK
  Path Type: max

  Point                                       Fanout       Cap      Incr       Path
  ------------------------------------------------------------------------------------
  clock CLK (rise edge)                                             0.00       0.00
  clock network delay (ideal)                                       0.00       0.00
  FIR_filter_inData_in_reg_17_/CK (DFFRPQ_X3M_A9TH)                 0.00 #     0.00 r
  FIR_filter_inData_in_reg_17_/Q (DFFRPQ_X3M_A9TH)                  0.46       0.46 f
  FIR_filter_my_acm_filter_firBlock_left_multProducts[11] (net)    15     0.04     0.00     0.46 f
  U7371/CI (ADDF_X1M_A9TH)                                          0.00       0.46 f
  U7371/S (ADDF_X1M_A9TH)                                           0.43       0.89 r
  n6688 (net)                                   2         0.00      0.00       0.89 r
  U7388/A (NAND2_X1M_A9TH)                                          0.00       0.89 r
  U7388/Y (NAND2_X1M_A9TH)                                          0.10       0.99 f
  n6835 (net)                                   3         0.00      0.00       0.99 f
  U7390/A1 (OAI21_X1M_A9TH)                                         0.00       0.99 f
  U7390/Y (OAI21_X1M_A9TH)                                          0.14       1.14 r
  n6813 (net)                                   2         0.00      0.00       1.14 r
  U7394/A1 (AOI21_X1M_A9TH)                                         0.00       1.14 r
  U7394/Y (AOI21_X1M_A9TH)                                          0.12       1.26 f
  n6697 (net)                                   1         0.00      0.00       1.26 f
  U7395/B0 (OAI21_X1M_A9TH)                                         0.00       1.26 f
  U7395/Y (OAI21_X1M_A9TH)                                          0.08       1.34 r
  n6699 (net)                                   1         0.00      0.00       1.34 r
  U4204/B0 (AOI21_X1M_A9TH)                                         0.00       1.34 r
  U4204/Y (AOI21_X1M_A9TH)                                          0.10       1.44 f
  n6800 (net)                                   2         0.00      0.00       1.44 f
  U4105/A0 (OAI21_X1P4M_A9TH)                                       0.00       1.44 f
  U4105/Y (OAI21_X1P4M_A9TH)                                        0.15       1.59 r
  n6799 (net)                                   2         0.00      0.00       1.59 r
  U7407/A0 (AOI21_X2M_A9TH)                                         0.00       1.59 r
  U7407/Y (AOI21_X2M_A9TH)                                          0.13       1.72 f
  n6795 (net)                                   2         0.00      0.00       1.72 f
  U4472/A0 (OAI21_X1P4M_A9TH)                                       0.00       1.72 f
  U4472/Y (OAI21_X1P4M_A9TH)                                        0.13       1.85 r
  n6790 (net)                                   2         0.00      0.00       1.85 r
  U4470/A0 (AOI21_X1M_A9TH)                                         0.00       1.85 r
  U4470/Y (AOI21_X1M_A9TH)                                          0.15       2.00 f
  n6786 (net)                                   2         0.00      0.00       2.00 f
  U4469/A0 (OAI21_X1M_A9TH)                                         0.00       2.00 f
  U4469/Y (OAI21_X1M_A9TH)                                          0.17       2.17 r
  n6781 (net)                                   2         0.00      0.00       2.17 r
  U4467/A0 (AOI21_X1M_A9TH)                                         0.00       2.17 r
  U4467/Y (AOI21_X1M_A9TH)                                          0.17       2.34 f
  n6777 (net)                                   2         0.00      0.00       2.34 f
  U4466/A0 (OAI21_X1M_A9TH)                                         0.00       2.34 f
  U4466/Y (OAI21_X1M_A9TH)                                          0.17       2.51 r
  n6772 (net)                                   2         0.00      0.00       2.51 r
  U4464/A0 (AOI21_X1M_A9TH)                                         0.00       2.51 r
  U4464/Y (AOI21_X1M_A9TH)                                          0.17       2.68 f
  n6768 (net)                                   2         0.00      0.00       2.68 f
  U4463/A0 (OAI21_X1M_A9TH)                                         0.00       2.68 f
  U4463/Y (OAI21_X1M_A9TH)                                          0.17       2.85 r
  n6763 (net)                                   2         0.00      0.00       2.85 r
  U4461/A0 (AOI21_X1M_A9TH)                                         0.00       2.85 r
  U4461/Y (AOI21_X1M_A9TH)                                          0.17       3.02 f
  n6759 (net)                                   2         0.00      0.00       3.02 f
  U4460/A0 (OAI21_X1M_A9TH)                                         0.00       3.02 f
  U4460/Y (OAI21_X1M_A9TH)                                          0.19       3.21 r
  n6754 (net)                                   2         0.00      0.00       3.21 r
  U4089/A0 (AOI21_X2M_A9TH)                                         0.00       3.21 r
  U4089/Y (AOI21_X2M_A9TH)                                          0.15       3.36 f
  n6750 (net)                                   2         0.00      0.00       3.36 f
  U7441/A0 (OAI21_X1M_A9TH)                                         0.00       3.36 f
  U7441/Y (OAI21_X1M_A9TH)                                          0.15       3.51 r
  n6745 (net)                                   2         0.00      0.00       3.51 r
  U6853/B0 (AO1B2_X1M_A9TH)                                         0.00       3.51 r
  U6853/Y (AO1B2_X1M_A9TH)                                          0.22       3.73 r
  n3997 (net)                                   1         0.00      0.00       3.73 r
  U7447/A (XOR2_X1M_A9TH)                                           0.00       3.73 r
  U7447/Y (XOR2_X1M_A9TH)                                           0.11       3.84 r
  FIR_filter_my_acm_filter_firBlock_left_N192 (net)     1     0.00     0.00     3.84 r
  FIR_filter_my_acm_filter_firBlock_left_firStep_reg_6__31_/D (DFFRPQ_X1M_A9TH)     0.00     3.84 r
  data arrival time                                                            3.84

  clock CLK (rise edge)                                             4.00       4.00
  clock network delay (ideal)                                       0.00       4.00
  FIR_filter_my_acm_filter_firBlock_left_firStep_reg_6__31_/CK (DFFRPQ_X1M_A9TH)     0.00     4.00 r
  library setup time                                               -0.16       3.84
  data required time                                                           3.84
  ------------------------------------------------------------------------------------
  data required time                                                           3.84
  data arrival time                                                           -3.84
  ------------------------------------------------------------------------------------
  slack (MET)                                                                  0.00


  Startpoint: FIR_filter_inData_in_reg_17_
              (rising edge-triggered flip-flop clocked by CLK)
  Endpoint: FIR_filter_my_acm_filter_firBlock_left_firStep_reg_6__31_
            (rising edge-triggered flip-flop clocked by CLK)
  Path Group: CLK
  Path Type: max

  Point                                       Fanout       Cap      Incr       Path
  ------------------------------------------------------------------------------------
  clock CLK (rise edge)                                             0.00       0.00
  clock network delay (ideal)                                       0.00       0.00
  FIR_filter_inData_in_reg_17_/CK (DFFRPQ_X3M_A9TH)                 0.00 #     0.00 r
  FIR_filter_inData_in_reg_17_/Q (DFFRPQ_X3M_A9TH)                  0.46       0.46 f
  FIR_filter_my_acm_filter_firBlock_left_multProducts[11] (net)    15     0.04     0.00     0.46 f
  U7371/CI (ADDF_X1M_A9TH)                                          0.00       0.46 f
  U7371/S (ADDF_X1M_A9TH)                                           0.43       0.89 r
  n6688 (net)                                   2         0.00      0.00       0.89 r
  U7388/A (NAND2_X1M_A9TH)                                          0.00       0.89 r
  U7388/Y (NAND2_X1M_A9TH)                                          0.10       0.99 f
  n6835 (net)                                   3         0.00      0.00       0.99 f
  U7390/A1 (OAI21_X1M_A9TH)                                         0.00       0.99 f
  U7390/Y (OAI21_X1M_A9TH)                                          0.14       1.14 r
  n6813 (net)                                   2         0.00      0.00       1.14 r
  U7394/A1 (AOI21_X1M_A9TH)                                         0.00       1.14 r
  U7394/Y (AOI21_X1M_A9TH)                                          0.12       1.26 f
  n6697 (net)                                   1         0.00      0.00       1.26 f
  U7395/B0 (OAI21_X1M_A9TH)                                         0.00       1.26 f
  U7395/Y (OAI21_X1M_A9TH)                                          0.08       1.34 r
  n6699 (net)                                   1         0.00      0.00       1.34 r
  U4204/B0 (AOI21_X1M_A9TH)                                         0.00       1.34 r
  U4204/Y (AOI21_X1M_A9TH)                                          0.10       1.44 f
  n6800 (net)                                   2         0.00      0.00       1.44 f
  U4105/A0 (OAI21_X1P4M_A9TH)                                       0.00       1.44 f
  U4105/Y (OAI21_X1P4M_A9TH)                                        0.15       1.59 r
  n6799 (net)                                   2         0.00      0.00       1.59 r
  U7407/A0 (AOI21_X2M_A9TH)                                         0.00       1.59 r
  U7407/Y (AOI21_X2M_A9TH)                                          0.13       1.72 f
  n6795 (net)                                   2         0.00      0.00       1.72 f
  U4472/A0 (OAI21_X1P4M_A9TH)                                       0.00       1.72 f
  U4472/Y (OAI21_X1P4M_A9TH)                                        0.13       1.85 r
  n6790 (net)                                   2         0.00      0.00       1.85 r
  U4470/A0 (AOI21_X1M_A9TH)                                         0.00       1.85 r
  U4470/Y (AOI21_X1M_A9TH)                                          0.15       2.00 f
  n6786 (net)                                   2         0.00      0.00       2.00 f
  U4469/A0 (OAI21_X1M_A9TH)                                         0.00       2.00 f
  U4469/Y (OAI21_X1M_A9TH)                                          0.17       2.17 r
  n6781 (net)                                   2         0.00      0.00       2.17 r
  U4467/A0 (AOI21_X1M_A9TH)                                         0.00       2.17 r
  U4467/Y (AOI21_X1M_A9TH)                                          0.17       2.34 f
  n6777 (net)                                   2         0.00      0.00       2.34 f
  U4466/A0 (OAI21_X1M_A9TH)                                         0.00       2.34 f
  U4466/Y (OAI21_X1M_A9TH)                                          0.17       2.51 r
  n6772 (net)                                   2         0.00      0.00       2.51 r
  U4464/A0 (AOI21_X1M_A9TH)                                         0.00       2.51 r
  U4464/Y (AOI21_X1M_A9TH)                                          0.17       2.68 f
  n6768 (net)                                   2         0.00      0.00       2.68 f
  U4463/A0 (OAI21_X1M_A9TH)                                         0.00       2.68 f
  U4463/Y (OAI21_X1M_A9TH)                                          0.17       2.85 r
  n6763 (net)                                   2         0.00      0.00       2.85 r
  U4461/A0 (AOI21_X1M_A9TH)                                         0.00       2.85 r
  U4461/Y (AOI21_X1M_A9TH)                                          0.17       3.02 f
  n6759 (net)                                   2         0.00      0.00       3.02 f
  U4460/A0 (OAI21_X1M_A9TH)                                         0.00       3.02 f
  U4460/Y (OAI21_X1M_A9TH)                                          0.19       3.21 r
  n6754 (net)                                   2         0.00      0.00       3.21 r
  U4089/A0 (AOI21_X2M_A9TH)                                         0.00       3.21 r
  U4089/Y (AOI21_X2M_A9TH)                                          0.15       3.36 f
  n6750 (net)                                   2         0.00      0.00       3.36 f
  U7441/A0 (OAI21_X1M_A9TH)                                         0.00       3.36 f
  U7441/Y (OAI21_X1M_A9TH)                                          0.15       3.51 r
  n6745 (net)                                   2         0.00      0.00       3.51 r
  U6853/B0 (AO1B2_X1M_A9TH)                                         0.00       3.51 r
  U6853/Y (AO1B2_X1M_A9TH)                                          0.22       3.73 r
  n3997 (net)                                   1         0.00      0.00       3.73 r
  U7447/A (XOR2_X1M_A9TH)                                           0.00       3.73 r
  U7447/Y (XOR2_X1M_A9TH)                                           0.11       3.84 r
  FIR_filter_my_acm_filter_firBlock_left_N192 (net)     1     0.00     0.00     3.84 r
  FIR_filter_my_acm_filter_firBlock_left_firStep_reg_6__31_/D (DFFRPQ_X1M_A9TH)     0.00     3.84 r
  data arrival time                                                            3.84

  clock CLK (rise edge)                                             4.00       4.00
  clock network delay (ideal)                                       0.00       4.00
  FIR_filter_my_acm_filter_firBlock_left_firStep_reg_6__31_/CK (DFFRPQ_X1M_A9TH)     0.00     4.00 r
  library setup time                                               -0.16       3.84
  data required time                                                           3.84
  ------------------------------------------------------------------------------------
  data required time                                                           3.84
  data arrival time                                                           -3.84
  ------------------------------------------------------------------------------------
  slack (MET)                                                                  0.00


  Startpoint: FIR_filter_inData_in_reg_17_
              (rising edge-triggered flip-flop clocked by CLK)
  Endpoint: FIR_filter_my_acm_filter_firBlock_left_firStep_reg_6__31_
            (rising edge-triggered flip-flop clocked by CLK)
  Path Group: CLK
  Path Type: max

  Point                                       Fanout       Cap      Incr       Path
  ------------------------------------------------------------------------------------
  clock CLK (rise edge)                                             0.00       0.00
  clock network delay (ideal)                                       0.00       0.00
  FIR_filter_inData_in_reg_17_/CK (DFFRPQ_X3M_A9TH)                 0.00 #     0.00 r
  FIR_filter_inData_in_reg_17_/Q (DFFRPQ_X3M_A9TH)                  0.46       0.46 f
  FIR_filter_my_acm_filter_firBlock_left_multProducts[11] (net)    15     0.04     0.00     0.46 f
  U7371/CI (ADDF_X1M_A9TH)                                          0.00       0.46 f
  U7371/S (ADDF_X1M_A9TH)                                           0.43       0.89 r
  n6688 (net)                                   2         0.00      0.00       0.89 r
  U7388/A (NAND2_X1M_A9TH)                                          0.00       0.89 r
  U7388/Y (NAND2_X1M_A9TH)                                          0.10       0.99 f
  n6835 (net)                                   3         0.00      0.00       0.99 f
  U7390/A1 (OAI21_X1M_A9TH)                                         0.00       0.99 f
  U7390/Y (OAI21_X1M_A9TH)                                          0.14       1.14 r
  n6813 (net)                                   2         0.00      0.00       1.14 r
  U7394/A1 (AOI21_X1M_A9TH)                                         0.00       1.14 r
  U7394/Y (AOI21_X1M_A9TH)                                          0.12       1.26 f
  n6697 (net)                                   1         0.00      0.00       1.26 f
  U7395/B0 (OAI21_X1M_A9TH)                                         0.00       1.26 f
  U7395/Y (OAI21_X1M_A9TH)                                          0.08       1.34 r
  n6699 (net)                                   1         0.00      0.00       1.34 r
  U4204/B0 (AOI21_X1M_A9TH)                                         0.00       1.34 r
  U4204/Y (AOI21_X1M_A9TH)                                          0.10       1.44 f
  n6800 (net)                                   2         0.00      0.00       1.44 f
  U4105/A0 (OAI21_X1P4M_A9TH)                                       0.00       1.44 f
  U4105/Y (OAI21_X1P4M_A9TH)                                        0.15       1.59 r
  n6799 (net)                                   2         0.00      0.00       1.59 r
  U7407/A0 (AOI21_X2M_A9TH)                                         0.00       1.59 r
  U7407/Y (AOI21_X2M_A9TH)                                          0.13       1.72 f
  n6795 (net)                                   2         0.00      0.00       1.72 f
  U4472/A0 (OAI21_X1P4M_A9TH)                                       0.00       1.72 f
  U4472/Y (OAI21_X1P4M_A9TH)                                        0.13       1.85 r
  n6790 (net)                                   2         0.00      0.00       1.85 r
  U4470/A0 (AOI21_X1M_A9TH)                                         0.00       1.85 r
  U4470/Y (AOI21_X1M_A9TH)                                          0.15       2.00 f
  n6786 (net)                                   2         0.00      0.00       2.00 f
  U4469/A0 (OAI21_X1M_A9TH)                                         0.00       2.00 f
  U4469/Y (OAI21_X1M_A9TH)                                          0.17       2.17 r
  n6781 (net)                                   2         0.00      0.00       2.17 r
  U4467/A0 (AOI21_X1M_A9TH)                                         0.00       2.17 r
  U4467/Y (AOI21_X1M_A9TH)                                          0.17       2.34 f
  n6777 (net)                                   2         0.00      0.00       2.34 f
  U4466/A0 (OAI21_X1M_A9TH)                                         0.00       2.34 f
  U4466/Y (OAI21_X1M_A9TH)                                          0.17       2.51 r
  n6772 (net)                                   2         0.00      0.00       2.51 r
  U4464/A0 (AOI21_X1M_A9TH)                                         0.00       2.51 r
  U4464/Y (AOI21_X1M_A9TH)                                          0.17       2.68 f
  n6768 (net)                                   2         0.00      0.00       2.68 f
  U4463/A0 (OAI21_X1M_A9TH)                                         0.00       2.68 f
  U4463/Y (OAI21_X1M_A9TH)                                          0.17       2.85 r
  n6763 (net)                                   2         0.00      0.00       2.85 r
  U4461/A0 (AOI21_X1M_A9TH)                                         0.00       2.85 r
  U4461/Y (AOI21_X1M_A9TH)                                          0.17       3.02 f
  n6759 (net)                                   2         0.00      0.00       3.02 f
  U4460/A0 (OAI21_X1M_A9TH)                                         0.00       3.02 f
  U4460/Y (OAI21_X1M_A9TH)                                          0.19       3.21 r
  n6754 (net)                                   2         0.00      0.00       3.21 r
  U4089/A0 (AOI21_X2M_A9TH)                                         0.00       3.21 r
  U4089/Y (AOI21_X2M_A9TH)                                          0.15       3.36 f
  n6750 (net)                                   2         0.00      0.00       3.36 f
  U7441/A0 (OAI21_X1M_A9TH)                                         0.00       3.36 f
  U7441/Y (OAI21_X1M_A9TH)                                          0.15       3.51 r
  n6745 (net)                                   2         0.00      0.00       3.51 r
  U6853/B0 (AO1B2_X1M_A9TH)                                         0.00       3.51 r
  U6853/Y (AO1B2_X1M_A9TH)                                          0.22       3.73 r
  n3997 (net)                                   1         0.00      0.00       3.73 r
  U7447/A (XOR2_X1M_A9TH)                                           0.00       3.73 r
  U7447/Y (XOR2_X1M_A9TH)                                           0.11       3.84 r
  FIR_filter_my_acm_filter_firBlock_left_N192 (net)     1     0.00     0.00     3.84 r
  FIR_filter_my_acm_filter_firBlock_left_firStep_reg_6__31_/D (DFFRPQ_X1M_A9TH)     0.00     3.84 r
  data arrival time                                                            3.84

  clock CLK (rise edge)                                             4.00       4.00
  clock network delay (ideal)                                       0.00       4.00
  FIR_filter_my_acm_filter_firBlock_left_firStep_reg_6__31_/CK (DFFRPQ_X1M_A9TH)     0.00     4.00 r
  library setup time                                               -0.16       3.84
  data required time                                                           3.84
  ------------------------------------------------------------------------------------
  data required time                                                           3.84
  data arrival time                                                           -3.84
  ------------------------------------------------------------------------------------
  slack (MET)                                                                  0.00


  Startpoint: FIR_filter_inData_in_reg_17_
              (rising edge-triggered flip-flop clocked by CLK)
  Endpoint: FIR_filter_my_acm_filter_firBlock_left_firStep_reg_6__31_
            (rising edge-triggered flip-flop clocked by CLK)
  Path Group: CLK
  Path Type: max

  Point                                       Fanout       Cap      Incr       Path
  ------------------------------------------------------------------------------------
  clock CLK (rise edge)                                             0.00       0.00
  clock network delay (ideal)                                       0.00       0.00
  FIR_filter_inData_in_reg_17_/CK (DFFRPQ_X3M_A9TH)                 0.00 #     0.00 r
  FIR_filter_inData_in_reg_17_/Q (DFFRPQ_X3M_A9TH)                  0.46       0.46 f
  FIR_filter_my_acm_filter_firBlock_left_multProducts[11] (net)    15     0.04     0.00     0.46 f
  U7371/CI (ADDF_X1M_A9TH)                                          0.00       0.46 f
  U7371/S (ADDF_X1M_A9TH)                                           0.43       0.89 r
  n6688 (net)                                   2         0.00      0.00       0.89 r
  U7388/A (NAND2_X1M_A9TH)                                          0.00       0.89 r
  U7388/Y (NAND2_X1M_A9TH)                                          0.10       0.99 f
  n6835 (net)                                   3         0.00      0.00       0.99 f
  U7390/A1 (OAI21_X1M_A9TH)                                         0.00       0.99 f
  U7390/Y (OAI21_X1M_A9TH)                                          0.14       1.14 r
  n6813 (net)                                   2         0.00      0.00       1.14 r
  U7394/A1 (AOI21_X1M_A9TH)                                         0.00       1.14 r
  U7394/Y (AOI21_X1M_A9TH)                                          0.12       1.26 f
  n6697 (net)                                   1         0.00      0.00       1.26 f
  U7395/B0 (OAI21_X1M_A9TH)                                         0.00       1.26 f
  U7395/Y (OAI21_X1M_A9TH)                                          0.08       1.34 r
  n6699 (net)                                   1         0.00      0.00       1.34 r
  U4204/B0 (AOI21_X1M_A9TH)                                         0.00       1.34 r
  U4204/Y (AOI21_X1M_A9TH)                                          0.10       1.44 f
  n6800 (net)                                   2         0.00      0.00       1.44 f
  U4105/A0 (OAI21_X1P4M_A9TH)                                       0.00       1.44 f
  U4105/Y (OAI21_X1P4M_A9TH)                                        0.15       1.59 r
  n6799 (net)                                   2         0.00      0.00       1.59 r
  U7407/A0 (AOI21_X2M_A9TH)                                         0.00       1.59 r
  U7407/Y (AOI21_X2M_A9TH)                                          0.13       1.72 f
  n6795 (net)                                   2         0.00      0.00       1.72 f
  U4472/A0 (OAI21_X1P4M_A9TH)                                       0.00       1.72 f
  U4472/Y (OAI21_X1P4M_A9TH)                                        0.13       1.85 r
  n6790 (net)                                   2         0.00      0.00       1.85 r
  U4470/A0 (AOI21_X1M_A9TH)                                         0.00       1.85 r
  U4470/Y (AOI21_X1M_A9TH)                                          0.15       2.00 f
  n6786 (net)                                   2         0.00      0.00       2.00 f
  U4469/A0 (OAI21_X1M_A9TH)                                         0.00       2.00 f
  U4469/Y (OAI21_X1M_A9TH)                                          0.17       2.17 r
  n6781 (net)                                   2         0.00      0.00       2.17 r
  U4467/A0 (AOI21_X1M_A9TH)                                         0.00       2.17 r
  U4467/Y (AOI21_X1M_A9TH)                                          0.17       2.34 f
  n6777 (net)                                   2         0.00      0.00       2.34 f
  U4466/A0 (OAI21_X1M_A9TH)                                         0.00       2.34 f
  U4466/Y (OAI21_X1M_A9TH)                                          0.17       2.51 r
  n6772 (net)                                   2         0.00      0.00       2.51 r
  U4464/A0 (AOI21_X1M_A9TH)                                         0.00       2.51 r
  U4464/Y (AOI21_X1M_A9TH)                                          0.17       2.68 f
  n6768 (net)                                   2         0.00      0.00       2.68 f
  U4463/A0 (OAI21_X1M_A9TH)                                         0.00       2.68 f
  U4463/Y (OAI21_X1M_A9TH)                                          0.17       2.85 r
  n6763 (net)                                   2         0.00      0.00       2.85 r
  U4461/A0 (AOI21_X1M_A9TH)                                         0.00       2.85 r
  U4461/Y (AOI21_X1M_A9TH)                                          0.17       3.02 f
  n6759 (net)                                   2         0.00      0.00       3.02 f
  U4460/A0 (OAI21_X1M_A9TH)                                         0.00       3.02 f
  U4460/Y (OAI21_X1M_A9TH)                                          0.19       3.21 r
  n6754 (net)                                   2         0.00      0.00       3.21 r
  U4089/A0 (AOI21_X2M_A9TH)                                         0.00       3.21 r
  U4089/Y (AOI21_X2M_A9TH)                                          0.15       3.36 f
  n6750 (net)                                   2         0.00      0.00       3.36 f
  U7441/A0 (OAI21_X1M_A9TH)                                         0.00       3.36 f
  U7441/Y (OAI21_X1M_A9TH)                                          0.15       3.51 r
  n6745 (net)                                   2         0.00      0.00       3.51 r
  U6853/B0 (AO1B2_X1M_A9TH)                                         0.00       3.51 r
  U6853/Y (AO1B2_X1M_A9TH)                                          0.22       3.73 r
  n3997 (net)                                   1         0.00      0.00       3.73 r
  U7447/A (XOR2_X1M_A9TH)                                           0.00       3.73 r
  U7447/Y (XOR2_X1M_A9TH)                                           0.11       3.84 r
  FIR_filter_my_acm_filter_firBlock_left_N192 (net)     1     0.00     0.00     3.84 r
  FIR_filter_my_acm_filter_firBlock_left_firStep_reg_6__31_/D (DFFRPQ_X1M_A9TH)     0.00     3.84 r
  data arrival time                                                            3.84

  clock CLK (rise edge)                                             4.00       4.00
  clock network delay (ideal)                                       0.00       4.00
  FIR_filter_my_acm_filter_firBlock_left_firStep_reg_6__31_/CK (DFFRPQ_X1M_A9TH)     0.00     4.00 r
  library setup time                                               -0.16       3.84
  data required time                                                           3.84
  ------------------------------------------------------------------------------------
  data required time                                                           3.84
  data arrival time                                                           -3.84
  ------------------------------------------------------------------------------------
  slack (MET)                                                                  0.00


1
