set compile_seqmap_propagate_constants     false
false
set compile_seqmap_propagate_high_effort   false
false
set compile_enable_register_merging        false
false
set write_sdc_output_net_resistance        false
false
set timing_separate_clock_gating_group     true
true
set_host_options -max_cores 8
1
set PROJECT_MODULES [getenv "PROJECT_MODULES"]
/home/projects/vlsi/CEP/design/modules
set run_dir  run_dir
run_dir
set design aes_top
aes_top
set clkin  wb_clk_i
wb_clk_i
if {[file exist $run_dir]} {
sh rm -rf $run_dir
}
sh mkdir -p $run_dir/reports
sh mkdir -p $run_dir/netlist
set search_path [concat * $search_path]
* . /opt/programs/synopsys/dc/libraries/syn /opt/programs/synopsys/dc/minpower/syn /opt/programs/synopsys/dc/dw/syn_ver /opt/programs/synopsys/dc/dw/sim_ver
sh rm -rf ./work
define_design_lib WORK -path ./work
1
set target_library { /home/projects/vlsi/libraries/65lpe/ref_lib/arm/std_cells/hvt/timing_lib/nldm/db/sc9_cmos10lpe_base_hvt_ss_nominal_max_1p08v_125c.db}
 /home/projects/vlsi/libraries/65lpe/ref_lib/arm/std_cells/hvt/timing_lib/nldm/db/sc9_cmos10lpe_base_hvt_ss_nominal_max_1p08v_125c.db
set link_library { /home/projects/vlsi/libraries/65lpe/ref_lib/arm/std_cells/hvt/timing_lib/nldm/db/sc9_cmos10lpe_base_hvt_ss_nominal_max_1p08v_125c.db                     /home/projects/vlsi/libraries/65lpe/ref_lib/aragio/io_pads/timing_lib/nldm/db/rgo_csm65_25v33_lpe_50c_ss_108_297_125.db                         /home/projects/vlsi/libraries/65lpe/ref_lib/arm/memories/sram_sp_hde/timing_lib/USERLIB_ccs_ss_1p08v_1p08v_125c.db                    }
 /home/projects/vlsi/libraries/65lpe/ref_lib/arm/std_cells/hvt/timing_lib/nldm/db/sc9_cmos10lpe_base_hvt_ss_nominal_max_1p08v_125c.db                     /home/projects/vlsi/libraries/65lpe/ref_lib/aragio/io_pads/timing_lib/nldm/db/rgo_csm65_25v33_lpe_50c_ss_108_297_125.db                         /home/projects/vlsi/libraries/65lpe/ref_lib/arm/memories/sram_sp_hde/timing_lib/USERLIB_ccs_ss_1p08v_1p08v_125c.db                    
analyze -library WORK -format sverilog "     $PROJECT_MODULES/top/rtl/orpsoc-defines.v     $PROJECT_MODULES/aes/rtl/aes_128.v     $PROJECT_MODULES/aes/rtl/aes_192.v     $PROJECT_MODULES/aes/rtl/round.v     $PROJECT_MODULES/aes/rtl/table.v     $PROJECT_MODULES/aes/rtl/aes_top.v"
Running PRESTO HDLC
Compiling source file /home/projects/vlsi/CEP/design/modules/top/rtl/orpsoc-defines.v
Compiling source file /home/projects/vlsi/CEP/design/modules/aes/rtl/aes_128.v
Compiling source file /home/projects/vlsi/CEP/design/modules/aes/rtl/aes_192.v
Compiling source file /home/projects/vlsi/CEP/design/modules/aes/rtl/round.v
Compiling source file /home/projects/vlsi/CEP/design/modules/aes/rtl/table.v
Compiling source file /home/projects/vlsi/CEP/design/modules/aes/rtl/aes_top.v
Presto compilation completed successfully.
Loading db file '/home/projects/vlsi/libraries/65lpe/ref_lib/arm/std_cells/hvt/timing_lib/nldm/db/sc9_cmos10lpe_base_hvt_ss_nominal_max_1p08v_125c.db'
Loading db file '/home/projects/vlsi/libraries/65lpe/ref_lib/aragio/io_pads/timing_lib/nldm/db/rgo_csm65_25v33_lpe_50c_ss_108_297_125.db'
Loading db file '/home/projects/vlsi/libraries/65lpe/ref_lib/arm/memories/sram_sp_hde/timing_lib/USERLIB_ccs_ss_1p08v_1p08v_125c.db'
Information: Using CCS timing libraries. (TIM-024)
1
elaborate $design
Loading db file '/opt/programs/synopsys/dc/libraries/syn/gtech.db'
Loading db file '/opt/programs/synopsys/dc/libraries/syn/standard.sldb'
  Loading link library 'sc9_cmos10lpe_base_hvt_ss_nominal_max_1p08v_125c'
  Loading link library 'RGO_CSM65_25V33_LPE_50C_SS_108_297_125'
  Loading link library 'USERLIB_ccs_ss_1p08v_1p08v_125c'
  Loading link library 'gtech'
Running PRESTO HDLC

Statistics for case statements in always block at line 43 in file
	'/home/projects/vlsi/CEP/design/modules/aes/rtl/aes_top.v'
===============================================
|           Line           |  full/ parallel  |
===============================================
|            58            |    auto/auto     |
===============================================

Statistics for case statements in always block at line 76 in file
	'/home/projects/vlsi/CEP/design/modules/aes/rtl/aes_top.v'
===============================================
|           Line           |  full/ parallel  |
===============================================
|            77            |    auto/auto     |
===============================================

Inferred memory devices in process
	in routine aes_top line 43 in file
		'/home/projects/vlsi/CEP/design/modules/aes/rtl/aes_top.v'.
===============================================================================
|    Register Name    |   Type    | Width | Bus | MB | AR | AS | SR | SS | ST |
===============================================================================
|       key_reg       | Flip-flop |  192  |  Y  | N  | N  | N  | N  | N  | N  |
|      start_reg      | Flip-flop |   1   |  N  | N  | N  | N  | N  | N  | N  |
|       pt_reg        | Flip-flop |  128  |  Y  | N  | N  | N  | N  | N  | N  |
===============================================================================
Presto compilation completed successfully.
Elaborated 1 design.
Current design is now 'aes_top'.
Information: Building the design 'aes_192'. (HDL-193)

Inferred memory devices in process
	in routine aes_192 line 31 in file
		'/home/projects/vlsi/CEP/design/modules/aes/rtl/aes_192.v'.
===============================================================================
|    Register Name    |   Type    | Width | Bus | MB | AR | AS | SR | SS | ST |
===============================================================================
|     start_r_reg     | Flip-flop |   1   |  N  | N  | N  | N  | N  | N  | N  |
===============================================================================

Inferred memory devices in process
	in routine aes_192 line 38 in file
		'/home/projects/vlsi/CEP/design/modules/aes/rtl/aes_192.v'.
===============================================================================
|    Register Name    |   Type    | Width | Bus | MB | AR | AS | SR | SS | ST |
===============================================================================
|  validCounter_reg   | Flip-flop |   5   |  Y  | N  | N  | N  | N  | N  | N  |
|       s0_reg        | Flip-flop |  128  |  Y  | N  | N  | N  | N  | N  | N  |
|       k0_reg        | Flip-flop |  192  |  Y  | N  | N  | N  | N  | N  | N  |
===============================================================================
Presto compilation completed successfully.
Information: Building the design 'expand_key_type_D_192'. (HDL-193)

Inferred memory devices in process
	in routine expand_key_type_D_192 line 196 in file
		'/home/projects/vlsi/CEP/design/modules/aes/rtl/aes_192.v'.
===============================================================================
|    Register Name    |   Type    | Width | Bus | MB | AR | AS | SR | SS | ST |
===============================================================================
|       k5a_reg       | Flip-flop |  32   |  Y  | N  | N  | N  | N  | N  | N  |
|       k0a_reg       | Flip-flop |  32   |  Y  | N  | N  | N  | N  | N  | N  |
|       k1a_reg       | Flip-flop |  32   |  Y  | N  | N  | N  | N  | N  | N  |
|       k2a_reg       | Flip-flop |  32   |  Y  | N  | N  | N  | N  | N  | N  |
|       k3a_reg       | Flip-flop |  32   |  Y  | N  | N  | N  | N  | N  | N  |
|       k4a_reg       | Flip-flop |  32   |  Y  | N  | N  | N  | N  | N  | N  |
===============================================================================

Inferred memory devices in process
	in routine expand_key_type_D_192 line 206 in file
		'/home/projects/vlsi/CEP/design/modules/aes/rtl/aes_192.v'.
===============================================================================
|    Register Name    |   Type    | Width | Bus | MB | AR | AS | SR | SS | ST |
===============================================================================
|      out_1_reg      | Flip-flop |  192  |  Y  | N  | N  | N  | N  | N  | N  |
===============================================================================
Presto compilation completed successfully.
Information: Building the design 'expand_key_type_B_192'. (HDL-193)

Inferred memory devices in process
	in routine expand_key_type_B_192 line 135 in file
		'/home/projects/vlsi/CEP/design/modules/aes/rtl/aes_192.v'.
===============================================================================
|    Register Name    |   Type    | Width | Bus | MB | AR | AS | SR | SS | ST |
===============================================================================
|       k5a_reg       | Flip-flop |  32   |  Y  | N  | N  | N  | N  | N  | N  |
|       k0a_reg       | Flip-flop |  32   |  Y  | N  | N  | N  | N  | N  | N  |
|       k1a_reg       | Flip-flop |  32   |  Y  | N  | N  | N  | N  | N  | N  |
|       k2a_reg       | Flip-flop |  32   |  Y  | N  | N  | N  | N  | N  | N  |
|       k3a_reg       | Flip-flop |  32   |  Y  | N  | N  | N  | N  | N  | N  |
|       k4a_reg       | Flip-flop |  32   |  Y  | N  | N  | N  | N  | N  | N  |
===============================================================================

Inferred memory devices in process
	in routine expand_key_type_B_192 line 138 in file
		'/home/projects/vlsi/CEP/design/modules/aes/rtl/aes_192.v'.
===============================================================================
|    Register Name    |   Type    | Width | Bus | MB | AR | AS | SR | SS | ST |
===============================================================================
|      out_1_reg      | Flip-flop |  192  |  Y  | N  | N  | N  | N  | N  | N  |
===============================================================================
Presto compilation completed successfully.
Information: Building the design 'expand_key_type_A_192'. (HDL-193)

Inferred memory devices in process
	in routine expand_key_type_A_192 line 100 in file
		'/home/projects/vlsi/CEP/design/modules/aes/rtl/aes_192.v'.
===============================================================================
|    Register Name    |   Type    | Width | Bus | MB | AR | AS | SR | SS | ST |
===============================================================================
|       k5a_reg       | Flip-flop |  32   |  Y  | N  | N  | N  | N  | N  | N  |
|       k0a_reg       | Flip-flop |  32   |  Y  | N  | N  | N  | N  | N  | N  |
|       k1a_reg       | Flip-flop |  32   |  Y  | N  | N  | N  | N  | N  | N  |
|       k2a_reg       | Flip-flop |  32   |  Y  | N  | N  | N  | N  | N  | N  |
|       k3a_reg       | Flip-flop |  32   |  Y  | N  | N  | N  | N  | N  | N  |
|       k4a_reg       | Flip-flop |  32   |  Y  | N  | N  | N  | N  | N  | N  |
===============================================================================

Inferred memory devices in process
	in routine expand_key_type_A_192 line 112 in file
		'/home/projects/vlsi/CEP/design/modules/aes/rtl/aes_192.v'.
===============================================================================
|    Register Name    |   Type    | Width | Bus | MB | AR | AS | SR | SS | ST |
===============================================================================
|      out_1_reg      | Flip-flop |  192  |  Y  | N  | N  | N  | N  | N  | N  |
===============================================================================
Presto compilation completed successfully.
Information: Building the design 'expand_key_type_C_192'. (HDL-193)

Inferred memory devices in process
	in routine expand_key_type_C_192 line 163 in file
		'/home/projects/vlsi/CEP/design/modules/aes/rtl/aes_192.v'.
===============================================================================
|    Register Name    |   Type    | Width | Bus | MB | AR | AS | SR | SS | ST |
===============================================================================
|       k5a_reg       | Flip-flop |  32   |  Y  | N  | N  | N  | N  | N  | N  |
|       k0a_reg       | Flip-flop |  32   |  Y  | N  | N  | N  | N  | N  | N  |
|       k1a_reg       | Flip-flop |  32   |  Y  | N  | N  | N  | N  | N  | N  |
|       k2a_reg       | Flip-flop |  32   |  Y  | N  | N  | N  | N  | N  | N  |
|       k3a_reg       | Flip-flop |  32   |  Y  | N  | N  | N  | N  | N  | N  |
|       k4a_reg       | Flip-flop |  32   |  Y  | N  | N  | N  | N  | N  | N  |
===============================================================================

Inferred memory devices in process
	in routine expand_key_type_C_192 line 173 in file
		'/home/projects/vlsi/CEP/design/modules/aes/rtl/aes_192.v'.
===============================================================================
|    Register Name    |   Type    | Width | Bus | MB | AR | AS | SR | SS | ST |
===============================================================================
|      out_1_reg      | Flip-flop |  192  |  Y  | N  | N  | N  | N  | N  | N  |
===============================================================================
Presto compilation completed successfully.
Information: Building the design 'one_round'. (HDL-193)

Inferred memory devices in process
	in routine one_round line 47 in file
		'/home/projects/vlsi/CEP/design/modules/aes/rtl/round.v'.
===============================================================================
|    Register Name    |   Type    | Width | Bus | MB | AR | AS | SR | SS | ST |
===============================================================================
|    state_out_reg    | Flip-flop |  128  |  Y  | N  | N  | N  | N  | N  | N  |
===============================================================================
Presto compilation completed successfully.
Information: Building the design 'final_round'. (HDL-193)

Inferred memory devices in process
	in routine final_round line 80 in file
		'/home/projects/vlsi/CEP/design/modules/aes/rtl/round.v'.
===============================================================================
|    Register Name    |   Type    | Width | Bus | MB | AR | AS | SR | SS | ST |
===============================================================================
|    state_out_reg    | Flip-flop |  128  |  Y  | N  | N  | N  | N  | N  | N  |
===============================================================================
Presto compilation completed successfully.
Information: Building the design 'S4'. (HDL-193)
Presto compilation completed successfully.
Information: Building the design 'table_lookup'. (HDL-193)
Presto compilation completed successfully.
Information: Building the design 'S'. (HDL-193)

Statistics for case statements in always block at line 66 in file
	'/home/projects/vlsi/CEP/design/modules/aes/rtl/table.v'
===============================================
|           Line           |  full/ parallel  |
===============================================
|            67            |    auto/auto     |
===============================================

Inferred memory devices in process
	in routine S line 66 in file
		'/home/projects/vlsi/CEP/design/modules/aes/rtl/table.v'.
===============================================================================
|    Register Name    |   Type    | Width | Bus | MB | AR | AS | SR | SS | ST |
===============================================================================
|       out_reg       | Flip-flop |   8   |  Y  | N  | N  | N  | N  | N  | N  |
===============================================================================
Presto compilation completed successfully.
Information: Building the design 'T'. (HDL-193)
Presto compilation completed successfully.
Information: Building the design 'xS'. (HDL-193)

Statistics for case statements in always block at line 333 in file
	'/home/projects/vlsi/CEP/design/modules/aes/rtl/table.v'
===============================================
|           Line           |  full/ parallel  |
===============================================
|           334            |    auto/auto     |
===============================================

Inferred memory devices in process
	in routine xS line 333 in file
		'/home/projects/vlsi/CEP/design/modules/aes/rtl/table.v'.
===============================================================================
|    Register Name    |   Type    | Width | Bus | MB | AR | AS | SR | SS | ST |
===============================================================================
|       out_reg       | Flip-flop |   8   |  Y  | N  | N  | N  | N  | N  | N  |
===============================================================================
Presto compilation completed successfully.
1
ungroup -all -flatten
Information: Updating graph... (UID-83)
Warning: Design 'aes_top' contains 815 high-fanout nets. A fanout number of 1000 will be used for delay calculations involving these nets. (TIM-134)
1
set_dont_use [get_lib_cells sc9_cmos10lpe_base_hvt_ss_nominal_max_1p08v_125c/*X0P*]
1
create_clock -name CLK  -period 4  -waveform {0 2} $clkin
1
set input_ports [remove_from_collection [all_inputs] {$clkin}]
Warning: Nothing implicitly matched '$clkin' (SEL-003)
{wb_adr_i[31] wb_adr_i[30] wb_adr_i[29] wb_adr_i[28] wb_adr_i[27] wb_adr_i[26] wb_adr_i[25] wb_adr_i[24] wb_adr_i[23] wb_adr_i[22] wb_adr_i[21] wb_adr_i[20] wb_adr_i[19] wb_adr_i[18] wb_adr_i[17] wb_adr_i[16] wb_adr_i[15] wb_adr_i[14] wb_adr_i[13] wb_adr_i[12] wb_adr_i[11] wb_adr_i[10] wb_adr_i[9] wb_adr_i[8] wb_adr_i[7] wb_adr_i[6] wb_adr_i[5] wb_adr_i[4] wb_adr_i[3] wb_adr_i[2] wb_adr_i[1] wb_adr_i[0] wb_cyc_i wb_dat_i[31] wb_dat_i[30] wb_dat_i[29] wb_dat_i[28] wb_dat_i[27] wb_dat_i[26] wb_dat_i[25] wb_dat_i[24] wb_dat_i[23] wb_dat_i[22] wb_dat_i[21] wb_dat_i[20] wb_dat_i[19] wb_dat_i[18] wb_dat_i[17] wb_dat_i[16] wb_dat_i[15] wb_dat_i[14] wb_dat_i[13] wb_dat_i[12] wb_dat_i[11] wb_dat_i[10] wb_dat_i[9] wb_dat_i[8] wb_dat_i[7] wb_dat_i[6] wb_dat_i[5] wb_dat_i[4] wb_dat_i[3] wb_dat_i[2] wb_dat_i[1] wb_dat_i[0] wb_sel_i[3] wb_sel_i[2] wb_sel_i[1] wb_sel_i[0] wb_stb_i wb_we_i wb_clk_i wb_rst_i}
set output_ports [all_outputs]
{wb_ack_o wb_err_o wb_dat_o[31] wb_dat_o[30] wb_dat_o[29] wb_dat_o[28] wb_dat_o[27] wb_dat_o[26] wb_dat_o[25] wb_dat_o[24] wb_dat_o[23] wb_dat_o[22] wb_dat_o[21] wb_dat_o[20] wb_dat_o[19] wb_dat_o[18] wb_dat_o[17] wb_dat_o[16] wb_dat_o[15] wb_dat_o[14] wb_dat_o[13] wb_dat_o[12] wb_dat_o[11] wb_dat_o[10] wb_dat_o[9] wb_dat_o[8] wb_dat_o[7] wb_dat_o[6] wb_dat_o[5] wb_dat_o[4] wb_dat_o[3] wb_dat_o[2] wb_dat_o[1] wb_dat_o[0] int_o}
set_input_delay -max 1 [get_ports $input_ports ] -clock CLK
1
set_input_delay -min 0 [get_ports $input_ports ] -clock CLK
1
set_output_delay -max 1 [get_ports $output_ports ] -clock CLK
1
set_output_delay -min 3 [get_ports $output_ports ] -clock CLK
1
date
Wed Jul  4 08:59:38 2018
#compile_ultra -no_autoungroup -no_seq_output_inversion -no_boundary_optimization -gate_clock
compile_ultra -no_autoungroup -no_seq_output_inversion -no_boundary_optimization
Warning: The value of variable 'compile_preserve_subdesign_interfaces' has been changed to true because '-no_boundary_optimization' is used. (OPT-133)
Information: Starting from 2013.12 release, constant propagation is enabled even when boundary optimization is disabled. (OPT-1318)
Information: Performing power optimization. (PWR-850)
Alib files are up-to-date.
Information: Running optimization using a maximum of 8 cores. (OPT-1500)
Loading db file '/opt/programs/synopsys/dc/libraries/syn/dw_foundation.sldb'
Warning: DesignWare synthetic library dw_foundation.sldb is added to the synthetic_library in the current command. (UISN-40)
Information: Evaluating DesignWare library utilization. (UISN-27)

============================================================================
| DesignWare Building Block Library  |         Version         | Available |
============================================================================
| Basic DW Building Blocks           | M-2016.12-DWBB_201612.2 |     *     |
| Licensed DW Building Blocks        | M-2016.12-DWBB_201612.2 |     *     |
============================================================================


Information: There are 230 potential problems in your design. Please run 'check_design' for more information. (LINT-99)

  Simplifying Design 'aes_top'
Information: The register 'aes/a11/out_1_reg[191]' will be removed. (OPT-1207)
Information: The register 'aes/a11/out_1_reg[190]' will be removed. (OPT-1207)
Information: The register 'aes/a11/out_1_reg[189]' will be removed. (OPT-1207)
Information: The register 'aes/a11/out_1_reg[188]' will be removed. (OPT-1207)
Information: The register 'aes/a11/out_1_reg[187]' will be removed. (OPT-1207)
Information: The register 'aes/a11/out_1_reg[186]' will be removed. (OPT-1207)
Information: The register 'aes/a11/out_1_reg[185]' will be removed. (OPT-1207)
Information: The register 'aes/a11/out_1_reg[184]' will be removed. (OPT-1207)
Information: The register 'aes/a11/out_1_reg[183]' will be removed. (OPT-1207)
Information: The register 'aes/a11/out_1_reg[182]' will be removed. (OPT-1207)
Information: The register 'aes/a11/out_1_reg[181]' will be removed. (OPT-1207)
Information: The register 'aes/a11/out_1_reg[180]' will be removed. (OPT-1207)
Information: The register 'aes/a11/out_1_reg[179]' will be removed. (OPT-1207)
Information: The register 'aes/a11/out_1_reg[178]' will be removed. (OPT-1207)
Information: The register 'aes/a11/out_1_reg[177]' will be removed. (OPT-1207)
Information: The register 'aes/a11/out_1_reg[176]' will be removed. (OPT-1207)
Information: The register 'aes/a11/out_1_reg[175]' will be removed. (OPT-1207)
Information: The register 'aes/a11/out_1_reg[174]' will be removed. (OPT-1207)
Information: The register 'aes/a11/out_1_reg[173]' will be removed. (OPT-1207)
Information: The register 'aes/a11/out_1_reg[172]' will be removed. (OPT-1207)
Information: The register 'aes/a11/out_1_reg[171]' will be removed. (OPT-1207)
Information: The register 'aes/a11/out_1_reg[170]' will be removed. (OPT-1207)
Information: The register 'aes/a11/out_1_reg[169]' will be removed. (OPT-1207)
Information: The register 'aes/a11/out_1_reg[168]' will be removed. (OPT-1207)
Information: The register 'aes/a11/out_1_reg[167]' will be removed. (OPT-1207)
Information: The register 'aes/a11/out_1_reg[166]' will be removed. (OPT-1207)
Information: The register 'aes/a11/out_1_reg[165]' will be removed. (OPT-1207)
Information: The register 'aes/a11/out_1_reg[164]' will be removed. (OPT-1207)
Information: The register 'aes/a11/out_1_reg[163]' will be removed. (OPT-1207)
Information: The register 'aes/a11/out_1_reg[162]' will be removed. (OPT-1207)
Information: The register 'aes/a11/out_1_reg[161]' will be removed. (OPT-1207)
Information: The register 'aes/a11/out_1_reg[160]' will be removed. (OPT-1207)
Information: The register 'aes/a11/out_1_reg[159]' will be removed. (OPT-1207)
Information: The register 'aes/a11/out_1_reg[158]' will be removed. (OPT-1207)
Information: The register 'aes/a11/out_1_reg[157]' will be removed. (OPT-1207)
Information: The register 'aes/a11/out_1_reg[156]' will be removed. (OPT-1207)
Information: The register 'aes/a11/out_1_reg[155]' will be removed. (OPT-1207)
Information: The register 'aes/a11/out_1_reg[154]' will be removed. (OPT-1207)
Information: The register 'aes/a11/out_1_reg[153]' will be removed. (OPT-1207)
Information: The register 'aes/a11/out_1_reg[152]' will be removed. (OPT-1207)
Information: The register 'aes/a11/out_1_reg[151]' will be removed. (OPT-1207)
Information: The register 'aes/a11/out_1_reg[150]' will be removed. (OPT-1207)
Information: The register 'aes/a11/out_1_reg[149]' will be removed. (OPT-1207)
Information: The register 'aes/a11/out_1_reg[148]' will be removed. (OPT-1207)
Information: The register 'aes/a11/out_1_reg[147]' will be removed. (OPT-1207)
Information: The register 'aes/a11/out_1_reg[146]' will be removed. (OPT-1207)
Information: The register 'aes/a11/out_1_reg[145]' will be removed. (OPT-1207)
Information: The register 'aes/a11/out_1_reg[144]' will be removed. (OPT-1207)
Information: The register 'aes/a11/out_1_reg[143]' will be removed. (OPT-1207)
Information: The register 'aes/a11/out_1_reg[142]' will be removed. (OPT-1207)
Information: The register 'aes/a11/out_1_reg[141]' will be removed. (OPT-1207)
Information: The register 'aes/a11/out_1_reg[140]' will be removed. (OPT-1207)
Information: The register 'aes/a11/out_1_reg[139]' will be removed. (OPT-1207)
Information: The register 'aes/a11/out_1_reg[138]' will be removed. (OPT-1207)
Information: The register 'aes/a11/out_1_reg[137]' will be removed. (OPT-1207)
Information: The register 'aes/a11/out_1_reg[136]' will be removed. (OPT-1207)
Information: The register 'aes/a11/out_1_reg[135]' will be removed. (OPT-1207)
Information: The register 'aes/a11/out_1_reg[134]' will be removed. (OPT-1207)
Information: The register 'aes/a11/out_1_reg[133]' will be removed. (OPT-1207)
Information: The register 'aes/a11/out_1_reg[132]' will be removed. (OPT-1207)
Information: The register 'aes/a11/out_1_reg[131]' will be removed. (OPT-1207)
Information: The register 'aes/a11/out_1_reg[130]' will be removed. (OPT-1207)
Information: The register 'aes/a11/out_1_reg[129]' will be removed. (OPT-1207)
Information: The register 'aes/a11/out_1_reg[128]' will be removed. (OPT-1207)
Information: The register 'aes/a11/out_1_reg[127]' will be removed. (OPT-1207)
Information: The register 'aes/a11/out_1_reg[126]' will be removed. (OPT-1207)
Information: The register 'aes/a11/out_1_reg[125]' will be removed. (OPT-1207)
Information: The register 'aes/a11/out_1_reg[124]' will be removed. (OPT-1207)
Information: The register 'aes/a11/out_1_reg[123]' will be removed. (OPT-1207)
Information: The register 'aes/a11/out_1_reg[122]' will be removed. (OPT-1207)
Information: The register 'aes/a11/out_1_reg[121]' will be removed. (OPT-1207)
Information: The register 'aes/a11/out_1_reg[120]' will be removed. (OPT-1207)
Information: The register 'aes/a11/out_1_reg[119]' will be removed. (OPT-1207)
Information: The register 'aes/a11/out_1_reg[118]' will be removed. (OPT-1207)
Information: The register 'aes/a11/out_1_reg[117]' will be removed. (OPT-1207)
Information: The register 'aes/a11/out_1_reg[116]' will be removed. (OPT-1207)
Information: The register 'aes/a11/out_1_reg[115]' will be removed. (OPT-1207)
Information: The register 'aes/a11/out_1_reg[114]' will be removed. (OPT-1207)
Information: The register 'aes/a11/out_1_reg[113]' will be removed. (OPT-1207)
Information: The register 'aes/a11/out_1_reg[112]' will be removed. (OPT-1207)
Information: The register 'aes/a11/out_1_reg[111]' will be removed. (OPT-1207)
Information: The register 'aes/a11/out_1_reg[110]' will be removed. (OPT-1207)
Information: The register 'aes/a11/out_1_reg[109]' will be removed. (OPT-1207)
Information: The register 'aes/a11/out_1_reg[108]' will be removed. (OPT-1207)
Information: The register 'aes/a11/out_1_reg[107]' will be removed. (OPT-1207)
Information: The register 'aes/a11/out_1_reg[106]' will be removed. (OPT-1207)
Information: The register 'aes/a11/out_1_reg[105]' will be removed. (OPT-1207)
Information: The register 'aes/a11/out_1_reg[104]' will be removed. (OPT-1207)
Information: The register 'aes/a11/out_1_reg[103]' will be removed. (OPT-1207)
Information: The register 'aes/a11/out_1_reg[102]' will be removed. (OPT-1207)
Information: The register 'aes/a11/out_1_reg[101]' will be removed. (OPT-1207)
Information: The register 'aes/a11/out_1_reg[100]' will be removed. (OPT-1207)
Information: The register 'aes/a11/out_1_reg[99]' will be removed. (OPT-1207)
Information: The register 'aes/a11/out_1_reg[98]' will be removed. (OPT-1207)
Information: The register 'aes/a11/out_1_reg[97]' will be removed. (OPT-1207)
Information: The register 'aes/a11/out_1_reg[96]' will be removed. (OPT-1207)
Information: The register 'aes/a11/out_1_reg[95]' will be removed. (OPT-1207)
Information: The register 'aes/a11/out_1_reg[94]' will be removed. (OPT-1207)
Information: The register 'aes/a11/out_1_reg[93]' will be removed. (OPT-1207)
Information: The register 'aes/a11/out_1_reg[92]' will be removed. (OPT-1207)
Information: The register 'aes/a11/out_1_reg[91]' will be removed. (OPT-1207)
Information: The register 'aes/a11/out_1_reg[90]' will be removed. (OPT-1207)
Information: The register 'aes/a11/out_1_reg[89]' will be removed. (OPT-1207)
Information: The register 'aes/a11/out_1_reg[88]' will be removed. (OPT-1207)
Information: The register 'aes/a11/out_1_reg[87]' will be removed. (OPT-1207)
Information: The register 'aes/a11/out_1_reg[86]' will be removed. (OPT-1207)
Information: The register 'aes/a11/out_1_reg[85]' will be removed. (OPT-1207)
Information: The register 'aes/a11/out_1_reg[84]' will be removed. (OPT-1207)
Information: The register 'aes/a11/out_1_reg[83]' will be removed. (OPT-1207)
Information: The register 'aes/a11/out_1_reg[82]' will be removed. (OPT-1207)
Information: The register 'aes/a11/out_1_reg[81]' will be removed. (OPT-1207)
Information: The register 'aes/a11/out_1_reg[80]' will be removed. (OPT-1207)
Information: The register 'aes/a11/out_1_reg[79]' will be removed. (OPT-1207)
Information: The register 'aes/a11/out_1_reg[78]' will be removed. (OPT-1207)
Information: The register 'aes/a11/out_1_reg[77]' will be removed. (OPT-1207)
Information: The register 'aes/a11/out_1_reg[76]' will be removed. (OPT-1207)
Information: The register 'aes/a11/out_1_reg[75]' will be removed. (OPT-1207)
Information: The register 'aes/a11/out_1_reg[74]' will be removed. (OPT-1207)
Information: The register 'aes/a11/out_1_reg[73]' will be removed. (OPT-1207)
Information: The register 'aes/a11/out_1_reg[72]' will be removed. (OPT-1207)
Information: The register 'aes/a11/out_1_reg[71]' will be removed. (OPT-1207)
Information: The register 'aes/a11/out_1_reg[70]' will be removed. (OPT-1207)
Information: The register 'aes/a11/out_1_reg[69]' will be removed. (OPT-1207)
Information: The register 'aes/a11/out_1_reg[68]' will be removed. (OPT-1207)
Information: The register 'aes/a11/out_1_reg[67]' will be removed. (OPT-1207)
Information: The register 'aes/a11/out_1_reg[66]' will be removed. (OPT-1207)
Information: The register 'aes/a11/out_1_reg[65]' will be removed. (OPT-1207)
Information: The register 'aes/a11/out_1_reg[64]' will be removed. (OPT-1207)
Information: The register 'aes/a11/out_1_reg[63]' will be removed. (OPT-1207)
Information: The register 'aes/a11/out_1_reg[62]' will be removed. (OPT-1207)
Information: The register 'aes/a11/out_1_reg[61]' will be removed. (OPT-1207)
Information: The register 'aes/a11/out_1_reg[60]' will be removed. (OPT-1207)
Information: The register 'aes/a11/out_1_reg[59]' will be removed. (OPT-1207)
Information: The register 'aes/a11/out_1_reg[58]' will be removed. (OPT-1207)
Information: The register 'aes/a11/out_1_reg[57]' will be removed. (OPT-1207)
Information: The register 'aes/a11/out_1_reg[56]' will be removed. (OPT-1207)
Information: The register 'aes/a11/out_1_reg[55]' will be removed. (OPT-1207)
Information: The register 'aes/a11/out_1_reg[54]' will be removed. (OPT-1207)
Information: The register 'aes/a11/out_1_reg[53]' will be removed. (OPT-1207)
Information: The register 'aes/a11/out_1_reg[52]' will be removed. (OPT-1207)
Information: The register 'aes/a11/out_1_reg[51]' will be removed. (OPT-1207)
Information: The register 'aes/a11/out_1_reg[50]' will be removed. (OPT-1207)
Information: The register 'aes/a11/out_1_reg[49]' will be removed. (OPT-1207)
Information: The register 'aes/a11/out_1_reg[48]' will be removed. (OPT-1207)
Information: The register 'aes/a11/out_1_reg[47]' will be removed. (OPT-1207)
Information: The register 'aes/a11/out_1_reg[46]' will be removed. (OPT-1207)
Information: The register 'aes/a11/out_1_reg[45]' will be removed. (OPT-1207)
Information: The register 'aes/a11/out_1_reg[44]' will be removed. (OPT-1207)
Information: The register 'aes/a11/out_1_reg[43]' will be removed. (OPT-1207)
Information: The register 'aes/a11/out_1_reg[42]' will be removed. (OPT-1207)
Information: The register 'aes/a11/out_1_reg[41]' will be removed. (OPT-1207)
Information: The register 'aes/a11/out_1_reg[40]' will be removed. (OPT-1207)
Information: The register 'aes/a11/out_1_reg[39]' will be removed. (OPT-1207)
Information: The register 'aes/a11/out_1_reg[38]' will be removed. (OPT-1207)
Information: The register 'aes/a11/out_1_reg[37]' will be removed. (OPT-1207)
Information: The register 'aes/a11/out_1_reg[36]' will be removed. (OPT-1207)
Information: The register 'aes/a11/out_1_reg[35]' will be removed. (OPT-1207)
Information: The register 'aes/a11/out_1_reg[34]' will be removed. (OPT-1207)
Information: The register 'aes/a11/out_1_reg[33]' will be removed. (OPT-1207)
Information: The register 'aes/a11/out_1_reg[32]' will be removed. (OPT-1207)
Information: The register 'aes/a11/out_1_reg[31]' will be removed. (OPT-1207)
Information: The register 'aes/a11/out_1_reg[30]' will be removed. (OPT-1207)
Information: The register 'aes/a11/out_1_reg[29]' will be removed. (OPT-1207)
Information: The register 'aes/a11/out_1_reg[28]' will be removed. (OPT-1207)
Information: The register 'aes/a11/out_1_reg[27]' will be removed. (OPT-1207)
Information: The register 'aes/a11/out_1_reg[26]' will be removed. (OPT-1207)
Information: The register 'aes/a11/out_1_reg[25]' will be removed. (OPT-1207)
Information: The register 'aes/a11/out_1_reg[24]' will be removed. (OPT-1207)
Information: The register 'aes/a11/out_1_reg[23]' will be removed. (OPT-1207)
Information: The register 'aes/a11/out_1_reg[22]' will be removed. (OPT-1207)
Information: The register 'aes/a11/out_1_reg[21]' will be removed. (OPT-1207)
Information: The register 'aes/a11/out_1_reg[20]' will be removed. (OPT-1207)
Information: The register 'aes/a11/out_1_reg[19]' will be removed. (OPT-1207)
Information: The register 'aes/a11/out_1_reg[18]' will be removed. (OPT-1207)
Information: The register 'aes/a11/out_1_reg[17]' will be removed. (OPT-1207)
Information: The register 'aes/a11/out_1_reg[16]' will be removed. (OPT-1207)
Information: The register 'aes/a11/out_1_reg[15]' will be removed. (OPT-1207)
Information: The register 'aes/a11/out_1_reg[14]' will be removed. (OPT-1207)
Information: The register 'aes/a11/out_1_reg[13]' will be removed. (OPT-1207)
Information: The register 'aes/a11/out_1_reg[12]' will be removed. (OPT-1207)
Information: The register 'aes/a11/out_1_reg[11]' will be removed. (OPT-1207)
Information: The register 'aes/a11/out_1_reg[10]' will be removed. (OPT-1207)
Information: The register 'aes/a11/out_1_reg[9]' will be removed. (OPT-1207)
Information: The register 'aes/a11/out_1_reg[8]' will be removed. (OPT-1207)
Information: The register 'aes/a11/out_1_reg[7]' will be removed. (OPT-1207)
Information: The register 'aes/a11/out_1_reg[6]' will be removed. (OPT-1207)
Information: The register 'aes/a11/out_1_reg[5]' will be removed. (OPT-1207)
Information: The register 'aes/a11/out_1_reg[4]' will be removed. (OPT-1207)
Information: The register 'aes/a11/out_1_reg[3]' will be removed. (OPT-1207)
Information: The register 'aes/a11/out_1_reg[2]' will be removed. (OPT-1207)
Information: The register 'aes/a11/out_1_reg[1]' will be removed. (OPT-1207)
Information: The register 'aes/a11/out_1_reg[0]' will be removed. (OPT-1207)
Information: The register 'aes/a11/k5a_reg[31]' will be removed. (OPT-1207)
Information: The register 'aes/a11/k5a_reg[30]' will be removed. (OPT-1207)
Information: The register 'aes/a11/k5a_reg[29]' will be removed. (OPT-1207)
Information: The register 'aes/a11/k5a_reg[28]' will be removed. (OPT-1207)
Information: The register 'aes/a11/k5a_reg[27]' will be removed. (OPT-1207)
Information: The register 'aes/a11/k5a_reg[26]' will be removed. (OPT-1207)
Information: The register 'aes/a11/k5a_reg[25]' will be removed. (OPT-1207)
Information: The register 'aes/a11/k5a_reg[24]' will be removed. (OPT-1207)
Information: The register 'aes/a11/k5a_reg[23]' will be removed. (OPT-1207)
Information: The register 'aes/a11/k5a_reg[22]' will be removed. (OPT-1207)
Information: The register 'aes/a11/k5a_reg[21]' will be removed. (OPT-1207)
Information: The register 'aes/a11/k5a_reg[20]' will be removed. (OPT-1207)
Information: The register 'aes/a11/k5a_reg[19]' will be removed. (OPT-1207)
Information: The register 'aes/a11/k5a_reg[18]' will be removed. (OPT-1207)
Information: The register 'aes/a11/k5a_reg[17]' will be removed. (OPT-1207)
Information: The register 'aes/a11/k5a_reg[16]' will be removed. (OPT-1207)
Information: The register 'aes/a11/k5a_reg[15]' will be removed. (OPT-1207)
Information: The register 'aes/a11/k5a_reg[14]' will be removed. (OPT-1207)
Information: The register 'aes/a11/k5a_reg[13]' will be removed. (OPT-1207)
Information: The register 'aes/a11/k5a_reg[12]' will be removed. (OPT-1207)
Information: The register 'aes/a11/k5a_reg[11]' will be removed. (OPT-1207)
Information: The register 'aes/a11/k5a_reg[10]' will be removed. (OPT-1207)
Information: The register 'aes/a11/k5a_reg[9]' will be removed. (OPT-1207)
Information: The register 'aes/a11/k5a_reg[8]' will be removed. (OPT-1207)
Information: The register 'aes/a11/k5a_reg[7]' will be removed. (OPT-1207)
Information: The register 'aes/a11/k5a_reg[6]' will be removed. (OPT-1207)
Information: The register 'aes/a11/k5a_reg[5]' will be removed. (OPT-1207)
Information: The register 'aes/a11/k5a_reg[4]' will be removed. (OPT-1207)
Information: The register 'aes/a11/k5a_reg[3]' will be removed. (OPT-1207)
Information: The register 'aes/a11/k5a_reg[2]' will be removed. (OPT-1207)
Information: The register 'aes/a11/k5a_reg[1]' will be removed. (OPT-1207)
Information: The register 'aes/a11/k5a_reg[0]' will be removed. (OPT-1207)
Information: The register 'aes/a11/k4a_reg[31]' will be removed. (OPT-1207)
Information: The register 'aes/a10/out_1_reg[63]' will be removed. (OPT-1207)
Information: The register 'aes/a11/k4a_reg[30]' will be removed. (OPT-1207)
Information: The register 'aes/a10/out_1_reg[62]' will be removed. (OPT-1207)
Information: The register 'aes/a11/k4a_reg[29]' will be removed. (OPT-1207)
Information: The register 'aes/a10/out_1_reg[61]' will be removed. (OPT-1207)
Information: The register 'aes/a11/k4a_reg[28]' will be removed. (OPT-1207)
Information: The register 'aes/a10/out_1_reg[60]' will be removed. (OPT-1207)
Information: The register 'aes/a11/k4a_reg[27]' will be removed. (OPT-1207)
Information: The register 'aes/a10/out_1_reg[59]' will be removed. (OPT-1207)
Information: The register 'aes/a11/k4a_reg[26]' will be removed. (OPT-1207)
Information: The register 'aes/a10/out_1_reg[58]' will be removed. (OPT-1207)
Information: The register 'aes/a11/k4a_reg[25]' will be removed. (OPT-1207)
Information: The register 'aes/a10/out_1_reg[57]' will be removed. (OPT-1207)
Information: The register 'aes/a11/k4a_reg[24]' will be removed. (OPT-1207)
Information: The register 'aes/a10/out_1_reg[56]' will be removed. (OPT-1207)
Information: The register 'aes/a11/k4a_reg[23]' will be removed. (OPT-1207)
Information: The register 'aes/a10/out_1_reg[55]' will be removed. (OPT-1207)
Information: The register 'aes/a11/k4a_reg[22]' will be removed. (OPT-1207)
Information: The register 'aes/a10/out_1_reg[54]' will be removed. (OPT-1207)
Information: The register 'aes/a11/k4a_reg[21]' will be removed. (OPT-1207)
Information: The register 'aes/a10/out_1_reg[53]' will be removed. (OPT-1207)
Information: The register 'aes/a11/k4a_reg[20]' will be removed. (OPT-1207)
Information: The register 'aes/a10/out_1_reg[52]' will be removed. (OPT-1207)
Information: The register 'aes/a11/k4a_reg[19]' will be removed. (OPT-1207)
Information: The register 'aes/a10/out_1_reg[51]' will be removed. (OPT-1207)
Information: The register 'aes/a11/k4a_reg[18]' will be removed. (OPT-1207)
Information: The register 'aes/a10/out_1_reg[50]' will be removed. (OPT-1207)
Information: The register 'aes/a11/k4a_reg[17]' will be removed. (OPT-1207)
Information: The register 'aes/a10/out_1_reg[49]' will be removed. (OPT-1207)
Information: The register 'aes/a11/k4a_reg[16]' will be removed. (OPT-1207)
Information: The register 'aes/a10/out_1_reg[48]' will be removed. (OPT-1207)
Information: The register 'aes/a11/k4a_reg[15]' will be removed. (OPT-1207)
Information: The register 'aes/a10/out_1_reg[47]' will be removed. (OPT-1207)
Information: The register 'aes/a11/k4a_reg[14]' will be removed. (OPT-1207)
Information: The register 'aes/a10/out_1_reg[46]' will be removed. (OPT-1207)
Information: The register 'aes/a11/k4a_reg[13]' will be removed. (OPT-1207)
Information: The register 'aes/a10/out_1_reg[45]' will be removed. (OPT-1207)
Information: The register 'aes/a11/k4a_reg[12]' will be removed. (OPT-1207)
Information: The register 'aes/a10/out_1_reg[44]' will be removed. (OPT-1207)
Information: The register 'aes/a11/k4a_reg[11]' will be removed. (OPT-1207)
Information: The register 'aes/a10/out_1_reg[43]' will be removed. (OPT-1207)
Information: The register 'aes/a11/k4a_reg[10]' will be removed. (OPT-1207)
Information: The register 'aes/a10/out_1_reg[42]' will be removed. (OPT-1207)
Information: The register 'aes/a11/k4a_reg[9]' will be removed. (OPT-1207)
Information: The register 'aes/a10/out_1_reg[41]' will be removed. (OPT-1207)
Information: The register 'aes/a11/k4a_reg[8]' will be removed. (OPT-1207)
Information: The register 'aes/a10/out_1_reg[40]' will be removed. (OPT-1207)
Information: The register 'aes/a11/k4a_reg[7]' will be removed. (OPT-1207)
Information: The register 'aes/a10/out_1_reg[39]' will be removed. (OPT-1207)
Information: The register 'aes/a11/k4a_reg[6]' will be removed. (OPT-1207)
Information: The register 'aes/a10/out_1_reg[38]' will be removed. (OPT-1207)
Information: The register 'aes/a11/k4a_reg[5]' will be removed. (OPT-1207)
Information: The register 'aes/a10/out_1_reg[37]' will be removed. (OPT-1207)
Information: The register 'aes/a11/k4a_reg[4]' will be removed. (OPT-1207)
Information: The register 'aes/a10/out_1_reg[36]' will be removed. (OPT-1207)
Information: The register 'aes/a11/k4a_reg[3]' will be removed. (OPT-1207)
Information: The register 'aes/a10/out_1_reg[35]' will be removed. (OPT-1207)
Information: The register 'aes/a11/k4a_reg[2]' will be removed. (OPT-1207)
Information: The register 'aes/a10/out_1_reg[34]' will be removed. (OPT-1207)
Information: The register 'aes/a11/k4a_reg[1]' will be removed. (OPT-1207)
Information: The register 'aes/a10/out_1_reg[33]' will be removed. (OPT-1207)
Information: The register 'aes/a11/k4a_reg[0]' will be removed. (OPT-1207)
Information: The register 'aes/a10/out_1_reg[32]' will be removed. (OPT-1207)

Loaded alib file './alib-52/sc9_cmos10lpe_base_hvt_ss_nominal_max_1p08v_125c.db.alib'
Information: State dependent leakage is now switched from on to off.

  Beginning Pass 1 Mapping
  ------------------------
  Processing 'aes_top'
 Implement Synthetic for 'aes_top'.

  Updating timing information
Information: Updating design information... (UID-85)
Information: The library cell 'TIELO_X1M_A9TH' in the library 'sc9_cmos10lpe_base_hvt_ss_nominal_max_1p08v_125c' is not characterized for internal power. (PWR-536)
Information: The library cell 'TIEHI_X1M_A9TH' in the library 'sc9_cmos10lpe_base_hvt_ss_nominal_max_1p08v_125c' is not characterized for internal power. (PWR-536)
Information: The target library(s) contains cell(s), other than black boxes, that are not characterized for internal power. (PWR-24)

  Beginning Mapping Optimizations  (Ultra High effort)
  -------------------------------
Information: Added key list 'DesignWare' to design 'aes_top'. (DDB-72)
  Mapping Optimization (Phase 1)

  Beginning Constant Register Removal
  -----------------------------------

  Beginning Global Optimizations
  ------------------------------
  Numerical Synthesis (Phase 1)
  Numerical Synthesis (Phase 2)
  Global Optimization (Phase 1)
  Global Optimization (Phase 2)
  Global Optimization (Phase 3)
  Global Optimization (Phase 4)
  Global Optimization (Phase 5)
  Global Optimization (Phase 6)
  Global Optimization (Phase 7)
  Global Optimization (Phase 8)
  Global Optimization (Phase 9)
  Global Optimization (Phase 10)
  Global Optimization (Phase 11)
  Global Optimization (Phase 12)
  Global Optimization (Phase 13)
  Global Optimization (Phase 14)
  Global Optimization (Phase 15)
  Global Optimization (Phase 16)
  Global Optimization (Phase 17)
  Global Optimization (Phase 18)
  Global Optimization (Phase 19)
  Global Optimization (Phase 20)
  Global Optimization (Phase 21)
  Global Optimization (Phase 22)
  Global Optimization (Phase 23)
  Global Optimization (Phase 24)
  Global Optimization (Phase 25)
  Global Optimization (Phase 26)
  Global Optimization (Phase 27)
  Global Optimization (Phase 28)
  Global Optimization (Phase 29)
  Global Optimization (Phase 30)

  Beginning Isolate Ports
  -----------------------

  Beginning Delay Optimization
  ----------------------------

                                  TOTAL                                                
   ELAPSED            WORST NEG   SETUP    DESIGN                              LEAKAGE 
    TIME      AREA      SLACK     COST    RULE COST         ENDPOINT            POWER  
  --------- --------- --------- --------- --------- ------------------------- ---------
    0:34:18  303060.2      0.00       0.0       0.0                              8.8774
    0:34:18  303060.2      0.00       0.0       0.0                              8.8774
    0:34:18  303060.2      0.00       0.0       0.0                              8.8774
    0:34:18  303060.2      0.00       0.0       0.0                              8.8774

  Beginning WLM Backend Optimization
  --------------------------------------
    0:35:02  302943.6      0.00       0.0       0.0                              8.8754
    0:35:04  302942.9      0.00       0.0       0.0                              8.8754
    0:35:05  302931.0      0.00       0.0       0.0                              8.8749
    0:35:07  302898.6      0.00       0.0       0.0                              8.8733
    0:35:09  302863.7      0.00       0.0       0.0                              8.8715
    0:35:24  302863.7      0.00       0.0       0.0                              8.8032
    0:35:25  302863.7      0.00       0.0       0.0                              8.8032
    0:35:25  302863.7      0.00       0.0       0.0                              8.8032
    0:35:25  302863.7      0.00       0.0       0.0                              8.8032
    0:35:25  302863.7      0.00       0.0       0.0                              8.8032
    0:35:25  302863.7      0.00       0.0       0.0                              8.8032
    0:35:25  302863.7      0.00       0.0       0.0                              8.8032
    0:35:25  302863.7      0.00       0.0       0.0                              8.8032
    0:35:25  302863.7      0.00       0.0       0.0                              8.8032
    0:35:25  302863.7      0.00       0.0       0.0                              8.8032
    0:35:25  302863.7      0.00       0.0       0.0                              8.8032
    0:35:25  302863.7      0.00       0.0       0.0                              8.8032
    0:35:25  302863.7      0.00       0.0       0.0                              8.8032
    0:35:25  302863.7      0.00       0.0       0.0                              8.8032
    0:35:25  302863.7      0.00       0.0       0.0                              8.8032
    0:35:25  302863.7      0.00       0.0       0.0                              8.8032
    0:35:25  302863.7      0.00       0.0       0.0                              8.8032
    0:35:25  302863.7      0.00       0.0       0.0                              8.8032
    0:35:25  302863.7      0.00       0.0       0.0                              8.8032
    0:35:25  302863.7      0.00       0.0       0.0                              8.8032
    0:35:25  302863.7      0.00       0.0       0.0                              8.8032


  Beginning Leakage Power Optimization  (max_leakage_power 0)
  ------------------------------------

                                  TOTAL                                                
   ELAPSED            WORST NEG   SETUP    DESIGN                              LEAKAGE 
    TIME      AREA      SLACK     COST    RULE COST         ENDPOINT            POWER  
  --------- --------- --------- --------- --------- ------------------------- ---------
    0:35:25  302863.7      0.00       0.0       0.0                              8.8032
  Global Optimization (Phase 31)
  Global Optimization (Phase 32)
  Global Optimization (Phase 33)
  Global Optimization (Phase 34)
  Global Optimization (Phase 35)
  Global Optimization (Phase 36)
  Global Optimization (Phase 37)
  Global Optimization (Phase 38)
  Global Optimization (Phase 39)
  Global Optimization (Phase 40)
  Global Optimization (Phase 41)
  Global Optimization (Phase 42)
  Global Optimization (Phase 43)
    0:35:45  302855.4      0.00       0.0       0.0                              8.7713
    0:35:45  302855.4      0.00       0.0       0.0                              8.7713
    0:35:45  302855.4      0.00       0.0       0.0                              8.7713
    0:35:57  302855.4      0.00       0.0       0.0                              8.7713
    0:35:57  302855.4      0.00       0.0       0.0                              8.7713
    0:35:57  302855.4      0.00       0.0       0.0                              8.7713
    0:35:57  302855.4      0.00       0.0       0.0                              8.7713
    0:35:57  302855.4      0.00       0.0       0.0                              8.7713
    0:35:57  302855.4      0.00       0.0       0.0                              8.7713
    0:35:57  302855.4      0.00       0.0       0.0                              8.7713
    0:35:57  302855.4      0.00       0.0       0.0                              8.7713
    0:35:57  302855.4      0.00       0.0       0.0                              8.7713
    0:35:57  302855.4      0.00       0.0       0.0                              8.7713
    0:35:57  302855.4      0.00       0.0       0.0                              8.7713
    0:35:57  302855.4      0.00       0.0       0.0                              8.7713
    0:35:57  302855.4      0.00       0.0       0.0                              8.7713
    0:35:57  302855.4      0.00       0.0       0.0                              8.7713
    0:35:57  302855.4      0.00       0.0       0.0                              8.7713
    0:35:57  302855.4      0.00       0.0       0.0                              8.7713
    0:35:57  302855.4      0.00       0.0       0.0                              8.7713
    0:35:58  302855.4      0.00       0.0       0.0                              8.7713
    0:35:58  302855.4      0.00       0.0       0.0                              8.7713

                                  TOTAL                                                
   ELAPSED            WORST NEG   SETUP    DESIGN                              LEAKAGE 
    TIME      AREA      SLACK     COST    RULE COST         ENDPOINT            POWER  
  --------- --------- --------- --------- --------- ------------------------- ---------
    0:36:00  302855.4      0.00       0.0       0.0                              8.7713
    0:36:15  302850.7      0.00       0.0       0.0                              8.7711
    0:36:15  302850.7      0.00       0.0       0.0                              8.7711
    0:36:16  302850.7      0.00       0.0       0.0                              8.7711
    0:36:27  302850.7      0.00       0.0       0.0                              8.7711
    0:36:32  302850.7      0.00       0.0       0.0                              8.7711
    0:36:32  302850.7      0.00       0.0       0.0                              8.7711
    0:36:32  302850.7      0.00       0.0       0.0                              8.7711
    0:36:32  302850.7      0.00       0.0       0.0                              8.7711
Loading db file '/home/projects/vlsi/libraries/65lpe/ref_lib/arm/std_cells/hvt/timing_lib/nldm/db/sc9_cmos10lpe_base_hvt_ss_nominal_max_1p08v_125c.db'
Loading db file '/home/projects/vlsi/libraries/65lpe/ref_lib/aragio/io_pads/timing_lib/nldm/db/rgo_csm65_25v33_lpe_50c_ss_108_297_125.db'
Loading db file '/home/projects/vlsi/libraries/65lpe/ref_lib/arm/memories/sram_sp_hde/timing_lib/USERLIB_ccs_ss_1p08v_1p08v_125c.db'


Note: Symbol # after min delay cost means estimated hold TNS across all active scenarios 


  Optimization Complete
  ---------------------
Warning: Design 'aes_top' contains 1 high-fanout nets. A fanout number of 1000 will be used for delay calculations involving these nets. (TIM-134)
     Net 'wb_clk_i': 9703 load(s), 1 driver(s)
Information: State dependent leakage is now switched from off to on.
Information: Propagating switching activity (low effort zero delay simulation). (PWR-6)
1
date
Wed Jul  4 09:36:38 2018
optimize_netlist -area
Information: Performing power optimization. (PWR-850)
Alib files are up-to-date.
Information: Running optimization using a maximum of 8 cores. (OPT-1500)
Warning: DesignWare synthetic library dw_foundation.sldb is added to the synthetic_library in the current command. (UISN-40)

Information: There are 37 potential problems in your design. Please run 'check_design' for more information. (LINT-99)


Loaded alib file './alib-52/sc9_cmos10lpe_base_hvt_ss_nominal_max_1p08v_125c.db.alib'

  Updating timing information
Information: Updating design information... (UID-85)
Information: The library cell 'TIELO_X1M_A9TH' in the library 'sc9_cmos10lpe_base_hvt_ss_nominal_max_1p08v_125c' is not characterized for internal power. (PWR-536)
Information: The library cell 'TIEHI_X1M_A9TH' in the library 'sc9_cmos10lpe_base_hvt_ss_nominal_max_1p08v_125c' is not characterized for internal power. (PWR-536)
Information: The target library(s) contains cell(s), other than black boxes, that are not characterized for internal power. (PWR-24)


  Beginning Area Optimization
  -----------------------------

                                  TOTAL                                                
   ELAPSED            WORST NEG   SETUP    DESIGN                              LEAKAGE 
    TIME      AREA      SLACK     COST    RULE COST         ENDPOINT            POWER  
  --------- --------- --------- --------- --------- ------------------------- ---------
    0:00:07  302850.7      0.00       0.0       0.0                              8.7711
    0:01:57  302569.9      0.00       0.0       0.0                              8.7630
Loading db file '/home/projects/vlsi/libraries/65lpe/ref_lib/arm/std_cells/hvt/timing_lib/nldm/db/sc9_cmos10lpe_base_hvt_ss_nominal_max_1p08v_125c.db'
Loading db file '/home/projects/vlsi/libraries/65lpe/ref_lib/aragio/io_pads/timing_lib/nldm/db/rgo_csm65_25v33_lpe_50c_ss_108_297_125.db'
Loading db file '/home/projects/vlsi/libraries/65lpe/ref_lib/arm/memories/sram_sp_hde/timing_lib/USERLIB_ccs_ss_1p08v_1p08v_125c.db'


Note: Symbol # after min delay cost means estimated hold TNS across all active scenarios 


  Optimization Complete
  ---------------------
Warning: Design 'aes_top' contains 1 high-fanout nets. A fanout number of 1000 will be used for delay calculations involving these nets. (TIM-134)
     Net 'wb_clk_i': 9703 load(s), 1 driver(s)
1
date
Wed Jul  4 09:38:42 2018
compile_ultra -no_autoungroup -no_seq_output_inversion -no_boundary_optimization -incremental
Warning: The value of variable 'compile_preserve_subdesign_interfaces' has been changed to true because '-no_boundary_optimization' is used. (OPT-133)
Information: Starting from 2013.12 release, constant propagation is enabled even when boundary optimization is disabled. (OPT-1318)
Information: Performing power optimization. (PWR-850)
Alib files are up-to-date.
Information: Running optimization using a maximum of 8 cores. (OPT-1500)
Warning: DesignWare synthetic library dw_foundation.sldb is added to the synthetic_library in the current command. (UISN-40)

Information: There are 37 potential problems in your design. Please run 'check_design' for more information. (LINT-99)


Information: State dependent leakage is now switched from on to off.

  Beginning Pass 1 Mapping  (Incremental)
  ------------------------

  Updating timing information
Information: Updating design information... (UID-85)
Information: The library cell 'TIELO_X1M_A9TH' in the library 'sc9_cmos10lpe_base_hvt_ss_nominal_max_1p08v_125c' is not characterized for internal power. (PWR-536)
Information: The library cell 'TIEHI_X1M_A9TH' in the library 'sc9_cmos10lpe_base_hvt_ss_nominal_max_1p08v_125c' is not characterized for internal power. (PWR-536)
Information: The target library(s) contains cell(s), other than black boxes, that are not characterized for internal power. (PWR-24)

                                  TOTAL                                                
   ELAPSED            WORST NEG   SETUP    DESIGN                              LEAKAGE 
    TIME      AREA      SLACK     COST    RULE COST         ENDPOINT            POWER  
  --------- --------- --------- --------- --------- ------------------------- ---------
    0:00:11  302569.9      0.00       0.0       0.0                              8.7630
    0:00:11  302569.9      0.00       0.0       0.0                              8.7630

  Beginning Mapping Optimizations  (Ultra High effort)  (Incremental)
  -------------------------------

  Beginning Incremental Implementation Selection
  ----------------------------------------------

  Beginning Delay Optimization Phase
  ----------------------------------

                                  TOTAL                                                
   ELAPSED            WORST NEG   SETUP    DESIGN                              LEAKAGE 
    TIME      AREA      SLACK     COST    RULE COST         ENDPOINT            POWER  
  --------- --------- --------- --------- --------- ------------------------- ---------
    0:00:22  302569.9      0.00       0.0       0.0                              8.7630
    0:00:27  302569.9      0.00       0.0       0.0                              8.7630
    0:00:48  302569.9      0.00       0.0       0.0                              8.7382
    0:00:48  302569.9      0.00       0.0       0.0                              8.7382
    0:00:48  302569.9      0.00       0.0       0.0                              8.7382
    0:00:48  302569.9      0.00       0.0       0.0                              8.7382
    0:00:48  302569.9      0.00       0.0       0.0                              8.7382

  Beginning Delay Optimization
  ----------------------------
    0:00:48  302569.9      0.00       0.0       0.0                              8.7382
    0:00:48  302569.9      0.00       0.0       0.0                              8.7382
    0:00:48  302569.9      0.00       0.0       0.0                              8.7382
    0:00:48  302569.9      0.00       0.0       0.0                              8.7382
    0:00:48  302569.9      0.00       0.0       0.0                              8.7382
    0:00:49  302569.9      0.00       0.0       0.0                              8.7382
    0:00:49  302569.9      0.00       0.0       0.0                              8.7382
    0:01:04  302569.9      0.00       0.0       0.0                              8.7382
    0:01:04  302569.9      0.00       0.0       0.0                              8.7382
    0:01:04  302569.9      0.00       0.0       0.0                              8.7382
    0:01:04  302569.9      0.00       0.0       0.0                              8.7382
    0:01:04  302569.9      0.00       0.0       0.0                              8.7382
    0:01:04  302569.9      0.00       0.0       0.0                              8.7382
    0:01:04  302569.9      0.00       0.0       0.0                              8.7382
    0:01:04  302569.9      0.00       0.0       0.0                              8.7382
    0:01:04  302569.9      0.00       0.0       0.0                              8.7382
    0:01:04  302569.9      0.00       0.0       0.0                              8.7382
    0:01:19  302569.9      0.00       0.0       0.0                              8.7382
    0:01:19  302569.9      0.00       0.0       0.0                              8.7382
    0:01:19  302569.9      0.00       0.0       0.0                              8.7382
    0:01:19  302569.9      0.00       0.0       0.0                              8.7382
    0:01:19  302569.9      0.00       0.0       0.0                              8.7382
    0:01:19  302569.9      0.00       0.0       0.0                              8.7382
    0:01:19  302569.9      0.00       0.0       0.0                              8.7382
    0:01:19  302569.9      0.00       0.0       0.0                              8.7382
    0:01:19  302569.9      0.00       0.0       0.0                              8.7382
    0:01:21  302569.9      0.00       0.0       0.0                              8.7382

                                  TOTAL                                                
   ELAPSED            WORST NEG   SETUP    DESIGN                              LEAKAGE 
    TIME      AREA      SLACK     COST    RULE COST         ENDPOINT            POWER  
  --------- --------- --------- --------- --------- ------------------------- ---------
    0:01:21  302569.9      0.00       0.0       0.0                              8.7382
    0:01:36  302569.9      0.00       0.0       0.0                              8.7382
    0:01:40  302569.9      0.00       0.0       0.0                              8.7382
    0:01:46  302569.9      0.00       0.0       0.0                              8.7357
    0:01:52  302569.9      0.00       0.0       0.0                              8.7334
    0:01:59  302569.9      0.00       0.0       0.0                              8.7321
    0:01:59  302569.9      0.00       0.0       0.0                              8.7321
Loading db file '/home/projects/vlsi/libraries/65lpe/ref_lib/arm/std_cells/hvt/timing_lib/nldm/db/sc9_cmos10lpe_base_hvt_ss_nominal_max_1p08v_125c.db'
Loading db file '/home/projects/vlsi/libraries/65lpe/ref_lib/aragio/io_pads/timing_lib/nldm/db/rgo_csm65_25v33_lpe_50c_ss_108_297_125.db'
Loading db file '/home/projects/vlsi/libraries/65lpe/ref_lib/arm/memories/sram_sp_hde/timing_lib/USERLIB_ccs_ss_1p08v_1p08v_125c.db'


Note: Symbol # after min delay cost means estimated hold TNS across all active scenarios 


  Optimization Complete
  ---------------------
Warning: Design 'aes_top' contains 1 high-fanout nets. A fanout number of 1000 will be used for delay calculations involving these nets. (TIM-134)
     Net 'wb_clk_i': 9703 load(s), 1 driver(s)
Information: State dependent leakage is now switched from off to on.
Information: Propagating switching activity (low effort zero delay simulation). (PWR-6)
1
mem -all -verbose
Multicore compile mem-peak:   3187 Mb
Main process mem-peak:   1420 Mb
Child "J1" called 1 time , mem-peak:   1980 Mb

2027520
set bus_naming_style "%s_%d"
%s_%d
define_name_rules verilog -target_bus_naming_style "%s_%d"
1
#define_name_rules verilog -target_bus_naming_style "%s_%d" -restricted "%s__%s" -replacement_char "_"
change_names -hier -rule verilog -hierarchy
Warning: duplicate option '-hierarchy' overrides previous value. (CMD-018)
Warning: In the design aes_top, net '*Logic0*' is connecting multiple ports. (UCN-1)
1
write_file -hierarchy -format verilog -output "$run_dir/netlist/$design.v"
Writing verilog file '/home/projects/vlsi/CEP/design/modules/aes/synth/run_dir/netlist/aes_top.v'.
Warning: Bus naming style currently specified as %s_%d, verilog syntax requires bus naming style to be "[]".  (VO-13)
Warning: Verilog 'assign' or 'tran' statements are written out. (VO-4)
1
write_sdc "$run_dir/netlist/$design.sdc"
1
set_switching_activity -toggle_rate 5 -period 100  -static_probability 0.50 -type inputs
set_switching_activity applied to 73 selected objects
1
propagate_switching_activity
Warning: Use of propagate_switching_activity is not recommended. This feature will be obsolete in a future release. Check the man page for more information. (PWR-800)
Information: Propagating switching activity (low effort zero delay simulation). (PWR-6)
Warning: The derived toggle rate value (0.500000) for the clock net 'wb_clk_i' conflicts with the annotated value (0.050000). Using the annotated value. (PWR-12)
Warning: Design has unannotated sequential cell outputs. (PWR-415)
1
report_timing -delay max  -nosplit -input -nets -cap -max_path 10 -nworst 10    > $run_dir/reports/report_timing_max.rpt
report_timing -delay min  -nosplit -input -nets -cap -max_path 10 -nworst 10    > $run_dir/reports/report_timing_min.rpt
report_constraint -all_violators -verbose  -nosplit                             > $run_dir/reports/report_constraint.rpt
check_design -nosplit                                                           > $run_dir/reports/check_design.rpt
report_design                                                                   > $run_dir/reports/report_design.rpt
report_area                                                                     > $run_dir/reports/report_area.rpt
report_timing -loop                                                             > $run_dir/reports/timing_loop.rpt
report_power -analysis_effort high                                              > $run_dir/reports/report_power.rpt
report_qor                                                                      > $run_dir/reports/report_qor.rpt
sh touch ~/$design
# 
#
#
#  compile_ultra -no_autoungroup -no_seq_output_inversion -no_boundary_optimization -incremental
exit

Thank you...
