 
****************************************
Report : qor
Design : arbiter_bytebus
Version: M-2016.12-SP2
Date   : Wed Jul  4 09:43:56 2018
****************************************


  Timing Path Group 'CLK'
  -----------------------------------
  Levels of Logic:               5.00
  Critical Path Length:          0.89
  Critical Path Slack:           1.11
  Critical Path Clk Period:      4.00
  Total Negative Slack:          0.00
  No. of Violating Paths:        0.00
  Worst Hold Violation:          0.00
  Total Hold Violation:          0.00
  No. of Hold Violations:        0.00
  -----------------------------------


  Cell Count
  -----------------------------------
  Hierarchical Cell Count:          0
  Hierarchical Port Count:          0
  Leaf Cell Count:                 90
  Buf/Inv Cell Count:              15
  Buf Cell Count:                   0
  Inv Cell Count:                  15
  CT Buf/Inv Cell Count:            0
  Combinational Cell Count:        89
  Sequential Cell Count:            1
  Macro Count:                      0
  -----------------------------------


  Area
  -----------------------------------
  Combinational Area:      149.760004
  Noncombinational Area:     7.560000
  Buf/Inv Area:             16.200001
  Total Buffer Area:             0.00
  Total Inverter Area:          16.20
  Macro/Black Box Area:      0.000000
  Net Area:                  0.000000
  -----------------------------------
  Cell Area:               157.320004
  Design Area:             157.320004


  Design Rules
  -----------------------------------
  Total Number of Nets:           188
  Nets With Violations:             0
  Max Trans Violations:             0
  Max Cap Violations:               0
  -----------------------------------


  Hostname: aduae260-lap

  Compile CPU Statistics
  -----------------------------------------
  Resource Sharing:                    0.00
  Logic Optimization:                  0.04
  Mapping Optimization:                1.10
  -----------------------------------------
  Overall Compile Time:                5.67
  Overall Compile Wall Clock Time:     5.86

  --------------------------------------------------------------------

  Design  WNS: 0.00  TNS: 0.00  Number of Violating Paths: 0


  Design (Hold)  WNS: 0.00  TNS: 0.00  Number of Violating Paths: 0

  --------------------------------------------------------------------


1
