/opt/programs/synopsys/dc/auxx/gui/dv/dv_setup.tcl
/opt/programs/synopsys/dc/auxx/gui/syn/snpsSynProcs.tcl
/opt/programs/synopsys/dc/auxx/gui/syn/layout/pkgIndex.tcl
/opt/programs/synopsys/dc/auxx/gui/common/acg/pkgIndex.tcl
/opt/programs/synopsys/dc/auxx/gui/common/libviewer/pkgIndex.tcl
/opt/programs/synopsys/dc/auxx/gui/common/mrupalette/pkgIndex.tcl
/opt/programs/synopsys/dc/auxx/gui/common/view/pkgIndex.tcl
/opt/programs/synopsys/dc/auxx/gui/common/tiledview/pkgIndex.tcl
/opt/programs/synopsys/dc/auxx/gui/common/hierarchy/pkgIndex.tcl
/opt/programs/synopsys/dc/auxx/gui/common/dialogs/pkgIndex.tcl
/opt/programs/synopsys/dc/auxx/gui/common/menus/pkgIndex.tcl
/opt/programs/synopsys/dc/auxx/gui/common/schematic/pkgIndex.tcl
/opt/programs/synopsys/dc/auxx/gui/common/misc/pkgIndex.tcl
/opt/programs/synopsys/dc/auxx/gui/common/fanoutviewer/pkgIndex.tcl
/opt/programs/synopsys/dc/auxx/gui/common/docBrowser/pkgIndex.tcl
/opt/programs/synopsys/dc/auxx/gui/common/palettegroup/pkgIndex.tcl
/opt/programs/synopsys/dc/auxx/gui/common/strokes/pkgIndex.tcl
/opt/programs/synopsys/dc/auxx/gui/common/select/pkgIndex.tcl
/opt/programs/synopsys/dc/auxx/gui/common/setup/pkgIndex.tcl
/opt/programs/synopsys/dc/auxx/gui/common/highlight/pkgIndex.tcl
/opt/programs/synopsys/dc/auxx/gui/common/qtcl/pkgIndex.tcl
/opt/programs/synopsys/dc/auxx/gui/common/regressionToolkit/pkgIndex.tcl
/opt/programs/synopsys/dc/auxx/gui/common/profiler/pkgIndex.tcl
/opt/programs/synopsys/dc/auxx/gui/common/timing/pkgIndex.tcl
/opt/programs/synopsys/dc/auxx/gui/common/WindowFrameWork/pkgIndex.tcl
/opt/programs/synopsys/dc/auxx/gui/common/tcl-dp/pkgIndex.tcl
/opt/programs/synopsys/dc/auxx/gui/common/opdlg/pkgIndex.tcl
/opt/programs/synopsys/dc/auxx/gui/common/tq/pkgIndex.tcl
/opt/programs/synopsys/dc/auxx/gui/common/histogram/pkgIndex.tcl
/opt/programs/synopsys/dc/auxx/gui/common/layout/pkgIndex.tcl
/opt/programs/synopsys/dc/auxx/gui/common/pathinspector/pkgIndex.tcl
/opt/programs/synopsys/dc/auxx/gui/common/table/pkgIndex.tcl
/opt/programs/synopsys/dc/auxx/gui/common/commandform/pkgIndex.tcl
/opt/programs/synopsys/dc/auxx/gui/dv/pkgIndex.tcl
/opt/programs/synopsys/dc/auxx/syn/lib/pkgIndex.tcl
/opt/programs/synopsys/dc/auxx/tcllib/lib/iwidgets4.1/pkgIndex.tcl
/opt/programs/synopsys/dc/auxx/tcllib/snps_tcl/snpsTest/pkgIndex.tcl
/opt/programs/synopsys/dc/auxx/tcllib/snps_tcl/snpsUtils/pkgIndex.tcl
/opt/programs/synopsys/dc/auxx/tcllib/snps_tcl/snpsTclPro/pkgIndex.tcl
/opt/programs/synopsys/dc/auxx/tcllib/snps_tcl/pkgIndex.tcl
/opt/programs/synopsys/dc/auxx/tcllib/lib/tcl8.6/dde/pkgIndex.tcl
/opt/programs/synopsys/dc/auxx/tcllib/lib/tcl8.6/tcltest/pkgIndex.tcl
/opt/programs/synopsys/dc/auxx/tcllib/lib/tcl8.6/http1.0/pkgIndex.tcl
/opt/programs/synopsys/dc/auxx/tcllib/lib/tcl8.6/reg/pkgIndex.tcl
/opt/programs/synopsys/dc/auxx/tcllib/lib/tcl8.6/opt/pkgIndex.tcl
/opt/programs/synopsys/dc/auxx/tcllib/lib/tcl8.6/platform/pkgIndex.tcl
/opt/programs/synopsys/dc/auxx/tcllib/lib/tcl8.6/http/pkgIndex.tcl
/opt/programs/synopsys/dc/auxx/tcllib/lib/tcl8.6/msgcat/pkgIndex.tcl
/opt/programs/synopsys/dc/auxx/gui/common/setup/snpsCommonSetup.tcl
/opt/programs/synopsys/dc/auxx/gui/common/setup/snpsCustomize.tcl
/opt/programs/synopsys/dc/auxx/gui/common/setup/snpsProcheck.tcl
/opt/programs/synopsys/dc/auxx/gui/common/qtcl/.synopsys_qtcl.tcl
/opt/programs/synopsys/dc/auxx/gui/common/highlight/highlight.tcl
/opt/programs/synopsys/dc/auxx/gui/common/misc/base.tcl
/opt/programs/synopsys/dc/auxx/gui/common/misc/timing.tcl
/opt/programs/synopsys/dc/auxx/gui/common/misc/setting.tcl
/opt/programs/synopsys/dc/auxx/gui/common/misc/preset.tcl
/opt/programs/synopsys/dc/auxx/gui/common/WindowFrameWork/windowFrameWork.tcl
/opt/programs/synopsys/dc/auxx/gui/common/WindowFrameWork/skipBusyCursorCmdList.tcl
/opt/programs/synopsys/dc/auxx/gui/common/docBrowser/docBrowser.tcl
/opt/programs/synopsys/dc/auxx/tcllib/snps_tcl/snpsUtils/snpsUtils.tcl
/opt/programs/synopsys/dc/auxx/gui/common/dialogs/ObjectChooser.tcl
/opt/programs/synopsys/dc/auxx/gui/common/misc/DialogObjectChooser.tcl
/opt/programs/synopsys/dc/auxx/gui/common/dialogs/HistBinInformation.tcl
/opt/programs/synopsys/dc/auxx/gui/common/dialogs/HistBin1Information.tcl
/opt/programs/synopsys/dc/auxx/gui/common/dialogs/BinsOnlyInformation.tcl
/opt/programs/synopsys/dc/auxx/gui/common/dialogs/FileChooser.tcl
/opt/programs/synopsys/dc/auxx/gui/common/dialogs/PathPinSimpleInfo.tcl
/opt/programs/synopsys/dc/auxx/gui/common/dialogs/PathsBasicInfo.tcl
/opt/programs/synopsys/dc/auxx/gui/common/dialogs/PathsBasicSimpleInfo.tcl
/opt/programs/synopsys/dc/auxx/gui/common/dialogs/SlctOperationInfo.tcl
/opt/programs/synopsys/dc/auxx/gui/common/dialogs/ObjectListInfo.tcl
/opt/programs/synopsys/dc/auxx/gui/common/dialogs/FanInOutInfo.tcl
/opt/programs/synopsys/dc/auxx/gui/common/dialogs/NumberOfLevelsChooser.tcl
/opt/programs/synopsys/dc/auxx/gui/common/dialogs/WindowReuseInfo.tcl
/opt/programs/synopsys/dc/auxx/gui/common/dialogs/ReportOutputOptionInfo.tcl
/opt/programs/synopsys/dc/auxx/gui/common/setup/snpsCollections.tcl
/opt/programs/synopsys/dc/auxx/gui/common/dialogs/CompileLinkDesign.tcl
/opt/programs/synopsys/dc/auxx/gui/common/histogram/DialogEndpointSlack.tcl
/opt/programs/synopsys/dc/auxx/gui/common/histogram/DialogPathsSlack.tcl
/opt/programs/synopsys/dc/auxx/gui/common/histogram/DialogNetCapacitance.tcl
/opt/programs/synopsys/dc/auxx/gui/common/schematic/DialogPathSchematicFanInOut.tcl
/opt/programs/synopsys/dc/auxx/gui/common/schematic/DialogPathSchematicAddPaths.tcl
/home/projects/vlsi/CEP/design/modules/gps/synth/run_synth_post_lock.tcl
/home/projects/vlsi/libraries/65lpe/ref_lib/arm/std_cells/hvt/timing_lib/nldm/db/sc9_cmos10lpe_base_hvt_ss_nominal_max_1p08v_125c.db
/home/projects/vlsi/libraries/65lpe/ref_lib/aragio/io_pads/timing_lib/nldm/db/rgo_csm65_25v33_lpe_50c_ss_108_297_125.db
/home/projects/vlsi/libraries/65lpe/ref_lib/arm/memories/sram_sp_hde/timing_lib/USERLIB_ccs_ss_1p08v_1p08v_125c.db
/opt/programs/synopsys/dc/libraries/syn/gtech.db
/opt/programs/synopsys/dc/libraries/syn/standard.sldb
/home/projects/aspdac18/tmax/synth_add_ports_gps_top_RTL/netlist/gps_top_RTL_mod.v
/home/projects/aspdac18/tmax/synth_add_ports_gps_top_RTL/netlist/gps_top_RTL_mod.v
