 
****************************************
Report : qor
Design : iir_top
Version: M-2016.12-SP2
Date   : Tue Jul 10 11:58:31 2018
****************************************


  Timing Path Group 'CLK'
  -----------------------------------
  Levels of Logic:              21.00
  Critical Path Length:          3.85
  Critical Path Slack:           0.00
  Critical Path Clk Period:      4.00
  Total Negative Slack:          0.00
  No. of Violating Paths:        0.00
  Worst Hold Violation:          0.00
  Total Hold Violation:          0.00
  No. of Hold Violations:        0.00
  -----------------------------------


  Cell Count
  -----------------------------------
  Hierarchical Cell Count:          0
  Hierarchical Port Count:          0
  Leaf Cell Count:              11625
  Buf/Inv Cell Count:            1644
  Buf Cell Count:                  10
  Inv Cell Count:                1634
  CT Buf/Inv Cell Count:            0
  Combinational Cell Count:      8785
  Sequential Cell Count:         2840
  Macro Count:                      0
  -----------------------------------


  Area
  -----------------------------------
  Combinational Area:    22310.280185
  Noncombinational Area: 22224.240088
  Buf/Inv Area:           1820.160071
  Total Buffer Area:            25.20
  Total Inverter Area:        1794.96
  Macro/Black Box Area:      0.000000
  Net Area:                  0.000000
  -----------------------------------
  Cell Area:             44534.520273
  Design Area:           44534.520273


  Design Rules
  -----------------------------------
  Total Number of Nets:         12159
  Nets With Violations:             0
  Max Trans Violations:             0
  Max Cap Violations:               0
  -----------------------------------


  Hostname: aduae260-lap

  Compile CPU Statistics
  -----------------------------------------
  Resource Sharing:                    0.01
  Logic Optimization:                  1.38
  Mapping Optimization:               11.09
  -----------------------------------------
  Overall Compile Time:               35.37
  Overall Compile Wall Clock Time:    15.61

  --------------------------------------------------------------------

  Design  WNS: 0.00  TNS: 0.00  Number of Violating Paths: 0


  Design (Hold)  WNS: 0.00  TNS: 0.00  Number of Violating Paths: 0

  --------------------------------------------------------------------


1
