 
****************************************
check_design summary:
Version:     M-2016.12-SP2
Date:        Wed Jul  4 09:44:51 2018
****************************************

                   Name                                            Total
--------------------------------------------------------------------------------
Inputs/Outputs                                                     73
    Unconnected ports (LINT-28)                                     4
    Shorted outputs (LINT-31)                                      66
    Constant outputs (LINT-52)                                      3
--------------------------------------------------------------------------------

Warning: In design 'ram_wb', port 'wbm1_adr_i[1]' is not connected to any nets. (LINT-28)
Warning: In design 'ram_wb', port 'wbm1_adr_i[0]' is not connected to any nets. (LINT-28)
Warning: In design 'ram_wb', port 'wbm2_adr_i[1]' is not connected to any nets. (LINT-28)
Warning: In design 'ram_wb', port 'wbm2_adr_i[0]' is not connected to any nets. (LINT-28)
Warning: In design 'ram_wb', output port 'wbm0_rty_o' is connected directly to output port 'wbm2_rty_o'. (LINT-31)
Warning: In design 'ram_wb', output port 'wbm0_rty_o' is connected directly to output port 'wbm1_rty_o'. (LINT-31)
Warning: In design 'ram_wb', output port 'wbm0_dat_o[31]' is connected directly to output port 'wbm2_dat_o[31]'. (LINT-31)
Warning: In design 'ram_wb', output port 'wbm0_dat_o[31]' is connected directly to output port 'wbm1_dat_o[31]'. (LINT-31)
Warning: In design 'ram_wb', output port 'wbm0_dat_o[30]' is connected directly to output port 'wbm2_dat_o[30]'. (LINT-31)
Warning: In design 'ram_wb', output port 'wbm0_dat_o[30]' is connected directly to output port 'wbm1_dat_o[30]'. (LINT-31)
Warning: In design 'ram_wb', output port 'wbm0_dat_o[29]' is connected directly to output port 'wbm2_dat_o[29]'. (LINT-31)
Warning: In design 'ram_wb', output port 'wbm0_dat_o[29]' is connected directly to output port 'wbm1_dat_o[29]'. (LINT-31)
Warning: In design 'ram_wb', output port 'wbm0_dat_o[28]' is connected directly to output port 'wbm2_dat_o[28]'. (LINT-31)
Warning: In design 'ram_wb', output port 'wbm0_dat_o[28]' is connected directly to output port 'wbm1_dat_o[28]'. (LINT-31)
Warning: In design 'ram_wb', output port 'wbm0_dat_o[27]' is connected directly to output port 'wbm2_dat_o[27]'. (LINT-31)
Warning: In design 'ram_wb', output port 'wbm0_dat_o[27]' is connected directly to output port 'wbm1_dat_o[27]'. (LINT-31)
Warning: In design 'ram_wb', output port 'wbm0_dat_o[26]' is connected directly to output port 'wbm2_dat_o[26]'. (LINT-31)
Warning: In design 'ram_wb', output port 'wbm0_dat_o[26]' is connected directly to output port 'wbm1_dat_o[26]'. (LINT-31)
Warning: In design 'ram_wb', output port 'wbm0_dat_o[25]' is connected directly to output port 'wbm2_dat_o[25]'. (LINT-31)
Warning: In design 'ram_wb', output port 'wbm0_dat_o[25]' is connected directly to output port 'wbm1_dat_o[25]'. (LINT-31)
Warning: In design 'ram_wb', output port 'wbm0_dat_o[24]' is connected directly to output port 'wbm2_dat_o[24]'. (LINT-31)
Warning: In design 'ram_wb', output port 'wbm0_dat_o[24]' is connected directly to output port 'wbm1_dat_o[24]'. (LINT-31)
Warning: In design 'ram_wb', output port 'wbm0_dat_o[23]' is connected directly to output port 'wbm2_dat_o[23]'. (LINT-31)
Warning: In design 'ram_wb', output port 'wbm0_dat_o[23]' is connected directly to output port 'wbm1_dat_o[23]'. (LINT-31)
Warning: In design 'ram_wb', output port 'wbm0_dat_o[22]' is connected directly to output port 'wbm2_dat_o[22]'. (LINT-31)
Warning: In design 'ram_wb', output port 'wbm0_dat_o[22]' is connected directly to output port 'wbm1_dat_o[22]'. (LINT-31)
Warning: In design 'ram_wb', output port 'wbm0_dat_o[21]' is connected directly to output port 'wbm2_dat_o[21]'. (LINT-31)
Warning: In design 'ram_wb', output port 'wbm0_dat_o[21]' is connected directly to output port 'wbm1_dat_o[21]'. (LINT-31)
Warning: In design 'ram_wb', output port 'wbm0_dat_o[20]' is connected directly to output port 'wbm2_dat_o[20]'. (LINT-31)
Warning: In design 'ram_wb', output port 'wbm0_dat_o[20]' is connected directly to output port 'wbm1_dat_o[20]'. (LINT-31)
Warning: In design 'ram_wb', output port 'wbm0_dat_o[19]' is connected directly to output port 'wbm2_dat_o[19]'. (LINT-31)
Warning: In design 'ram_wb', output port 'wbm0_dat_o[19]' is connected directly to output port 'wbm1_dat_o[19]'. (LINT-31)
Warning: In design 'ram_wb', output port 'wbm0_dat_o[18]' is connected directly to output port 'wbm2_dat_o[18]'. (LINT-31)
Warning: In design 'ram_wb', output port 'wbm0_dat_o[18]' is connected directly to output port 'wbm1_dat_o[18]'. (LINT-31)
Warning: In design 'ram_wb', output port 'wbm0_dat_o[17]' is connected directly to output port 'wbm2_dat_o[17]'. (LINT-31)
Warning: In design 'ram_wb', output port 'wbm0_dat_o[17]' is connected directly to output port 'wbm1_dat_o[17]'. (LINT-31)
Warning: In design 'ram_wb', output port 'wbm0_dat_o[16]' is connected directly to output port 'wbm2_dat_o[16]'. (LINT-31)
Warning: In design 'ram_wb', output port 'wbm0_dat_o[16]' is connected directly to output port 'wbm1_dat_o[16]'. (LINT-31)
Warning: In design 'ram_wb', output port 'wbm0_dat_o[15]' is connected directly to output port 'wbm2_dat_o[15]'. (LINT-31)
Warning: In design 'ram_wb', output port 'wbm0_dat_o[15]' is connected directly to output port 'wbm1_dat_o[15]'. (LINT-31)
Warning: In design 'ram_wb', output port 'wbm0_dat_o[14]' is connected directly to output port 'wbm2_dat_o[14]'. (LINT-31)
Warning: In design 'ram_wb', output port 'wbm0_dat_o[14]' is connected directly to output port 'wbm1_dat_o[14]'. (LINT-31)
Warning: In design 'ram_wb', output port 'wbm0_dat_o[13]' is connected directly to output port 'wbm2_dat_o[13]'. (LINT-31)
Warning: In design 'ram_wb', output port 'wbm0_dat_o[13]' is connected directly to output port 'wbm1_dat_o[13]'. (LINT-31)
Warning: In design 'ram_wb', output port 'wbm0_dat_o[12]' is connected directly to output port 'wbm2_dat_o[12]'. (LINT-31)
Warning: In design 'ram_wb', output port 'wbm0_dat_o[12]' is connected directly to output port 'wbm1_dat_o[12]'. (LINT-31)
Warning: In design 'ram_wb', output port 'wbm0_dat_o[11]' is connected directly to output port 'wbm2_dat_o[11]'. (LINT-31)
Warning: In design 'ram_wb', output port 'wbm0_dat_o[11]' is connected directly to output port 'wbm1_dat_o[11]'. (LINT-31)
Warning: In design 'ram_wb', output port 'wbm0_dat_o[10]' is connected directly to output port 'wbm2_dat_o[10]'. (LINT-31)
Warning: In design 'ram_wb', output port 'wbm0_dat_o[10]' is connected directly to output port 'wbm1_dat_o[10]'. (LINT-31)
Warning: In design 'ram_wb', output port 'wbm0_dat_o[9]' is connected directly to output port 'wbm2_dat_o[9]'. (LINT-31)
Warning: In design 'ram_wb', output port 'wbm0_dat_o[9]' is connected directly to output port 'wbm1_dat_o[9]'. (LINT-31)
Warning: In design 'ram_wb', output port 'wbm0_dat_o[8]' is connected directly to output port 'wbm2_dat_o[8]'. (LINT-31)
Warning: In design 'ram_wb', output port 'wbm0_dat_o[8]' is connected directly to output port 'wbm1_dat_o[8]'. (LINT-31)
Warning: In design 'ram_wb', output port 'wbm0_dat_o[7]' is connected directly to output port 'wbm2_dat_o[7]'. (LINT-31)
Warning: In design 'ram_wb', output port 'wbm0_dat_o[7]' is connected directly to output port 'wbm1_dat_o[7]'. (LINT-31)
Warning: In design 'ram_wb', output port 'wbm0_dat_o[6]' is connected directly to output port 'wbm2_dat_o[6]'. (LINT-31)
Warning: In design 'ram_wb', output port 'wbm0_dat_o[6]' is connected directly to output port 'wbm1_dat_o[6]'. (LINT-31)
Warning: In design 'ram_wb', output port 'wbm0_dat_o[5]' is connected directly to output port 'wbm2_dat_o[5]'. (LINT-31)
Warning: In design 'ram_wb', output port 'wbm0_dat_o[5]' is connected directly to output port 'wbm1_dat_o[5]'. (LINT-31)
Warning: In design 'ram_wb', output port 'wbm0_dat_o[4]' is connected directly to output port 'wbm2_dat_o[4]'. (LINT-31)
Warning: In design 'ram_wb', output port 'wbm0_dat_o[4]' is connected directly to output port 'wbm1_dat_o[4]'. (LINT-31)
Warning: In design 'ram_wb', output port 'wbm0_dat_o[3]' is connected directly to output port 'wbm2_dat_o[3]'. (LINT-31)
Warning: In design 'ram_wb', output port 'wbm0_dat_o[3]' is connected directly to output port 'wbm1_dat_o[3]'. (LINT-31)
Warning: In design 'ram_wb', output port 'wbm0_dat_o[2]' is connected directly to output port 'wbm2_dat_o[2]'. (LINT-31)
Warning: In design 'ram_wb', output port 'wbm0_dat_o[2]' is connected directly to output port 'wbm1_dat_o[2]'. (LINT-31)
Warning: In design 'ram_wb', output port 'wbm0_dat_o[1]' is connected directly to output port 'wbm2_dat_o[1]'. (LINT-31)
Warning: In design 'ram_wb', output port 'wbm0_dat_o[1]' is connected directly to output port 'wbm1_dat_o[1]'. (LINT-31)
Warning: In design 'ram_wb', output port 'wbm0_dat_o[0]' is connected directly to output port 'wbm2_dat_o[0]'. (LINT-31)
Warning: In design 'ram_wb', output port 'wbm0_dat_o[0]' is connected directly to output port 'wbm1_dat_o[0]'. (LINT-31)
Warning: In design 'ram_wb', output port 'wbm0_rty_o' is connected directly to 'logic 0'. (LINT-52)
Warning: In design 'ram_wb', output port 'wbm1_rty_o' is connected directly to 'logic 0'. (LINT-52)
Warning: In design 'ram_wb', output port 'wbm2_rty_o' is connected directly to 'logic 0'. (LINT-52)
1
