Information: Propagating switching activity (high effort zero delay simulation). (PWR-6)
Warning: The derived toggle rate value (0.500000) for the clock net 'wb_clk_i' conflicts with the annotated value (0.050000). Using the annotated value. (PWR-12)
Warning: Design has unannotated sequential cell outputs. (PWR-415)
Warning: Design has unannotated black box outputs. (PWR-428)
 
****************************************
Report : power
        -analysis_effort high
Design : ram_wb
Version: M-2016.12-SP2
Date   : Wed Jul  4 09:44:52 2018
****************************************


Library(s) Used:

    sc9_cmos10lpe_base_hvt_ss_nominal_max_1p08v_125c (File: /home/projects/vlsi/libraries/65lpe/ref_lib/arm/std_cells/hvt/timing_lib/nldm/db/sc9_cmos10lpe_base_hvt_ss_nominal_max_1p08v_125c.db)
    USERLIB_ccs_ss_1p08v_1p08v_125c (File: /home/projects/vlsi/libraries/65lpe/ref_lib/arm/memories/sram_sp_hde/timing_lib/USERLIB_ccs_ss_1p08v_1p08v_125c.db)


Operating Conditions: ss_nominal_max_1p08v_125c   Library: sc9_cmos10lpe_base_hvt_ss_nominal_max_1p08v_125c
Wire Load Model Mode: top


Global Operating Voltage = 1.08 
Power-specific unit information :
    Voltage Units = 1V
    Capacitance Units = 1.000000pf
    Time Units = 1ns
    Dynamic Power Units = 1mW    (derived from V,C,T units)
    Leakage Power Units = 1uW


  Cell Internal Power  = 571.1851 uW   (98%)
  Net Switching Power  =  11.6042 uW    (2%)
                         ---------
Total Dynamic Power    = 582.7893 uW  (100%)

Cell Leakage Power     =  97.5144 uW


                 Internal         Switching           Leakage            Total
Power Group      Power            Power               Power              Power   (   %    )  Attrs
--------------------------------------------------------------------------------------------------
io_pad             0.0000            0.0000            0.0000            0.0000  (   0.00%)
memory             0.4036        1.0099e-03           97.2140            0.5018  (  73.76%)
black_box          0.0000            0.0000            0.0000            0.0000  (   0.00%)
clock_network      0.0000            0.0000            0.0000            0.0000  (   0.00%)
register           0.1539        3.5932e-04            0.1684            0.1544  (  22.70%)
sequential         0.0000            0.0000            0.0000            0.0000  (   0.00%)
combinational  1.3732e-02        1.0235e-02            0.1320        2.4099e-02  (   3.54%)
--------------------------------------------------------------------------------------------------
Total              0.5712 mW     1.1604e-02 mW        97.5144 uW         0.6803 mW
1
